2019.06.19 21:48:31.654 | TRC | 0 | 0 | start log
2019.06.19 21:48:31.795 | TRC | 0 | 2 | SmartCardReader：Ouch: Cannot find a smart card reader. (NoReadersAvailable)
2019.06.19 21:48:32.218 | TRC | 0 | 1 | DB initial count：1
2019.06.19 21:48:33.209 | TRC | 0 | 1 | DatabaseCoreRollcall：System.Data.SqlClient.SqlException (0x80131904): 無效的物件名稱 'Table_StudentRollcall_20190619'。
   於 System.Data.SqlClient.SqlConnection.OnError(SqlException exception, Boolean breakConnection, Action`1 wrapCloseInAction)
   於 System.Data.SqlClient.SqlInternalConnection.OnError(SqlException exception, Boolean breakConnection, Action`1 wrapCloseInAction)
   於 System.Data.SqlClient.TdsParser.ThrowExceptionAndWarning(TdsParserStateObject stateObj, Boolean callerHasConnectionLock, Boolean asyncClose)
   於 System.Data.SqlClient.TdsParser.TryRun(RunBehavior runBehavior, SqlCommand cmdHandler, SqlDataReader dataStream, BulkCopySimpleResultSet bulkCopyHandler, TdsParserStateObject stateObj, Boolean& dataReady)
   於 System.Data.SqlClient.SqlDataReader.TryConsumeMetaData()
   於 System.Data.SqlClient.SqlDataReader.get_MetaData()
   於 System.Data.SqlClient.SqlCommand.FinishExecuteReader(SqlDataReader ds, RunBehavior runBehavior, String resetOptionsString, Boolean isInternal, Boolean forDescribeParameterEncryption)
   於 System.Data.SqlClient.SqlCommand.RunExecuteReaderTds(CommandBehavior cmdBehavior, RunBehavior runBehavior, Boolean returnStream, Boolean async, Int32 timeout, Task& task, Boolean asyncWrite, Boolean inRetry, SqlDataReader ds, Boolean describeParameterEncryptionRequest)
   於 System.Data.SqlClient.SqlCommand.RunExecuteReader(CommandBehavior cmdBehavior, RunBehavior runBehavior, Boolean returnStream, String method, TaskCompletionSource`1 completion, Int32 timeout, Task& task, Boolean& usedCache, Boolean asyncWrite, Boolean inRetry)
   於 System.Data.SqlClient.SqlCommand.RunExecuteReader(CommandBehavior cmdBehavior, RunBehavior runBehavior, Boolean returnStream, String method)
   於 System.Data.SqlClient.SqlCommand.ExecuteScalar()
   於 EnglishClassManager.Utility.Database.DatabaseCoreRollcall.strExecuteScalar(String CommandStr) 於 D:\FreshStore58\Development\58鮮舖\Program\EnglishClass\Server\EnglishCalssManager\EnglishCalssManager\Utility\Database\DatabaseCoreRollcall.cs: 行 103
ClientConnectionId:7c25e434-2dcf-45fb-859a-fadc32512a7d
Error Number:208,State:1,Class:16
2019.06.19 21:48:34.085 | TRC | 0 | 1 | DatabaseCoreRollcall：System.Data.SqlClient.SqlException (0x80131904): 無效的物件名稱 'Table_StudentRollcall_20190619'。
   於 System.Data.SqlClient.SqlConnection.OnError(SqlException exception, Boolean breakConnection, Action`1 wrapCloseInAction)
   於 System.Data.SqlClient.SqlInternalConnection.OnError(SqlException exception, Boolean breakConnection, Action`1 wrapCloseInAction)
   於 System.Data.SqlClient.TdsParser.ThrowExceptionAndWarning(TdsParserStateObject stateObj, Boolean callerHasConnectionLock, Boolean asyncClose)
   於 System.Data.SqlClient.TdsParser.TryRun(RunBehavior runBehavior, SqlCommand cmdHandler, SqlDataReader dataStream, BulkCopySimpleResultSet bulkCopyHandler, TdsParserStateObject stateObj, Boolean& dataReady)
   於 System.Data.SqlClient.SqlDataReader.TryConsumeMetaData()
   於 System.Data.SqlClient.SqlDataReader.get_MetaData()
   於 System.Data.SqlClient.SqlCommand.FinishExecuteReader(SqlDataReader ds, RunBehavior runBehavior, String resetOptionsString, Boolean isInternal, Boolean forDescribeParameterEncryption)
   於 System.Data.SqlClient.SqlCommand.RunExecuteReaderTds(CommandBehavior cmdBehavior, RunBehavior runBehavior, Boolean returnStream, Boolean async, Int32 timeout, Task& task, Boolean asyncWrite, Boolean inRetry, SqlDataReader ds, Boolean describeParameterEncryptionRequest)
   於 System.Data.SqlClient.SqlCommand.RunExecuteReader(CommandBehavior cmdBehavior, RunBehavior runBehavior, Boolean returnStream, String method, TaskCompletionSource`1 completion, Int32 timeout, Task& task, Boolean& usedCache, Boolean asyncWrite, Boolean inRetry)
   於 System.Data.SqlClient.SqlCommand.RunExecuteReader(CommandBehavior cmdBehavior, RunBehavior runBehavior, Boolean returnStream, String method)
   於 System.Data.SqlClient.SqlCommand.ExecuteScalar()
   於 EnglishClassManager.Utility.Database.DatabaseCoreRollcall.strExecuteScalar(String CommandStr) 於 D:\FreshStore58\Development\58鮮舖\Program\EnglishClass\Server\EnglishCalssManager\EnglishCalssManager\Utility\Database\DatabaseCoreRollcall.cs: 行 103
ClientConnectionId:2d46f85f-d820-4692-b5b6-53ae4972152f
Error Number:208,State:1,Class:16
2019.06.19 21:48:34.174 | TRC | 0 | 2 | SmartCardReader：Ouch: Cannot find a smart card reader. (NoReadersAvailable)
2019.06.19 21:48:47.780 | TRC | 0 | 0 | start log
2019.06.19 21:48:48.009 | TRC | 0 | 2 | SmartCardReader：Ouch: Cannot find a smart card reader. (NoReadersAvailable)
2019.06.19 21:48:48.259 | TRC | 0 | 1 | DB initial count：1
2019.06.19 21:48:50.349 | TRC | 0 | 1 | SmartCardReader：Ouch: Cannot find a smart card reader. (NoReadersAvailable)
2019.06.19 21:48:52.869 | TRC | 0 | 1 | SmartCardReader：Ouch: Cannot find a smart card reader. (NoReadersAvailable)
2019.06.19 21:48:55.371 | TRC | 0 | 1 | SmartCardReader：Ouch: Cannot find a smart card reader. (NoReadersAvailable)
2019.06.19 21:48:57.882 | TRC | 0 | 1 | SmartCardReader：Ouch: Cannot find a smart card reader. (NoReadersAvailable)
2019.06.19 21:48:59.297 | TRC | 0 | 0 | frmStudentRollcall：frmStudentRollcall_Load
2019.06.19 21:49:00.377 | TRC | 0 | 1 | SmartCardReader：Ouch: Cannot find a smart card reader. (NoReadersAvailable)
2019.06.19 21:49:00.626 | TRC | 0 | 0 | frmStudentRollcall：btn_ON
2019.06.19 22:25:47.636 | TRC | 0 | 0 | start log
2019.06.19 22:25:49.833 | TRC | 0 | 2 | SmartCardReader：Ouch: Cannot find a smart card reader. (NoReadersAvailable)
2019.06.19 22:25:49.943 | TRC | 0 | 1 | DB initial count：1
2019.06.19 22:25:52.339 | TRC | 0 | 1 | SmartCardReader：Ouch: Cannot find a smart card reader. (NoReadersAvailable)
2019.06.19 22:25:54.843 | TRC | 0 | 1 | SmartCardReader：Ouch: Cannot find a smart card reader. (NoReadersAvailable)
2019.06.19 22:25:57.321 | TRC | 0 | 1 | SmartCardReader：Ouch: Cannot find a smart card reader. (NoReadersAvailable)
2019.06.19 22:25:59.849 | TRC | 0 | 1 | SmartCardReader：Ouch: Cannot find a smart card reader. (NoReadersAvailable)
2019.06.19 22:26:02.328 | TRC | 0 | 1 | SmartCardReader：Ouch: Cannot find a smart card reader. (NoReadersAvailable)
2019.06.19 22:26:04.862 | TRC | 0 | 1 | SmartCardReader：Ouch: Cannot find a smart card reader. (NoReadersAvailable)
2019.06.19 22:26:07.356 | TRC | 0 | 1 | SmartCardReader：Ouch: Cannot find a smart card reader. (NoReadersAvailable)
2019.06.19 22:26:09.872 | TRC | 0 | 1 | SmartCardReader：Ouch: Cannot find a smart card reader. (NoReadersAvailable)
2019.06.19 22:26:12.361 | TRC | 0 | 1 | SmartCardReader：Ouch: Cannot find a smart card reader. (NoReadersAvailable)
2019.06.19 22:26:14.886 | TRC | 0 | 1 | SmartCardReader：Ouch: Cannot find a smart card reader. (NoReadersAvailable)
2019.06.19 22:26:17.379 | TRC | 0 | 1 | SmartCardReader：Ouch: Cannot find a smart card reader. (NoReadersAvailable)
2019.06.19 22:26:19.906 | TRC | 0 | 1 | SmartCardReader：Ouch: Cannot find a smart card reader. (NoReadersAvailable)
2019.06.19 22:26:22.396 | TRC | 0 | 1 | SmartCardReader：Ouch: Cannot find a smart card reader. (NoReadersAvailable)
2019.06.19 22:26:24.906 | TRC | 0 | 1 | SmartCardReader：Ouch: Cannot find a smart card reader. (NoReadersAvailable)
2019.06.19 22:26:27.405 | TRC | 0 | 1 | SmartCardReader：Ouch: Cannot find a smart card reader. (NoReadersAvailable)
2019.06.19 22:26:29.919 | TRC | 0 | 1 | SmartCardReader：Ouch: Cannot find a smart card reader. (NoReadersAvailable)
2019.06.19 22:26:32.430 | TRC | 0 | 1 | SmartCardReader：Ouch: Cannot find a smart card reader. (NoReadersAvailable)
2019.06.19 22:26:34.915 | TRC | 0 | 1 | SmartCardReader：Ouch: Cannot find a smart card reader. (NoReadersAvailable)
2019.06.19 22:26:37.400 | TRC | 0 | 1 | SmartCardReader：Ouch: Cannot find a smart card reader. (NoReadersAvailable)
2019.06.19 22:26:39.929 | TRC | 0 | 1 | SmartCardReader：Ouch: Cannot find a smart card reader. (NoReadersAvailable)
2019.06.19 22:26:42.425 | TRC | 0 | 1 | SmartCardReader：Ouch: Cannot find a smart card reader. (NoReadersAvailable)
2019.06.19 22:26:44.932 | TRC | 0 | 1 | SmartCardReader：Ouch: Cannot find a smart card reader. (NoReadersAvailable)
2019.06.19 22:26:47.449 | TRC | 0 | 1 | SmartCardReader：Ouch: Cannot find a smart card reader. (NoReadersAvailable)
2019.06.19 22:26:49.953 | TRC | 0 | 1 | SmartCardReader：Ouch: Cannot find a smart card reader. (NoReadersAvailable)
2019.06.19 22:26:52.460 | TRC | 0 | 1 | SmartCardReader：Ouch: Cannot find a smart card reader. (NoReadersAvailable)
2019.06.19 22:26:54.965 | TRC | 0 | 1 | SmartCardReader：Ouch: Cannot find a smart card reader. (NoReadersAvailable)
2019.06.19 22:26:57.470 | TRC | 0 | 1 | SmartCardReader：Ouch: Cannot find a smart card reader. (NoReadersAvailable)
2019.06.19 22:26:59.969 | TRC | 0 | 1 | SmartCardReader：Ouch: Cannot find a smart card reader. (NoReadersAvailable)
2019.06.19 22:27:02.471 | TRC | 0 | 1 | SmartCardReader：Ouch: Cannot find a smart card reader. (NoReadersAvailable)
2019.06.19 22:27:03.348 | TRC | 0 | 0 | show Form
2019.06.19 22:27:04.979 | TRC | 0 | 1 | SmartCardReader：Ouch: Cannot find a smart card reader. (NoReadersAvailable)
2019.06.19 22:27:07.479 | TRC | 0 | 1 | SmartCardReader：Ouch: Cannot find a smart card reader. (NoReadersAvailable)
2019.06.19 22:27:09.960 | TRC | 0 | 1 | SmartCardReader：Ouch: Cannot find a smart card reader. (NoReadersAvailable)
2019.06.19 22:27:12.483 | TRC | 0 | 1 | SmartCardReader：Ouch: Cannot find a smart card reader. (NoReadersAvailable)
2019.06.19 22:27:14.987 | TRC | 0 | 1 | SmartCardReader：Ouch: Cannot find a smart card reader. (NoReadersAvailable)
2019.06.19 22:27:17.488 | TRC | 0 | 1 | SmartCardReader：Ouch: Cannot find a smart card reader. (NoReadersAvailable)
2019.06.19 22:27:19.995 | TRC | 0 | 1 | SmartCardReader：Ouch: Cannot find a smart card reader. (NoReadersAvailable)
2019.06.19 22:27:22.484 | TRC | 0 | 1 | SmartCardReader：Ouch: Cannot find a smart card reader. (NoReadersAvailable)
2019.06.19 22:27:25.004 | TRC | 0 | 1 | SmartCardReader：Ouch: Cannot find a smart card reader. (NoReadersAvailable)
2019.06.19 22:27:27.488 | TRC | 0 | 1 | SmartCardReader：Ouch: Cannot find a smart card reader. (NoReadersAvailable)
2019.06.19 22:27:29.990 | TRC | 0 | 1 | SmartCardReader：Ouch: Cannot find a smart card reader. (NoReadersAvailable)
2019.06.19 22:27:32.508 | TRC | 0 | 1 | SmartCardReader：Ouch: Cannot find a smart card reader. (NoReadersAvailable)
2019.06.19 22:27:35.003 | TRC | 0 | 1 | SmartCardReader：Ouch: Cannot find a smart card reader. (NoReadersAvailable)
2019.06.19 22:27:37.520 | TRC | 0 | 1 | SmartCardReader：Ouch: Cannot find a smart card reader. (NoReadersAvailable)
2019.06.19 22:27:40.021 | TRC | 0 | 1 | SmartCardReader：Ouch: Cannot find a smart card reader. (NoReadersAvailable)
2019.06.19 22:27:42.527 | TRC | 0 | 1 | SmartCardReader：Ouch: Cannot find a smart card reader. (NoReadersAvailable)
2019.06.19 22:27:45.035 | TRC | 0 | 1 | SmartCardReader：Ouch: Cannot find a smart card reader. (NoReadersAvailable)
2019.06.19 22:27:47.548 | TRC | 0 | 1 | SmartCardReader：Ouch: Cannot find a smart card reader. (NoReadersAvailable)
2019.06.19 22:27:50.070 | TRC | 0 | 1 | SmartCardReader：Ouch: Cannot find a smart card reader. (NoReadersAvailable)
2019.06.19 22:27:52.543 | TRC | 0 | 1 | SmartCardReader：Ouch: Cannot find a smart card reader. (NoReadersAvailable)
2019.06.19 22:27:55.057 | TRC | 0 | 1 | SmartCardReader：Ouch: Cannot find a smart card reader. (NoReadersAvailable)
2019.06.19 22:27:57.561 | TRC | 0 | 1 | SmartCardReader：Ouch: Cannot find a smart card reader. (NoReadersAvailable)
2019.06.19 22:28:00.083 | TRC | 0 | 1 | SmartCardReader：Ouch: Cannot find a smart card reader. (NoReadersAvailable)
2019.06.19 22:28:02.591 | TRC | 0 | 1 | SmartCardReader：Ouch: Cannot find a smart card reader. (NoReadersAvailable)
2019.06.19 22:28:05.068 | TRC | 0 | 1 | SmartCardReader：Ouch: Cannot find a smart card reader. (NoReadersAvailable)
2019.06.19 22:28:07.594 | TRC | 0 | 1 | SmartCardReader：Ouch: Cannot find a smart card reader. (NoReadersAvailable)
2019.06.19 22:28:10.111 | TRC | 0 | 1 | SmartCardReader：Ouch: Cannot find a smart card reader. (NoReadersAvailable)
2019.06.19 22:28:12.612 | TRC | 0 | 1 | SmartCardReader：Ouch: Cannot find a smart card reader. (NoReadersAvailable)
2019.06.19 22:28:15.126 | TRC | 0 | 1 | SmartCardReader：Ouch: Cannot find a smart card reader. (NoReadersAvailable)
2019.06.19 22:28:17.633 | TRC | 0 | 1 | SmartCardReader：Ouch: Cannot find a smart card reader. (NoReadersAvailable)
2019.06.19 22:28:20.132 | TRC | 0 | 1 | SmartCardReader：Ouch: Cannot find a smart card reader. (NoReadersAvailable)
2019.06.19 22:28:22.617 | TRC | 0 | 1 | SmartCardReader：Ouch: Cannot find a smart card reader. (NoReadersAvailable)
2019.06.19 22:28:25.134 | TRC | 0 | 1 | SmartCardReader：Ouch: Cannot find a smart card reader. (NoReadersAvailable)
2019.06.19 22:28:27.660 | TRC | 0 | 1 | SmartCardReader：Ouch: Cannot find a smart card reader. (NoReadersAvailable)
2019.06.19 22:28:30.166 | TRC | 0 | 1 | SmartCardReader：Ouch: Cannot find a smart card reader. (NoReadersAvailable)
2019.06.19 22:28:32.666 | TRC | 0 | 1 | SmartCardReader：Ouch: Cannot find a smart card reader. (NoReadersAvailable)
2019.06.19 22:28:35.150 | TRC | 0 | 1 | SmartCardReader：Ouch: Cannot find a smart card reader. (NoReadersAvailable)
2019.06.19 22:28:37.678 | TRC | 0 | 1 | SmartCardReader：Ouch: Cannot find a smart card reader. (NoReadersAvailable)
2019.06.19 22:28:40.179 | TRC | 0 | 1 | SmartCardReader：Ouch: Cannot find a smart card reader. (NoReadersAvailable)
2019.06.19 22:28:42.683 | TRC | 0 | 1 | SmartCardReader：Ouch: Cannot find a smart card reader. (NoReadersAvailable)
2019.06.19 22:28:45.196 | TRC | 0 | 1 | SmartCardReader：Ouch: Cannot find a smart card reader. (NoReadersAvailable)
2019.06.19 22:28:47.712 | TRC | 0 | 1 | SmartCardReader：Ouch: Cannot find a smart card reader. (NoReadersAvailable)
2019.06.19 22:28:50.210 | TRC | 0 | 1 | SmartCardReader：Ouch: Cannot find a smart card reader. (NoReadersAvailable)
2019.06.19 22:28:57.604 | TRC | 0 | 2 | SmartCardReader：Ouch: Cannot find a smart card reader. (NoReadersAvailable)
2019.06.19 22:28:58.213 | TRC | 0 | 2 | SmartCardReader：Ouch: Cannot find a smart card reader. (NoReadersAvailable)
2019.06.19 22:29:00.884 | TRC | 0 | 1 | SmartCardReader：Ouch: Cannot find a smart card reader. (NoReadersAvailable)
2019.06.19 22:29:22.810 | TRC | 0 | 1 | SmartCardReader：Ouch: Cannot find a smart card reader. (NoReadersAvailable)
2019.06.19 22:29:26.176 | TRC | 0 | 1 | SmartCardReader：Ouch: Cannot find a smart card reader. (NoReadersAvailable)
2019.06.19 22:29:29.281 | TRC | 0 | 1 | SmartCardReader：Ouch: Cannot find a smart card reader. (NoReadersAvailable)
2019.06.19 22:29:31.384 | TRC | 0 | 1 | SmartCardReader：Ouch: Cannot find a smart card reader. (NoReadersAvailable)
2019.06.19 22:29:40.459 | TRC | 0 | 1 | SmartCardReader：Ouch: Cannot find a smart card reader. (NoReadersAvailable)
2019.06.19 22:29:44.378 | TRC | 0 | 1 | SmartCardReader：Ouch: Cannot find a smart card reader. (NoReadersAvailable)
2019.06.19 22:30:05.509 | TRC | 0 | 5 | SmartCardReader：Ouch: Cannot find a smart card reader. (NoReadersAvailable)
2019.06.19 22:30:05.536 | TRC | 0 | 3 | SmartCardReader：Ouch: Cannot find a smart card reader. (NoReadersAvailable)
2019.06.19 22:30:05.536 | TRC | 0 | 3 | SmartCardReader：Ouch: Cannot find a smart card reader. (NoReadersAvailable)
2019.06.19 22:30:12.363 | TRC | 0 | 1 | SmartCardReader：Ouch: Cannot find a smart card reader. (NoReadersAvailable)
2019.06.19 22:30:16.462 | TRC | 0 | 2 | SmartCardReader：Ouch: Cannot find a smart card reader. (NoReadersAvailable)
2019.06.19 22:30:19.971 | TRC | 0 | 3 | SmartCardReader：Ouch: Cannot find a smart card reader. (NoReadersAvailable)
2019.06.19 22:30:37.580 | TRC | 0 | 3 | SmartCardReader：Ouch: Cannot find a smart card reader. (NoReadersAvailable)
2019.06.19 22:30:37.601 | TRC | 0 | 2 | SmartCardReader：Ouch: Cannot find a smart card reader. (NoReadersAvailable)
2019.06.19 22:30:43.796 | TRC | 0 | 1 | SmartCardReader：Ouch: Cannot find a smart card reader. (NoReadersAvailable)
2019.06.19 22:30:46.512 | TRC | 0 | 1 | SmartCardReader：Ouch: Cannot find a smart card reader. (NoReadersAvailable)
2019.06.19 22:30:49.013 | TRC | 0 | 1 | SmartCardReader：Ouch: Cannot find a smart card reader. (NoReadersAvailable)
2019.06.19 22:30:51.515 | TRC | 0 | 1 | SmartCardReader：Ouch: Cannot find a smart card reader. (NoReadersAvailable)
2019.06.19 22:30:54.026 | TRC | 0 | 1 | SmartCardReader：Ouch: Cannot find a smart card reader. (NoReadersAvailable)
2019.06.19 22:30:56.537 | TRC | 0 | 1 | SmartCardReader：Ouch: Cannot find a smart card reader. (NoReadersAvailable)
2019.06.19 22:30:59.042 | TRC | 0 | 1 | SmartCardReader：Ouch: Cannot find a smart card reader. (NoReadersAvailable)
2019.06.19 22:31:01.542 | TRC | 0 | 1 | SmartCardReader：Ouch: Cannot find a smart card reader. (NoReadersAvailable)
2019.06.19 22:31:04.056 | TRC | 0 | 1 | SmartCardReader：Ouch: Cannot find a smart card reader. (NoReadersAvailable)
2019.06.19 22:31:04.159 | TRC | 0 | 0 | frmStudentRollcall：frmStudentRollcall_Load
2019.06.19 22:31:05.907 | TRC | 0 | 0 | frmStudentRollcall：btn_ON
2019.06.19 22:31:06.555 | TRC | 0 | 1 | SmartCardReader：Ouch: Cannot find a smart card reader. (NoReadersAvailable)
2019.06.19 22:31:09.058 | TRC | 0 | 1 | SmartCardReader：Ouch: Cannot find a smart card reader. (NoReadersAvailable)
2019.06.19 22:31:11.575 | TRC | 0 | 1 | SmartCardReader：Ouch: Cannot find a smart card reader. (NoReadersAvailable)
2019.06.19 22:31:12.676 | TRC | 0 | 0 | frmStudentRollcall：btn_ON
2019.06.19 22:31:14.076 | TRC | 0 | 1 | SmartCardReader：Ouch: Cannot find a smart card reader. (NoReadersAvailable)
2019.06.19 22:31:16.573 | TRC | 0 | 1 | SmartCardReader：Ouch: Cannot find a smart card reader. (NoReadersAvailable)
2019.06.19 22:31:19.084 | TRC | 0 | 1 | SmartCardReader：Ouch: Cannot find a smart card reader. (NoReadersAvailable)
2019.06.19 22:31:19.830 | TRC | 0 | 0 | frmStudentRollcall：btn_ON
2019.06.19 22:31:21.591 | TRC | 0 | 1 | SmartCardReader：Ouch: Cannot find a smart card reader. (NoReadersAvailable)
2019.06.19 22:31:24.090 | TRC | 0 | 1 | SmartCardReader：Ouch: Cannot find a smart card reader. (NoReadersAvailable)
2019.06.19 22:31:26.601 | TRC | 0 | 1 | SmartCardReader：Ouch: Cannot find a smart card reader. (NoReadersAvailable)
2019.06.19 22:31:29.108 | TRC | 0 | 1 | SmartCardReader：Ouch: Cannot find a smart card reader. (NoReadersAvailable)
2019.06.19 22:31:31.606 | TRC | 0 | 1 | SmartCardReader：Ouch: Cannot find a smart card reader. (NoReadersAvailable)
2019.06.19 22:31:34.104 | TRC | 0 | 1 | SmartCardReader：Ouch: Cannot find a smart card reader. (NoReadersAvailable)
2019.06.19 22:31:36.637 | TRC | 0 | 2 | SmartCardReader：Ouch: Cannot find a smart card reader. (NoReadersAvailable)
2019.06.19 22:31:39.138 | TRC | 0 | 1 | SmartCardReader：Ouch: Cannot find a smart card reader. (NoReadersAvailable)
2019.06.19 22:31:41.639 | TRC | 0 | 1 | SmartCardReader：Ouch: Cannot find a smart card reader. (NoReadersAvailable)
2019.06.19 22:31:44.159 | TRC | 0 | 1 | SmartCardReader：Ouch: Cannot find a smart card reader. (NoReadersAvailable)
2019.06.19 22:31:46.672 | TRC | 0 | 1 | SmartCardReader：Ouch: Cannot find a smart card reader. (NoReadersAvailable)
2019.06.19 22:31:49.167 | TRC | 0 | 1 | SmartCardReader：Ouch: Cannot find a smart card reader. (NoReadersAvailable)
2019.06.19 22:31:51.679 | TRC | 0 | 1 | SmartCardReader：Ouch: Cannot find a smart card reader. (NoReadersAvailable)
2019.06.19 22:31:54.190 | TRC | 0 | 1 | SmartCardReader：Ouch: Cannot find a smart card reader. (NoReadersAvailable)
2019.06.19 22:31:56.693 | TRC | 0 | 1 | SmartCardReader：Ouch: Cannot find a smart card reader. (NoReadersAvailable)
2019.06.19 22:31:59.175 | TRC | 0 | 1 | SmartCardReader：Ouch: Cannot find a smart card reader. (NoReadersAvailable)
2019.06.19 22:32:01.690 | TRC | 0 | 1 | SmartCardReader：Ouch: Cannot find a smart card reader. (NoReadersAvailable)
2019.06.19 22:32:04.210 | TRC | 0 | 1 | SmartCardReader：Ouch: Cannot find a smart card reader. (NoReadersAvailable)
2019.06.19 22:32:06.694 | TRC | 0 | 1 | SmartCardReader：Ouch: Cannot find a smart card reader. (NoReadersAvailable)
2019.06.19 22:32:09.192 | TRC | 0 | 1 | SmartCardReader：Ouch: Cannot find a smart card reader. (NoReadersAvailable)
2019.06.19 22:32:11.694 | TRC | 0 | 1 | SmartCardReader：Ouch: Cannot find a smart card reader. (NoReadersAvailable)
2019.06.19 22:32:14.209 | TRC | 0 | 1 | SmartCardReader：Ouch: Cannot find a smart card reader. (NoReadersAvailable)
2019.06.19 22:32:16.706 | TRC | 0 | 1 | SmartCardReader：Ouch: Cannot find a smart card reader. (NoReadersAvailable)
2019.06.19 22:32:19.196 | TRC | 0 | 1 | SmartCardReader：Ouch: Cannot find a smart card reader. (NoReadersAvailable)
2019.06.19 22:32:21.709 | TRC | 0 | 1 | SmartCardReader：Ouch: Cannot find a smart card reader. (NoReadersAvailable)
2019.06.19 22:32:24.225 | TRC | 0 | 1 | SmartCardReader：Ouch: Cannot find a smart card reader. (NoReadersAvailable)
2019.06.19 22:32:26.737 | TRC | 0 | 1 | SmartCardReader：Ouch: Cannot find a smart card reader. (NoReadersAvailable)
2019.06.19 22:32:29.257 | TRC | 0 | 1 | SmartCardReader：Ouch: Cannot find a smart card reader. (NoReadersAvailable)
2019.06.19 22:32:31.740 | TRC | 0 | 1 | SmartCardReader：Ouch: Cannot find a smart card reader. (NoReadersAvailable)
2019.06.19 22:32:34.275 | TRC | 0 | 1 | SmartCardReader：Ouch: Cannot find a smart card reader. (NoReadersAvailable)
2019.06.19 22:32:36.779 | TRC | 0 | 1 | SmartCardReader：Ouch: Cannot find a smart card reader. (NoReadersAvailable)
2019.06.19 22:32:39.261 | TRC | 0 | 1 | SmartCardReader：Ouch: Cannot find a smart card reader. (NoReadersAvailable)
2019.06.19 22:32:41.777 | TRC | 0 | 1 | SmartCardReader：Ouch: Cannot find a smart card reader. (NoReadersAvailable)
2019.06.19 22:32:44.288 | TRC | 0 | 1 | SmartCardReader：Ouch: Cannot find a smart card reader. (NoReadersAvailable)
2019.06.19 22:32:46.790 | TRC | 0 | 2 | SmartCardReader：Ouch: Cannot find a smart card reader. (NoReadersAvailable)
2019.06.19 22:32:49.275 | TRC | 0 | 1 | SmartCardReader：Ouch: Cannot find a smart card reader. (NoReadersAvailable)
2019.06.19 22:32:51.803 | TRC | 0 | 1 | SmartCardReader：Ouch: Cannot find a smart card reader. (NoReadersAvailable)
2019.06.19 22:32:54.302 | TRC | 0 | 1 | SmartCardReader：Ouch: Cannot find a smart card reader. (NoReadersAvailable)
2019.06.19 22:32:56.796 | TRC | 0 | 1 | SmartCardReader：Ouch: Cannot find a smart card reader. (NoReadersAvailable)
2019.06.19 22:32:59.308 | TRC | 0 | 1 | SmartCardReader：Ouch: Cannot find a smart card reader. (NoReadersAvailable)
2019.06.19 22:33:01.812 | TRC | 0 | 1 | SmartCardReader：Ouch: Cannot find a smart card reader. (NoReadersAvailable)
2019.06.19 22:33:04.301 | TRC | 0 | 1 | SmartCardReader：Ouch: Cannot find a smart card reader. (NoReadersAvailable)
2019.06.19 22:33:06.818 | TRC | 0 | 1 | SmartCardReader：Ouch: Cannot find a smart card reader. (NoReadersAvailable)
2019.06.19 22:33:09.329 | TRC | 0 | 1 | SmartCardReader：Ouch: Cannot find a smart card reader. (NoReadersAvailable)
2019.06.19 22:33:11.821 | TRC | 0 | 1 | SmartCardReader：Ouch: Cannot find a smart card reader. (NoReadersAvailable)
2019.06.19 22:33:14.349 | TRC | 0 | 1 | SmartCardReader：Ouch: Cannot find a smart card reader. (NoReadersAvailable)
2019.06.19 22:33:16.853 | TRC | 0 | 2 | SmartCardReader：Ouch: Cannot find a smart card reader. (NoReadersAvailable)
2019.06.19 22:33:19.344 | TRC | 0 | 1 | SmartCardReader：Ouch: Cannot find a smart card reader. (NoReadersAvailable)
2019.06.19 22:33:21.870 | TRC | 0 | 1 | SmartCardReader：Ouch: Cannot find a smart card reader. (NoReadersAvailable)
2019.06.19 22:33:24.379 | TRC | 0 | 1 | SmartCardReader：Ouch: Cannot find a smart card reader. (NoReadersAvailable)
2019.06.19 22:33:26.894 | TRC | 0 | 1 | SmartCardReader：Ouch: Cannot find a smart card reader. (NoReadersAvailable)
2019.06.19 22:33:29.385 | TRC | 0 | 1 | SmartCardReader：Ouch: Cannot find a smart card reader. (NoReadersAvailable)
2019.06.19 22:33:31.888 | TRC | 0 | 1 | SmartCardReader：Ouch: Cannot find a smart card reader. (NoReadersAvailable)
2019.06.19 22:33:34.399 | TRC | 0 | 1 | SmartCardReader：Ouch: Cannot find a smart card reader. (NoReadersAvailable)
2019.06.19 22:33:36.900 | TRC | 0 | 1 | SmartCardReader：Ouch: Cannot find a smart card reader. (NoReadersAvailable)
2019.06.19 22:33:39.401 | TRC | 0 | 1 | SmartCardReader：Ouch: Cannot find a smart card reader. (NoReadersAvailable)
2019.06.19 22:33:41.914 | TRC | 0 | 1 | SmartCardReader：Ouch: Cannot find a smart card reader. (NoReadersAvailable)
2019.06.19 22:33:44.429 | TRC | 0 | 1 | SmartCardReader：Ouch: Cannot find a smart card reader. (NoReadersAvailable)
2019.06.19 22:33:46.937 | TRC | 0 | 1 | SmartCardReader：Ouch: Cannot find a smart card reader. (NoReadersAvailable)
2019.06.19 22:33:49.431 | TRC | 0 | 1 | SmartCardReader：Ouch: Cannot find a smart card reader. (NoReadersAvailable)
2019.06.19 22:33:51.931 | TRC | 0 | 1 | SmartCardReader：Ouch: Cannot find a smart card reader. (NoReadersAvailable)
2019.06.19 22:33:54.444 | TRC | 0 | 1 | SmartCardReader：Ouch: Cannot find a smart card reader. (NoReadersAvailable)
2019.06.19 22:33:56.947 | TRC | 0 | 1 | SmartCardReader：Ouch: Cannot find a smart card reader. (NoReadersAvailable)
2019.06.19 22:33:59.436 | TRC | 0 | 1 | SmartCardReader：Ouch: Cannot find a smart card reader. (NoReadersAvailable)
2019.06.19 22:34:01.958 | TRC | 0 | 1 | SmartCardReader：Ouch: Cannot find a smart card reader. (NoReadersAvailable)
2019.06.19 22:34:04.461 | TRC | 0 | 1 | SmartCardReader：Ouch: Cannot find a smart card reader. (NoReadersAvailable)
2019.06.19 22:34:06.971 | TRC | 0 | 1 | SmartCardReader：Ouch: Cannot find a smart card reader. (NoReadersAvailable)
2019.06.19 22:34:09.470 | TRC | 0 | 1 | SmartCardReader：Ouch: Cannot find a smart card reader. (NoReadersAvailable)
2019.06.19 22:34:11.975 | TRC | 0 | 1 | SmartCardReader：Ouch: Cannot find a smart card reader. (NoReadersAvailable)
2019.06.19 22:34:14.493 | TRC | 0 | 1 | SmartCardReader：Ouch: Cannot find a smart card reader. (NoReadersAvailable)
2019.06.19 22:34:16.976 | TRC | 0 | 1 | SmartCardReader：Ouch: Cannot find a smart card reader. (NoReadersAvailable)
2019.06.19 22:34:19.495 | TRC | 0 | 1 | SmartCardReader：Ouch: Cannot find a smart card reader. (NoReadersAvailable)
2019.06.19 22:34:22.006 | TRC | 0 | 1 | SmartCardReader：Ouch: Cannot find a smart card reader. (NoReadersAvailable)
2019.06.19 22:34:24.494 | TRC | 0 | 1 | SmartCardReader：Ouch: Cannot find a smart card reader. (NoReadersAvailable)
2019.06.19 22:34:26.997 | TRC | 0 | 1 | SmartCardReader：Ouch: Cannot find a smart card reader. (NoReadersAvailable)
2019.06.19 22:34:29.509 | TRC | 0 | 1 | SmartCardReader：Ouch: Cannot find a smart card reader. (NoReadersAvailable)
2019.06.19 22:34:31.995 | TRC | 0 | 1 | SmartCardReader：Ouch: Cannot find a smart card reader. (NoReadersAvailable)
2019.06.19 22:34:34.511 | TRC | 0 | 1 | SmartCardReader：Ouch: Cannot find a smart card reader. (NoReadersAvailable)
2019.06.19 22:34:37.000 | TRC | 0 | 1 | SmartCardReader：Ouch: Cannot find a smart card reader. (NoReadersAvailable)
2019.06.19 22:34:39.526 | TRC | 0 | 1 | SmartCardReader：Ouch: Cannot find a smart card reader. (NoReadersAvailable)
2019.06.19 22:34:42.031 | TRC | 0 | 1 | SmartCardReader：Ouch: Cannot find a smart card reader. (NoReadersAvailable)
2019.06.19 22:34:44.553 | TRC | 0 | 1 | SmartCardReader：Ouch: Cannot find a smart card reader. (NoReadersAvailable)
2019.06.19 22:34:47.055 | TRC | 0 | 1 | SmartCardReader：Ouch: Cannot find a smart card reader. (NoReadersAvailable)
2019.06.19 22:34:49.564 | TRC | 0 | 1 | SmartCardReader：Ouch: Cannot find a smart card reader. (NoReadersAvailable)
2019.06.19 22:34:52.068 | TRC | 0 | 1 | SmartCardReader：Ouch: Cannot find a smart card reader. (NoReadersAvailable)
2019.06.19 22:34:54.569 | TRC | 0 | 1 | SmartCardReader：Ouch: Cannot find a smart card reader. (NoReadersAvailable)
2019.06.19 22:34:57.068 | TRC | 0 | 1 | SmartCardReader：Ouch: Cannot find a smart card reader. (NoReadersAvailable)
2019.06.19 22:34:59.575 | TRC | 0 | 1 | SmartCardReader：Ouch: Cannot find a smart card reader. (NoReadersAvailable)
2019.06.19 22:35:02.086 | TRC | 0 | 1 | SmartCardReader：Ouch: Cannot find a smart card reader. (NoReadersAvailable)
2019.06.19 22:35:04.585 | TRC | 0 | 1 | SmartCardReader：Ouch: Cannot find a smart card reader. (NoReadersAvailable)
2019.06.19 22:35:07.101 | TRC | 0 | 1 | SmartCardReader：Ouch: Cannot find a smart card reader. (NoReadersAvailable)
2019.06.19 22:35:09.606 | TRC | 0 | 1 | SmartCardReader：Ouch: Cannot find a smart card reader. (NoReadersAvailable)
2019.06.19 22:35:12.111 | TRC | 0 | 1 | SmartCardReader：Ouch: Cannot find a smart card reader. (NoReadersAvailable)
2019.06.19 22:35:14.615 | TRC | 0 | 1 | SmartCardReader：Ouch: Cannot find a smart card reader. (NoReadersAvailable)
2019.06.19 22:35:17.118 | TRC | 0 | 1 | SmartCardReader：Ouch: Cannot find a smart card reader. (NoReadersAvailable)
2019.06.19 22:35:19.604 | TRC | 0 | 1 | SmartCardReader：Ouch: Cannot find a smart card reader. (NoReadersAvailable)
2019.06.19 22:35:22.134 | TRC | 0 | 1 | SmartCardReader：Ouch: Cannot find a smart card reader. (NoReadersAvailable)
2019.06.19 22:35:24.648 | TRC | 0 | 1 | SmartCardReader：Ouch: Cannot find a smart card reader. (NoReadersAvailable)
2019.06.19 22:35:27.151 | TRC | 0 | 1 | SmartCardReader：Ouch: Cannot find a smart card reader. (NoReadersAvailable)
2019.06.19 22:35:29.653 | TRC | 0 | 1 | SmartCardReader：Ouch: Cannot find a smart card reader. (NoReadersAvailable)
2019.06.19 22:35:32.176 | TRC | 0 | 1 | SmartCardReader：Ouch: Cannot find a smart card reader. (NoReadersAvailable)
2019.06.19 22:35:34.681 | TRC | 0 | 1 | SmartCardReader：Ouch: Cannot find a smart card reader. (NoReadersAvailable)
2019.06.19 22:35:37.184 | TRC | 0 | 1 | SmartCardReader：Ouch: Cannot find a smart card reader. (NoReadersAvailable)
2019.06.19 22:35:39.682 | TRC | 0 | 1 | SmartCardReader：Ouch: Cannot find a smart card reader. (NoReadersAvailable)
2019.06.19 22:35:42.195 | TRC | 0 | 1 | SmartCardReader：Ouch: Cannot find a smart card reader. (NoReadersAvailable)
2019.06.19 22:35:44.682 | TRC | 0 | 1 | SmartCardReader：Ouch: Cannot find a smart card reader. (NoReadersAvailable)
2019.06.19 22:35:47.210 | TRC | 0 | 1 | SmartCardReader：Ouch: Cannot find a smart card reader. (NoReadersAvailable)
2019.06.19 22:35:49.696 | TRC | 0 | 1 | SmartCardReader：Ouch: Cannot find a smart card reader. (NoReadersAvailable)
2019.06.19 22:35:49.794 | TRC | 0 | 1 | DB initial count：2
2019.06.19 22:35:52.211 | TRC | 0 | 2 | SmartCardReader：Ouch: Cannot find a smart card reader. (NoReadersAvailable)
2019.06.19 22:35:54.720 | TRC | 0 | 1 | SmartCardReader：Ouch: Cannot find a smart card reader. (NoReadersAvailable)
2019.06.19 22:35:57.229 | TRC | 0 | 1 | SmartCardReader：Ouch: Cannot find a smart card reader. (NoReadersAvailable)
2019.06.19 22:35:59.716 | TRC | 0 | 1 | SmartCardReader：Ouch: Cannot find a smart card reader. (NoReadersAvailable)
2019.06.19 22:36:02.230 | TRC | 0 | 1 | SmartCardReader：Ouch: Cannot find a smart card reader. (NoReadersAvailable)
2019.06.19 22:36:04.736 | TRC | 0 | 1 | SmartCardReader：Ouch: Cannot find a smart card reader. (NoReadersAvailable)
2019.06.19 22:36:07.242 | TRC | 0 | 1 | SmartCardReader：Ouch: Cannot find a smart card reader. (NoReadersAvailable)
2019.06.19 22:36:09.732 | TRC | 0 | 1 | SmartCardReader：Ouch: Cannot find a smart card reader. (NoReadersAvailable)
2019.06.19 22:36:12.248 | TRC | 0 | 1 | SmartCardReader：Ouch: Cannot find a smart card reader. (NoReadersAvailable)
2019.06.19 22:36:14.757 | TRC | 0 | 1 | SmartCardReader：Ouch: Cannot find a smart card reader. (NoReadersAvailable)
2019.06.19 22:36:17.273 | TRC | 0 | 1 | SmartCardReader：Ouch: Cannot find a smart card reader. (NoReadersAvailable)
2019.06.19 22:36:19.778 | TRC | 0 | 1 | SmartCardReader：Ouch: Cannot find a smart card reader. (NoReadersAvailable)
2019.06.19 22:36:22.296 | TRC | 0 | 1 | SmartCardReader：Ouch: Cannot find a smart card reader. (NoReadersAvailable)
2019.06.19 22:36:24.775 | TRC | 0 | 1 | SmartCardReader：Ouch: Cannot find a smart card reader. (NoReadersAvailable)
2019.06.19 22:36:27.311 | TRC | 0 | 1 | SmartCardReader：Ouch: Cannot find a smart card reader. (NoReadersAvailable)
2019.06.19 22:36:29.807 | TRC | 0 | 1 | SmartCardReader：Ouch: Cannot find a smart card reader. (NoReadersAvailable)
2019.06.19 22:36:32.308 | TRC | 0 | 1 | SmartCardReader：Ouch: Cannot find a smart card reader. (NoReadersAvailable)
2019.06.19 22:36:34.834 | TRC | 0 | 1 | SmartCardReader：Ouch: Cannot find a smart card reader. (NoReadersAvailable)
2019.06.19 22:36:37.329 | TRC | 0 | 1 | SmartCardReader：Ouch: Cannot find a smart card reader. (NoReadersAvailable)
2019.06.19 22:36:39.838 | TRC | 0 | 1 | SmartCardReader：Ouch: Cannot find a smart card reader. (NoReadersAvailable)
2019.06.19 22:36:42.348 | TRC | 0 | 1 | SmartCardReader：Ouch: Cannot find a smart card reader. (NoReadersAvailable)
2019.06.19 22:36:44.852 | TRC | 0 | 1 | SmartCardReader：Ouch: Cannot find a smart card reader. (NoReadersAvailable)
2019.06.19 22:36:47.365 | TRC | 0 | 1 | SmartCardReader：Ouch: Cannot find a smart card reader. (NoReadersAvailable)
2019.06.19 22:36:49.868 | TRC | 0 | 1 | SmartCardReader：Ouch: Cannot find a smart card reader. (NoReadersAvailable)
2019.06.19 22:36:52.380 | TRC | 0 | 1 | SmartCardReader：Ouch: Cannot find a smart card reader. (NoReadersAvailable)
2019.06.19 22:36:54.885 | TRC | 0 | 1 | SmartCardReader：Ouch: Cannot find a smart card reader. (NoReadersAvailable)
2019.06.19 22:36:57.384 | TRC | 0 | 1 | SmartCardReader：Ouch: Cannot find a smart card reader. (NoReadersAvailable)
2019.06.19 22:36:59.894 | TRC | 0 | 1 | SmartCardReader：Ouch: Cannot find a smart card reader. (NoReadersAvailable)
2019.06.19 22:37:02.399 | TRC | 0 | 1 | SmartCardReader：Ouch: Cannot find a smart card reader. (NoReadersAvailable)
2019.06.19 22:37:04.903 | TRC | 0 | 1 | SmartCardReader：Ouch: Cannot find a smart card reader. (NoReadersAvailable)
2019.06.19 22:37:07.413 | TRC | 0 | 1 | SmartCardReader：Ouch: Cannot find a smart card reader. (NoReadersAvailable)
2019.06.19 22:37:09.916 | TRC | 0 | 1 | SmartCardReader：Ouch: Cannot find a smart card reader. (NoReadersAvailable)
2019.06.19 22:37:12.415 | TRC | 0 | 1 | SmartCardReader：Ouch: Cannot find a smart card reader. (NoReadersAvailable)
2019.06.19 22:37:14.916 | TRC | 0 | 1 | SmartCardReader：Ouch: Cannot find a smart card reader. (NoReadersAvailable)
2019.06.19 22:37:17.428 | TRC | 0 | 1 | SmartCardReader：Ouch: Cannot find a smart card reader. (NoReadersAvailable)
2019.06.19 22:37:19.936 | TRC | 0 | 1 | SmartCardReader：Ouch: Cannot find a smart card reader. (NoReadersAvailable)
2019.06.19 22:37:22.447 | TRC | 0 | 1 | SmartCardReader：Ouch: Cannot find a smart card reader. (NoReadersAvailable)
2019.06.19 22:37:24.968 | TRC | 0 | 1 | SmartCardReader：Ouch: Cannot find a smart card reader. (NoReadersAvailable)
2019.06.19 22:37:27.462 | TRC | 0 | 1 | SmartCardReader：Ouch: Cannot find a smart card reader. (NoReadersAvailable)
2019.06.19 22:37:29.960 | TRC | 0 | 1 | SmartCardReader：Ouch: Cannot find a smart card reader. (NoReadersAvailable)
2019.06.19 22:37:32.482 | TRC | 0 | 1 | SmartCardReader：Ouch: Cannot find a smart card reader. (NoReadersAvailable)
2019.06.19 22:37:34.990 | TRC | 0 | 1 | SmartCardReader：Ouch: Cannot find a smart card reader. (NoReadersAvailable)
2019.06.19 22:37:37.479 | TRC | 0 | 1 | SmartCardReader：Ouch: Cannot find a smart card reader. (NoReadersAvailable)
2019.06.19 22:37:40.017 | TRC | 0 | 1 | SmartCardReader：Ouch: Cannot find a smart card reader. (NoReadersAvailable)
2019.06.19 22:37:42.524 | TRC | 0 | 1 | SmartCardReader：Ouch: Cannot find a smart card reader. (NoReadersAvailable)
2019.06.19 22:37:45.040 | TRC | 0 | 1 | SmartCardReader：Ouch: Cannot find a smart card reader. (NoReadersAvailable)
2019.06.19 22:37:47.558 | TRC | 0 | 1 | SmartCardReader：Ouch: Cannot find a smart card reader. (NoReadersAvailable)
2019.06.19 22:37:50.057 | TRC | 0 | 1 | SmartCardReader：Ouch: Cannot find a smart card reader. (NoReadersAvailable)
2019.06.19 22:37:52.568 | TRC | 0 | 1 | SmartCardReader：Ouch: Cannot find a smart card reader. (NoReadersAvailable)
2019.06.19 22:37:55.072 | TRC | 0 | 1 | SmartCardReader：Ouch: Cannot find a smart card reader. (NoReadersAvailable)
2019.06.19 22:37:57.577 | TRC | 0 | 1 | SmartCardReader：Ouch: Cannot find a smart card reader. (NoReadersAvailable)
2019.06.19 22:38:00.079 | TRC | 0 | 1 | SmartCardReader：Ouch: Cannot find a smart card reader. (NoReadersAvailable)
2019.06.19 22:38:02.585 | TRC | 0 | 1 | SmartCardReader：Ouch: Cannot find a smart card reader. (NoReadersAvailable)
2019.06.19 22:38:05.088 | TRC | 0 | 1 | SmartCardReader：Ouch: Cannot find a smart card reader. (NoReadersAvailable)
2019.06.19 22:38:07.594 | TRC | 0 | 1 | SmartCardReader：Ouch: Cannot find a smart card reader. (NoReadersAvailable)
2019.06.19 22:38:10.099 | TRC | 0 | 1 | SmartCardReader：Ouch: Cannot find a smart card reader. (NoReadersAvailable)
2019.06.19 22:38:12.606 | TRC | 0 | 1 | SmartCardReader：Ouch: Cannot find a smart card reader. (NoReadersAvailable)
2019.06.19 22:38:15.117 | TRC | 0 | 1 | SmartCardReader：Ouch: Cannot find a smart card reader. (NoReadersAvailable)
2019.06.19 22:38:17.616 | TRC | 0 | 2 | SmartCardReader：Ouch: Cannot find a smart card reader. (NoReadersAvailable)
2019.06.19 22:38:20.118 | TRC | 0 | 1 | SmartCardReader：Ouch: Cannot find a smart card reader. (NoReadersAvailable)
2019.06.19 22:38:22.637 | TRC | 0 | 1 | SmartCardReader：Ouch: Cannot find a smart card reader. (NoReadersAvailable)
2019.06.19 22:38:25.115 | TRC | 0 | 1 | SmartCardReader：Ouch: Cannot find a smart card reader. (NoReadersAvailable)
2019.06.19 22:38:27.641 | TRC | 0 | 1 | SmartCardReader：Ouch: Cannot find a smart card reader. (NoReadersAvailable)
2019.06.19 22:38:30.146 | TRC | 0 | 1 | SmartCardReader：Ouch: Cannot find a smart card reader. (NoReadersAvailable)
2019.06.19 22:38:32.665 | TRC | 0 | 1 | SmartCardReader：Ouch: Cannot find a smart card reader. (NoReadersAvailable)
2019.06.19 22:38:35.180 | TRC | 0 | 1 | SmartCardReader：Ouch: Cannot find a smart card reader. (NoReadersAvailable)
2019.06.19 22:38:37.697 | TRC | 0 | 1 | SmartCardReader：Ouch: Cannot find a smart card reader. (NoReadersAvailable)
2019.06.19 22:38:40.188 | TRC | 0 | 1 | SmartCardReader：Ouch: Cannot find a smart card reader. (NoReadersAvailable)
2019.06.19 22:38:42.695 | TRC | 0 | 1 | SmartCardReader：Ouch: Cannot find a smart card reader. (NoReadersAvailable)
2019.06.19 22:38:45.194 | TRC | 0 | 1 | SmartCardReader：Ouch: Cannot find a smart card reader. (NoReadersAvailable)
2019.06.19 22:38:47.696 | TRC | 0 | 2 | SmartCardReader：Ouch: Cannot find a smart card reader. (NoReadersAvailable)
2019.06.19 22:38:50.201 | TRC | 0 | 1 | SmartCardReader：Ouch: Cannot find a smart card reader. (NoReadersAvailable)
2019.06.19 22:38:52.712 | TRC | 0 | 1 | SmartCardReader：Ouch: Cannot find a smart card reader. (NoReadersAvailable)
2019.06.19 22:38:55.210 | TRC | 0 | 1 | SmartCardReader：Ouch: Cannot find a smart card reader. (NoReadersAvailable)
2019.06.19 22:38:57.725 | TRC | 0 | 1 | SmartCardReader：Ouch: Cannot find a smart card reader. (NoReadersAvailable)
2019.06.19 22:39:00.227 | TRC | 0 | 1 | SmartCardReader：Ouch: Cannot find a smart card reader. (NoReadersAvailable)
2019.06.19 22:39:02.732 | TRC | 0 | 1 | SmartCardReader：Ouch: Cannot find a smart card reader. (NoReadersAvailable)
2019.06.19 22:39:05.227 | TRC | 0 | 1 | SmartCardReader：Ouch: Cannot find a smart card reader. (NoReadersAvailable)
2019.06.19 22:39:07.734 | TRC | 0 | 1 | SmartCardReader：Ouch: Cannot find a smart card reader. (NoReadersAvailable)
2019.06.19 22:39:10.232 | TRC | 0 | 1 | SmartCardReader：Ouch: Cannot find a smart card reader. (NoReadersAvailable)
2019.06.19 22:39:12.742 | TRC | 0 | 1 | SmartCardReader：Ouch: Cannot find a smart card reader. (NoReadersAvailable)
2019.06.19 22:39:15.259 | TRC | 0 | 1 | SmartCardReader：Ouch: Cannot find a smart card reader. (NoReadersAvailable)
2019.06.19 22:39:17.775 | TRC | 0 | 1 | SmartCardReader：Ouch: Cannot find a smart card reader. (NoReadersAvailable)
2019.06.19 22:39:20.277 | TRC | 0 | 1 | SmartCardReader：Ouch: Cannot find a smart card reader. (NoReadersAvailable)
2019.06.19 22:39:22.790 | TRC | 0 | 1 | SmartCardReader：Ouch: Cannot find a smart card reader. (NoReadersAvailable)
2019.06.19 22:39:25.308 | TRC | 0 | 1 | SmartCardReader：Ouch: Cannot find a smart card reader. (NoReadersAvailable)
2019.06.19 22:39:27.790 | TRC | 0 | 1 | SmartCardReader：Ouch: Cannot find a smart card reader. (NoReadersAvailable)
2019.06.19 22:39:30.305 | TRC | 0 | 1 | SmartCardReader：Ouch: Cannot find a smart card reader. (NoReadersAvailable)
2019.06.19 22:39:32.820 | TRC | 0 | 1 | SmartCardReader：Ouch: Cannot find a smart card reader. (NoReadersAvailable)
2019.06.19 22:39:35.325 | TRC | 0 | 1 | SmartCardReader：Ouch: Cannot find a smart card reader. (NoReadersAvailable)
2019.06.19 22:39:37.834 | TRC | 0 | 2 | SmartCardReader：Ouch: Cannot find a smart card reader. (NoReadersAvailable)
2019.06.19 22:39:40.340 | TRC | 0 | 1 | SmartCardReader：Ouch: Cannot find a smart card reader. (NoReadersAvailable)
2019.06.19 22:39:42.843 | TRC | 0 | 1 | SmartCardReader：Ouch: Cannot find a smart card reader. (NoReadersAvailable)
2019.06.19 22:39:45.334 | TRC | 0 | 1 | SmartCardReader：Ouch: Cannot find a smart card reader. (NoReadersAvailable)
2019.06.19 22:39:47.878 | TRC | 0 | 1 | SmartCardReader：Ouch: Cannot find a smart card reader. (NoReadersAvailable)
2019.06.19 22:39:50.373 | TRC | 0 | 1 | SmartCardReader：Ouch: Cannot find a smart card reader. (NoReadersAvailable)
2019.06.19 22:39:52.889 | TRC | 0 | 1 | SmartCardReader：Ouch: Cannot find a smart card reader. (NoReadersAvailable)
2019.06.19 22:39:55.382 | TRC | 0 | 1 | SmartCardReader：Ouch: Cannot find a smart card reader. (NoReadersAvailable)
2019.06.19 22:39:57.904 | TRC | 0 | 1 | SmartCardReader：Ouch: Cannot find a smart card reader. (NoReadersAvailable)
2019.06.19 22:40:00.409 | TRC | 0 | 1 | SmartCardReader：Ouch: Cannot find a smart card reader. (NoReadersAvailable)
2019.06.19 22:40:02.904 | TRC | 0 | 1 | SmartCardReader：Ouch: Cannot find a smart card reader. (NoReadersAvailable)
2019.06.19 22:40:05.413 | TRC | 0 | 1 | SmartCardReader：Ouch: Cannot find a smart card reader. (NoReadersAvailable)
2019.06.19 22:40:07.916 | TRC | 0 | 1 | SmartCardReader：Ouch: Cannot find a smart card reader. (NoReadersAvailable)
2019.06.19 22:40:10.416 | TRC | 0 | 1 | SmartCardReader：Ouch: Cannot find a smart card reader. (NoReadersAvailable)
2019.06.19 22:40:12.926 | TRC | 0 | 1 | SmartCardReader：Ouch: Cannot find a smart card reader. (NoReadersAvailable)
2019.06.19 22:40:15.437 | TRC | 0 | 1 | SmartCardReader：Ouch: Cannot find a smart card reader. (NoReadersAvailable)
2019.06.19 22:40:17.938 | TRC | 0 | 1 | SmartCardReader：Ouch: Cannot find a smart card reader. (NoReadersAvailable)
2019.06.19 22:40:20.438 | TRC | 0 | 1 | SmartCardReader：Ouch: Cannot find a smart card reader. (NoReadersAvailable)
2019.06.19 22:40:22.937 | TRC | 0 | 1 | SmartCardReader：Ouch: Cannot find a smart card reader. (NoReadersAvailable)
2019.06.19 22:40:25.459 | TRC | 0 | 1 | SmartCardReader：Ouch: Cannot find a smart card reader. (NoReadersAvailable)
2019.06.19 22:40:27.963 | TRC | 0 | 1 | SmartCardReader：Ouch: Cannot find a smart card reader. (NoReadersAvailable)
2019.06.19 22:40:30.503 | TRC | 0 | 1 | SmartCardReader：Ouch: Cannot find a smart card reader. (NoReadersAvailable)
2019.06.19 22:40:32.993 | TRC | 0 | 1 | SmartCardReader：Ouch: Cannot find a smart card reader. (NoReadersAvailable)
2019.06.19 22:40:35.511 | TRC | 0 | 1 | SmartCardReader：Ouch: Cannot find a smart card reader. (NoReadersAvailable)
2019.06.19 22:40:38.010 | TRC | 0 | 1 | SmartCardReader：Ouch: Cannot find a smart card reader. (NoReadersAvailable)
2019.06.19 22:40:40.529 | TRC | 0 | 1 | SmartCardReader：Ouch: Cannot find a smart card reader. (NoReadersAvailable)
2019.06.19 22:40:43.029 | TRC | 0 | 1 | SmartCardReader：Ouch: Cannot find a smart card reader. (NoReadersAvailable)
2019.06.19 22:40:45.530 | TRC | 0 | 1 | SmartCardReader：Ouch: Cannot find a smart card reader. (NoReadersAvailable)
2019.06.19 22:40:48.037 | TRC | 0 | 1 | SmartCardReader：Ouch: Cannot find a smart card reader. (NoReadersAvailable)
2019.06.19 22:40:50.536 | TRC | 0 | 1 | SmartCardReader：Ouch: Cannot find a smart card reader. (NoReadersAvailable)
2019.06.19 22:40:53.054 | TRC | 0 | 1 | SmartCardReader：Ouch: Cannot find a smart card reader. (NoReadersAvailable)
2019.06.19 22:40:55.553 | TRC | 0 | 1 | SmartCardReader：Ouch: Cannot find a smart card reader. (NoReadersAvailable)
2019.06.19 22:40:58.059 | TRC | 0 | 1 | SmartCardReader：Ouch: Cannot find a smart card reader. (NoReadersAvailable)
2019.06.19 22:41:00.552 | TRC | 0 | 1 | SmartCardReader：Ouch: Cannot find a smart card reader. (NoReadersAvailable)
2019.06.19 22:41:03.065 | TRC | 0 | 1 | SmartCardReader：Ouch: Cannot find a smart card reader. (NoReadersAvailable)
2019.06.19 22:41:05.565 | TRC | 0 | 1 | SmartCardReader：Ouch: Cannot find a smart card reader. (NoReadersAvailable)
2019.06.19 22:41:08.092 | TRC | 0 | 1 | SmartCardReader：Ouch: Cannot find a smart card reader. (NoReadersAvailable)
