2019.07.23 21:20:44.029 | TRC | 0 | 0 | start log
2019.07.23 21:20:47.110 | TRC | 0 | 2 | SmartCardReader：Ouch: Cannot find a smart card reader. (NoReadersAvailable)
2019.07.23 21:20:47.225 | TRC | 0 | 2 | DB initial count：1
2019.07.23 21:20:49.570 | TRC | 0 | 1 | SmartCardReader：Ouch: Cannot find a smart card reader. (NoReadersAvailable)
2019.07.23 21:20:52.106 | TRC | 0 | 1 | SmartCardReader：Ouch: Cannot find a smart card reader. (NoReadersAvailable)
2019.07.23 21:20:54.612 | TRC | 0 | 1 | SmartCardReader：Ouch: Cannot find a smart card reader. (NoReadersAvailable)
2019.07.23 21:20:57.109 | TRC | 0 | 1 | SmartCardReader：Ouch: Cannot find a smart card reader. (NoReadersAvailable)
2019.07.23 21:20:59.587 | TRC | 0 | 1 | SmartCardReader：Ouch: Cannot find a smart card reader. (NoReadersAvailable)
2019.07.23 21:21:02.126 | TRC | 0 | 1 | SmartCardReader：Ouch: Cannot find a smart card reader. (NoReadersAvailable)
2019.07.23 21:21:04.619 | TRC | 0 | 1 | SmartCardReader：Ouch: Cannot find a smart card reader. (NoReadersAvailable)
2019.07.23 21:21:07.121 | TRC | 0 | 1 | SmartCardReader：Ouch: Cannot find a smart card reader. (NoReadersAvailable)
2019.07.23 21:21:09.626 | TRC | 0 | 1 | SmartCardReader：Ouch: Cannot find a smart card reader. (NoReadersAvailable)
2019.07.23 21:21:12.131 | TRC | 0 | 1 | SmartCardReader：Ouch: Cannot find a smart card reader. (NoReadersAvailable)
2019.07.23 21:21:14.632 | TRC | 0 | 1 | SmartCardReader：Ouch: Cannot find a smart card reader. (NoReadersAvailable)
2019.07.23 21:21:17.145 | TRC | 0 | 1 | SmartCardReader：Ouch: Cannot find a smart card reader. (NoReadersAvailable)
2019.07.23 21:21:19.656 | TRC | 0 | 1 | SmartCardReader：Ouch: Cannot find a smart card reader. (NoReadersAvailable)
2019.07.23 21:21:22.168 | TRC | 0 | 1 | SmartCardReader：Ouch: Cannot find a smart card reader. (NoReadersAvailable)
2019.07.23 21:21:24.666 | TRC | 0 | 1 | SmartCardReader：Ouch: Cannot find a smart card reader. (NoReadersAvailable)
2019.07.23 21:21:27.177 | TRC | 0 | 1 | SmartCardReader：Ouch: Cannot find a smart card reader. (NoReadersAvailable)
2019.07.23 21:21:29.651 | TRC | 0 | 1 | SmartCardReader：Ouch: Cannot find a smart card reader. (NoReadersAvailable)
2019.07.23 21:21:32.179 | TRC | 0 | 1 | SmartCardReader：Ouch: Cannot find a smart card reader. (NoReadersAvailable)
2019.07.23 21:21:34.680 | TRC | 0 | 1 | SmartCardReader：Ouch: Cannot find a smart card reader. (NoReadersAvailable)
2019.07.23 21:21:37.180 | TRC | 0 | 1 | SmartCardReader：Ouch: Cannot find a smart card reader. (NoReadersAvailable)
2019.07.23 21:21:39.691 | TRC | 0 | 1 | SmartCardReader：Ouch: Cannot find a smart card reader. (NoReadersAvailable)
2019.07.23 21:21:42.240 | TRC | 0 | 1 | SmartCardReader：Ouch: Cannot find a smart card reader. (NoReadersAvailable)
2019.07.23 21:21:44.710 | TRC | 0 | 1 | SmartCardReader：Ouch: Cannot find a smart card reader. (NoReadersAvailable)
2019.07.23 21:21:47.237 | TRC | 0 | 2 | SmartCardReader：Ouch: Cannot find a smart card reader. (NoReadersAvailable)
2019.07.23 21:21:49.722 | TRC | 0 | 1 | SmartCardReader：Ouch: Cannot find a smart card reader. (NoReadersAvailable)
2019.07.23 21:21:52.240 | TRC | 0 | 1 | SmartCardReader：Ouch: Cannot find a smart card reader. (NoReadersAvailable)
2019.07.23 21:21:54.755 | TRC | 0 | 1 | SmartCardReader：Ouch: Cannot find a smart card reader. (NoReadersAvailable)
2019.07.23 21:21:57.246 | TRC | 0 | 1 | SmartCardReader：Ouch: Cannot find a smart card reader. (NoReadersAvailable)
2019.07.23 21:21:59.728 | TRC | 0 | 1 | SmartCardReader：Ouch: Cannot find a smart card reader. (NoReadersAvailable)
2019.07.23 21:22:02.247 | TRC | 0 | 1 | SmartCardReader：Ouch: Cannot find a smart card reader. (NoReadersAvailable)
2019.07.23 21:22:04.822 | TRC | 0 | 1 | SmartCardReader：Ouch: Cannot find a smart card reader. (NoReadersAvailable)
2019.07.23 21:22:07.254 | TRC | 0 | 1 | SmartCardReader：Ouch: Cannot find a smart card reader. (NoReadersAvailable)
2019.07.23 21:22:09.754 | TRC | 0 | 1 | SmartCardReader：Ouch: Cannot find a smart card reader. (NoReadersAvailable)
2019.07.23 21:22:12.272 | TRC | 0 | 1 | SmartCardReader：Ouch: Cannot find a smart card reader. (NoReadersAvailable)
2019.07.23 21:22:14.806 | TRC | 0 | 1 | SmartCardReader：Ouch: Cannot find a smart card reader. (NoReadersAvailable)
2019.07.23 21:22:17.325 | TRC | 0 | 1 | SmartCardReader：Ouch: Cannot find a smart card reader. (NoReadersAvailable)
2019.07.23 21:22:19.806 | TRC | 0 | 1 | SmartCardReader：Ouch: Cannot find a smart card reader. (NoReadersAvailable)
2019.07.23 21:22:22.326 | TRC | 0 | 1 | SmartCardReader：Ouch: Cannot find a smart card reader. (NoReadersAvailable)
2019.07.23 21:22:24.829 | TRC | 0 | 1 | SmartCardReader：Ouch: Cannot find a smart card reader. (NoReadersAvailable)
2019.07.23 21:22:27.330 | TRC | 0 | 1 | SmartCardReader：Ouch: Cannot find a smart card reader. (NoReadersAvailable)
2019.07.23 21:22:29.804 | TRC | 0 | 1 | SmartCardReader：Ouch: Cannot find a smart card reader. (NoReadersAvailable)
2019.07.23 21:22:32.317 | TRC | 0 | 1 | SmartCardReader：Ouch: Cannot find a smart card reader. (NoReadersAvailable)
2019.07.23 21:22:34.821 | TRC | 0 | 1 | SmartCardReader：Ouch: Cannot find a smart card reader. (NoReadersAvailable)
2019.07.23 21:22:37.365 | TRC | 0 | 1 | SmartCardReader：Ouch: Cannot find a smart card reader. (NoReadersAvailable)
2019.07.23 21:22:39.835 | TRC | 0 | 1 | SmartCardReader：Ouch: Cannot find a smart card reader. (NoReadersAvailable)
2019.07.23 21:22:42.366 | TRC | 0 | 1 | SmartCardReader：Ouch: Cannot find a smart card reader. (NoReadersAvailable)
2019.07.23 21:22:44.845 | TRC | 0 | 1 | SmartCardReader：Ouch: Cannot find a smart card reader. (NoReadersAvailable)
2019.07.23 21:22:47.361 | TRC | 0 | 1 | SmartCardReader：Ouch: Cannot find a smart card reader. (NoReadersAvailable)
2019.07.23 21:22:49.901 | TRC | 0 | 1 | SmartCardReader：Ouch: Cannot find a smart card reader. (NoReadersAvailable)
2019.07.23 21:22:52.382 | TRC | 0 | 1 | SmartCardReader：Ouch: Cannot find a smart card reader. (NoReadersAvailable)
2019.07.23 21:22:54.882 | TRC | 0 | 1 | SmartCardReader：Ouch: Cannot find a smart card reader. (NoReadersAvailable)
2019.07.23 21:22:57.398 | TRC | 0 | 1 | SmartCardReader：Ouch: Cannot find a smart card reader. (NoReadersAvailable)
2019.07.23 21:22:59.882 | TRC | 0 | 1 | SmartCardReader：Ouch: Cannot find a smart card reader. (NoReadersAvailable)
2019.07.23 21:23:02.419 | TRC | 0 | 1 | SmartCardReader：Ouch: Cannot find a smart card reader. (NoReadersAvailable)
2019.07.23 21:23:04.905 | TRC | 0 | 1 | SmartCardReader：Ouch: Cannot find a smart card reader. (NoReadersAvailable)
2019.07.23 21:23:07.426 | TRC | 0 | 1 | SmartCardReader：Ouch: Cannot find a smart card reader. (NoReadersAvailable)
2019.07.23 21:23:09.912 | TRC | 0 | 1 | SmartCardReader：Ouch: Cannot find a smart card reader. (NoReadersAvailable)
2019.07.23 21:23:12.440 | TRC | 0 | 1 | SmartCardReader：Ouch: Cannot find a smart card reader. (NoReadersAvailable)
2019.07.23 21:23:14.947 | TRC | 0 | 1 | SmartCardReader：Ouch: Cannot find a smart card reader. (NoReadersAvailable)
2019.07.23 21:23:17.459 | TRC | 0 | 1 | SmartCardReader：Ouch: Cannot find a smart card reader. (NoReadersAvailable)
2019.07.23 21:23:19.949 | TRC | 0 | 1 | SmartCardReader：Ouch: Cannot find a smart card reader. (NoReadersAvailable)
2019.07.23 21:23:22.452 | TRC | 0 | 1 | SmartCardReader：Ouch: Cannot find a smart card reader. (NoReadersAvailable)
2019.07.23 21:23:24.947 | TRC | 0 | 1 | SmartCardReader：Ouch: Cannot find a smart card reader. (NoReadersAvailable)
2019.07.23 21:23:27.491 | TRC | 0 | 1 | SmartCardReader：Ouch: Cannot find a smart card reader. (NoReadersAvailable)
2019.07.23 21:23:29.964 | TRC | 0 | 1 | SmartCardReader：Ouch: Cannot find a smart card reader. (NoReadersAvailable)
2019.07.23 21:23:32.480 | TRC | 0 | 1 | SmartCardReader：Ouch: Cannot find a smart card reader. (NoReadersAvailable)
2019.07.23 21:23:34.995 | TRC | 0 | 1 | SmartCardReader：Ouch: Cannot find a smart card reader. (NoReadersAvailable)
2019.07.23 21:23:37.512 | TRC | 0 | 1 | SmartCardReader：Ouch: Cannot find a smart card reader. (NoReadersAvailable)
2019.07.23 21:23:40.020 | TRC | 0 | 1 | SmartCardReader：Ouch: Cannot find a smart card reader. (NoReadersAvailable)
2019.07.23 21:23:42.521 | TRC | 0 | 1 | SmartCardReader：Ouch: Cannot find a smart card reader. (NoReadersAvailable)
2019.07.23 21:23:45.032 | TRC | 0 | 1 | SmartCardReader：Ouch: Cannot find a smart card reader. (NoReadersAvailable)
2019.07.23 21:23:47.530 | TRC | 0 | 1 | SmartCardReader：Ouch: Cannot find a smart card reader. (NoReadersAvailable)
2019.07.23 21:23:50.024 | TRC | 0 | 1 | SmartCardReader：Ouch: Cannot find a smart card reader. (NoReadersAvailable)
2019.07.23 21:23:52.544 | TRC | 0 | 1 | SmartCardReader：Ouch: Cannot find a smart card reader. (NoReadersAvailable)
2019.07.23 21:23:55.062 | TRC | 0 | 1 | SmartCardReader：Ouch: Cannot find a smart card reader. (NoReadersAvailable)
2019.07.23 21:23:57.569 | TRC | 0 | 1 | SmartCardReader：Ouch: Cannot find a smart card reader. (NoReadersAvailable)
2019.07.23 21:24:00.039 | TRC | 0 | 1 | SmartCardReader：Ouch: Cannot find a smart card reader. (NoReadersAvailable)
2019.07.23 21:24:02.560 | TRC | 0 | 1 | SmartCardReader：Ouch: Cannot find a smart card reader. (NoReadersAvailable)
2019.07.23 21:24:05.052 | TRC | 0 | 1 | SmartCardReader：Ouch: Cannot find a smart card reader. (NoReadersAvailable)
2019.07.23 21:24:07.555 | TRC | 0 | 1 | SmartCardReader：Ouch: Cannot find a smart card reader. (NoReadersAvailable)
2019.07.23 21:24:10.079 | TRC | 0 | 1 | SmartCardReader：Ouch: Cannot find a smart card reader. (NoReadersAvailable)
2019.07.23 21:24:12.593 | TRC | 0 | 1 | SmartCardReader：Ouch: Cannot find a smart card reader. (NoReadersAvailable)
2019.07.23 21:24:15.082 | TRC | 0 | 1 | SmartCardReader：Ouch: Cannot find a smart card reader. (NoReadersAvailable)
2019.07.23 21:24:17.627 | TRC | 0 | 1 | SmartCardReader：Ouch: Cannot find a smart card reader. (NoReadersAvailable)
2019.07.23 21:24:20.112 | TRC | 0 | 1 | SmartCardReader：Ouch: Cannot find a smart card reader. (NoReadersAvailable)
2019.07.23 21:24:22.646 | TRC | 0 | 1 | SmartCardReader：Ouch: Cannot find a smart card reader. (NoReadersAvailable)
2019.07.23 21:24:25.113 | TRC | 0 | 1 | SmartCardReader：Ouch: Cannot find a smart card reader. (NoReadersAvailable)
2019.07.23 21:24:27.618 | TRC | 0 | 1 | SmartCardReader：Ouch: Cannot find a smart card reader. (NoReadersAvailable)
2019.07.23 21:24:30.146 | TRC | 0 | 1 | SmartCardReader：Ouch: Cannot find a smart card reader. (NoReadersAvailable)
2019.07.23 21:24:32.641 | TRC | 0 | 1 | SmartCardReader：Ouch: Cannot find a smart card reader. (NoReadersAvailable)
2019.07.23 21:24:35.129 | TRC | 0 | 1 | SmartCardReader：Ouch: Cannot find a smart card reader. (NoReadersAvailable)
2019.07.23 21:24:37.645 | TRC | 0 | 1 | SmartCardReader：Ouch: Cannot find a smart card reader. (NoReadersAvailable)
2019.07.23 21:24:40.152 | TRC | 0 | 1 | SmartCardReader：Ouch: Cannot find a smart card reader. (NoReadersAvailable)
2019.07.23 21:24:42.663 | TRC | 0 | 1 | SmartCardReader：Ouch: Cannot find a smart card reader. (NoReadersAvailable)
2019.07.23 21:24:45.172 | TRC | 0 | 1 | SmartCardReader：Ouch: Cannot find a smart card reader. (NoReadersAvailable)
2019.07.23 21:24:47.653 | TRC | 0 | 1 | SmartCardReader：Ouch: Cannot find a smart card reader. (NoReadersAvailable)
2019.07.23 21:24:50.181 | TRC | 0 | 1 | SmartCardReader：Ouch: Cannot find a smart card reader. (NoReadersAvailable)
2019.07.23 21:24:52.709 | TRC | 0 | 1 | SmartCardReader：Ouch: Cannot find a smart card reader. (NoReadersAvailable)
2019.07.23 21:24:55.206 | TRC | 0 | 1 | SmartCardReader：Ouch: Cannot find a smart card reader. (NoReadersAvailable)
2019.07.23 21:24:57.702 | TRC | 0 | 1 | SmartCardReader：Ouch: Cannot find a smart card reader. (NoReadersAvailable)
2019.07.23 21:25:00.190 | TRC | 0 | 1 | SmartCardReader：Ouch: Cannot find a smart card reader. (NoReadersAvailable)
2019.07.23 21:25:02.705 | TRC | 0 | 1 | SmartCardReader：Ouch: Cannot find a smart card reader. (NoReadersAvailable)
2019.07.23 21:25:05.199 | TRC | 0 | 1 | SmartCardReader：Ouch: Cannot find a smart card reader. (NoReadersAvailable)
2019.07.23 21:25:07.703 | TRC | 0 | 1 | SmartCardReader：Ouch: Cannot find a smart card reader. (NoReadersAvailable)
2019.07.23 21:25:10.218 | TRC | 0 | 1 | SmartCardReader：Ouch: Cannot find a smart card reader. (NoReadersAvailable)
2019.07.23 21:25:12.737 | TRC | 0 | 1 | SmartCardReader：Ouch: Cannot find a smart card reader. (NoReadersAvailable)
2019.07.23 21:25:15.253 | TRC | 0 | 1 | SmartCardReader：Ouch: Cannot find a smart card reader. (NoReadersAvailable)
2019.07.23 21:25:17.801 | TRC | 0 | 1 | SmartCardReader：Ouch: Cannot find a smart card reader. (NoReadersAvailable)
2019.07.23 21:25:20.384 | TRC | 0 | 1 | SmartCardReader：Ouch: Cannot find a smart card reader. (NoReadersAvailable)
2019.07.23 21:25:22.789 | TRC | 0 | 1 | SmartCardReader：Ouch: Cannot find a smart card reader. (NoReadersAvailable)
2019.07.23 21:25:25.317 | TRC | 0 | 1 | SmartCardReader：Ouch: Cannot find a smart card reader. (NoReadersAvailable)
2019.07.23 21:25:27.832 | TRC | 0 | 1 | SmartCardReader：Ouch: Cannot find a smart card reader. (NoReadersAvailable)
2019.07.23 21:25:30.324 | TRC | 0 | 1 | SmartCardReader：Ouch: Cannot find a smart card reader. (NoReadersAvailable)
2019.07.23 21:25:32.892 | TRC | 0 | 1 | SmartCardReader：Ouch: Cannot find a smart card reader. (NoReadersAvailable)
2019.07.23 21:25:35.335 | TRC | 0 | 1 | SmartCardReader：Ouch: Cannot find a smart card reader. (NoReadersAvailable)
2019.07.23 21:25:37.877 | TRC | 0 | 1 | SmartCardReader：Ouch: Cannot find a smart card reader. (NoReadersAvailable)
2019.07.23 21:25:40.369 | TRC | 0 | 1 | SmartCardReader：Ouch: Cannot find a smart card reader. (NoReadersAvailable)
2019.07.23 21:25:42.885 | TRC | 0 | 1 | SmartCardReader：Ouch: Cannot find a smart card reader. (NoReadersAvailable)
2019.07.23 21:25:45.446 | TRC | 0 | 1 | SmartCardReader：Ouch: Cannot find a smart card reader. (NoReadersAvailable)
2019.07.23 21:25:47.954 | TRC | 0 | 1 | SmartCardReader：Ouch: Cannot find a smart card reader. (NoReadersAvailable)
2019.07.23 21:25:50.473 | TRC | 0 | 1 | SmartCardReader：Ouch: Cannot find a smart card reader. (NoReadersAvailable)
2019.07.23 21:25:52.960 | TRC | 0 | 1 | SmartCardReader：Ouch: Cannot find a smart card reader. (NoReadersAvailable)
2019.07.23 21:25:55.506 | TRC | 0 | 1 | SmartCardReader：Ouch: Cannot find a smart card reader. (NoReadersAvailable)
2019.07.23 21:25:57.973 | TRC | 0 | 1 | SmartCardReader：Ouch: Cannot find a smart card reader. (NoReadersAvailable)
2019.07.23 21:26:00.530 | TRC | 0 | 1 | SmartCardReader：Ouch: Cannot find a smart card reader. (NoReadersAvailable)
2019.07.23 21:26:03.041 | TRC | 0 | 1 | SmartCardReader：Ouch: Cannot find a smart card reader. (NoReadersAvailable)
2019.07.23 21:26:05.608 | TRC | 0 | 1 | SmartCardReader：Ouch: Cannot find a smart card reader. (NoReadersAvailable)
2019.07.23 21:26:08.066 | TRC | 0 | 1 | SmartCardReader：Ouch: Cannot find a smart card reader. (NoReadersAvailable)
2019.07.23 21:26:10.611 | TRC | 0 | 1 | SmartCardReader：Ouch: Cannot find a smart card reader. (NoReadersAvailable)
2019.07.23 21:26:13.088 | TRC | 0 | 1 | SmartCardReader：Ouch: Cannot find a smart card reader. (NoReadersAvailable)
2019.07.23 21:26:15.614 | TRC | 0 | 1 | SmartCardReader：Ouch: Cannot find a smart card reader. (NoReadersAvailable)
2019.07.23 21:26:18.136 | TRC | 0 | 1 | SmartCardReader：Ouch: Cannot find a smart card reader. (NoReadersAvailable)
2019.07.23 21:26:20.623 | TRC | 0 | 1 | SmartCardReader：Ouch: Cannot find a smart card reader. (NoReadersAvailable)
2019.07.23 21:26:23.538 | TRC | 0 | 1 | SmartCardReader：Ouch: Cannot find a smart card reader. (NoReadersAvailable)
2019.07.23 21:26:25.717 | TRC | 0 | 1 | SmartCardReader：Ouch: Cannot find a smart card reader. (NoReadersAvailable)
2019.07.23 21:26:28.217 | TRC | 0 | 1 | SmartCardReader：Ouch: Cannot find a smart card reader. (NoReadersAvailable)
2019.07.23 21:26:30.710 | TRC | 0 | 1 | SmartCardReader：Ouch: Cannot find a smart card reader. (NoReadersAvailable)
2019.07.23 21:26:33.234 | TRC | 0 | 1 | SmartCardReader：Ouch: Cannot find a smart card reader. (NoReadersAvailable)
2019.07.23 21:26:35.745 | TRC | 0 | 1 | SmartCardReader：Ouch: Cannot find a smart card reader. (NoReadersAvailable)
2019.07.23 21:26:38.261 | TRC | 0 | 1 | SmartCardReader：Ouch: Cannot find a smart card reader. (NoReadersAvailable)
2019.07.23 21:26:40.763 | TRC | 0 | 1 | SmartCardReader：Ouch: Cannot find a smart card reader. (NoReadersAvailable)
2019.07.23 21:26:43.282 | TRC | 0 | 1 | SmartCardReader：Ouch: Cannot find a smart card reader. (NoReadersAvailable)
2019.07.23 21:26:45.766 | TRC | 0 | 1 | SmartCardReader：Ouch: Cannot find a smart card reader. (NoReadersAvailable)
2019.07.23 21:26:48.286 | TRC | 0 | 1 | SmartCardReader：Ouch: Cannot find a smart card reader. (NoReadersAvailable)
2019.07.23 21:26:50.793 | TRC | 0 | 1 | SmartCardReader：Ouch: Cannot find a smart card reader. (NoReadersAvailable)
2019.07.23 21:26:53.312 | TRC | 0 | 1 | SmartCardReader：Ouch: Cannot find a smart card reader. (NoReadersAvailable)
2019.07.23 21:26:55.814 | TRC | 0 | 1 | SmartCardReader：Ouch: Cannot find a smart card reader. (NoReadersAvailable)
2019.07.23 21:26:58.332 | TRC | 0 | 1 | SmartCardReader：Ouch: Cannot find a smart card reader. (NoReadersAvailable)
2019.07.23 21:27:00.829 | TRC | 0 | 1 | SmartCardReader：Ouch: Cannot find a smart card reader. (NoReadersAvailable)
2019.07.23 21:27:03.329 | TRC | 0 | 1 | SmartCardReader：Ouch: Cannot find a smart card reader. (NoReadersAvailable)
2019.07.23 21:27:05.865 | TRC | 0 | 1 | SmartCardReader：Ouch: Cannot find a smart card reader. (NoReadersAvailable)
2019.07.23 21:27:08.403 | TRC | 0 | 1 | SmartCardReader：Ouch: Cannot find a smart card reader. (NoReadersAvailable)
2019.07.23 21:27:10.862 | TRC | 0 | 1 | SmartCardReader：Ouch: Cannot find a smart card reader. (NoReadersAvailable)
2019.07.23 21:27:13.385 | TRC | 0 | 1 | SmartCardReader：Ouch: Cannot find a smart card reader. (NoReadersAvailable)
2019.07.23 21:27:15.869 | TRC | 0 | 1 | SmartCardReader：Ouch: Cannot find a smart card reader. (NoReadersAvailable)
2019.07.23 21:27:18.422 | TRC | 0 | 1 | SmartCardReader：Ouch: Cannot find a smart card reader. (NoReadersAvailable)
2019.07.23 21:27:20.924 | TRC | 0 | 1 | SmartCardReader：Ouch: Cannot find a smart card reader. (NoReadersAvailable)
2019.07.23 21:27:23.403 | TRC | 0 | 1 | SmartCardReader：Ouch: Cannot find a smart card reader. (NoReadersAvailable)
2019.07.23 21:27:25.904 | TRC | 0 | 1 | SmartCardReader：Ouch: Cannot find a smart card reader. (NoReadersAvailable)
2019.07.23 21:27:28.420 | TRC | 0 | 1 | SmartCardReader：Ouch: Cannot find a smart card reader. (NoReadersAvailable)
2019.07.23 21:27:30.909 | TRC | 0 | 1 | SmartCardReader：Ouch: Cannot find a smart card reader. (NoReadersAvailable)
2019.07.23 21:27:33.417 | TRC | 0 | 1 | SmartCardReader：Ouch: Cannot find a smart card reader. (NoReadersAvailable)
2019.07.23 21:27:35.921 | TRC | 0 | 1 | SmartCardReader：Ouch: Cannot find a smart card reader. (NoReadersAvailable)
2019.07.23 21:27:38.460 | TRC | 0 | 1 | SmartCardReader：Ouch: Cannot find a smart card reader. (NoReadersAvailable)
2019.07.23 21:27:40.966 | TRC | 0 | 1 | SmartCardReader：Ouch: Cannot find a smart card reader. (NoReadersAvailable)
2019.07.23 21:27:43.463 | TRC | 0 | 1 | SmartCardReader：Ouch: Cannot find a smart card reader. (NoReadersAvailable)
2019.07.23 21:27:45.977 | TRC | 0 | 1 | SmartCardReader：Ouch: Cannot find a smart card reader. (NoReadersAvailable)
2019.07.23 21:27:48.487 | TRC | 0 | 1 | SmartCardReader：Ouch: Cannot find a smart card reader. (NoReadersAvailable)
2019.07.23 21:27:50.982 | TRC | 0 | 1 | SmartCardReader：Ouch: Cannot find a smart card reader. (NoReadersAvailable)
2019.07.23 21:27:53.481 | TRC | 0 | 1 | SmartCardReader：Ouch: Cannot find a smart card reader. (NoReadersAvailable)
2019.07.23 21:27:55.989 | TRC | 0 | 1 | SmartCardReader：Ouch: Cannot find a smart card reader. (NoReadersAvailable)
2019.07.23 21:27:58.491 | TRC | 0 | 1 | SmartCardReader：Ouch: Cannot find a smart card reader. (NoReadersAvailable)
2019.07.23 21:28:00.999 | TRC | 0 | 1 | SmartCardReader：Ouch: Cannot find a smart card reader. (NoReadersAvailable)
2019.07.23 21:28:03.511 | TRC | 0 | 1 | SmartCardReader：Ouch: Cannot find a smart card reader. (NoReadersAvailable)
2019.07.23 21:28:06.010 | TRC | 0 | 1 | SmartCardReader：Ouch: Cannot find a smart card reader. (NoReadersAvailable)
2019.07.23 21:28:08.532 | TRC | 0 | 1 | SmartCardReader：Ouch: Cannot find a smart card reader. (NoReadersAvailable)
2019.07.23 21:28:11.025 | TRC | 0 | 1 | SmartCardReader：Ouch: Cannot find a smart card reader. (NoReadersAvailable)
2019.07.23 21:28:13.523 | TRC | 0 | 1 | SmartCardReader：Ouch: Cannot find a smart card reader. (NoReadersAvailable)
2019.07.23 21:28:16.038 | TRC | 0 | 1 | SmartCardReader：Ouch: Cannot find a smart card reader. (NoReadersAvailable)
2019.07.23 21:28:18.538 | TRC | 0 | 1 | SmartCardReader：Ouch: Cannot find a smart card reader. (NoReadersAvailable)
2019.07.23 21:28:21.059 | TRC | 0 | 1 | SmartCardReader：Ouch: Cannot find a smart card reader. (NoReadersAvailable)
2019.07.23 21:28:23.566 | TRC | 0 | 1 | SmartCardReader：Ouch: Cannot find a smart card reader. (NoReadersAvailable)
2019.07.23 21:28:26.072 | TRC | 0 | 1 | SmartCardReader：Ouch: Cannot find a smart card reader. (NoReadersAvailable)
2019.07.23 21:28:28.593 | TRC | 0 | 1 | SmartCardReader：Ouch: Cannot find a smart card reader. (NoReadersAvailable)
2019.07.23 21:28:31.084 | TRC | 0 | 1 | SmartCardReader：Ouch: Cannot find a smart card reader. (NoReadersAvailable)
2019.07.23 21:28:33.570 | TRC | 0 | 1 | SmartCardReader：Ouch: Cannot find a smart card reader. (NoReadersAvailable)
2019.07.23 21:28:36.079 | TRC | 0 | 1 | SmartCardReader：Ouch: Cannot find a smart card reader. (NoReadersAvailable)
2019.07.23 21:28:38.604 | TRC | 0 | 1 | SmartCardReader：Ouch: Cannot find a smart card reader. (NoReadersAvailable)
2019.07.23 21:28:41.127 | TRC | 0 | 1 | SmartCardReader：Ouch: Cannot find a smart card reader. (NoReadersAvailable)
2019.07.23 21:28:43.608 | TRC | 0 | 1 | SmartCardReader：Ouch: Cannot find a smart card reader. (NoReadersAvailable)
2019.07.23 21:28:46.136 | TRC | 0 | 1 | SmartCardReader：Ouch: Cannot find a smart card reader. (NoReadersAvailable)
2019.07.23 21:28:48.632 | TRC | 0 | 1 | SmartCardReader：Ouch: Cannot find a smart card reader. (NoReadersAvailable)
2019.07.23 21:28:51.136 | TRC | 0 | 1 | SmartCardReader：Ouch: Cannot find a smart card reader. (NoReadersAvailable)
2019.07.23 21:28:53.637 | TRC | 0 | 1 | SmartCardReader：Ouch: Cannot find a smart card reader. (NoReadersAvailable)
2019.07.23 21:28:56.157 | TRC | 0 | 1 | SmartCardReader：Ouch: Cannot find a smart card reader. (NoReadersAvailable)
2019.07.23 21:28:58.652 | TRC | 0 | 1 | SmartCardReader：Ouch: Cannot find a smart card reader. (NoReadersAvailable)
2019.07.23 21:29:01.157 | TRC | 0 | 1 | SmartCardReader：Ouch: Cannot find a smart card reader. (NoReadersAvailable)
2019.07.23 21:29:03.639 | TRC | 0 | 1 | SmartCardReader：Ouch: Cannot find a smart card reader. (NoReadersAvailable)
2019.07.23 21:29:06.135 | TRC | 0 | 1 | SmartCardReader：Ouch: Cannot find a smart card reader. (NoReadersAvailable)
2019.07.23 21:29:08.650 | TRC | 0 | 1 | SmartCardReader：Ouch: Cannot find a smart card reader. (NoReadersAvailable)
2019.07.23 21:29:11.158 | TRC | 0 | 1 | SmartCardReader：Ouch: Cannot find a smart card reader. (NoReadersAvailable)
2019.07.23 21:29:13.670 | TRC | 0 | 1 | SmartCardReader：Ouch: Cannot find a smart card reader. (NoReadersAvailable)
2019.07.23 21:29:16.182 | TRC | 0 | 1 | SmartCardReader：Ouch: Cannot find a smart card reader. (NoReadersAvailable)
2019.07.23 21:29:18.687 | TRC | 0 | 1 | SmartCardReader：Ouch: Cannot find a smart card reader. (NoReadersAvailable)
2019.07.23 21:29:21.193 | TRC | 0 | 1 | SmartCardReader：Ouch: Cannot find a smart card reader. (NoReadersAvailable)
2019.07.23 21:29:23.704 | TRC | 0 | 1 | SmartCardReader：Ouch: Cannot find a smart card reader. (NoReadersAvailable)
2019.07.23 21:29:26.208 | TRC | 0 | 1 | SmartCardReader：Ouch: Cannot find a smart card reader. (NoReadersAvailable)
2019.07.23 21:29:28.722 | TRC | 0 | 1 | SmartCardReader：Ouch: Cannot find a smart card reader. (NoReadersAvailable)
2019.07.23 21:29:31.224 | TRC | 0 | 1 | SmartCardReader：Ouch: Cannot find a smart card reader. (NoReadersAvailable)
2019.07.23 21:29:33.732 | TRC | 0 | 1 | SmartCardReader：Ouch: Cannot find a smart card reader. (NoReadersAvailable)
2019.07.23 21:29:36.476 | TRC | 0 | 1 | SmartCardReader：Ouch: Cannot find a smart card reader. (NoReadersAvailable)
2019.07.23 21:29:38.735 | TRC | 0 | 1 | SmartCardReader：Ouch: Cannot find a smart card reader. (NoReadersAvailable)
2019.07.23 21:29:41.214 | TRC | 0 | 1 | SmartCardReader：Ouch: Cannot find a smart card reader. (NoReadersAvailable)
2019.07.23 21:29:43.743 | TRC | 0 | 1 | SmartCardReader：Ouch: Cannot find a smart card reader. (NoReadersAvailable)
2019.07.23 21:29:46.265 | TRC | 0 | 1 | SmartCardReader：Ouch: Cannot find a smart card reader. (NoReadersAvailable)
2019.07.23 21:29:48.773 | TRC | 0 | 1 | SmartCardReader：Ouch: Cannot find a smart card reader. (NoReadersAvailable)
2019.07.23 21:29:51.259 | TRC | 0 | 1 | SmartCardReader：Ouch: Cannot find a smart card reader. (NoReadersAvailable)
2019.07.23 21:29:53.772 | TRC | 0 | 1 | SmartCardReader：Ouch: Cannot find a smart card reader. (NoReadersAvailable)
2019.07.23 21:29:56.275 | TRC | 0 | 1 | SmartCardReader：Ouch: Cannot find a smart card reader. (NoReadersAvailable)
2019.07.23 21:29:58.765 | TRC | 0 | 1 | SmartCardReader：Ouch: Cannot find a smart card reader. (NoReadersAvailable)
2019.07.23 21:30:01.288 | TRC | 0 | 1 | SmartCardReader：Ouch: Cannot find a smart card reader. (NoReadersAvailable)
2019.07.23 21:30:03.780 | TRC | 0 | 1 | SmartCardReader：Ouch: Cannot find a smart card reader. (NoReadersAvailable)
2019.07.23 21:30:06.322 | TRC | 0 | 1 | SmartCardReader：Ouch: Cannot find a smart card reader. (NoReadersAvailable)
2019.07.23 21:30:08.806 | TRC | 0 | 1 | SmartCardReader：Ouch: Cannot find a smart card reader. (NoReadersAvailable)
2019.07.23 21:30:11.310 | TRC | 0 | 1 | SmartCardReader：Ouch: Cannot find a smart card reader. (NoReadersAvailable)
2019.07.23 21:30:13.820 | TRC | 0 | 1 | SmartCardReader：Ouch: Cannot find a smart card reader. (NoReadersAvailable)
2019.07.23 21:30:16.343 | TRC | 0 | 1 | SmartCardReader：Ouch: Cannot find a smart card reader. (NoReadersAvailable)
2019.07.23 21:30:18.838 | TRC | 0 | 1 | SmartCardReader：Ouch: Cannot find a smart card reader. (NoReadersAvailable)
2019.07.23 21:30:21.355 | TRC | 0 | 1 | SmartCardReader：Ouch: Cannot find a smart card reader. (NoReadersAvailable)
2019.07.23 21:30:23.849 | TRC | 0 | 1 | SmartCardReader：Ouch: Cannot find a smart card reader. (NoReadersAvailable)
2019.07.23 21:30:26.355 | TRC | 0 | 1 | SmartCardReader：Ouch: Cannot find a smart card reader. (NoReadersAvailable)
2019.07.23 21:30:28.867 | TRC | 0 | 1 | SmartCardReader：Ouch: Cannot find a smart card reader. (NoReadersAvailable)
2019.07.23 21:30:31.364 | TRC | 0 | 1 | SmartCardReader：Ouch: Cannot find a smart card reader. (NoReadersAvailable)
2019.07.23 21:30:33.868 | TRC | 0 | 1 | SmartCardReader：Ouch: Cannot find a smart card reader. (NoReadersAvailable)
2019.07.23 21:30:36.371 | TRC | 0 | 1 | SmartCardReader：Ouch: Cannot find a smart card reader. (NoReadersAvailable)
2019.07.23 21:30:38.891 | TRC | 0 | 1 | SmartCardReader：Ouch: Cannot find a smart card reader. (NoReadersAvailable)
2019.07.23 21:30:41.406 | TRC | 0 | 1 | SmartCardReader：Ouch: Cannot find a smart card reader. (NoReadersAvailable)
2019.07.23 21:30:43.877 | TRC | 0 | 1 | SmartCardReader：Ouch: Cannot find a smart card reader. (NoReadersAvailable)
2019.07.23 21:30:46.403 | TRC | 0 | 1 | SmartCardReader：Ouch: Cannot find a smart card reader. (NoReadersAvailable)
2019.07.23 21:30:47.158 | TRC | 0 | 1 | DB initial count：2
2019.07.23 21:30:48.903 | TRC | 0 | 2 | SmartCardReader：Ouch: Cannot find a smart card reader. (NoReadersAvailable)
2019.07.23 21:30:51.414 | TRC | 0 | 1 | SmartCardReader：Ouch: Cannot find a smart card reader. (NoReadersAvailable)
2019.07.23 21:30:53.930 | TRC | 0 | 1 | SmartCardReader：Ouch: Cannot find a smart card reader. (NoReadersAvailable)
2019.07.23 21:30:56.438 | TRC | 0 | 1 | SmartCardReader：Ouch: Cannot find a smart card reader. (NoReadersAvailable)
2019.07.23 21:30:58.932 | TRC | 0 | 1 | SmartCardReader：Ouch: Cannot find a smart card reader. (NoReadersAvailable)
2019.07.23 21:31:01.439 | TRC | 0 | 1 | SmartCardReader：Ouch: Cannot find a smart card reader. (NoReadersAvailable)
2019.07.23 21:31:03.943 | TRC | 0 | 1 | SmartCardReader：Ouch: Cannot find a smart card reader. (NoReadersAvailable)
2019.07.23 21:31:06.454 | TRC | 0 | 1 | SmartCardReader：Ouch: Cannot find a smart card reader. (NoReadersAvailable)
2019.07.23 21:31:08.958 | TRC | 0 | 1 | SmartCardReader：Ouch: Cannot find a smart card reader. (NoReadersAvailable)
2019.07.23 21:31:11.463 | TRC | 0 | 1 | SmartCardReader：Ouch: Cannot find a smart card reader. (NoReadersAvailable)
2019.07.23 21:31:13.967 | TRC | 0 | 1 | SmartCardReader：Ouch: Cannot find a smart card reader. (NoReadersAvailable)
2019.07.23 21:31:16.514 | TRC | 0 | 1 | SmartCardReader：Ouch: Cannot find a smart card reader. (NoReadersAvailable)
2019.07.23 21:31:18.959 | TRC | 0 | 1 | SmartCardReader：Ouch: Cannot find a smart card reader. (NoReadersAvailable)
2019.07.23 21:31:21.461 | TRC | 0 | 1 | SmartCardReader：Ouch: Cannot find a smart card reader. (NoReadersAvailable)
2019.07.23 21:31:23.961 | TRC | 0 | 1 | SmartCardReader：Ouch: Cannot find a smart card reader. (NoReadersAvailable)
2019.07.23 21:31:26.473 | TRC | 0 | 1 | SmartCardReader：Ouch: Cannot find a smart card reader. (NoReadersAvailable)
2019.07.23 21:31:28.982 | TRC | 0 | 1 | SmartCardReader：Ouch: Cannot find a smart card reader. (NoReadersAvailable)
2019.07.23 21:31:31.495 | TRC | 0 | 1 | SmartCardReader：Ouch: Cannot find a smart card reader. (NoReadersAvailable)
2019.07.23 21:31:33.993 | TRC | 0 | 1 | SmartCardReader：Ouch: Cannot find a smart card reader. (NoReadersAvailable)
2019.07.23 21:31:36.513 | TRC | 0 | 1 | SmartCardReader：Ouch: Cannot find a smart card reader. (NoReadersAvailable)
2019.07.23 21:32:22.986 | TRC | 0 | 0 | start log
2019.07.23 21:32:25.286 | TRC | 0 | 2 | SmartCardReader：Ouch: Cannot find a smart card reader. (NoReadersAvailable)
2019.07.23 21:32:25.372 | TRC | 0 | 2 | DB initial count：1
2019.07.23 21:32:27.788 | TRC | 0 | 1 | SmartCardReader：Ouch: Cannot find a smart card reader. (NoReadersAvailable)
2019.07.23 21:32:30.276 | TRC | 0 | 1 | SmartCardReader：Ouch: Cannot find a smart card reader. (NoReadersAvailable)
2019.07.23 21:32:31.089 | TRC | 0 | 0 | frmCourseManagerUpdate
2019.07.23 21:32:32.786 | TRC | 0 | 1 | SmartCardReader：Ouch: Cannot find a smart card reader. (NoReadersAvailable)
2019.07.23 21:32:35.286 | TRC | 0 | 1 | SmartCardReader：Ouch: Cannot find a smart card reader. (NoReadersAvailable)
2019.07.23 21:32:37.781 | TRC | 0 | 1 | SmartCardReader：Ouch: Cannot find a smart card reader. (NoReadersAvailable)
2019.07.23 21:32:40.272 | TRC | 0 | 1 | SmartCardReader：Ouch: Cannot find a smart card reader. (NoReadersAvailable)
2019.07.23 21:32:42.850 | TRC | 0 | 1 | SmartCardReader：Ouch: Cannot find a smart card reader. (NoReadersAvailable)
2019.07.23 21:32:43.903 | TRC | 0 | 0 | frmCourseManagerUpdatebtn_AddNewStudent
2019.07.23 21:32:49.474 | TRC | 0 | 1 | SmartCardReader：Ouch: Cannot find a smart card reader. (NoReadersAvailable)
2019.07.23 21:32:53.091 | TRC | 0 | 2 | SmartCardReader：Ouch: Cannot find a smart card reader. (NoReadersAvailable)
2019.07.23 21:32:55.585 | TRC | 0 | 1 | SmartCardReader：Ouch: Cannot find a smart card reader. (NoReadersAvailable)
2019.07.23 21:32:58.170 | TRC | 0 | 1 | SmartCardReader：Ouch: Cannot find a smart card reader. (NoReadersAvailable)
2019.07.23 21:33:00.661 | TRC | 0 | 1 | SmartCardReader：Ouch: Cannot find a smart card reader. (NoReadersAvailable)
2019.07.23 21:33:03.177 | TRC | 0 | 1 | SmartCardReader：Ouch: Cannot find a smart card reader. (NoReadersAvailable)
2019.07.23 21:33:05.624 | TRC | 0 | 1 | SmartCardReader：Ouch: Cannot find a smart card reader. (NoReadersAvailable)
2019.07.23 21:33:08.134 | TRC | 0 | 1 | SmartCardReader：Ouch: Cannot find a smart card reader. (NoReadersAvailable)
2019.07.23 21:33:10.665 | TRC | 0 | 1 | SmartCardReader：Ouch: Cannot find a smart card reader. (NoReadersAvailable)
2019.07.23 21:33:13.179 | TRC | 0 | 1 | SmartCardReader：Ouch: Cannot find a smart card reader. (NoReadersAvailable)
2019.07.23 21:33:15.677 | TRC | 0 | 1 | SmartCardReader：Ouch: Cannot find a smart card reader. (NoReadersAvailable)
2019.07.23 21:33:18.174 | TRC | 0 | 1 | SmartCardReader：Ouch: Cannot find a smart card reader. (NoReadersAvailable)
2019.07.23 21:33:20.684 | TRC | 0 | 1 | SmartCardReader：Ouch: Cannot find a smart card reader. (NoReadersAvailable)
2019.07.23 21:33:23.276 | TRC | 0 | 1 | SmartCardReader：Ouch: Cannot find a smart card reader. (NoReadersAvailable)
2019.07.23 21:33:24.145 | TRC | 0 | 0 | 學生通訊錄：frmStudentBook_Load
2019.07.23 21:33:25.739 | TRC | 0 | 1 | SmartCardReader：Ouch: Cannot find a smart card reader. (NoReadersAvailable)
2019.07.23 21:33:28.251 | TRC | 0 | 1 | SmartCardReader：Ouch: Cannot find a smart card reader. (NoReadersAvailable)
2019.07.23 21:33:30.771 | TRC | 0 | 1 | SmartCardReader：Ouch: Cannot find a smart card reader. (NoReadersAvailable)
2019.07.23 21:33:33.289 | TRC | 0 | 1 | SmartCardReader：Ouch: Cannot find a smart card reader. (NoReadersAvailable)
2019.07.23 21:33:34.132 | TRC | 0 | 0 | frmCourseManagerUpdate
2019.07.23 21:33:35.747 | TRC | 0 | 1 | SmartCardReader：Ouch: Cannot find a smart card reader. (NoReadersAvailable)
2019.07.23 21:33:38.281 | TRC | 0 | 1 | SmartCardReader：Ouch: Cannot find a smart card reader. (NoReadersAvailable)
2019.07.23 21:33:40.786 | TRC | 0 | 1 | SmartCardReader：Ouch: Cannot find a smart card reader. (NoReadersAvailable)
2019.07.23 21:33:43.309 | TRC | 0 | 1 | SmartCardReader：Ouch: Cannot find a smart card reader. (NoReadersAvailable)
2019.07.23 21:33:45.800 | TRC | 0 | 1 | SmartCardReader：Ouch: Cannot find a smart card reader. (NoReadersAvailable)
2019.07.23 21:33:48.304 | TRC | 0 | 1 | SmartCardReader：Ouch: Cannot find a smart card reader. (NoReadersAvailable)
2019.07.23 21:33:50.799 | TRC | 0 | 1 | SmartCardReader：Ouch: Cannot find a smart card reader. (NoReadersAvailable)
2019.07.23 21:33:53.288 | TRC | 0 | 1 | SmartCardReader：Ouch: Cannot find a smart card reader. (NoReadersAvailable)
2019.07.23 21:33:55.820 | TRC | 0 | 1 | SmartCardReader：Ouch: Cannot find a smart card reader. (NoReadersAvailable)
2019.07.23 21:33:58.334 | TRC | 0 | 1 | SmartCardReader：Ouch: Cannot find a smart card reader. (NoReadersAvailable)
2019.07.23 21:33:59.798 | TRC | 0 | 0 | frmCourseManagerUpdatebtn_AddNewStudent
2019.07.23 21:34:08.361 | TRC | 0 | 1 | SmartCardReader：Ouch: Cannot find a smart card reader. (NoReadersAvailable)
2019.07.23 21:34:10.875 | TRC | 0 | 1 | SmartCardReader：Ouch: Cannot find a smart card reader. (NoReadersAvailable)
2019.07.23 21:34:13.379 | TRC | 0 | 1 | SmartCardReader：Ouch: Cannot find a smart card reader. (NoReadersAvailable)
2019.07.23 21:34:15.885 | TRC | 0 | 1 | SmartCardReader：Ouch: Cannot find a smart card reader. (NoReadersAvailable)
2019.07.23 21:34:18.394 | TRC | 0 | 1 | SmartCardReader：Ouch: Cannot find a smart card reader. (NoReadersAvailable)
2019.07.23 21:34:20.905 | TRC | 0 | 1 | SmartCardReader：Ouch: Cannot find a smart card reader. (NoReadersAvailable)
2019.07.23 21:34:23.418 | TRC | 0 | 1 | SmartCardReader：Ouch: Cannot find a smart card reader. (NoReadersAvailable)
2019.07.23 21:34:25.911 | TRC | 0 | 1 | SmartCardReader：Ouch: Cannot find a smart card reader. (NoReadersAvailable)
2019.07.23 21:34:28.411 | TRC | 0 | 1 | SmartCardReader：Ouch: Cannot find a smart card reader. (NoReadersAvailable)
2019.07.23 21:34:30.922 | TRC | 0 | 1 | SmartCardReader：Ouch: Cannot find a smart card reader. (NoReadersAvailable)
2019.07.23 21:34:33.421 | TRC | 0 | 1 | SmartCardReader：Ouch: Cannot find a smart card reader. (NoReadersAvailable)
2019.07.23 21:34:35.922 | TRC | 0 | 1 | SmartCardReader：Ouch: Cannot find a smart card reader. (NoReadersAvailable)
2019.07.23 21:34:38.445 | TRC | 0 | 1 | SmartCardReader：Ouch: Cannot find a smart card reader. (NoReadersAvailable)
2019.07.23 21:34:40.937 | TRC | 0 | 1 | SmartCardReader：Ouch: Cannot find a smart card reader. (NoReadersAvailable)
2019.07.23 21:34:43.455 | TRC | 0 | 1 | SmartCardReader：Ouch: Cannot find a smart card reader. (NoReadersAvailable)
2019.07.23 21:34:45.968 | TRC | 0 | 1 | SmartCardReader：Ouch: Cannot find a smart card reader. (NoReadersAvailable)
2019.07.23 21:34:48.481 | TRC | 0 | 1 | SmartCardReader：Ouch: Cannot find a smart card reader. (NoReadersAvailable)
2019.07.23 21:36:58.666 | TRC | 0 | 0 | start log
2019.07.23 21:37:01.807 | TRC | 0 | 2 | SmartCardReader：Ouch: Cannot find a smart card reader. (NoReadersAvailable)
2019.07.23 21:37:01.950 | TRC | 0 | 2 | DB initial count：1
2019.07.23 21:37:04.291 | TRC | 0 | 1 | SmartCardReader：Ouch: Cannot find a smart card reader. (NoReadersAvailable)
2019.07.23 21:37:06.803 | TRC | 0 | 1 | SmartCardReader：Ouch: Cannot find a smart card reader. (NoReadersAvailable)
2019.07.23 21:37:09.291 | TRC | 0 | 1 | SmartCardReader：Ouch: Cannot find a smart card reader. (NoReadersAvailable)
2019.07.23 21:37:11.813 | TRC | 0 | 1 | SmartCardReader：Ouch: Cannot find a smart card reader. (NoReadersAvailable)
2019.07.23 21:37:13.273 | TRC | 0 | 0 | frmCourseManagerUpdate
2019.07.23 21:37:14.340 | TRC | 0 | 1 | SmartCardReader：Ouch: Cannot find a smart card reader. (NoReadersAvailable)
2019.07.23 21:37:16.852 | TRC | 0 | 1 | SmartCardReader：Ouch: Cannot find a smart card reader. (NoReadersAvailable)
2019.07.23 21:37:19.343 | TRC | 0 | 1 | SmartCardReader：Ouch: Cannot find a smart card reader. (NoReadersAvailable)
2019.07.23 21:37:21.869 | TRC | 0 | 1 | SmartCardReader：Ouch: Cannot find a smart card reader. (NoReadersAvailable)
2019.07.23 21:37:22.481 | TRC | 0 | 0 | frmCourseManagerUpdatebtn_DeleteStudent
2019.07.23 21:37:48.626 | TRC | 0 | 1 | SmartCardReader：Ouch: Cannot find a smart card reader. (NoReadersAvailable)
2019.07.23 21:37:51.030 | TRC | 0 | 1 | SmartCardReader：Ouch: Cannot find a smart card reader. (NoReadersAvailable)
2019.07.23 21:37:53.579 | TRC | 0 | 1 | SmartCardReader：Ouch: Cannot find a smart card reader. (NoReadersAvailable)
2019.07.23 21:37:56.068 | TRC | 0 | 1 | SmartCardReader：Ouch: Cannot find a smart card reader. (NoReadersAvailable)
2019.07.23 21:37:58.594 | TRC | 0 | 1 | SmartCardReader：Ouch: Cannot find a smart card reader. (NoReadersAvailable)
2019.07.23 21:38:01.105 | TRC | 0 | 1 | SmartCardReader：Ouch: Cannot find a smart card reader. (NoReadersAvailable)
2019.07.23 21:38:03.576 | TRC | 0 | 1 | SmartCardReader：Ouch: Cannot find a smart card reader. (NoReadersAvailable)
2019.07.23 21:38:05.261 | TRC | 0 | 0 | frmCourseManagerUpdatebtn_AddNewStudent
2019.07.23 21:38:06.088 | TRC | 0 | 1 | SmartCardReader：Ouch: Cannot find a smart card reader. (NoReadersAvailable)
2019.07.23 21:38:08.590 | TRC | 0 | 1 | SmartCardReader：Ouch: Cannot find a smart card reader. (NoReadersAvailable)
2019.07.23 21:38:11.089 | TRC | 0 | 1 | SmartCardReader：Ouch: Cannot find a smart card reader. (NoReadersAvailable)
2019.07.23 21:38:13.579 | TRC | 0 | 1 | SmartCardReader：Ouch: Cannot find a smart card reader. (NoReadersAvailable)
2019.07.23 21:38:16.095 | TRC | 0 | 1 | SmartCardReader：Ouch: Cannot find a smart card reader. (NoReadersAvailable)
2019.07.23 21:38:16.555 | TRC | 0 | 0 | 學生通訊錄：frmStudentBook_Load
2019.07.23 21:38:18.604 | TRC | 0 | 1 | SmartCardReader：Ouch: Cannot find a smart card reader. (NoReadersAvailable)
2019.07.23 21:38:21.115 | TRC | 0 | 1 | SmartCardReader：Ouch: Cannot find a smart card reader. (NoReadersAvailable)
2019.07.23 21:38:23.608 | TRC | 0 | 1 | SmartCardReader：Ouch: Cannot find a smart card reader. (NoReadersAvailable)
2019.07.23 21:38:26.167 | TRC | 0 | 1 | SmartCardReader：Ouch: Cannot find a smart card reader. (NoReadersAvailable)
2019.07.23 21:38:28.633 | TRC | 0 | 1 | SmartCardReader：Ouch: Cannot find a smart card reader. (NoReadersAvailable)
2019.07.23 21:40:33.128 | TRC | 0 | 0 | start log
2019.07.23 21:40:36.292 | TRC | 0 | 2 | SmartCardReader：Ouch: Cannot find a smart card reader. (NoReadersAvailable)
2019.07.23 21:40:36.449 | TRC | 0 | 2 | DB initial count：1
2019.07.23 21:40:38.750 | TRC | 0 | 2 | SmartCardReader：Ouch: Cannot find a smart card reader. (NoReadersAvailable)
2019.07.23 21:40:41.269 | TRC | 0 | 1 | SmartCardReader：Ouch: Cannot find a smart card reader. (NoReadersAvailable)
2019.07.23 21:40:43.790 | TRC | 0 | 1 | SmartCardReader：Ouch: Cannot find a smart card reader. (NoReadersAvailable)
2019.07.23 21:40:46.264 | TRC | 0 | 1 | SmartCardReader：Ouch: Cannot find a smart card reader. (NoReadersAvailable)
2019.07.23 21:40:48.790 | TRC | 0 | 1 | SmartCardReader：Ouch: Cannot find a smart card reader. (NoReadersAvailable)
2019.07.23 21:40:51.250 | TRC | 0 | 0 | frmCourseManagerUpdate
2019.07.23 21:40:51.270 | TRC | 0 | 1 | SmartCardReader：Ouch: Cannot find a smart card reader. (NoReadersAvailable)
2019.07.23 21:40:53.811 | TRC | 0 | 1 | SmartCardReader：Ouch: Cannot find a smart card reader. (NoReadersAvailable)
2019.07.23 21:40:56.315 | TRC | 0 | 1 | SmartCardReader：Ouch: Cannot find a smart card reader. (NoReadersAvailable)
2019.07.23 21:40:58.818 | TRC | 0 | 1 | SmartCardReader：Ouch: Cannot find a smart card reader. (NoReadersAvailable)
2019.07.23 21:40:59.567 | TRC | 0 | 0 | frmCourseManagerUpdatebtn_DeleteStudent
2019.07.23 21:41:11.987 | TRC | 0 | 1 | SmartCardReader：Ouch: Cannot find a smart card reader. (NoReadersAvailable)
2019.07.23 21:41:14.493 | TRC | 0 | 1 | SmartCardReader：Ouch: Cannot find a smart card reader. (NoReadersAvailable)
2019.07.23 21:41:16.988 | TRC | 0 | 1 | SmartCardReader：Ouch: Cannot find a smart card reader. (NoReadersAvailable)
2019.07.23 21:41:19.480 | TRC | 0 | 1 | SmartCardReader：Ouch: Cannot find a smart card reader. (NoReadersAvailable)
2019.07.23 21:41:22.019 | TRC | 0 | 1 | SmartCardReader：Ouch: Cannot find a smart card reader. (NoReadersAvailable)
2019.07.23 21:41:24.512 | TRC | 0 | 1 | SmartCardReader：Ouch: Cannot find a smart card reader. (NoReadersAvailable)
2019.07.23 21:41:27.009 | TRC | 0 | 1 | SmartCardReader：Ouch: Cannot find a smart card reader. (NoReadersAvailable)
2019.07.23 21:41:28.197 | TRC | 0 | 0 | frmCourseManagerUpdatebtn_DeleteStudent
2019.07.23 21:41:30.912 | TRC | 0 | 2 | SmartCardReader：Ouch: Cannot find a smart card reader. (NoReadersAvailable)
2019.07.23 21:41:33.417 | TRC | 0 | 1 | SmartCardReader：Ouch: Cannot find a smart card reader. (NoReadersAvailable)
2019.07.23 21:41:35.903 | TRC | 0 | 1 | SmartCardReader：Ouch: Cannot find a smart card reader. (NoReadersAvailable)
2019.07.23 21:41:38.437 | TRC | 0 | 1 | SmartCardReader：Ouch: Cannot find a smart card reader. (NoReadersAvailable)
2019.07.23 21:41:40.939 | TRC | 0 | 1 | SmartCardReader：Ouch: Cannot find a smart card reader. (NoReadersAvailable)
2019.07.23 21:41:43.423 | TRC | 0 | 1 | SmartCardReader：Ouch: Cannot find a smart card reader. (NoReadersAvailable)
2019.07.23 21:41:45.946 | TRC | 0 | 1 | SmartCardReader：Ouch: Cannot find a smart card reader. (NoReadersAvailable)
2019.07.23 21:41:48.460 | TRC | 0 | 1 | SmartCardReader：Ouch: Cannot find a smart card reader. (NoReadersAvailable)
2019.07.23 21:41:50.962 | TRC | 0 | 1 | SmartCardReader：Ouch: Cannot find a smart card reader. (NoReadersAvailable)
2019.07.23 21:41:53.471 | TRC | 0 | 1 | SmartCardReader：Ouch: Cannot find a smart card reader. (NoReadersAvailable)
2019.07.23 21:41:55.982 | TRC | 0 | 1 | SmartCardReader：Ouch: Cannot find a smart card reader. (NoReadersAvailable)
2019.07.23 21:41:58.489 | TRC | 0 | 1 | SmartCardReader：Ouch: Cannot find a smart card reader. (NoReadersAvailable)
2019.07.23 21:42:00.988 | TRC | 0 | 1 | SmartCardReader：Ouch: Cannot find a smart card reader. (NoReadersAvailable)
2019.07.23 21:42:03.500 | TRC | 0 | 1 | SmartCardReader：Ouch: Cannot find a smart card reader. (NoReadersAvailable)
2019.07.23 21:42:05.992 | TRC | 0 | 1 | SmartCardReader：Ouch: Cannot find a smart card reader. (NoReadersAvailable)
2019.07.23 21:42:30.826 | TRC | 0 | 0 | start log
2019.07.23 21:42:33.594 | TRC | 0 | 2 | SmartCardReader：Ouch: Cannot find a smart card reader. (NoReadersAvailable)
2019.07.23 21:42:33.675 | TRC | 0 | 2 | DB initial count：1
2019.07.23 21:42:36.088 | TRC | 0 | 1 | SmartCardReader：Ouch: Cannot find a smart card reader. (NoReadersAvailable)
2019.07.23 21:42:38.585 | TRC | 0 | 1 | SmartCardReader：Ouch: Cannot find a smart card reader. (NoReadersAvailable)
2019.07.23 21:42:41.092 | TRC | 0 | 1 | SmartCardReader：Ouch: Cannot find a smart card reader. (NoReadersAvailable)
2019.07.23 21:42:41.848 | TRC | 0 | 0 | frmEmployeeBook：frmEmployeeBook_Load
2019.07.23 21:42:43.597 | TRC | 0 | 1 | SmartCardReader：Ouch: Cannot find a smart card reader. (NoReadersAvailable)
2019.07.23 21:42:46.094 | TRC | 0 | 1 | SmartCardReader：Ouch: Cannot find a smart card reader. (NoReadersAvailable)
2019.07.23 21:42:48.578 | TRC | 0 | 1 | SmartCardReader：Ouch: Cannot find a smart card reader. (NoReadersAvailable)
2019.07.23 21:42:51.109 | TRC | 0 | 1 | SmartCardReader：Ouch: Cannot find a smart card reader. (NoReadersAvailable)
2019.07.23 21:42:53.612 | TRC | 0 | 1 | SmartCardReader：Ouch: Cannot find a smart card reader. (NoReadersAvailable)
2019.07.23 21:42:56.111 | TRC | 0 | 1 | SmartCardReader：Ouch: Cannot find a smart card reader. (NoReadersAvailable)
2019.07.23 21:42:58.611 | TRC | 0 | 1 | SmartCardReader：Ouch: Cannot find a smart card reader. (NoReadersAvailable)
2019.07.23 21:43:01.131 | TRC | 0 | 1 | SmartCardReader：Ouch: Cannot find a smart card reader. (NoReadersAvailable)
2019.07.23 21:43:03.640 | TRC | 0 | 1 | SmartCardReader：Ouch: Cannot find a smart card reader. (NoReadersAvailable)
2019.07.23 21:43:06.140 | TRC | 0 | 1 | SmartCardReader：Ouch: Cannot find a smart card reader. (NoReadersAvailable)
2019.07.23 21:43:08.642 | TRC | 0 | 1 | SmartCardReader：Ouch: Cannot find a smart card reader. (NoReadersAvailable)
2019.07.23 21:43:11.138 | TRC | 0 | 1 | SmartCardReader：Ouch: Cannot find a smart card reader. (NoReadersAvailable)
2019.07.23 21:43:13.660 | TRC | 0 | 1 | SmartCardReader：Ouch: Cannot find a smart card reader. (NoReadersAvailable)
2019.07.23 21:43:16.134 | TRC | 0 | 1 | SmartCardReader：Ouch: Cannot find a smart card reader. (NoReadersAvailable)
2019.07.23 21:43:18.656 | TRC | 0 | 1 | SmartCardReader：Ouch: Cannot find a smart card reader. (NoReadersAvailable)
2019.07.23 21:43:21.175 | TRC | 0 | 1 | SmartCardReader：Ouch: Cannot find a smart card reader. (NoReadersAvailable)
2019.07.23 21:51:56.393 | TRC | 0 | 0 | start log
2019.07.23 21:51:59.489 | TRC | 0 | 2 | SmartCardReader：Ouch: Cannot find a smart card reader. (NoReadersAvailable)
2019.07.23 21:51:59.565 | TRC | 0 | 2 | DB initial count：1
2019.07.23 21:52:01.962 | TRC | 0 | 1 | SmartCardReader：Ouch: Cannot find a smart card reader. (NoReadersAvailable)
2019.07.23 21:52:06.761 | TRC | 0 | 1 | SmartCardReader：Ouch: Cannot find a smart card reader. (NoReadersAvailable)
2019.07.23 21:52:06.875 | TRC | 0 | 0 | frmEmployeeBook：frmEmployeeBook_Load
2019.07.23 21:52:09.220 | TRC | 0 | 1 | SmartCardReader：Ouch: Cannot find a smart card reader. (NoReadersAvailable)
2019.07.23 21:52:11.755 | TRC | 0 | 1 | SmartCardReader：Ouch: Cannot find a smart card reader. (NoReadersAvailable)
2019.07.23 21:52:14.233 | TRC | 0 | 1 | SmartCardReader：Ouch: Cannot find a smart card reader. (NoReadersAvailable)
2019.07.23 21:52:16.741 | TRC | 0 | 2 | SmartCardReader：Ouch: Cannot find a smart card reader. (NoReadersAvailable)
2019.07.23 21:52:19.247 | TRC | 0 | 1 | SmartCardReader：Ouch: Cannot find a smart card reader. (NoReadersAvailable)
2019.07.23 21:52:21.776 | TRC | 0 | 1 | SmartCardReader：Ouch: Cannot find a smart card reader. (NoReadersAvailable)
2019.07.23 21:52:26.316 | TRC | 0 | 1 | SmartCardReader：Ouch: Cannot find a smart card reader. (NoReadersAvailable)
2019.07.23 21:52:26.446 | TRC | 0 | 0 | frmEmployeeBook：frmEmployeeBook_Load
2019.07.23 21:52:28.813 | TRC | 0 | 1 | SmartCardReader：Ouch: Cannot find a smart card reader. (NoReadersAvailable)
2019.07.23 21:52:31.306 | TRC | 0 | 1 | SmartCardReader：Ouch: Cannot find a smart card reader. (NoReadersAvailable)
2019.07.23 21:55:35.278 | TRC | 0 | 0 | start log
2019.07.23 21:55:38.074 | TRC | 0 | 2 | SmartCardReader：Ouch: Cannot find a smart card reader. (NoReadersAvailable)
2019.07.23 21:55:38.113 | TRC | 0 | 2 | DB initial count：1
2019.07.23 21:55:40.563 | TRC | 0 | 1 | SmartCardReader：Ouch: Cannot find a smart card reader. (NoReadersAvailable)
