2018.11.03 16:50:17.260 | TRC | 0 | 0 | start log
2018.11.03 17:06:44.282 | TRC | 0 | 0 | start log
2018.11.03 17:06:57.253 | TRC | 0 | 0 | hide form
2018.11.03 17:07:15.619 | TRC | 0 | 0 | show Form
2018.11.03 17:07:27.190 | TRC | 0 | 0 | hide form
2018.11.03 17:07:58.043 | TRC | 0 | 0 | show Form
2018.11.03 17:17:58.889 | TRC | 0 | 0 | start log
2018.11.03 17:19:18.140 | TRC | 0 | 0 | start log
2018.11.03 17:19:39.566 | TRC | 0 | 0 | 學生通訊錄：btnSelect
2018.11.03 17:24:48.486 | TRC | 0 | 0 | start log
2018.11.03 17:25:08.603 | TRC | 0 | 0 | 學生通訊錄：btnSelect
2018.11.03 17:26:21.757 | TRC | 0 | 0 | start log
2018.11.03 17:26:21.867 | TRC | 0 | 0 | DatabaseCore：CommandFunctionDB：Select ClassID from Table_ClassSchedule
2018.11.03 17:26:22.120 | TRC | 0 | 0 | DatabaseCore：CommandFunctionDB：Select EmployeeID from EnglishClassDBtest.[dbo].[Table_EmployeeBasic]
2018.11.03 17:26:22.209 | TRC | 0 | 0 | DatabaseCore：CommandFunctionDB：Select EmployeeID from EnglishClassDBtest.[dbo].[Table_EmployeeBasic]
2018.11.03 17:26:22.234 | TRC | 0 | 0 | DatabaseCore：CommandFunctionDB：select * FROM [EnglishClassDBtest].[dbo].[Table_ClassSchedule]
2018.11.03 17:26:22.244 | TRC | 0 | 0 | DatabaseCore：CommandFunctionDB：DELETE FROM EnglishClassShift.[dbo].[Table_ClassShift_2018_12] WHERE [EnglishClassShift].[dbo].[Table_ClassShift_2018_12].EmployeeID='88' 
2018.11.03 17:26:22.264 | TRC | 0 | 0 | DatabaseCore：CommandFunctionDB：Insert into EnglishClassShift.[dbo].[Table_ClassShift_2018_12] Values(88,'6','休','6','6','休','6','6','6','休','6','6','休','6','6','6','休','6','6','休','6','6','6','休','6','6','休','6','6','6','休','6')
2018.11.03 17:26:22.312 | TRC | 0 | 0 | DatabaseCore：CommandFunctionDB：select * FROM [EnglishClassDBtest].[dbo].[Table_ClassSchedule]
2018.11.03 17:26:22.319 | TRC | 0 | 0 | DatabaseCore：CommandFunctionDB：DELETE FROM EnglishClassShift.[dbo].[Table_ClassShift_2018_12] WHERE [EnglishClassShift].[dbo].[Table_ClassShift_2018_12].EmployeeID='89' 
2018.11.03 17:26:22.326 | TRC | 0 | 0 | DatabaseCore：CommandFunctionDB：Insert into EnglishClassShift.[dbo].[Table_ClassShift_2018_12] Values(89,'3','休','3','3','休','3','3','3','休','3','3','休','3','3','3','休','3','3','休','3','3','3','休','3','3','休','3','3','3','休','3')
2018.11.03 17:26:22.351 | TRC | 0 | 0 | DatabaseCore：CommandFunctionDB：select * FROM [EnglishClassDBtest].[dbo].[Table_ClassSchedule]
2018.11.03 17:26:22.357 | TRC | 0 | 0 | DatabaseCore：CommandFunctionDB：DELETE FROM EnglishClassShift.[dbo].[Table_ClassShift_2018_12] WHERE [EnglishClassShift].[dbo].[Table_ClassShift_2018_12].EmployeeID='90' 
2018.11.03 17:26:22.366 | TRC | 0 | 0 | DatabaseCore：CommandFunctionDB：Insert into EnglishClassShift.[dbo].[Table_ClassShift_2018_12] Values(90,'3','休','3','3','休','3','3','3','休','3','3','休','3','3','3','休','3','3','休','3','3','3','休','3','3','休','3','3','3','休','3')
2018.11.03 17:26:22.389 | TRC | 0 | 0 | DatabaseCore：CommandFunctionDB：select * FROM [EnglishClassDBtest].[dbo].[Table_ClassSchedule]
2018.11.03 17:26:22.394 | TRC | 0 | 0 | DatabaseCore：CommandFunctionDB：DELETE FROM EnglishClassShift.[dbo].[Table_ClassShift_2018_12] WHERE [EnglishClassShift].[dbo].[Table_ClassShift_2018_12].EmployeeID='91' 
2018.11.03 17:26:22.400 | TRC | 0 | 0 | DatabaseCore：CommandFunctionDB：Insert into EnglishClassShift.[dbo].[Table_ClassShift_2018_12] Values(91,'3','休','3','3','休','3','3','3','休','3','3','休','3','3','3','休','3','3','休','3','3','3','休','3','3','休','3','3','3','休','3')
2018.11.03 17:26:22.424 | TRC | 0 | 0 | DatabaseCore：CommandFunctionDB：select * FROM [EnglishClassDBtest].[dbo].[Table_ClassSchedule]
2018.11.03 17:26:22.433 | TRC | 0 | 0 | DatabaseCore：CommandFunctionDB：DELETE FROM EnglishClassShift.[dbo].[Table_ClassShift_2018_12] WHERE [EnglishClassShift].[dbo].[Table_ClassShift_2018_12].EmployeeID='92' 
2018.11.03 17:26:22.439 | TRC | 0 | 0 | DatabaseCore：CommandFunctionDB：Insert into EnglishClassShift.[dbo].[Table_ClassShift_2018_12] Values(92,'1','休','1','1','休','1','1','1','休','1','1','休','1','1','1','休','1','1','休','1','1','1','休','1','1','休','1','1','1','休','1')
2018.11.03 17:26:22.465 | TRC | 0 | 0 | DatabaseCore：CommandFunctionDB：select * FROM [EnglishClassDBtest].[dbo].[Table_ClassSchedule]
2018.11.03 17:26:22.472 | TRC | 0 | 0 | DatabaseCore：CommandFunctionDB：DELETE FROM EnglishClassShift.[dbo].[Table_ClassShift_2018_12] WHERE [EnglishClassShift].[dbo].[Table_ClassShift_2018_12].EmployeeID='93' 
2018.11.03 17:26:22.479 | TRC | 0 | 0 | DatabaseCore：CommandFunctionDB：Insert into EnglishClassShift.[dbo].[Table_ClassShift_2018_12] Values(93,'3','休','3','3','休','3','3','3','休','3','3','休','3','3','3','休','3','3','休','3','3','3','休','3','3','休','3','3','3','休','3')
2018.11.03 17:26:22.539 | TRC | 0 | 0 | DatabaseCore：CommandFunctionDB：select * FROM [EnglishClassDBtest].[dbo].[Table_ClassSchedule]
2018.11.03 17:26:22.578 | TRC | 0 | 1 | DatabaseCore：CommandFunctionDB：DELETE FROM EnglishClassShift.[dbo].[Table_ClassShift_2018_12] WHERE [EnglishClassShift].[dbo].[Table_ClassShift_2018_12].EmployeeID='94' 
2018.11.03 17:26:22.596 | TRC | 0 | 1 | DatabaseCore：CommandFunctionDB：Insert into EnglishClassShift.[dbo].[Table_ClassShift_2018_12] Values(94,'7','休','7','7','休','7','7','7','休','7','7','休','7','7','7','休','7','7','休','7','7','7','休','7','7','休','7','7','7','休','7')
2018.11.03 17:26:22.642 | TRC | 0 | 1 | DatabaseCore：CommandFunctionDB：select * FROM [EnglishClassDBtest].[dbo].[Table_ClassSchedule]
2018.11.03 17:26:22.648 | TRC | 0 | 1 | DatabaseCore：CommandFunctionDB：DELETE FROM EnglishClassShift.[dbo].[Table_ClassShift_2018_12] WHERE [EnglishClassShift].[dbo].[Table_ClassShift_2018_12].EmployeeID='95' 
2018.11.03 17:26:22.653 | TRC | 0 | 1 | DatabaseCore：CommandFunctionDB：Insert into EnglishClassShift.[dbo].[Table_ClassShift_2018_12] Values(95,'4','休','4','4','休','4','4','4','休','4','4','休','4','4','4','休','4','4','休','4','4','4','休','4','4','休','4','4','4','休','4')
2018.11.03 17:26:22.681 | TRC | 0 | 1 | DatabaseCore：CommandFunctionDB：select * FROM [EnglishClassDBtest].[dbo].[Table_ClassSchedule]
2018.11.03 17:26:22.687 | TRC | 0 | 1 | DatabaseCore：CommandFunctionDB：DELETE FROM EnglishClassShift.[dbo].[Table_ClassShift_2018_12] WHERE [EnglishClassShift].[dbo].[Table_ClassShift_2018_12].EmployeeID='96' 
2018.11.03 17:26:22.693 | TRC | 0 | 1 | DatabaseCore：CommandFunctionDB：Insert into EnglishClassShift.[dbo].[Table_ClassShift_2018_12] Values(96,'4','休','4','4','休','4','4','4','休','4','4','休','4','4','4','休','4','4','休','4','4','4','休','4','4','休','4','4','4','休','4')
2018.11.03 17:26:22.716 | TRC | 0 | 1 | DatabaseCore：CommandFunctionDB：select * FROM [EnglishClassDBtest].[dbo].[Table_ClassSchedule]
2018.11.03 17:26:22.722 | TRC | 0 | 1 | DatabaseCore：CommandFunctionDB：DELETE FROM EnglishClassShift.[dbo].[Table_ClassShift_2018_12] WHERE [EnglishClassShift].[dbo].[Table_ClassShift_2018_12].EmployeeID='97' 
2018.11.03 17:26:22.728 | TRC | 0 | 1 | DatabaseCore：CommandFunctionDB：Insert into EnglishClassShift.[dbo].[Table_ClassShift_2018_12] Values(97,'3','休','3','3','休','3','3','3','休','3','3','休','3','3','3','休','3','3','休','3','3','3','休','3','3','休','3','3','3','休','3')
2018.11.03 17:26:22.747 | TRC | 0 | 1 | DatabaseCore：CommandFunctionDB：select * FROM [EnglishClassDBtest].[dbo].[Table_ClassSchedule]
2018.11.03 17:26:22.753 | TRC | 0 | 1 | DatabaseCore：CommandFunctionDB：DELETE FROM EnglishClassShift.[dbo].[Table_ClassShift_2018_12] WHERE [EnglishClassShift].[dbo].[Table_ClassShift_2018_12].EmployeeID='98' 
2018.11.03 17:26:22.759 | TRC | 0 | 1 | DatabaseCore：CommandFunctionDB：Insert into EnglishClassShift.[dbo].[Table_ClassShift_2018_12] Values(98,'7','休','7','7','休','7','7','7','休','7','7','休','7','7','7','休','7','7','休','7','7','7','休','7','7','休','7','7','7','休','7')
2018.11.03 17:26:22.769 | TRC | 0 | 1 | DatabaseCore：CommandFunctionDB：Select EmployeeID from EnglishClassDBtest.[dbo].[Table_EmployeeBasic]
2018.11.03 17:26:22.790 | TRC | 0 | 1 | DatabaseCore：CommandFunctionDB：select * FROM [EnglishClassDBtest].[dbo].[Table_ClassSchedule]
2018.11.03 17:26:22.797 | TRC | 0 | 1 | DatabaseCore：CommandFunctionDB：DELETE FROM EnglishClassShift.[dbo].[Table_ClassShift_2019_01] WHERE [EnglishClassShift].[dbo].[Table_ClassShift_2019_01].EmployeeID='88' 
2018.11.03 17:26:22.804 | TRC | 0 | 1 | DatabaseCore：CommandFunctionDB：Insert into EnglishClassShift.[dbo].[Table_ClassShift_2019_01] Values(88,'6','休','6','6','6','休','6','6','休','6','6','6','休','6','6','休','6','6','6','休','6','6','休','6','6','6','休','6','6','休','6')
2018.11.03 17:26:22.826 | TRC | 0 | 1 | DatabaseCore：CommandFunctionDB：select * FROM [EnglishClassDBtest].[dbo].[Table_ClassSchedule]
2018.11.03 17:26:22.834 | TRC | 0 | 1 | DatabaseCore：CommandFunctionDB：DELETE FROM EnglishClassShift.[dbo].[Table_ClassShift_2019_01] WHERE [EnglishClassShift].[dbo].[Table_ClassShift_2019_01].EmployeeID='89' 
2018.11.03 17:26:22.862 | TRC | 0 | 1 | DatabaseCore：CommandFunctionDB：Insert into EnglishClassShift.[dbo].[Table_ClassShift_2019_01] Values(89,'3','休','3','3','3','休','3','3','休','3','3','3','休','3','3','休','3','3','3','休','3','3','休','3','3','3','休','3','3','休','3')
2018.11.03 17:26:22.889 | TRC | 0 | 1 | DatabaseCore：CommandFunctionDB：select * FROM [EnglishClassDBtest].[dbo].[Table_ClassSchedule]
2018.11.03 17:26:22.893 | TRC | 0 | 1 | DatabaseCore：CommandFunctionDB：DELETE FROM EnglishClassShift.[dbo].[Table_ClassShift_2019_01] WHERE [EnglishClassShift].[dbo].[Table_ClassShift_2019_01].EmployeeID='90' 
2018.11.03 17:26:22.898 | TRC | 0 | 1 | DatabaseCore：CommandFunctionDB：Insert into EnglishClassShift.[dbo].[Table_ClassShift_2019_01] Values(90,'3','休','3','3','3','休','3','3','休','3','3','3','休','3','3','休','3','3','3','休','3','3','休','3','3','3','休','3','3','休','3')
2018.11.03 17:26:22.918 | TRC | 0 | 1 | DatabaseCore：CommandFunctionDB：select * FROM [EnglishClassDBtest].[dbo].[Table_ClassSchedule]
2018.11.03 17:26:22.924 | TRC | 0 | 1 | DatabaseCore：CommandFunctionDB：DELETE FROM EnglishClassShift.[dbo].[Table_ClassShift_2019_01] WHERE [EnglishClassShift].[dbo].[Table_ClassShift_2019_01].EmployeeID='91' 
2018.11.03 17:26:22.928 | TRC | 0 | 1 | DatabaseCore：CommandFunctionDB：Insert into EnglishClassShift.[dbo].[Table_ClassShift_2019_01] Values(91,'3','休','3','3','3','休','3','3','休','3','3','3','休','3','3','休','3','3','3','休','3','3','休','3','3','3','休','3','3','休','3')
2018.11.03 17:26:22.953 | TRC | 0 | 1 | DatabaseCore：CommandFunctionDB：select * FROM [EnglishClassDBtest].[dbo].[Table_ClassSchedule]
2018.11.03 17:26:22.968 | TRC | 0 | 1 | DatabaseCore：CommandFunctionDB：DELETE FROM EnglishClassShift.[dbo].[Table_ClassShift_2019_01] WHERE [EnglishClassShift].[dbo].[Table_ClassShift_2019_01].EmployeeID='92' 
2018.11.03 17:26:22.979 | TRC | 0 | 1 | DatabaseCore：CommandFunctionDB：Insert into EnglishClassShift.[dbo].[Table_ClassShift_2019_01] Values(92,'1','休','1','1','1','休','1','1','休','1','1','1','休','1','1','休','1','1','1','休','1','1','休','1','1','1','休','1','1','休','1')
2018.11.03 17:26:23.031 | TRC | 0 | 1 | DatabaseCore：CommandFunctionDB：select * FROM [EnglishClassDBtest].[dbo].[Table_ClassSchedule]
2018.11.03 17:26:23.046 | TRC | 0 | 1 | DatabaseCore：CommandFunctionDB：DELETE FROM EnglishClassShift.[dbo].[Table_ClassShift_2019_01] WHERE [EnglishClassShift].[dbo].[Table_ClassShift_2019_01].EmployeeID='93' 
2018.11.03 17:26:23.081 | TRC | 0 | 1 | DatabaseCore：CommandFunctionDB：Insert into EnglishClassShift.[dbo].[Table_ClassShift_2019_01] Values(93,'3','休','3','3','3','休','3','3','休','3','3','3','休','3','3','休','3','3','3','休','3','3','休','3','3','3','休','3','3','休','3')
2018.11.03 17:26:23.113 | TRC | 0 | 1 | DatabaseCore：CommandFunctionDB：select * FROM [EnglishClassDBtest].[dbo].[Table_ClassSchedule]
2018.11.03 17:26:23.119 | TRC | 0 | 1 | DatabaseCore：CommandFunctionDB：DELETE FROM EnglishClassShift.[dbo].[Table_ClassShift_2019_01] WHERE [EnglishClassShift].[dbo].[Table_ClassShift_2019_01].EmployeeID='94' 
2018.11.03 17:26:23.128 | TRC | 0 | 1 | DatabaseCore：CommandFunctionDB：Insert into EnglishClassShift.[dbo].[Table_ClassShift_2019_01] Values(94,'7','休','7','7','7','休','7','7','休','7','7','7','休','7','7','休','7','7','7','休','7','7','休','7','7','7','休','7','7','休','7')
2018.11.03 17:26:23.143 | TRC | 0 | 1 | DatabaseCore：CommandFunctionDB：select * FROM [EnglishClassDBtest].[dbo].[Table_ClassSchedule]
2018.11.03 17:26:23.149 | TRC | 0 | 1 | DatabaseCore：CommandFunctionDB：DELETE FROM EnglishClassShift.[dbo].[Table_ClassShift_2019_01] WHERE [EnglishClassShift].[dbo].[Table_ClassShift_2019_01].EmployeeID='95' 
2018.11.03 17:26:23.152 | TRC | 0 | 1 | DatabaseCore：CommandFunctionDB：Insert into EnglishClassShift.[dbo].[Table_ClassShift_2019_01] Values(95,'4','休','4','4','4','休','4','4','休','4','4','4','休','4','4','休','4','4','4','休','4','4','休','4','4','4','休','4','4','休','4')
2018.11.03 17:26:23.171 | TRC | 0 | 1 | DatabaseCore：CommandFunctionDB：select * FROM [EnglishClassDBtest].[dbo].[Table_ClassSchedule]
2018.11.03 17:26:23.174 | TRC | 0 | 1 | DatabaseCore：CommandFunctionDB：DELETE FROM EnglishClassShift.[dbo].[Table_ClassShift_2019_01] WHERE [EnglishClassShift].[dbo].[Table_ClassShift_2019_01].EmployeeID='96' 
2018.11.03 17:26:23.178 | TRC | 0 | 1 | DatabaseCore：CommandFunctionDB：Insert into EnglishClassShift.[dbo].[Table_ClassShift_2019_01] Values(96,'4','休','4','4','4','休','4','4','休','4','4','4','休','4','4','休','4','4','4','休','4','4','休','4','4','4','休','4','4','休','4')
2018.11.03 17:26:23.197 | TRC | 0 | 1 | DatabaseCore：CommandFunctionDB：select * FROM [EnglishClassDBtest].[dbo].[Table_ClassSchedule]
2018.11.03 17:26:23.201 | TRC | 0 | 1 | DatabaseCore：CommandFunctionDB：DELETE FROM EnglishClassShift.[dbo].[Table_ClassShift_2019_01] WHERE [EnglishClassShift].[dbo].[Table_ClassShift_2019_01].EmployeeID='97' 
2018.11.03 17:26:23.209 | TRC | 0 | 1 | DatabaseCore：CommandFunctionDB：Insert into EnglishClassShift.[dbo].[Table_ClassShift_2019_01] Values(97,'3','休','3','3','3','休','3','3','休','3','3','3','休','3','3','休','3','3','3','休','3','3','休','3','3','3','休','3','3','休','3')
2018.11.03 17:26:23.225 | TRC | 0 | 1 | DatabaseCore：CommandFunctionDB：select * FROM [EnglishClassDBtest].[dbo].[Table_ClassSchedule]
2018.11.03 17:26:23.229 | TRC | 0 | 1 | DatabaseCore：CommandFunctionDB：DELETE FROM EnglishClassShift.[dbo].[Table_ClassShift_2019_01] WHERE [EnglishClassShift].[dbo].[Table_ClassShift_2019_01].EmployeeID='98' 
2018.11.03 17:26:23.234 | TRC | 0 | 1 | DatabaseCore：CommandFunctionDB：Insert into EnglishClassShift.[dbo].[Table_ClassShift_2019_01] Values(98,'7','休','7','7','7','休','7','7','休','7','7','7','休','7','7','休','7','7','7','休','7','7','休','7','7','7','休','7','7','休','7')
2018.11.03 17:26:23.243 | TRC | 0 | 1 | DatabaseCore：CommandFunctionDB：Select EmployeeID from EnglishClassDBtest.[dbo].[Table_EmployeeBasic]
2018.11.03 17:26:23.260 | TRC | 0 | 1 | DatabaseCore：CommandFunctionDB：select * FROM [EnglishClassDBtest].[dbo].[Table_ClassSchedule]
2018.11.03 17:26:23.264 | TRC | 0 | 1 | DatabaseCore：CommandFunctionDB：DELETE FROM EnglishClassShift.[dbo].[Table_ClassShift_2019_02] WHERE [EnglishClassShift].[dbo].[Table_ClassShift_2019_02].EmployeeID='88' 
2018.11.03 17:26:23.272 | TRC | 0 | 1 | DatabaseCore：CommandFunctionDB：Insert into EnglishClassShift.[dbo].[Table_ClassShift_2019_02] Values(88,'6','6','休','6','6','休','6','6','6','休','6','6','休','6','6','6','休','6','6','休','6','6','6','休','6','6','休','6')
2018.11.03 17:26:23.292 | TRC | 0 | 1 | DatabaseCore：CommandFunctionDB：select * FROM [EnglishClassDBtest].[dbo].[Table_ClassSchedule]
2018.11.03 17:26:23.298 | TRC | 0 | 1 | DatabaseCore：CommandFunctionDB：DELETE FROM EnglishClassShift.[dbo].[Table_ClassShift_2019_02] WHERE [EnglishClassShift].[dbo].[Table_ClassShift_2019_02].EmployeeID='89' 
2018.11.03 17:26:23.303 | TRC | 0 | 1 | DatabaseCore：CommandFunctionDB：Insert into EnglishClassShift.[dbo].[Table_ClassShift_2019_02] Values(89,'3','3','休','3','3','休','3','3','3','休','3','3','休','3','3','3','休','3','3','休','3','3','3','休','3','3','休','3')
2018.11.03 17:26:23.325 | TRC | 0 | 1 | DatabaseCore：CommandFunctionDB：select * FROM [EnglishClassDBtest].[dbo].[Table_ClassSchedule]
2018.11.03 17:26:23.333 | TRC | 0 | 1 | DatabaseCore：CommandFunctionDB：DELETE FROM EnglishClassShift.[dbo].[Table_ClassShift_2019_02] WHERE [EnglishClassShift].[dbo].[Table_ClassShift_2019_02].EmployeeID='90' 
2018.11.03 17:26:23.338 | TRC | 0 | 1 | DatabaseCore：CommandFunctionDB：Insert into EnglishClassShift.[dbo].[Table_ClassShift_2019_02] Values(90,'3','3','休','3','3','休','3','3','3','休','3','3','休','3','3','3','休','3','3','休','3','3','3','休','3','3','休','3')
2018.11.03 17:26:23.357 | TRC | 0 | 1 | DatabaseCore：CommandFunctionDB：select * FROM [EnglishClassDBtest].[dbo].[Table_ClassSchedule]
2018.11.03 17:26:23.361 | TRC | 0 | 1 | DatabaseCore：CommandFunctionDB：DELETE FROM EnglishClassShift.[dbo].[Table_ClassShift_2019_02] WHERE [EnglishClassShift].[dbo].[Table_ClassShift_2019_02].EmployeeID='91' 
2018.11.03 17:26:23.366 | TRC | 0 | 1 | DatabaseCore：CommandFunctionDB：Insert into EnglishClassShift.[dbo].[Table_ClassShift_2019_02] Values(91,'3','3','休','3','3','休','3','3','3','休','3','3','休','3','3','3','休','3','3','休','3','3','3','休','3','3','休','3')
2018.11.03 17:26:23.393 | TRC | 0 | 1 | DatabaseCore：CommandFunctionDB：select * FROM [EnglishClassDBtest].[dbo].[Table_ClassSchedule]
2018.11.03 17:26:23.399 | TRC | 0 | 1 | DatabaseCore：CommandFunctionDB：DELETE FROM EnglishClassShift.[dbo].[Table_ClassShift_2019_02] WHERE [EnglishClassShift].[dbo].[Table_ClassShift_2019_02].EmployeeID='92' 
2018.11.03 17:26:23.403 | TRC | 0 | 1 | DatabaseCore：CommandFunctionDB：Insert into EnglishClassShift.[dbo].[Table_ClassShift_2019_02] Values(92,'1','1','休','1','1','休','1','1','1','休','1','1','休','1','1','1','休','1','1','休','1','1','1','休','1','1','休','1')
2018.11.03 17:26:23.473 | TRC | 0 | 1 | DatabaseCore：CommandFunctionDB：select * FROM [EnglishClassDBtest].[dbo].[Table_ClassSchedule]
2018.11.03 17:26:23.499 | TRC | 0 | 1 | DatabaseCore：CommandFunctionDB：DELETE FROM EnglishClassShift.[dbo].[Table_ClassShift_2019_02] WHERE [EnglishClassShift].[dbo].[Table_ClassShift_2019_02].EmployeeID='93' 
2018.11.03 17:26:23.522 | TRC | 0 | 1 | DatabaseCore：CommandFunctionDB：Insert into EnglishClassShift.[dbo].[Table_ClassShift_2019_02] Values(93,'3','3','休','3','3','休','3','3','3','休','3','3','休','3','3','3','休','3','3','休','3','3','3','休','3','3','休','3')
2018.11.03 17:26:23.589 | TRC | 0 | 1 | DatabaseCore：CommandFunctionDB：select * FROM [EnglishClassDBtest].[dbo].[Table_ClassSchedule]
2018.11.03 17:26:23.609 | TRC | 0 | 1 | DatabaseCore：CommandFunctionDB：DELETE FROM EnglishClassShift.[dbo].[Table_ClassShift_2019_02] WHERE [EnglishClassShift].[dbo].[Table_ClassShift_2019_02].EmployeeID='94' 
2018.11.03 17:26:23.614 | TRC | 0 | 1 | DatabaseCore：CommandFunctionDB：Insert into EnglishClassShift.[dbo].[Table_ClassShift_2019_02] Values(94,'7','7','休','7','7','休','7','7','7','休','7','7','休','7','7','7','休','7','7','休','7','7','7','休','7','7','休','7')
2018.11.03 17:26:23.638 | TRC | 0 | 1 | DatabaseCore：CommandFunctionDB：select * FROM [EnglishClassDBtest].[dbo].[Table_ClassSchedule]
2018.11.03 17:26:23.641 | TRC | 0 | 1 | DatabaseCore：CommandFunctionDB：DELETE FROM EnglishClassShift.[dbo].[Table_ClassShift_2019_02] WHERE [EnglishClassShift].[dbo].[Table_ClassShift_2019_02].EmployeeID='95' 
2018.11.03 17:26:23.646 | TRC | 0 | 1 | DatabaseCore：CommandFunctionDB：Insert into EnglishClassShift.[dbo].[Table_ClassShift_2019_02] Values(95,'4','4','休','4','4','休','4','4','4','休','4','4','休','4','4','4','休','4','4','休','4','4','4','休','4','4','休','4')
2018.11.03 17:26:23.672 | TRC | 0 | 1 | DatabaseCore：CommandFunctionDB：select * FROM [EnglishClassDBtest].[dbo].[Table_ClassSchedule]
2018.11.03 17:26:23.676 | TRC | 0 | 1 | DatabaseCore：CommandFunctionDB：DELETE FROM EnglishClassShift.[dbo].[Table_ClassShift_2019_02] WHERE [EnglishClassShift].[dbo].[Table_ClassShift_2019_02].EmployeeID='96' 
2018.11.03 17:26:23.686 | TRC | 0 | 1 | DatabaseCore：CommandFunctionDB：Insert into EnglishClassShift.[dbo].[Table_ClassShift_2019_02] Values(96,'4','4','休','4','4','休','4','4','4','休','4','4','休','4','4','4','休','4','4','休','4','4','4','休','4','4','休','4')
2018.11.03 17:26:23.707 | TRC | 0 | 1 | DatabaseCore：CommandFunctionDB：select * FROM [EnglishClassDBtest].[dbo].[Table_ClassSchedule]
2018.11.03 17:26:23.716 | TRC | 0 | 1 | DatabaseCore：CommandFunctionDB：DELETE FROM EnglishClassShift.[dbo].[Table_ClassShift_2019_02] WHERE [EnglishClassShift].[dbo].[Table_ClassShift_2019_02].EmployeeID='97' 
2018.11.03 17:26:23.724 | TRC | 0 | 1 | DatabaseCore：CommandFunctionDB：Insert into EnglishClassShift.[dbo].[Table_ClassShift_2019_02] Values(97,'3','3','休','3','3','休','3','3','3','休','3','3','休','3','3','3','休','3','3','休','3','3','3','休','3','3','休','3')
2018.11.03 17:26:23.793 | TRC | 0 | 1 | DatabaseCore：CommandFunctionDB：select * FROM [EnglishClassDBtest].[dbo].[Table_ClassSchedule]
2018.11.03 17:26:23.810 | TRC | 0 | 1 | DatabaseCore：CommandFunctionDB：DELETE FROM EnglishClassShift.[dbo].[Table_ClassShift_2019_02] WHERE [EnglishClassShift].[dbo].[Table_ClassShift_2019_02].EmployeeID='98' 
2018.11.03 17:26:23.846 | TRC | 0 | 1 | DatabaseCore：CommandFunctionDB：Insert into EnglishClassShift.[dbo].[Table_ClassShift_2019_02] Values(98,'7','7','休','7','7','休','7','7','7','休','7','7','休','7','7','7','休','7','7','休','7','7','7','休','7','7','休','7')
2018.11.03 17:26:23.864 | TRC | 0 | 1 | DatabaseCore：CommandFunctionDB：Select EmployeeID from EnglishClassDBtest.[dbo].[Table_EmployeeBasic]
2018.11.03 17:26:23.887 | TRC | 0 | 1 | DatabaseCore：CommandFunctionDB：select * FROM [EnglishClassDBtest].[dbo].[Table_ClassSchedule]
2018.11.03 17:26:23.894 | TRC | 0 | 1 | DatabaseCore：CommandFunctionDB：DELETE FROM EnglishClassShift.[dbo].[Table_ClassShift_2019_03] WHERE [EnglishClassShift].[dbo].[Table_ClassShift_2019_03].EmployeeID='88' 
2018.11.03 17:26:23.899 | TRC | 0 | 1 | DatabaseCore：CommandFunctionDB：Insert into EnglishClassShift.[dbo].[Table_ClassShift_2019_03] Values(88,'6','6','休','6','6','休','6','6','6','休','6','6','休','6','6','6','休','6','6','休','6','6','6','休','6','6','休','6','6','6','休')
2018.11.03 17:26:23.915 | TRC | 0 | 1 | DatabaseCore：CommandFunctionDB：select * FROM [EnglishClassDBtest].[dbo].[Table_ClassSchedule]
2018.11.03 17:26:23.921 | TRC | 0 | 1 | DatabaseCore：CommandFunctionDB：DELETE FROM EnglishClassShift.[dbo].[Table_ClassShift_2019_03] WHERE [EnglishClassShift].[dbo].[Table_ClassShift_2019_03].EmployeeID='89' 
2018.11.03 17:26:23.928 | TRC | 0 | 1 | DatabaseCore：CommandFunctionDB：Insert into EnglishClassShift.[dbo].[Table_ClassShift_2019_03] Values(89,'3','3','休','3','3','休','3','3','3','休','3','3','休','3','3','3','休','3','3','休','3','3','3','休','3','3','休','3','3','3','休')
2018.11.03 17:26:23.952 | TRC | 0 | 1 | DatabaseCore：CommandFunctionDB：select * FROM [EnglishClassDBtest].[dbo].[Table_ClassSchedule]
2018.11.03 17:26:23.961 | TRC | 0 | 1 | DatabaseCore：CommandFunctionDB：DELETE FROM EnglishClassShift.[dbo].[Table_ClassShift_2019_03] WHERE [EnglishClassShift].[dbo].[Table_ClassShift_2019_03].EmployeeID='90' 
2018.11.03 17:26:23.972 | TRC | 0 | 1 | DatabaseCore：CommandFunctionDB：Insert into EnglishClassShift.[dbo].[Table_ClassShift_2019_03] Values(90,'3','3','休','3','3','休','3','3','3','休','3','3','休','3','3','3','休','3','3','休','3','3','3','休','3','3','休','3','3','3','休')
2018.11.03 17:26:23.993 | TRC | 0 | 1 | DatabaseCore：CommandFunctionDB：select * FROM [EnglishClassDBtest].[dbo].[Table_ClassSchedule]
2018.11.03 17:26:23.997 | TRC | 0 | 1 | DatabaseCore：CommandFunctionDB：DELETE FROM EnglishClassShift.[dbo].[Table_ClassShift_2019_03] WHERE [EnglishClassShift].[dbo].[Table_ClassShift_2019_03].EmployeeID='91' 
2018.11.03 17:26:24.006 | TRC | 0 | 1 | DatabaseCore：CommandFunctionDB：Insert into EnglishClassShift.[dbo].[Table_ClassShift_2019_03] Values(91,'3','3','休','3','3','休','3','3','3','休','3','3','休','3','3','3','休','3','3','休','3','3','3','休','3','3','休','3','3','3','休')
2018.11.03 17:26:24.028 | TRC | 0 | 1 | DatabaseCore：CommandFunctionDB：select * FROM [EnglishClassDBtest].[dbo].[Table_ClassSchedule]
2018.11.03 17:26:24.033 | TRC | 0 | 1 | DatabaseCore：CommandFunctionDB：DELETE FROM EnglishClassShift.[dbo].[Table_ClassShift_2019_03] WHERE [EnglishClassShift].[dbo].[Table_ClassShift_2019_03].EmployeeID='92' 
2018.11.03 17:26:24.040 | TRC | 0 | 1 | DatabaseCore：CommandFunctionDB：Insert into EnglishClassShift.[dbo].[Table_ClassShift_2019_03] Values(92,'1','1','休','1','1','休','1','1','1','休','1','1','休','1','1','1','休','1','1','休','1','1','1','休','1','1','休','1','1','1','休')
2018.11.03 17:26:24.055 | TRC | 0 | 1 | DatabaseCore：CommandFunctionDB：select * FROM [EnglishClassDBtest].[dbo].[Table_ClassSchedule]
2018.11.03 17:26:24.061 | TRC | 0 | 1 | DatabaseCore：CommandFunctionDB：DELETE FROM EnglishClassShift.[dbo].[Table_ClassShift_2019_03] WHERE [EnglishClassShift].[dbo].[Table_ClassShift_2019_03].EmployeeID='93' 
2018.11.03 17:26:24.065 | TRC | 0 | 1 | DatabaseCore：CommandFunctionDB：Insert into EnglishClassShift.[dbo].[Table_ClassShift_2019_03] Values(93,'3','3','休','3','3','休','3','3','3','休','3','3','休','3','3','3','休','3','3','休','3','3','3','休','3','3','休','3','3','3','休')
2018.11.03 17:26:24.083 | TRC | 0 | 1 | DatabaseCore：CommandFunctionDB：select * FROM [EnglishClassDBtest].[dbo].[Table_ClassSchedule]
2018.11.03 17:26:24.089 | TRC | 0 | 1 | DatabaseCore：CommandFunctionDB：DELETE FROM EnglishClassShift.[dbo].[Table_ClassShift_2019_03] WHERE [EnglishClassShift].[dbo].[Table_ClassShift_2019_03].EmployeeID='94' 
2018.11.03 17:26:24.100 | TRC | 0 | 1 | DatabaseCore：CommandFunctionDB：Insert into EnglishClassShift.[dbo].[Table_ClassShift_2019_03] Values(94,'7','7','休','7','7','休','7','7','7','休','7','7','休','7','7','7','休','7','7','休','7','7','7','休','7','7','休','7','7','7','休')
2018.11.03 17:26:24.122 | TRC | 0 | 1 | DatabaseCore：CommandFunctionDB：select * FROM [EnglishClassDBtest].[dbo].[Table_ClassSchedule]
2018.11.03 17:26:24.128 | TRC | 0 | 1 | DatabaseCore：CommandFunctionDB：DELETE FROM EnglishClassShift.[dbo].[Table_ClassShift_2019_03] WHERE [EnglishClassShift].[dbo].[Table_ClassShift_2019_03].EmployeeID='95' 
2018.11.03 17:26:24.134 | TRC | 0 | 1 | DatabaseCore：CommandFunctionDB：Insert into EnglishClassShift.[dbo].[Table_ClassShift_2019_03] Values(95,'4','4','休','4','4','休','4','4','4','休','4','4','休','4','4','4','休','4','4','休','4','4','4','休','4','4','休','4','4','4','休')
2018.11.03 17:26:24.155 | TRC | 0 | 1 | DatabaseCore：CommandFunctionDB：select * FROM [EnglishClassDBtest].[dbo].[Table_ClassSchedule]
2018.11.03 17:26:24.161 | TRC | 0 | 1 | DatabaseCore：CommandFunctionDB：DELETE FROM EnglishClassShift.[dbo].[Table_ClassShift_2019_03] WHERE [EnglishClassShift].[dbo].[Table_ClassShift_2019_03].EmployeeID='96' 
2018.11.03 17:26:24.165 | TRC | 0 | 1 | DatabaseCore：CommandFunctionDB：Insert into EnglishClassShift.[dbo].[Table_ClassShift_2019_03] Values(96,'4','4','休','4','4','休','4','4','4','休','4','4','休','4','4','4','休','4','4','休','4','4','4','休','4','4','休','4','4','4','休')
2018.11.03 17:26:24.182 | TRC | 0 | 1 | DatabaseCore：CommandFunctionDB：select * FROM [EnglishClassDBtest].[dbo].[Table_ClassSchedule]
2018.11.03 17:26:24.186 | TRC | 0 | 1 | DatabaseCore：CommandFunctionDB：DELETE FROM EnglishClassShift.[dbo].[Table_ClassShift_2019_03] WHERE [EnglishClassShift].[dbo].[Table_ClassShift_2019_03].EmployeeID='97' 
2018.11.03 17:26:24.190 | TRC | 0 | 1 | DatabaseCore：CommandFunctionDB：Insert into EnglishClassShift.[dbo].[Table_ClassShift_2019_03] Values(97,'3','3','休','3','3','休','3','3','3','休','3','3','休','3','3','3','休','3','3','休','3','3','3','休','3','3','休','3','3','3','休')
2018.11.03 17:26:24.209 | TRC | 0 | 1 | DatabaseCore：CommandFunctionDB：select * FROM [EnglishClassDBtest].[dbo].[Table_ClassSchedule]
2018.11.03 17:26:24.213 | TRC | 0 | 1 | DatabaseCore：CommandFunctionDB：DELETE FROM EnglishClassShift.[dbo].[Table_ClassShift_2019_03] WHERE [EnglishClassShift].[dbo].[Table_ClassShift_2019_03].EmployeeID='98' 
2018.11.03 17:26:24.220 | TRC | 0 | 1 | DatabaseCore：CommandFunctionDB：Insert into EnglishClassShift.[dbo].[Table_ClassShift_2019_03] Values(98,'7','7','休','7','7','休','7','7','7','休','7','7','休','7','7','7','休','7','7','休','7','7','7','休','7','7','休','7','7','7','休')
2018.11.03 17:26:24.235 | TRC | 0 | 1 | DatabaseCore：CommandFunctionDB：Select EmployeeID from EnglishClassDBtest.[dbo].[Table_EmployeeBasic]
2018.11.03 17:26:24.252 | TRC | 0 | 1 | DatabaseCore：CommandFunctionDB：select * FROM [EnglishClassDBtest].[dbo].[Table_ClassSchedule]
2018.11.03 17:26:24.256 | TRC | 0 | 1 | DatabaseCore：CommandFunctionDB：DELETE FROM EnglishClassShift.[dbo].[Table_ClassShift_2019_04] WHERE [EnglishClassShift].[dbo].[Table_ClassShift_2019_04].EmployeeID='88' 
2018.11.03 17:26:24.260 | TRC | 0 | 1 | DatabaseCore：CommandFunctionDB：Insert into EnglishClassShift.[dbo].[Table_ClassShift_2019_04] Values(88,'6','6','休','6','6','6','休','6','6','休','6','6','6','休','6','6','休','6','6','6','休','6','6','休','6','6','6','休','6','6')
2018.11.03 17:26:24.279 | TRC | 0 | 1 | DatabaseCore：CommandFunctionDB：select * FROM [EnglishClassDBtest].[dbo].[Table_ClassSchedule]
2018.11.03 17:26:24.285 | TRC | 0 | 1 | DatabaseCore：CommandFunctionDB：DELETE FROM EnglishClassShift.[dbo].[Table_ClassShift_2019_04] WHERE [EnglishClassShift].[dbo].[Table_ClassShift_2019_04].EmployeeID='89' 
2018.11.03 17:26:24.290 | TRC | 0 | 1 | DatabaseCore：CommandFunctionDB：Insert into EnglishClassShift.[dbo].[Table_ClassShift_2019_04] Values(89,'3','3','休','3','3','3','休','3','3','休','3','3','3','休','3','3','休','3','3','3','休','3','3','休','3','3','3','休','3','3')
2018.11.03 17:26:24.308 | TRC | 0 | 1 | DatabaseCore：CommandFunctionDB：select * FROM [EnglishClassDBtest].[dbo].[Table_ClassSchedule]
2018.11.03 17:26:24.312 | TRC | 0 | 1 | DatabaseCore：CommandFunctionDB：DELETE FROM EnglishClassShift.[dbo].[Table_ClassShift_2019_04] WHERE [EnglishClassShift].[dbo].[Table_ClassShift_2019_04].EmployeeID='90' 
2018.11.03 17:26:24.317 | TRC | 0 | 1 | DatabaseCore：CommandFunctionDB：Insert into EnglishClassShift.[dbo].[Table_ClassShift_2019_04] Values(90,'3','3','休','3','3','3','休','3','3','休','3','3','3','休','3','3','休','3','3','3','休','3','3','休','3','3','3','休','3','3')
2018.11.03 17:26:24.339 | TRC | 0 | 1 | DatabaseCore：CommandFunctionDB：select * FROM [EnglishClassDBtest].[dbo].[Table_ClassSchedule]
2018.11.03 17:26:24.342 | TRC | 0 | 1 | DatabaseCore：CommandFunctionDB：DELETE FROM EnglishClassShift.[dbo].[Table_ClassShift_2019_04] WHERE [EnglishClassShift].[dbo].[Table_ClassShift_2019_04].EmployeeID='91' 
2018.11.03 17:26:24.362 | TRC | 0 | 1 | DatabaseCore：CommandFunctionDB：Insert into EnglishClassShift.[dbo].[Table_ClassShift_2019_04] Values(91,'3','3','休','3','3','3','休','3','3','休','3','3','3','休','3','3','休','3','3','3','休','3','3','休','3','3','3','休','3','3')
2018.11.03 17:26:24.385 | TRC | 0 | 1 | DatabaseCore：CommandFunctionDB：select * FROM [EnglishClassDBtest].[dbo].[Table_ClassSchedule]
2018.11.03 17:26:24.391 | TRC | 0 | 1 | DatabaseCore：CommandFunctionDB：DELETE FROM EnglishClassShift.[dbo].[Table_ClassShift_2019_04] WHERE [EnglishClassShift].[dbo].[Table_ClassShift_2019_04].EmployeeID='92' 
2018.11.03 17:26:24.399 | TRC | 0 | 1 | DatabaseCore：CommandFunctionDB：Insert into EnglishClassShift.[dbo].[Table_ClassShift_2019_04] Values(92,'1','1','休','1','1','1','休','1','1','休','1','1','1','休','1','1','休','1','1','1','休','1','1','休','1','1','1','休','1','1')
2018.11.03 17:26:24.420 | TRC | 0 | 1 | DatabaseCore：CommandFunctionDB：select * FROM [EnglishClassDBtest].[dbo].[Table_ClassSchedule]
2018.11.03 17:26:24.426 | TRC | 0 | 1 | DatabaseCore：CommandFunctionDB：DELETE FROM EnglishClassShift.[dbo].[Table_ClassShift_2019_04] WHERE [EnglishClassShift].[dbo].[Table_ClassShift_2019_04].EmployeeID='93' 
2018.11.03 17:26:24.434 | TRC | 0 | 1 | DatabaseCore：CommandFunctionDB：Insert into EnglishClassShift.[dbo].[Table_ClassShift_2019_04] Values(93,'3','3','休','3','3','3','休','3','3','休','3','3','3','休','3','3','休','3','3','3','休','3','3','休','3','3','3','休','3','3')
2018.11.03 17:26:24.460 | TRC | 0 | 1 | DatabaseCore：CommandFunctionDB：select * FROM [EnglishClassDBtest].[dbo].[Table_ClassSchedule]
2018.11.03 17:26:24.471 | TRC | 0 | 1 | DatabaseCore：CommandFunctionDB：DELETE FROM EnglishClassShift.[dbo].[Table_ClassShift_2019_04] WHERE [EnglishClassShift].[dbo].[Table_ClassShift_2019_04].EmployeeID='94' 
2018.11.03 17:26:24.486 | TRC | 0 | 1 | DatabaseCore：CommandFunctionDB：Insert into EnglishClassShift.[dbo].[Table_ClassShift_2019_04] Values(94,'7','7','休','7','7','7','休','7','7','休','7','7','7','休','7','7','休','7','7','7','休','7','7','休','7','7','7','休','7','7')
2018.11.03 17:26:24.512 | TRC | 0 | 1 | DatabaseCore：CommandFunctionDB：select * FROM [EnglishClassDBtest].[dbo].[Table_ClassSchedule]
2018.11.03 17:26:24.519 | TRC | 0 | 1 | DatabaseCore：CommandFunctionDB：DELETE FROM EnglishClassShift.[dbo].[Table_ClassShift_2019_04] WHERE [EnglishClassShift].[dbo].[Table_ClassShift_2019_04].EmployeeID='95' 
2018.11.03 17:26:24.522 | TRC | 0 | 1 | DatabaseCore：CommandFunctionDB：Insert into EnglishClassShift.[dbo].[Table_ClassShift_2019_04] Values(95,'4','4','休','4','4','4','休','4','4','休','4','4','4','休','4','4','休','4','4','4','休','4','4','休','4','4','4','休','4','4')
2018.11.03 17:26:24.539 | TRC | 0 | 1 | DatabaseCore：CommandFunctionDB：select * FROM [EnglishClassDBtest].[dbo].[Table_ClassSchedule]
2018.11.03 17:26:24.546 | TRC | 0 | 1 | DatabaseCore：CommandFunctionDB：DELETE FROM EnglishClassShift.[dbo].[Table_ClassShift_2019_04] WHERE [EnglishClassShift].[dbo].[Table_ClassShift_2019_04].EmployeeID='96' 
2018.11.03 17:26:24.555 | TRC | 0 | 1 | DatabaseCore：CommandFunctionDB：Insert into EnglishClassShift.[dbo].[Table_ClassShift_2019_04] Values(96,'4','4','休','4','4','4','休','4','4','休','4','4','4','休','4','4','休','4','4','4','休','4','4','休','4','4','4','休','4','4')
2018.11.03 17:26:24.573 | TRC | 0 | 1 | DatabaseCore：CommandFunctionDB：select * FROM [EnglishClassDBtest].[dbo].[Table_ClassSchedule]
2018.11.03 17:26:24.578 | TRC | 0 | 1 | DatabaseCore：CommandFunctionDB：DELETE FROM EnglishClassShift.[dbo].[Table_ClassShift_2019_04] WHERE [EnglishClassShift].[dbo].[Table_ClassShift_2019_04].EmployeeID='97' 
2018.11.03 17:26:24.585 | TRC | 0 | 1 | DatabaseCore：CommandFunctionDB：Insert into EnglishClassShift.[dbo].[Table_ClassShift_2019_04] Values(97,'3','3','休','3','3','3','休','3','3','休','3','3','3','休','3','3','休','3','3','3','休','3','3','休','3','3','3','休','3','3')
2018.11.03 17:26:24.600 | TRC | 0 | 1 | DatabaseCore：CommandFunctionDB：select * FROM [EnglishClassDBtest].[dbo].[Table_ClassSchedule]
2018.11.03 17:26:24.608 | TRC | 0 | 1 | DatabaseCore：CommandFunctionDB：DELETE FROM EnglishClassShift.[dbo].[Table_ClassShift_2019_04] WHERE [EnglishClassShift].[dbo].[Table_ClassShift_2019_04].EmployeeID='98' 
2018.11.03 17:26:24.612 | TRC | 0 | 1 | DatabaseCore：CommandFunctionDB：Insert into EnglishClassShift.[dbo].[Table_ClassShift_2019_04] Values(98,'7','7','休','7','7','7','休','7','7','休','7','7','7','休','7','7','休','7','7','7','休','7','7','休','7','7','7','休','7','7')
2018.11.03 17:26:24.626 | TRC | 0 | 1 | DatabaseCore：CommandFunctionDB：Select EmployeeID from EnglishClassDBtest.[dbo].[Table_EmployeeBasic]
2018.11.03 17:26:24.648 | TRC | 0 | 1 | DatabaseCore：CommandFunctionDB：select * FROM [EnglishClassDBtest].[dbo].[Table_ClassSchedule]
2018.11.03 17:26:24.655 | TRC | 0 | 1 | DatabaseCore：CommandFunctionDB：DELETE FROM EnglishClassShift.[dbo].[Table_ClassShift_2019_05] WHERE [EnglishClassShift].[dbo].[Table_ClassShift_2019_05].EmployeeID='88' 
2018.11.03 17:26:24.663 | TRC | 0 | 1 | DatabaseCore：CommandFunctionDB：Insert into EnglishClassShift.[dbo].[Table_ClassShift_2019_05] Values(88,'休','6','6','6','休','6','6','休','6','6','6','休','6','6','休','6','6','6','休','6','6','休','6','6','6','休','6','6','休','6','6')
2018.11.03 17:26:24.688 | TRC | 0 | 1 | DatabaseCore：CommandFunctionDB：select * FROM [EnglishClassDBtest].[dbo].[Table_ClassSchedule]
2018.11.03 17:26:24.693 | TRC | 0 | 1 | DatabaseCore：CommandFunctionDB：DELETE FROM EnglishClassShift.[dbo].[Table_ClassShift_2019_05] WHERE [EnglishClassShift].[dbo].[Table_ClassShift_2019_05].EmployeeID='89' 
2018.11.03 17:26:24.698 | TRC | 0 | 1 | DatabaseCore：CommandFunctionDB：Insert into EnglishClassShift.[dbo].[Table_ClassShift_2019_05] Values(89,'休','3','3','3','休','3','3','休','3','3','3','休','3','3','休','3','3','3','休','3','3','休','3','3','3','休','3','3','休','3','3')
2018.11.03 17:26:24.721 | TRC | 0 | 1 | DatabaseCore：CommandFunctionDB：select * FROM [EnglishClassDBtest].[dbo].[Table_ClassSchedule]
2018.11.03 17:26:24.727 | TRC | 0 | 1 | DatabaseCore：CommandFunctionDB：DELETE FROM EnglishClassShift.[dbo].[Table_ClassShift_2019_05] WHERE [EnglishClassShift].[dbo].[Table_ClassShift_2019_05].EmployeeID='90' 
2018.11.03 17:26:24.732 | TRC | 0 | 1 | DatabaseCore：CommandFunctionDB：Insert into EnglishClassShift.[dbo].[Table_ClassShift_2019_05] Values(90,'休','3','3','3','休','3','3','休','3','3','3','休','3','3','休','3','3','3','休','3','3','休','3','3','3','休','3','3','休','3','3')
2018.11.03 17:26:24.760 | TRC | 0 | 1 | DatabaseCore：CommandFunctionDB：select * FROM [EnglishClassDBtest].[dbo].[Table_ClassSchedule]
2018.11.03 17:26:24.766 | TRC | 0 | 1 | DatabaseCore：CommandFunctionDB：DELETE FROM EnglishClassShift.[dbo].[Table_ClassShift_2019_05] WHERE [EnglishClassShift].[dbo].[Table_ClassShift_2019_05].EmployeeID='91' 
2018.11.03 17:26:24.772 | TRC | 0 | 1 | DatabaseCore：CommandFunctionDB：Insert into EnglishClassShift.[dbo].[Table_ClassShift_2019_05] Values(91,'休','3','3','3','休','3','3','休','3','3','3','休','3','3','休','3','3','3','休','3','3','休','3','3','3','休','3','3','休','3','3')
2018.11.03 17:26:24.798 | TRC | 0 | 1 | DatabaseCore：CommandFunctionDB：select * FROM [EnglishClassDBtest].[dbo].[Table_ClassSchedule]
2018.11.03 17:26:24.804 | TRC | 0 | 1 | DatabaseCore：CommandFunctionDB：DELETE FROM EnglishClassShift.[dbo].[Table_ClassShift_2019_05] WHERE [EnglishClassShift].[dbo].[Table_ClassShift_2019_05].EmployeeID='92' 
2018.11.03 17:26:24.813 | TRC | 0 | 1 | DatabaseCore：CommandFunctionDB：Insert into EnglishClassShift.[dbo].[Table_ClassShift_2019_05] Values(92,'休','1','1','1','休','1','1','休','1','1','1','休','1','1','休','1','1','1','休','1','1','休','1','1','1','休','1','1','休','1','1')
2018.11.03 17:26:24.833 | TRC | 0 | 1 | DatabaseCore：CommandFunctionDB：select * FROM [EnglishClassDBtest].[dbo].[Table_ClassSchedule]
2018.11.03 17:26:24.842 | TRC | 0 | 1 | DatabaseCore：CommandFunctionDB：DELETE FROM EnglishClassShift.[dbo].[Table_ClassShift_2019_05] WHERE [EnglishClassShift].[dbo].[Table_ClassShift_2019_05].EmployeeID='93' 
2018.11.03 17:26:24.848 | TRC | 0 | 1 | DatabaseCore：CommandFunctionDB：Insert into EnglishClassShift.[dbo].[Table_ClassShift_2019_05] Values(93,'休','3','3','3','休','3','3','休','3','3','3','休','3','3','休','3','3','3','休','3','3','休','3','3','3','休','3','3','休','3','3')
2018.11.03 17:26:24.867 | TRC | 0 | 1 | DatabaseCore：CommandFunctionDB：select * FROM [EnglishClassDBtest].[dbo].[Table_ClassSchedule]
2018.11.03 17:26:24.874 | TRC | 0 | 1 | DatabaseCore：CommandFunctionDB：DELETE FROM EnglishClassShift.[dbo].[Table_ClassShift_2019_05] WHERE [EnglishClassShift].[dbo].[Table_ClassShift_2019_05].EmployeeID='94' 
2018.11.03 17:26:24.881 | TRC | 0 | 1 | DatabaseCore：CommandFunctionDB：Insert into EnglishClassShift.[dbo].[Table_ClassShift_2019_05] Values(94,'休','7','7','7','休','7','7','休','7','7','7','休','7','7','休','7','7','7','休','7','7','休','7','7','7','休','7','7','休','7','7')
2018.11.03 17:26:24.902 | TRC | 0 | 1 | DatabaseCore：CommandFunctionDB：select * FROM [EnglishClassDBtest].[dbo].[Table_ClassSchedule]
2018.11.03 17:26:24.907 | TRC | 0 | 1 | DatabaseCore：CommandFunctionDB：DELETE FROM EnglishClassShift.[dbo].[Table_ClassShift_2019_05] WHERE [EnglishClassShift].[dbo].[Table_ClassShift_2019_05].EmployeeID='95' 
2018.11.03 17:26:24.915 | TRC | 0 | 1 | DatabaseCore：CommandFunctionDB：Insert into EnglishClassShift.[dbo].[Table_ClassShift_2019_05] Values(95,'休','4','4','4','休','4','4','休','4','4','4','休','4','4','休','4','4','4','休','4','4','休','4','4','4','休','4','4','休','4','4')
2018.11.03 17:26:24.934 | TRC | 0 | 1 | DatabaseCore：CommandFunctionDB：select * FROM [EnglishClassDBtest].[dbo].[Table_ClassSchedule]
2018.11.03 17:26:24.939 | TRC | 0 | 1 | DatabaseCore：CommandFunctionDB：DELETE FROM EnglishClassShift.[dbo].[Table_ClassShift_2019_05] WHERE [EnglishClassShift].[dbo].[Table_ClassShift_2019_05].EmployeeID='96' 
2018.11.03 17:26:24.947 | TRC | 0 | 1 | DatabaseCore：CommandFunctionDB：Insert into EnglishClassShift.[dbo].[Table_ClassShift_2019_05] Values(96,'休','4','4','4','休','4','4','休','4','4','4','休','4','4','休','4','4','4','休','4','4','休','4','4','4','休','4','4','休','4','4')
2018.11.03 17:26:24.964 | TRC | 0 | 1 | DatabaseCore：CommandFunctionDB：select * FROM [EnglishClassDBtest].[dbo].[Table_ClassSchedule]
2018.11.03 17:26:24.970 | TRC | 0 | 1 | DatabaseCore：CommandFunctionDB：DELETE FROM EnglishClassShift.[dbo].[Table_ClassShift_2019_05] WHERE [EnglishClassShift].[dbo].[Table_ClassShift_2019_05].EmployeeID='97' 
2018.11.03 17:26:24.975 | TRC | 0 | 1 | DatabaseCore：CommandFunctionDB：Insert into EnglishClassShift.[dbo].[Table_ClassShift_2019_05] Values(97,'休','3','3','3','休','3','3','休','3','3','3','休','3','3','休','3','3','3','休','3','3','休','3','3','3','休','3','3','休','3','3')
2018.11.03 17:26:24.993 | TRC | 0 | 1 | DatabaseCore：CommandFunctionDB：select * FROM [EnglishClassDBtest].[dbo].[Table_ClassSchedule]
2018.11.03 17:26:24.998 | TRC | 0 | 1 | DatabaseCore：CommandFunctionDB：DELETE FROM EnglishClassShift.[dbo].[Table_ClassShift_2019_05] WHERE [EnglishClassShift].[dbo].[Table_ClassShift_2019_05].EmployeeID='98' 
2018.11.03 17:26:25.003 | TRC | 0 | 1 | DatabaseCore：CommandFunctionDB：Insert into EnglishClassShift.[dbo].[Table_ClassShift_2019_05] Values(98,'休','7','7','7','休','7','7','休','7','7','7','休','7','7','休','7','7','7','休','7','7','休','7','7','7','休','7','7','休','7','7')
2018.11.03 17:26:25.014 | TRC | 0 | 1 | DatabaseCore：CommandFunctionDB：Select EmployeeID from EnglishClassDBtest.[dbo].[Table_EmployeeBasic]
2018.11.03 17:26:25.031 | TRC | 0 | 1 | DatabaseCore：CommandFunctionDB：select * FROM [EnglishClassDBtest].[dbo].[Table_ClassSchedule]
2018.11.03 17:26:25.036 | TRC | 0 | 1 | DatabaseCore：CommandFunctionDB：DELETE FROM EnglishClassShift.[dbo].[Table_ClassShift_2019_06] WHERE [EnglishClassShift].[dbo].[Table_ClassShift_2019_06].EmployeeID='88' 
2018.11.03 17:26:25.041 | TRC | 0 | 1 | DatabaseCore：CommandFunctionDB：Insert into EnglishClassShift.[dbo].[Table_ClassShift_2019_06] Values(88,'6','休','6','6','休','6','6','6','休','6','6','休','6','6','6','休','6','6','休','6','6','6','休','6','6','休','6','6','6','休')
2018.11.03 17:26:25.060 | TRC | 0 | 1 | DatabaseCore：CommandFunctionDB：select * FROM [EnglishClassDBtest].[dbo].[Table_ClassSchedule]
2018.11.03 17:26:25.070 | TRC | 0 | 1 | DatabaseCore：CommandFunctionDB：DELETE FROM EnglishClassShift.[dbo].[Table_ClassShift_2019_06] WHERE [EnglishClassShift].[dbo].[Table_ClassShift_2019_06].EmployeeID='89' 
2018.11.03 17:26:25.075 | TRC | 0 | 1 | DatabaseCore：CommandFunctionDB：Insert into EnglishClassShift.[dbo].[Table_ClassShift_2019_06] Values(89,'3','休','3','3','休','3','3','3','休','3','3','休','3','3','3','休','3','3','休','3','3','3','休','3','3','休','3','3','3','休')
2018.11.03 17:26:25.094 | TRC | 0 | 1 | DatabaseCore：CommandFunctionDB：select * FROM [EnglishClassDBtest].[dbo].[Table_ClassSchedule]
2018.11.03 17:26:25.101 | TRC | 0 | 1 | DatabaseCore：CommandFunctionDB：DELETE FROM EnglishClassShift.[dbo].[Table_ClassShift_2019_06] WHERE [EnglishClassShift].[dbo].[Table_ClassShift_2019_06].EmployeeID='90' 
2018.11.03 17:26:25.107 | TRC | 0 | 1 | DatabaseCore：CommandFunctionDB：Insert into EnglishClassShift.[dbo].[Table_ClassShift_2019_06] Values(90,'3','休','3','3','休','3','3','3','休','3','3','休','3','3','3','休','3','3','休','3','3','3','休','3','3','休','3','3','3','休')
2018.11.03 17:26:25.128 | TRC | 0 | 1 | DatabaseCore：CommandFunctionDB：select * FROM [EnglishClassDBtest].[dbo].[Table_ClassSchedule]
2018.11.03 17:26:25.135 | TRC | 0 | 1 | DatabaseCore：CommandFunctionDB：DELETE FROM EnglishClassShift.[dbo].[Table_ClassShift_2019_06] WHERE [EnglishClassShift].[dbo].[Table_ClassShift_2019_06].EmployeeID='91' 
2018.11.03 17:26:25.141 | TRC | 0 | 1 | DatabaseCore：CommandFunctionDB：Insert into EnglishClassShift.[dbo].[Table_ClassShift_2019_06] Values(91,'3','休','3','3','休','3','3','3','休','3','3','休','3','3','3','休','3','3','休','3','3','3','休','3','3','休','3','3','3','休')
2018.11.03 17:26:25.159 | TRC | 0 | 1 | DatabaseCore：CommandFunctionDB：select * FROM [EnglishClassDBtest].[dbo].[Table_ClassSchedule]
2018.11.03 17:26:25.167 | TRC | 0 | 1 | DatabaseCore：CommandFunctionDB：DELETE FROM EnglishClassShift.[dbo].[Table_ClassShift_2019_06] WHERE [EnglishClassShift].[dbo].[Table_ClassShift_2019_06].EmployeeID='92' 
2018.11.03 17:26:25.171 | TRC | 0 | 1 | DatabaseCore：CommandFunctionDB：Insert into EnglishClassShift.[dbo].[Table_ClassShift_2019_06] Values(92,'1','休','1','1','休','1','1','1','休','1','1','休','1','1','1','休','1','1','休','1','1','1','休','1','1','休','1','1','1','休')
2018.11.03 17:26:25.189 | TRC | 0 | 1 | DatabaseCore：CommandFunctionDB：select * FROM [EnglishClassDBtest].[dbo].[Table_ClassSchedule]
2018.11.03 17:26:25.196 | TRC | 0 | 1 | DatabaseCore：CommandFunctionDB：DELETE FROM EnglishClassShift.[dbo].[Table_ClassShift_2019_06] WHERE [EnglishClassShift].[dbo].[Table_ClassShift_2019_06].EmployeeID='93' 
2018.11.03 17:26:25.202 | TRC | 0 | 1 | DatabaseCore：CommandFunctionDB：Insert into EnglishClassShift.[dbo].[Table_ClassShift_2019_06] Values(93,'3','休','3','3','休','3','3','3','休','3','3','休','3','3','3','休','3','3','休','3','3','3','休','3','3','休','3','3','3','休')
2018.11.03 17:26:25.233 | TRC | 0 | 1 | DatabaseCore：CommandFunctionDB：select * FROM [EnglishClassDBtest].[dbo].[Table_ClassSchedule]
2018.11.03 17:26:25.238 | TRC | 0 | 1 | DatabaseCore：CommandFunctionDB：DELETE FROM EnglishClassShift.[dbo].[Table_ClassShift_2019_06] WHERE [EnglishClassShift].[dbo].[Table_ClassShift_2019_06].EmployeeID='94' 
2018.11.03 17:26:25.244 | TRC | 0 | 1 | DatabaseCore：CommandFunctionDB：Insert into EnglishClassShift.[dbo].[Table_ClassShift_2019_06] Values(94,'7','休','7','7','休','7','7','7','休','7','7','休','7','7','7','休','7','7','休','7','7','7','休','7','7','休','7','7','7','休')
2018.11.03 17:26:25.271 | TRC | 0 | 1 | DatabaseCore：CommandFunctionDB：select * FROM [EnglishClassDBtest].[dbo].[Table_ClassSchedule]
2018.11.03 17:26:25.278 | TRC | 0 | 1 | DatabaseCore：CommandFunctionDB：DELETE FROM EnglishClassShift.[dbo].[Table_ClassShift_2019_06] WHERE [EnglishClassShift].[dbo].[Table_ClassShift_2019_06].EmployeeID='95' 
2018.11.03 17:26:25.284 | TRC | 0 | 1 | DatabaseCore：CommandFunctionDB：Insert into EnglishClassShift.[dbo].[Table_ClassShift_2019_06] Values(95,'4','休','4','4','休','4','4','4','休','4','4','休','4','4','4','休','4','4','休','4','4','4','休','4','4','休','4','4','4','休')
2018.11.03 17:26:25.304 | TRC | 0 | 1 | DatabaseCore：CommandFunctionDB：select * FROM [EnglishClassDBtest].[dbo].[Table_ClassSchedule]
2018.11.03 17:26:25.310 | TRC | 0 | 1 | DatabaseCore：CommandFunctionDB：DELETE FROM EnglishClassShift.[dbo].[Table_ClassShift_2019_06] WHERE [EnglishClassShift].[dbo].[Table_ClassShift_2019_06].EmployeeID='96' 
2018.11.03 17:26:25.315 | TRC | 0 | 1 | DatabaseCore：CommandFunctionDB：Insert into EnglishClassShift.[dbo].[Table_ClassShift_2019_06] Values(96,'4','休','4','4','休','4','4','4','休','4','4','休','4','4','4','休','4','4','休','4','4','4','休','4','4','休','4','4','4','休')
2018.11.03 17:26:25.339 | TRC | 0 | 1 | DatabaseCore：CommandFunctionDB：select * FROM [EnglishClassDBtest].[dbo].[Table_ClassSchedule]
2018.11.03 17:26:25.346 | TRC | 0 | 1 | DatabaseCore：CommandFunctionDB：DELETE FROM EnglishClassShift.[dbo].[Table_ClassShift_2019_06] WHERE [EnglishClassShift].[dbo].[Table_ClassShift_2019_06].EmployeeID='97' 
2018.11.03 17:26:25.356 | TRC | 0 | 1 | DatabaseCore：CommandFunctionDB：Insert into EnglishClassShift.[dbo].[Table_ClassShift_2019_06] Values(97,'3','休','3','3','休','3','3','3','休','3','3','休','3','3','3','休','3','3','休','3','3','3','休','3','3','休','3','3','3','休')
2018.11.03 17:26:25.381 | TRC | 0 | 1 | DatabaseCore：CommandFunctionDB：select * FROM [EnglishClassDBtest].[dbo].[Table_ClassSchedule]
2018.11.03 17:26:25.388 | TRC | 0 | 1 | DatabaseCore：CommandFunctionDB：DELETE FROM EnglishClassShift.[dbo].[Table_ClassShift_2019_06] WHERE [EnglishClassShift].[dbo].[Table_ClassShift_2019_06].EmployeeID='98' 
2018.11.03 17:26:25.393 | TRC | 0 | 1 | DatabaseCore：CommandFunctionDB：Insert into EnglishClassShift.[dbo].[Table_ClassShift_2019_06] Values(98,'7','休','7','7','休','7','7','7','休','7','7','休','7','7','7','休','7','7','休','7','7','7','休','7','7','休','7','7','7','休')
2018.11.03 17:26:25.408 | TRC | 0 | 1 | DatabaseCore：CommandFunctionDB：Select EmployeeID from EnglishClassDBtest.[dbo].[Table_EmployeeBasic]
2018.11.03 17:26:25.426 | TRC | 0 | 1 | DatabaseCore：CommandFunctionDB：select * FROM [EnglishClassDBtest].[dbo].[Table_ClassSchedule]
2018.11.03 17:26:25.430 | TRC | 0 | 1 | DatabaseCore：CommandFunctionDB：DELETE FROM EnglishClassShift.[dbo].[Table_ClassShift_2019_07] WHERE [EnglishClassShift].[dbo].[Table_ClassShift_2019_07].EmployeeID='88' 
2018.11.03 17:26:25.435 | TRC | 0 | 1 | DatabaseCore：CommandFunctionDB：Insert into EnglishClassShift.[dbo].[Table_ClassShift_2019_07] Values(88,'6','6','休','6','6','6','休','6','6','休','6','6','6','休','6','6','休','6','6','6','休','6','6','休','6','6','6','休','6','6','休')
2018.11.03 17:26:25.463 | TRC | 0 | 1 | DatabaseCore：CommandFunctionDB：select * FROM [EnglishClassDBtest].[dbo].[Table_ClassSchedule]
2018.11.03 17:26:25.471 | TRC | 0 | 1 | DatabaseCore：CommandFunctionDB：DELETE FROM EnglishClassShift.[dbo].[Table_ClassShift_2019_07] WHERE [EnglishClassShift].[dbo].[Table_ClassShift_2019_07].EmployeeID='89' 
2018.11.03 17:26:25.477 | TRC | 0 | 1 | DatabaseCore：CommandFunctionDB：Insert into EnglishClassShift.[dbo].[Table_ClassShift_2019_07] Values(89,'3','3','休','3','3','3','休','3','3','休','3','3','3','休','3','3','休','3','3','3','休','3','3','休','3','3','3','休','3','3','休')
2018.11.03 17:26:25.505 | TRC | 0 | 1 | DatabaseCore：CommandFunctionDB：select * FROM [EnglishClassDBtest].[dbo].[Table_ClassSchedule]
2018.11.03 17:26:25.511 | TRC | 0 | 1 | DatabaseCore：CommandFunctionDB：DELETE FROM EnglishClassShift.[dbo].[Table_ClassShift_2019_07] WHERE [EnglishClassShift].[dbo].[Table_ClassShift_2019_07].EmployeeID='90' 
2018.11.03 17:26:25.520 | TRC | 0 | 1 | DatabaseCore：CommandFunctionDB：Insert into EnglishClassShift.[dbo].[Table_ClassShift_2019_07] Values(90,'3','3','休','3','3','3','休','3','3','休','3','3','3','休','3','3','休','3','3','3','休','3','3','休','3','3','3','休','3','3','休')
2018.11.03 17:26:25.544 | TRC | 0 | 1 | DatabaseCore：CommandFunctionDB：select * FROM [EnglishClassDBtest].[dbo].[Table_ClassSchedule]
2018.11.03 17:26:25.550 | TRC | 0 | 1 | DatabaseCore：CommandFunctionDB：DELETE FROM EnglishClassShift.[dbo].[Table_ClassShift_2019_07] WHERE [EnglishClassShift].[dbo].[Table_ClassShift_2019_07].EmployeeID='91' 
2018.11.03 17:26:25.554 | TRC | 0 | 1 | DatabaseCore：CommandFunctionDB：Insert into EnglishClassShift.[dbo].[Table_ClassShift_2019_07] Values(91,'3','3','休','3','3','3','休','3','3','休','3','3','3','休','3','3','休','3','3','3','休','3','3','休','3','3','3','休','3','3','休')
2018.11.03 17:26:25.581 | TRC | 0 | 1 | DatabaseCore：CommandFunctionDB：select * FROM [EnglishClassDBtest].[dbo].[Table_ClassSchedule]
2018.11.03 17:26:25.591 | TRC | 0 | 1 | DatabaseCore：CommandFunctionDB：DELETE FROM EnglishClassShift.[dbo].[Table_ClassShift_2019_07] WHERE [EnglishClassShift].[dbo].[Table_ClassShift_2019_07].EmployeeID='92' 
2018.11.03 17:26:25.597 | TRC | 0 | 1 | DatabaseCore：CommandFunctionDB：Insert into EnglishClassShift.[dbo].[Table_ClassShift_2019_07] Values(92,'1','1','休','1','1','1','休','1','1','休','1','1','1','休','1','1','休','1','1','1','休','1','1','休','1','1','1','休','1','1','休')
2018.11.03 17:26:25.617 | TRC | 0 | 1 | DatabaseCore：CommandFunctionDB：select * FROM [EnglishClassDBtest].[dbo].[Table_ClassSchedule]
2018.11.03 17:26:25.620 | TRC | 0 | 1 | DatabaseCore：CommandFunctionDB：DELETE FROM EnglishClassShift.[dbo].[Table_ClassShift_2019_07] WHERE [EnglishClassShift].[dbo].[Table_ClassShift_2019_07].EmployeeID='93' 
2018.11.03 17:26:25.627 | TRC | 0 | 1 | DatabaseCore：CommandFunctionDB：Insert into EnglishClassShift.[dbo].[Table_ClassShift_2019_07] Values(93,'3','3','休','3','3','3','休','3','3','休','3','3','3','休','3','3','休','3','3','3','休','3','3','休','3','3','3','休','3','3','休')
2018.11.03 17:26:25.642 | TRC | 0 | 1 | DatabaseCore：CommandFunctionDB：select * FROM [EnglishClassDBtest].[dbo].[Table_ClassSchedule]
2018.11.03 17:26:25.647 | TRC | 0 | 1 | DatabaseCore：CommandFunctionDB：DELETE FROM EnglishClassShift.[dbo].[Table_ClassShift_2019_07] WHERE [EnglishClassShift].[dbo].[Table_ClassShift_2019_07].EmployeeID='94' 
2018.11.03 17:26:25.657 | TRC | 0 | 1 | DatabaseCore：CommandFunctionDB：Insert into EnglishClassShift.[dbo].[Table_ClassShift_2019_07] Values(94,'7','7','休','7','7','7','休','7','7','休','7','7','7','休','7','7','休','7','7','7','休','7','7','休','7','7','7','休','7','7','休')
2018.11.03 17:26:25.677 | TRC | 0 | 1 | DatabaseCore：CommandFunctionDB：select * FROM [EnglishClassDBtest].[dbo].[Table_ClassSchedule]
2018.11.03 17:26:25.681 | TRC | 0 | 1 | DatabaseCore：CommandFunctionDB：DELETE FROM EnglishClassShift.[dbo].[Table_ClassShift_2019_07] WHERE [EnglishClassShift].[dbo].[Table_ClassShift_2019_07].EmployeeID='95' 
2018.11.03 17:26:25.686 | TRC | 0 | 1 | DatabaseCore：CommandFunctionDB：Insert into EnglishClassShift.[dbo].[Table_ClassShift_2019_07] Values(95,'4','4','休','4','4','4','休','4','4','休','4','4','4','休','4','4','休','4','4','4','休','4','4','休','4','4','4','休','4','4','休')
2018.11.03 17:26:25.707 | TRC | 0 | 1 | DatabaseCore：CommandFunctionDB：select * FROM [EnglishClassDBtest].[dbo].[Table_ClassSchedule]
2018.11.03 17:26:25.713 | TRC | 0 | 1 | DatabaseCore：CommandFunctionDB：DELETE FROM EnglishClassShift.[dbo].[Table_ClassShift_2019_07] WHERE [EnglishClassShift].[dbo].[Table_ClassShift_2019_07].EmployeeID='96' 
2018.11.03 17:26:25.718 | TRC | 0 | 1 | DatabaseCore：CommandFunctionDB：Insert into EnglishClassShift.[dbo].[Table_ClassShift_2019_07] Values(96,'4','4','休','4','4','4','休','4','4','休','4','4','4','休','4','4','休','4','4','4','休','4','4','休','4','4','4','休','4','4','休')
2018.11.03 17:26:25.736 | TRC | 0 | 1 | DatabaseCore：CommandFunctionDB：select * FROM [EnglishClassDBtest].[dbo].[Table_ClassSchedule]
2018.11.03 17:26:25.742 | TRC | 0 | 1 | DatabaseCore：CommandFunctionDB：DELETE FROM EnglishClassShift.[dbo].[Table_ClassShift_2019_07] WHERE [EnglishClassShift].[dbo].[Table_ClassShift_2019_07].EmployeeID='97' 
2018.11.03 17:26:25.748 | TRC | 0 | 1 | DatabaseCore：CommandFunctionDB：Insert into EnglishClassShift.[dbo].[Table_ClassShift_2019_07] Values(97,'3','3','休','3','3','3','休','3','3','休','3','3','3','休','3','3','休','3','3','3','休','3','3','休','3','3','3','休','3','3','休')
2018.11.03 17:26:25.762 | TRC | 0 | 1 | DatabaseCore：CommandFunctionDB：select * FROM [EnglishClassDBtest].[dbo].[Table_ClassSchedule]
2018.11.03 17:26:25.769 | TRC | 0 | 1 | DatabaseCore：CommandFunctionDB：DELETE FROM EnglishClassShift.[dbo].[Table_ClassShift_2019_07] WHERE [EnglishClassShift].[dbo].[Table_ClassShift_2019_07].EmployeeID='98' 
2018.11.03 17:26:25.772 | TRC | 0 | 1 | DatabaseCore：CommandFunctionDB：Insert into EnglishClassShift.[dbo].[Table_ClassShift_2019_07] Values(98,'7','7','休','7','7','7','休','7','7','休','7','7','7','休','7','7','休','7','7','7','休','7','7','休','7','7','7','休','7','7','休')
2018.11.03 17:26:25.788 | TRC | 0 | 1 | DatabaseCore：CommandFunctionDB：Select EmployeeID from EnglishClassDBtest.[dbo].[Table_EmployeeBasic]
2018.11.03 17:26:25.802 | TRC | 0 | 1 | DatabaseCore：CommandFunctionDB：select * FROM [EnglishClassDBtest].[dbo].[Table_ClassSchedule]
2018.11.03 17:26:25.806 | TRC | 0 | 1 | DatabaseCore：CommandFunctionDB：DELETE FROM EnglishClassShift.[dbo].[Table_ClassShift_2019_08] WHERE [EnglishClassShift].[dbo].[Table_ClassShift_2019_08].EmployeeID='88' 
2018.11.03 17:26:25.812 | TRC | 0 | 1 | DatabaseCore：CommandFunctionDB：Insert into EnglishClassShift.[dbo].[Table_ClassShift_2019_08] Values(88,'6','6','6','休','6','6','休','6','6','6','休','6','6','休','6','6','6','休','6','6','休','6','6','6','休','6','6','休','6','6','6')
2018.11.03 17:26:25.829 | TRC | 0 | 1 | DatabaseCore：CommandFunctionDB：select * FROM [EnglishClassDBtest].[dbo].[Table_ClassSchedule]
2018.11.03 17:26:25.838 | TRC | 0 | 1 | DatabaseCore：CommandFunctionDB：DELETE FROM EnglishClassShift.[dbo].[Table_ClassShift_2019_08] WHERE [EnglishClassShift].[dbo].[Table_ClassShift_2019_08].EmployeeID='89' 
2018.11.03 17:26:25.843 | TRC | 0 | 1 | DatabaseCore：CommandFunctionDB：Insert into EnglishClassShift.[dbo].[Table_ClassShift_2019_08] Values(89,'3','3','3','休','3','3','休','3','3','3','休','3','3','休','3','3','3','休','3','3','休','3','3','3','休','3','3','休','3','3','3')
2018.11.03 17:26:25.868 | TRC | 0 | 1 | DatabaseCore：CommandFunctionDB：select * FROM [EnglishClassDBtest].[dbo].[Table_ClassSchedule]
2018.11.03 17:26:25.874 | TRC | 0 | 1 | DatabaseCore：CommandFunctionDB：DELETE FROM EnglishClassShift.[dbo].[Table_ClassShift_2019_08] WHERE [EnglishClassShift].[dbo].[Table_ClassShift_2019_08].EmployeeID='90' 
2018.11.03 17:26:25.882 | TRC | 0 | 1 | DatabaseCore：CommandFunctionDB：Insert into EnglishClassShift.[dbo].[Table_ClassShift_2019_08] Values(90,'3','3','3','休','3','3','休','3','3','3','休','3','3','休','3','3','3','休','3','3','休','3','3','3','休','3','3','休','3','3','3')
2018.11.03 17:26:25.904 | TRC | 0 | 1 | DatabaseCore：CommandFunctionDB：select * FROM [EnglishClassDBtest].[dbo].[Table_ClassSchedule]
2018.11.03 17:26:25.914 | TRC | 0 | 1 | DatabaseCore：CommandFunctionDB：DELETE FROM EnglishClassShift.[dbo].[Table_ClassShift_2019_08] WHERE [EnglishClassShift].[dbo].[Table_ClassShift_2019_08].EmployeeID='91' 
2018.11.03 17:26:25.920 | TRC | 0 | 1 | DatabaseCore：CommandFunctionDB：Insert into EnglishClassShift.[dbo].[Table_ClassShift_2019_08] Values(91,'3','3','3','休','3','3','休','3','3','3','休','3','3','休','3','3','3','休','3','3','休','3','3','3','休','3','3','休','3','3','3')
2018.11.03 17:26:25.943 | TRC | 0 | 1 | DatabaseCore：CommandFunctionDB：select * FROM [EnglishClassDBtest].[dbo].[Table_ClassSchedule]
2018.11.03 17:26:25.950 | TRC | 0 | 1 | DatabaseCore：CommandFunctionDB：DELETE FROM EnglishClassShift.[dbo].[Table_ClassShift_2019_08] WHERE [EnglishClassShift].[dbo].[Table_ClassShift_2019_08].EmployeeID='92' 
2018.11.03 17:26:25.956 | TRC | 0 | 1 | DatabaseCore：CommandFunctionDB：Insert into EnglishClassShift.[dbo].[Table_ClassShift_2019_08] Values(92,'1','1','1','休','1','1','休','1','1','1','休','1','1','休','1','1','1','休','1','1','休','1','1','1','休','1','1','休','1','1','1')
2018.11.03 17:26:25.979 | TRC | 0 | 1 | DatabaseCore：CommandFunctionDB：select * FROM [EnglishClassDBtest].[dbo].[Table_ClassSchedule]
2018.11.03 17:26:25.986 | TRC | 0 | 1 | DatabaseCore：CommandFunctionDB：DELETE FROM EnglishClassShift.[dbo].[Table_ClassShift_2019_08] WHERE [EnglishClassShift].[dbo].[Table_ClassShift_2019_08].EmployeeID='93' 
2018.11.03 17:26:25.994 | TRC | 0 | 1 | DatabaseCore：CommandFunctionDB：Insert into EnglishClassShift.[dbo].[Table_ClassShift_2019_08] Values(93,'3','3','3','休','3','3','休','3','3','3','休','3','3','休','3','3','3','休','3','3','休','3','3','3','休','3','3','休','3','3','3')
2018.11.03 17:26:26.011 | TRC | 0 | 1 | DatabaseCore：CommandFunctionDB：select * FROM [EnglishClassDBtest].[dbo].[Table_ClassSchedule]
2018.11.03 17:26:26.020 | TRC | 0 | 1 | DatabaseCore：CommandFunctionDB：DELETE FROM EnglishClassShift.[dbo].[Table_ClassShift_2019_08] WHERE [EnglishClassShift].[dbo].[Table_ClassShift_2019_08].EmployeeID='94' 
2018.11.03 17:26:26.027 | TRC | 0 | 1 | DatabaseCore：CommandFunctionDB：Insert into EnglishClassShift.[dbo].[Table_ClassShift_2019_08] Values(94,'7','7','7','休','7','7','休','7','7','7','休','7','7','休','7','7','7','休','7','7','休','7','7','7','休','7','7','休','7','7','7')
2018.11.03 17:26:26.050 | TRC | 0 | 1 | DatabaseCore：CommandFunctionDB：select * FROM [EnglishClassDBtest].[dbo].[Table_ClassSchedule]
2018.11.03 17:26:26.055 | TRC | 0 | 1 | DatabaseCore：CommandFunctionDB：DELETE FROM EnglishClassShift.[dbo].[Table_ClassShift_2019_08] WHERE [EnglishClassShift].[dbo].[Table_ClassShift_2019_08].EmployeeID='95' 
2018.11.03 17:26:26.060 | TRC | 0 | 1 | DatabaseCore：CommandFunctionDB：Insert into EnglishClassShift.[dbo].[Table_ClassShift_2019_08] Values(95,'4','4','4','休','4','4','休','4','4','4','休','4','4','休','4','4','4','休','4','4','休','4','4','4','休','4','4','休','4','4','4')
2018.11.03 17:26:26.078 | TRC | 0 | 1 | DatabaseCore：CommandFunctionDB：select * FROM [EnglishClassDBtest].[dbo].[Table_ClassSchedule]
2018.11.03 17:26:26.084 | TRC | 0 | 1 | DatabaseCore：CommandFunctionDB：DELETE FROM EnglishClassShift.[dbo].[Table_ClassShift_2019_08] WHERE [EnglishClassShift].[dbo].[Table_ClassShift_2019_08].EmployeeID='96' 
2018.11.03 17:26:26.092 | TRC | 0 | 1 | DatabaseCore：CommandFunctionDB：Insert into EnglishClassShift.[dbo].[Table_ClassShift_2019_08] Values(96,'4','4','4','休','4','4','休','4','4','4','休','4','4','休','4','4','4','休','4','4','休','4','4','4','休','4','4','休','4','4','4')
2018.11.03 17:26:26.111 | TRC | 0 | 1 | DatabaseCore：CommandFunctionDB：select * FROM [EnglishClassDBtest].[dbo].[Table_ClassSchedule]
2018.11.03 17:26:26.117 | TRC | 0 | 1 | DatabaseCore：CommandFunctionDB：DELETE FROM EnglishClassShift.[dbo].[Table_ClassShift_2019_08] WHERE [EnglishClassShift].[dbo].[Table_ClassShift_2019_08].EmployeeID='97' 
2018.11.03 17:26:26.122 | TRC | 0 | 1 | DatabaseCore：CommandFunctionDB：Insert into EnglishClassShift.[dbo].[Table_ClassShift_2019_08] Values(97,'3','3','3','休','3','3','休','3','3','3','休','3','3','休','3','3','3','休','3','3','休','3','3','3','休','3','3','休','3','3','3')
2018.11.03 17:26:26.147 | TRC | 0 | 1 | DatabaseCore：CommandFunctionDB：select * FROM [EnglishClassDBtest].[dbo].[Table_ClassSchedule]
2018.11.03 17:26:26.152 | TRC | 0 | 1 | DatabaseCore：CommandFunctionDB：DELETE FROM EnglishClassShift.[dbo].[Table_ClassShift_2019_08] WHERE [EnglishClassShift].[dbo].[Table_ClassShift_2019_08].EmployeeID='98' 
2018.11.03 17:26:26.157 | TRC | 0 | 1 | DatabaseCore：CommandFunctionDB：Insert into EnglishClassShift.[dbo].[Table_ClassShift_2019_08] Values(98,'7','7','7','休','7','7','休','7','7','7','休','7','7','休','7','7','7','休','7','7','休','7','7','7','休','7','7','休','7','7','7')
2018.11.03 17:26:26.167 | TRC | 0 | 1 | DatabaseCore：CommandFunctionDB：Select EmployeeID from EnglishClassDBtest.[dbo].[Table_EmployeeBasic]
2018.11.03 17:26:26.184 | TRC | 0 | 1 | DatabaseCore：CommandFunctionDB：select * FROM [EnglishClassDBtest].[dbo].[Table_ClassSchedule]
2018.11.03 17:26:26.191 | TRC | 0 | 1 | DatabaseCore：CommandFunctionDB：DELETE FROM EnglishClassShift.[dbo].[Table_ClassShift_2019_09] WHERE [EnglishClassShift].[dbo].[Table_ClassShift_2019_09].EmployeeID='88' 
2018.11.03 17:26:26.196 | TRC | 0 | 1 | DatabaseCore：CommandFunctionDB：Insert into EnglishClassShift.[dbo].[Table_ClassShift_2019_09] Values(88,'休','6','6','休','6','6','6','休','6','6','休','6','6','6','休','6','6','休','6','6','6','休','6','6','休','6','6','6','休','6')
2018.11.03 17:26:26.215 | TRC | 0 | 1 | DatabaseCore：CommandFunctionDB：select * FROM [EnglishClassDBtest].[dbo].[Table_ClassSchedule]
2018.11.03 17:26:26.224 | TRC | 0 | 1 | DatabaseCore：CommandFunctionDB：DELETE FROM EnglishClassShift.[dbo].[Table_ClassShift_2019_09] WHERE [EnglishClassShift].[dbo].[Table_ClassShift_2019_09].EmployeeID='89' 
2018.11.03 17:26:26.228 | TRC | 0 | 1 | DatabaseCore：CommandFunctionDB：Insert into EnglishClassShift.[dbo].[Table_ClassShift_2019_09] Values(89,'休','3','3','休','3','3','3','休','3','3','休','3','3','3','休','3','3','休','3','3','3','休','3','3','休','3','3','3','休','3')
2018.11.03 17:26:26.246 | TRC | 0 | 1 | DatabaseCore：CommandFunctionDB：select * FROM [EnglishClassDBtest].[dbo].[Table_ClassSchedule]
2018.11.03 17:26:26.251 | TRC | 0 | 1 | DatabaseCore：CommandFunctionDB：DELETE FROM EnglishClassShift.[dbo].[Table_ClassShift_2019_09] WHERE [EnglishClassShift].[dbo].[Table_ClassShift_2019_09].EmployeeID='90' 
2018.11.03 17:26:26.255 | TRC | 0 | 1 | DatabaseCore：CommandFunctionDB：Insert into EnglishClassShift.[dbo].[Table_ClassShift_2019_09] Values(90,'休','3','3','休','3','3','3','休','3','3','休','3','3','3','休','3','3','休','3','3','3','休','3','3','休','3','3','3','休','3')
2018.11.03 17:26:26.279 | TRC | 0 | 1 | DatabaseCore：CommandFunctionDB：select * FROM [EnglishClassDBtest].[dbo].[Table_ClassSchedule]
2018.11.03 17:26:26.285 | TRC | 0 | 1 | DatabaseCore：CommandFunctionDB：DELETE FROM EnglishClassShift.[dbo].[Table_ClassShift_2019_09] WHERE [EnglishClassShift].[dbo].[Table_ClassShift_2019_09].EmployeeID='91' 
2018.11.03 17:26:26.292 | TRC | 0 | 1 | DatabaseCore：CommandFunctionDB：Insert into EnglishClassShift.[dbo].[Table_ClassShift_2019_09] Values(91,'休','3','3','休','3','3','3','休','3','3','休','3','3','3','休','3','3','休','3','3','3','休','3','3','休','3','3','3','休','3')
2018.11.03 17:26:26.307 | TRC | 0 | 1 | DatabaseCore：CommandFunctionDB：select * FROM [EnglishClassDBtest].[dbo].[Table_ClassSchedule]
2018.11.03 17:26:26.312 | TRC | 0 | 1 | DatabaseCore：CommandFunctionDB：DELETE FROM EnglishClassShift.[dbo].[Table_ClassShift_2019_09] WHERE [EnglishClassShift].[dbo].[Table_ClassShift_2019_09].EmployeeID='92' 
2018.11.03 17:26:26.317 | TRC | 0 | 1 | DatabaseCore：CommandFunctionDB：Insert into EnglishClassShift.[dbo].[Table_ClassShift_2019_09] Values(92,'休','1','1','休','1','1','1','休','1','1','休','1','1','1','休','1','1','休','1','1','1','休','1','1','休','1','1','1','休','1')
2018.11.03 17:26:26.338 | TRC | 0 | 1 | DatabaseCore：CommandFunctionDB：select * FROM [EnglishClassDBtest].[dbo].[Table_ClassSchedule]
2018.11.03 17:26:26.344 | TRC | 0 | 1 | DatabaseCore：CommandFunctionDB：DELETE FROM EnglishClassShift.[dbo].[Table_ClassShift_2019_09] WHERE [EnglishClassShift].[dbo].[Table_ClassShift_2019_09].EmployeeID='93' 
2018.11.03 17:26:26.354 | TRC | 0 | 1 | DatabaseCore：CommandFunctionDB：Insert into EnglishClassShift.[dbo].[Table_ClassShift_2019_09] Values(93,'休','3','3','休','3','3','3','休','3','3','休','3','3','3','休','3','3','休','3','3','3','休','3','3','休','3','3','3','休','3')
2018.11.03 17:26:26.375 | TRC | 0 | 1 | DatabaseCore：CommandFunctionDB：select * FROM [EnglishClassDBtest].[dbo].[Table_ClassSchedule]
2018.11.03 17:26:26.385 | TRC | 0 | 1 | DatabaseCore：CommandFunctionDB：DELETE FROM EnglishClassShift.[dbo].[Table_ClassShift_2019_09] WHERE [EnglishClassShift].[dbo].[Table_ClassShift_2019_09].EmployeeID='94' 
2018.11.03 17:26:26.390 | TRC | 0 | 1 | DatabaseCore：CommandFunctionDB：Insert into EnglishClassShift.[dbo].[Table_ClassShift_2019_09] Values(94,'休','7','7','休','7','7','7','休','7','7','休','7','7','7','休','7','7','休','7','7','7','休','7','7','休','7','7','7','休','7')
2018.11.03 17:26:26.436 | TRC | 0 | 1 | DatabaseCore：CommandFunctionDB：select * FROM [EnglishClassDBtest].[dbo].[Table_ClassSchedule]
2018.11.03 17:26:26.441 | TRC | 0 | 1 | DatabaseCore：CommandFunctionDB：DELETE FROM EnglishClassShift.[dbo].[Table_ClassShift_2019_09] WHERE [EnglishClassShift].[dbo].[Table_ClassShift_2019_09].EmployeeID='95' 
2018.11.03 17:26:26.452 | TRC | 0 | 1 | DatabaseCore：CommandFunctionDB：Insert into EnglishClassShift.[dbo].[Table_ClassShift_2019_09] Values(95,'休','4','4','休','4','4','4','休','4','4','休','4','4','4','休','4','4','休','4','4','4','休','4','4','休','4','4','4','休','4')
2018.11.03 17:26:26.468 | TRC | 0 | 1 | DatabaseCore：CommandFunctionDB：select * FROM [EnglishClassDBtest].[dbo].[Table_ClassSchedule]
2018.11.03 17:26:26.474 | TRC | 0 | 1 | DatabaseCore：CommandFunctionDB：DELETE FROM EnglishClassShift.[dbo].[Table_ClassShift_2019_09] WHERE [EnglishClassShift].[dbo].[Table_ClassShift_2019_09].EmployeeID='96' 
2018.11.03 17:26:26.484 | TRC | 0 | 1 | DatabaseCore：CommandFunctionDB：Insert into EnglishClassShift.[dbo].[Table_ClassShift_2019_09] Values(96,'休','4','4','休','4','4','4','休','4','4','休','4','4','4','休','4','4','休','4','4','4','休','4','4','休','4','4','4','休','4')
2018.11.03 17:26:26.508 | TRC | 0 | 1 | DatabaseCore：CommandFunctionDB：select * FROM [EnglishClassDBtest].[dbo].[Table_ClassSchedule]
2018.11.03 17:26:26.514 | TRC | 0 | 1 | DatabaseCore：CommandFunctionDB：DELETE FROM EnglishClassShift.[dbo].[Table_ClassShift_2019_09] WHERE [EnglishClassShift].[dbo].[Table_ClassShift_2019_09].EmployeeID='97' 
2018.11.03 17:26:26.519 | TRC | 0 | 1 | DatabaseCore：CommandFunctionDB：Insert into EnglishClassShift.[dbo].[Table_ClassShift_2019_09] Values(97,'休','3','3','休','3','3','3','休','3','3','休','3','3','3','休','3','3','休','3','3','3','休','3','3','休','3','3','3','休','3')
2018.11.03 17:26:26.550 | TRC | 0 | 1 | DatabaseCore：CommandFunctionDB：select * FROM [EnglishClassDBtest].[dbo].[Table_ClassSchedule]
2018.11.03 17:26:26.557 | TRC | 0 | 1 | DatabaseCore：CommandFunctionDB：DELETE FROM EnglishClassShift.[dbo].[Table_ClassShift_2019_09] WHERE [EnglishClassShift].[dbo].[Table_ClassShift_2019_09].EmployeeID='98' 
2018.11.03 17:26:26.563 | TRC | 0 | 1 | DatabaseCore：CommandFunctionDB：Insert into EnglishClassShift.[dbo].[Table_ClassShift_2019_09] Values(98,'休','7','7','休','7','7','7','休','7','7','休','7','7','7','休','7','7','休','7','7','7','休','7','7','休','7','7','7','休','7')
2018.11.03 17:26:26.576 | TRC | 0 | 1 | DatabaseCore：CommandFunctionDB：Select EmployeeID from EnglishClassDBtest.[dbo].[Table_EmployeeBasic]
2018.11.03 17:26:26.593 | TRC | 0 | 1 | DatabaseCore：CommandFunctionDB：select * FROM [EnglishClassDBtest].[dbo].[Table_ClassSchedule]
2018.11.03 17:26:26.601 | TRC | 0 | 1 | DatabaseCore：CommandFunctionDB：DELETE FROM EnglishClassShift.[dbo].[Table_ClassShift_2019_10] WHERE [EnglishClassShift].[dbo].[Table_ClassShift_2019_10].EmployeeID='88' 
2018.11.03 17:26:26.607 | TRC | 0 | 1 | DatabaseCore：CommandFunctionDB：Insert into EnglishClassShift.[dbo].[Table_ClassShift_2019_10] Values(88,'6','休','6','6','6','休','6','6','休','6','6','6','休','6','6','休','6','6','6','休','6','6','休','6','6','6','休','6','6','休','6')
2018.11.03 17:26:26.628 | TRC | 0 | 1 | DatabaseCore：CommandFunctionDB：select * FROM [EnglishClassDBtest].[dbo].[Table_ClassSchedule]
2018.11.03 17:26:26.635 | TRC | 0 | 1 | DatabaseCore：CommandFunctionDB：DELETE FROM EnglishClassShift.[dbo].[Table_ClassShift_2019_10] WHERE [EnglishClassShift].[dbo].[Table_ClassShift_2019_10].EmployeeID='89' 
2018.11.03 17:26:26.640 | TRC | 0 | 1 | DatabaseCore：CommandFunctionDB：Insert into EnglishClassShift.[dbo].[Table_ClassShift_2019_10] Values(89,'3','休','3','3','3','休','3','3','休','3','3','3','休','3','3','休','3','3','3','休','3','3','休','3','3','3','休','3','3','休','3')
2018.11.03 17:26:26.658 | TRC | 0 | 1 | DatabaseCore：CommandFunctionDB：select * FROM [EnglishClassDBtest].[dbo].[Table_ClassSchedule]
2018.11.03 17:26:26.662 | TRC | 0 | 1 | DatabaseCore：CommandFunctionDB：DELETE FROM EnglishClassShift.[dbo].[Table_ClassShift_2019_10] WHERE [EnglishClassShift].[dbo].[Table_ClassShift_2019_10].EmployeeID='90' 
2018.11.03 17:26:26.667 | TRC | 0 | 1 | DatabaseCore：CommandFunctionDB：Insert into EnglishClassShift.[dbo].[Table_ClassShift_2019_10] Values(90,'3','休','3','3','3','休','3','3','休','3','3','3','休','3','3','休','3','3','3','休','3','3','休','3','3','3','休','3','3','休','3')
2018.11.03 17:26:26.689 | TRC | 0 | 1 | DatabaseCore：CommandFunctionDB：select * FROM [EnglishClassDBtest].[dbo].[Table_ClassSchedule]
2018.11.03 17:26:26.692 | TRC | 0 | 1 | DatabaseCore：CommandFunctionDB：DELETE FROM EnglishClassShift.[dbo].[Table_ClassShift_2019_10] WHERE [EnglishClassShift].[dbo].[Table_ClassShift_2019_10].EmployeeID='91' 
2018.11.03 17:26:26.697 | TRC | 0 | 1 | DatabaseCore：CommandFunctionDB：Insert into EnglishClassShift.[dbo].[Table_ClassShift_2019_10] Values(91,'3','休','3','3','3','休','3','3','休','3','3','3','休','3','3','休','3','3','3','休','3','3','休','3','3','3','休','3','3','休','3')
2018.11.03 17:26:26.713 | TRC | 0 | 1 | DatabaseCore：CommandFunctionDB：select * FROM [EnglishClassDBtest].[dbo].[Table_ClassSchedule]
2018.11.03 17:26:26.717 | TRC | 0 | 1 | DatabaseCore：CommandFunctionDB：DELETE FROM EnglishClassShift.[dbo].[Table_ClassShift_2019_10] WHERE [EnglishClassShift].[dbo].[Table_ClassShift_2019_10].EmployeeID='92' 
2018.11.03 17:26:26.720 | TRC | 0 | 1 | DatabaseCore：CommandFunctionDB：Insert into EnglishClassShift.[dbo].[Table_ClassShift_2019_10] Values(92,'1','休','1','1','1','休','1','1','休','1','1','1','休','1','1','休','1','1','1','休','1','1','休','1','1','1','休','1','1','休','1')
2018.11.03 17:26:26.739 | TRC | 0 | 1 | DatabaseCore：CommandFunctionDB：select * FROM [EnglishClassDBtest].[dbo].[Table_ClassSchedule]
2018.11.03 17:26:26.743 | TRC | 0 | 1 | DatabaseCore：CommandFunctionDB：DELETE FROM EnglishClassShift.[dbo].[Table_ClassShift_2019_10] WHERE [EnglishClassShift].[dbo].[Table_ClassShift_2019_10].EmployeeID='93' 
2018.11.03 17:26:26.748 | TRC | 0 | 1 | DatabaseCore：CommandFunctionDB：Insert into EnglishClassShift.[dbo].[Table_ClassShift_2019_10] Values(93,'3','休','3','3','3','休','3','3','休','3','3','3','休','3','3','休','3','3','3','休','3','3','休','3','3','3','休','3','3','休','3')
2018.11.03 17:26:26.766 | TRC | 0 | 1 | DatabaseCore：CommandFunctionDB：select * FROM [EnglishClassDBtest].[dbo].[Table_ClassSchedule]
2018.11.03 17:26:26.772 | TRC | 0 | 1 | DatabaseCore：CommandFunctionDB：DELETE FROM EnglishClassShift.[dbo].[Table_ClassShift_2019_10] WHERE [EnglishClassShift].[dbo].[Table_ClassShift_2019_10].EmployeeID='94' 
2018.11.03 17:26:26.776 | TRC | 0 | 1 | DatabaseCore：CommandFunctionDB：Insert into EnglishClassShift.[dbo].[Table_ClassShift_2019_10] Values(94,'7','休','7','7','7','休','7','7','休','7','7','7','休','7','7','休','7','7','7','休','7','7','休','7','7','7','休','7','7','休','7')
2018.11.03 17:26:26.794 | TRC | 0 | 1 | DatabaseCore：CommandFunctionDB：select * FROM [EnglishClassDBtest].[dbo].[Table_ClassSchedule]
2018.11.03 17:26:26.799 | TRC | 0 | 1 | DatabaseCore：CommandFunctionDB：DELETE FROM EnglishClassShift.[dbo].[Table_ClassShift_2019_10] WHERE [EnglishClassShift].[dbo].[Table_ClassShift_2019_10].EmployeeID='95' 
2018.11.03 17:26:26.804 | TRC | 0 | 1 | DatabaseCore：CommandFunctionDB：Insert into EnglishClassShift.[dbo].[Table_ClassShift_2019_10] Values(95,'4','休','4','4','4','休','4','4','休','4','4','4','休','4','4','休','4','4','4','休','4','4','休','4','4','4','休','4','4','休','4')
2018.11.03 17:26:26.821 | TRC | 0 | 1 | DatabaseCore：CommandFunctionDB：select * FROM [EnglishClassDBtest].[dbo].[Table_ClassSchedule]
2018.11.03 17:26:26.829 | TRC | 0 | 1 | DatabaseCore：CommandFunctionDB：DELETE FROM EnglishClassShift.[dbo].[Table_ClassShift_2019_10] WHERE [EnglishClassShift].[dbo].[Table_ClassShift_2019_10].EmployeeID='96' 
2018.11.03 17:26:26.836 | TRC | 0 | 1 | DatabaseCore：CommandFunctionDB：Insert into EnglishClassShift.[dbo].[Table_ClassShift_2019_10] Values(96,'4','休','4','4','4','休','4','4','休','4','4','4','休','4','4','休','4','4','4','休','4','4','休','4','4','4','休','4','4','休','4')
2018.11.03 17:26:26.857 | TRC | 0 | 1 | DatabaseCore：CommandFunctionDB：select * FROM [EnglishClassDBtest].[dbo].[Table_ClassSchedule]
2018.11.03 17:26:26.865 | TRC | 0 | 1 | DatabaseCore：CommandFunctionDB：DELETE FROM EnglishClassShift.[dbo].[Table_ClassShift_2019_10] WHERE [EnglishClassShift].[dbo].[Table_ClassShift_2019_10].EmployeeID='97' 
2018.11.03 17:26:26.870 | TRC | 0 | 1 | DatabaseCore：CommandFunctionDB：Insert into EnglishClassShift.[dbo].[Table_ClassShift_2019_10] Values(97,'3','休','3','3','3','休','3','3','休','3','3','3','休','3','3','休','3','3','3','休','3','3','休','3','3','3','休','3','3','休','3')
2018.11.03 17:26:26.888 | TRC | 0 | 1 | DatabaseCore：CommandFunctionDB：select * FROM [EnglishClassDBtest].[dbo].[Table_ClassSchedule]
2018.11.03 17:26:26.896 | TRC | 0 | 1 | DatabaseCore：CommandFunctionDB：DELETE FROM EnglishClassShift.[dbo].[Table_ClassShift_2019_10] WHERE [EnglishClassShift].[dbo].[Table_ClassShift_2019_10].EmployeeID='98' 
2018.11.03 17:26:26.907 | TRC | 0 | 1 | DatabaseCore：CommandFunctionDB：Insert into EnglishClassShift.[dbo].[Table_ClassShift_2019_10] Values(98,'7','休','7','7','7','休','7','7','休','7','7','7','休','7','7','休','7','7','7','休','7','7','休','7','7','7','休','7','7','休','7')
2018.11.03 17:26:26.914 | TRC | 0 | 1 | DatabaseCore：CommandFunctionDB：Select EmployeeID from EnglishClassDBtest.[dbo].[Table_EmployeeBasic]
2018.11.03 17:26:26.930 | TRC | 0 | 1 | DatabaseCore：CommandFunctionDB：select * FROM [EnglishClassDBtest].[dbo].[Table_ClassSchedule]
2018.11.03 17:26:26.937 | TRC | 0 | 1 | DatabaseCore：CommandFunctionDB：DELETE FROM EnglishClassShift.[dbo].[Table_ClassShift_2019_11] WHERE [EnglishClassShift].[dbo].[Table_ClassShift_2019_11].EmployeeID='88' 
2018.11.03 17:26:26.941 | TRC | 0 | 1 | DatabaseCore：CommandFunctionDB：Insert into EnglishClassShift.[dbo].[Table_ClassShift_2019_11] Values(88,'6','6','休','6','6','休','6','6','6','休','6','6','休','6','6','6','休','6','6','休','6','6','6','休','6','6','休','6','6','6')
2018.11.03 17:26:26.954 | TRC | 0 | 1 | DatabaseCore：CommandFunctionDB：select * FROM [EnglishClassDBtest].[dbo].[Table_ClassSchedule]
2018.11.03 17:26:26.964 | TRC | 0 | 1 | DatabaseCore：CommandFunctionDB：DELETE FROM EnglishClassShift.[dbo].[Table_ClassShift_2019_11] WHERE [EnglishClassShift].[dbo].[Table_ClassShift_2019_11].EmployeeID='89' 
2018.11.03 17:26:26.968 | TRC | 0 | 1 | DatabaseCore：CommandFunctionDB：Insert into EnglishClassShift.[dbo].[Table_ClassShift_2019_11] Values(89,'3','3','休','3','3','休','3','3','3','休','3','3','休','3','3','3','休','3','3','休','3','3','3','休','3','3','休','3','3','3')
2018.11.03 17:26:26.983 | TRC | 0 | 1 | DatabaseCore：CommandFunctionDB：select * FROM [EnglishClassDBtest].[dbo].[Table_ClassSchedule]
2018.11.03 17:26:26.988 | TRC | 0 | 1 | DatabaseCore：CommandFunctionDB：DELETE FROM EnglishClassShift.[dbo].[Table_ClassShift_2019_11] WHERE [EnglishClassShift].[dbo].[Table_ClassShift_2019_11].EmployeeID='90' 
2018.11.03 17:26:26.994 | TRC | 0 | 1 | DatabaseCore：CommandFunctionDB：Insert into EnglishClassShift.[dbo].[Table_ClassShift_2019_11] Values(90,'3','3','休','3','3','休','3','3','3','休','3','3','休','3','3','3','休','3','3','休','3','3','3','休','3','3','休','3','3','3')
2018.11.03 17:26:27.011 | TRC | 0 | 1 | DatabaseCore：CommandFunctionDB：select * FROM [EnglishClassDBtest].[dbo].[Table_ClassSchedule]
2018.11.03 17:26:27.016 | TRC | 0 | 1 | DatabaseCore：CommandFunctionDB：DELETE FROM EnglishClassShift.[dbo].[Table_ClassShift_2019_11] WHERE [EnglishClassShift].[dbo].[Table_ClassShift_2019_11].EmployeeID='91' 
2018.11.03 17:26:27.020 | TRC | 0 | 1 | DatabaseCore：CommandFunctionDB：Insert into EnglishClassShift.[dbo].[Table_ClassShift_2019_11] Values(91,'3','3','休','3','3','休','3','3','3','休','3','3','休','3','3','3','休','3','3','休','3','3','3','休','3','3','休','3','3','3')
2018.11.03 17:26:27.038 | TRC | 0 | 1 | DatabaseCore：CommandFunctionDB：select * FROM [EnglishClassDBtest].[dbo].[Table_ClassSchedule]
2018.11.03 17:26:27.043 | TRC | 0 | 1 | DatabaseCore：CommandFunctionDB：DELETE FROM EnglishClassShift.[dbo].[Table_ClassShift_2019_11] WHERE [EnglishClassShift].[dbo].[Table_ClassShift_2019_11].EmployeeID='92' 
2018.11.03 17:26:27.048 | TRC | 0 | 1 | DatabaseCore：CommandFunctionDB：Insert into EnglishClassShift.[dbo].[Table_ClassShift_2019_11] Values(92,'1','1','休','1','1','休','1','1','1','休','1','1','休','1','1','1','休','1','1','休','1','1','1','休','1','1','休','1','1','1')
2018.11.03 17:26:27.066 | TRC | 0 | 1 | DatabaseCore：CommandFunctionDB：select * FROM [EnglishClassDBtest].[dbo].[Table_ClassSchedule]
2018.11.03 17:26:27.071 | TRC | 0 | 1 | DatabaseCore：CommandFunctionDB：DELETE FROM EnglishClassShift.[dbo].[Table_ClassShift_2019_11] WHERE [EnglishClassShift].[dbo].[Table_ClassShift_2019_11].EmployeeID='93' 
2018.11.03 17:26:27.075 | TRC | 0 | 1 | DatabaseCore：CommandFunctionDB：Insert into EnglishClassShift.[dbo].[Table_ClassShift_2019_11] Values(93,'3','3','休','3','3','休','3','3','3','休','3','3','休','3','3','3','休','3','3','休','3','3','3','休','3','3','休','3','3','3')
2018.11.03 17:26:27.090 | TRC | 0 | 1 | DatabaseCore：CommandFunctionDB：select * FROM [EnglishClassDBtest].[dbo].[Table_ClassSchedule]
2018.11.03 17:26:27.098 | TRC | 0 | 1 | DatabaseCore：CommandFunctionDB：DELETE FROM EnglishClassShift.[dbo].[Table_ClassShift_2019_11] WHERE [EnglishClassShift].[dbo].[Table_ClassShift_2019_11].EmployeeID='94' 
2018.11.03 17:26:27.103 | TRC | 0 | 1 | DatabaseCore：CommandFunctionDB：Insert into EnglishClassShift.[dbo].[Table_ClassShift_2019_11] Values(94,'7','7','休','7','7','休','7','7','7','休','7','7','休','7','7','7','休','7','7','休','7','7','7','休','7','7','休','7','7','7')
2018.11.03 17:26:27.123 | TRC | 0 | 1 | DatabaseCore：CommandFunctionDB：select * FROM [EnglishClassDBtest].[dbo].[Table_ClassSchedule]
2018.11.03 17:26:27.128 | TRC | 0 | 1 | DatabaseCore：CommandFunctionDB：DELETE FROM EnglishClassShift.[dbo].[Table_ClassShift_2019_11] WHERE [EnglishClassShift].[dbo].[Table_ClassShift_2019_11].EmployeeID='95' 
2018.11.03 17:26:27.134 | TRC | 0 | 1 | DatabaseCore：CommandFunctionDB：Insert into EnglishClassShift.[dbo].[Table_ClassShift_2019_11] Values(95,'4','4','休','4','4','休','4','4','4','休','4','4','休','4','4','4','休','4','4','休','4','4','4','休','4','4','休','4','4','4')
2018.11.03 17:26:27.154 | TRC | 0 | 1 | DatabaseCore：CommandFunctionDB：select * FROM [EnglishClassDBtest].[dbo].[Table_ClassSchedule]
2018.11.03 17:26:27.160 | TRC | 0 | 1 | DatabaseCore：CommandFunctionDB：DELETE FROM EnglishClassShift.[dbo].[Table_ClassShift_2019_11] WHERE [EnglishClassShift].[dbo].[Table_ClassShift_2019_11].EmployeeID='96' 
2018.11.03 17:26:27.168 | TRC | 0 | 1 | DatabaseCore：CommandFunctionDB：Insert into EnglishClassShift.[dbo].[Table_ClassShift_2019_11] Values(96,'4','4','休','4','4','休','4','4','4','休','4','4','休','4','4','4','休','4','4','休','4','4','4','休','4','4','休','4','4','4')
2018.11.03 17:26:27.189 | TRC | 0 | 1 | DatabaseCore：CommandFunctionDB：select * FROM [EnglishClassDBtest].[dbo].[Table_ClassSchedule]
2018.11.03 17:26:27.195 | TRC | 0 | 1 | DatabaseCore：CommandFunctionDB：DELETE FROM EnglishClassShift.[dbo].[Table_ClassShift_2019_11] WHERE [EnglishClassShift].[dbo].[Table_ClassShift_2019_11].EmployeeID='97' 
2018.11.03 17:26:27.202 | TRC | 0 | 1 | DatabaseCore：CommandFunctionDB：Insert into EnglishClassShift.[dbo].[Table_ClassShift_2019_11] Values(97,'3','3','休','3','3','休','3','3','3','休','3','3','休','3','3','3','休','3','3','休','3','3','3','休','3','3','休','3','3','3')
2018.11.03 17:26:27.218 | TRC | 0 | 1 | DatabaseCore：CommandFunctionDB：select * FROM [EnglishClassDBtest].[dbo].[Table_ClassSchedule]
2018.11.03 17:26:27.223 | TRC | 0 | 1 | DatabaseCore：CommandFunctionDB：DELETE FROM EnglishClassShift.[dbo].[Table_ClassShift_2019_11] WHERE [EnglishClassShift].[dbo].[Table_ClassShift_2019_11].EmployeeID='98' 
2018.11.03 17:26:27.227 | TRC | 0 | 1 | DatabaseCore：CommandFunctionDB：Insert into EnglishClassShift.[dbo].[Table_ClassShift_2019_11] Values(98,'7','7','休','7','7','休','7','7','7','休','7','7','休','7','7','7','休','7','7','休','7','7','7','休','7','7','休','7','7','7')
2018.11.03 17:26:27.239 | TRC | 0 | 1 | DatabaseCore：CommandFunctionDB：Select EnglishClassShift.dbo.Table_ClassShift_2018_11.EmployeeID, EnglishClassShift.dbo.Table_ClassShift_2018_11.D03  from  EnglishClassShift.dbo.Table_ClassShift_2018_11
2018.11.03 17:26:27.374 | TRC | 0 | 1 | DatabaseCore：CommandFunctionDB：Select * from Table_AuthorityManagement
2018.11.03 17:26:34.729 | TRC | 0 | 0 | DatabaseCore：CommandFunctionDB： Select Table_StudentBasic.StudentID, Table_StudentBasic.CardNumber, Table_StudentBasic.TwName, Table_StudentBasic.EnName, Table_StudentBasic.Home, Table_StudentBasic.PhoneNumber,Table_StudentBasic.School,Table_StudentBasic.Senior, Table_StudentBasic.Onschool, Table_StudentBook.Parents1, Table_StudentBook.Parents1PhoneNumber,Table_StudentBook.Parents2, Table_StudentBook.Parents2PhoneNumber, Table_StudentBook.Parents3, Table_StudentBook.Parents3PhoneNumber From Table_StudentBasic left join Table_StudentBook On  Table_StudentBasic.StudentID =  Table_StudentBook.StudentID Where  Table_StudentBasic.StudentID like '%%'  And Table_StudentBasic.TwName like '%%'  And Table_StudentBasic.Onschool like '%Y%'  ORDER BY Table_StudentBasic.StudentID OFFSET 0 ROWS FETCH NEXT 20 ROWS ONLY
2018.11.03 17:26:39.271 | TRC | 0 | 0 | 學生通訊錄：btnSelect
2018.11.03 17:26:39.271 | TRC | 0 | 0 | DatabaseCore：CommandFunctionDB： Select Table_StudentBasic.StudentID, Table_StudentBasic.CardNumber, Table_StudentBasic.TwName, Table_StudentBasic.EnName, Table_StudentBasic.Home, Table_StudentBasic.PhoneNumber,Table_StudentBasic.School,Table_StudentBasic.Senior, Table_StudentBasic.Onschool, Table_StudentBook.Parents1, Table_StudentBook.Parents1PhoneNumber,Table_StudentBook.Parents2, Table_StudentBook.Parents2PhoneNumber, Table_StudentBook.Parents3, Table_StudentBook.Parents3PhoneNumber From Table_StudentBasic left join Table_StudentBook On  Table_StudentBasic.StudentID =  Table_StudentBook.StudentID Where  Table_StudentBasic.StudentID like '%%'  And Table_StudentBasic.TwName like '%Ou1%'  And Table_StudentBasic.Onschool like '%Y%'  ORDER BY Table_StudentBasic.StudentID OFFSET 0 ROWS FETCH NEXT 20 ROWS ONLY
2018.11.03 17:26:57.918 | TRC | 0 | 0 | hide form
2018.11.03 17:39:14.968 | TRC | 0 | 0 | start log
2018.11.03 17:39:38.288 | TRC | 0 | 0 | 學生通訊錄：btnUpdate
2018.11.03 17:39:56.310 | TRC | 0 | 0 | hide form
2018.11.03 17:42:11.290 | TRC | 0 | 0 | start log
2018.11.03 17:42:18.764 | TRC | 0 | 0 | 學生通訊錄：frmStudentBook_Load
2018.11.03 17:58:41.781 | TRC | 0 | 0 | start log
2018.11.03 18:00:29.407 | TRC | 0 | 0 | start log
2018.11.03 18:03:03.676 | TRC | 0 | 0 | start log
2018.11.03 18:11:58.856 | TRC | 0 | 0 | start log
2018.11.03 18:12:33.676 | TRC | 0 | 0 | start log
2018.11.03 18:13:19.525 | TRC | 0 | 0 | start log
2018.11.03 18:13:53.970 | TRC | 0 | 0 | start log
2018.11.03 18:18:26.748 | TRC | 0 | 0 | start log
2018.11.03 18:22:53.913 | TRC | 0 | 0 | start log
2018.11.03 18:26:33.629 | TRC | 0 | 0 | start log
2018.11.03 20:05:17.059 | TRC | 0 | 0 | start log
2018.11.03 20:12:07.606 | TRC | 0 | 0 | start log
