2019.04.11 10:09:54.177 | TRC | 0 | 0 | start log
2019.04.11 10:09:54.592 | TRC | 0 | 2 | SmartCardReader：Ouch: Cannot find a smart card reader. (NoReadersAvailable)
2019.04.11 10:09:54.724 | TRC | 0 | 1 | DB initial count：1
2019.04.11 10:09:54.792 | TRC | 0 | 2 | SmartCardReader：Ouch: Cannot find a smart card reader. (NoReadersAvailable)
2019.04.11 10:09:55.252 | TRC | 0 | 2 | SmartCardReader：Ouch: Cannot find a smart card reader. (NoReadersAvailable)
2019.04.11 10:09:55.752 | TRC | 0 | 2 | SmartCardReader：Ouch: Cannot find a smart card reader. (NoReadersAvailable)
2019.04.11 10:09:56.277 | TRC | 0 | 2 | SmartCardReader：Ouch: Cannot find a smart card reader. (NoReadersAvailable)
2019.04.11 10:09:56.816 | TRC | 0 | 2 | SmartCardReader：Ouch: Cannot find a smart card reader. (NoReadersAvailable)
2019.04.11 10:09:57.255 | TRC | 0 | 2 | SmartCardReader：Ouch: Cannot find a smart card reader. (NoReadersAvailable)
2019.04.11 10:09:57.757 | TRC | 0 | 1 | SmartCardReader：Ouch: Cannot find a smart card reader. (NoReadersAvailable)
2019.04.11 10:09:58.256 | TRC | 0 | 1 | SmartCardReader：Ouch: Cannot find a smart card reader. (NoReadersAvailable)
2019.04.11 10:09:58.780 | TRC | 0 | 1 | SmartCardReader：Ouch: Cannot find a smart card reader. (NoReadersAvailable)
2019.04.11 10:09:59.260 | TRC | 0 | 1 | SmartCardReader：Ouch: Cannot find a smart card reader. (NoReadersAvailable)
2019.04.11 10:09:59.762 | TRC | 0 | 1 | SmartCardReader：Ouch: Cannot find a smart card reader. (NoReadersAvailable)
2019.04.11 10:10:00.276 | TRC | 0 | 1 | SmartCardReader：Ouch: Cannot find a smart card reader. (NoReadersAvailable)
2019.04.11 10:10:00.760 | TRC | 0 | 1 | SmartCardReader：Ouch: Cannot find a smart card reader. (NoReadersAvailable)
2019.04.11 10:10:01.261 | TRC | 0 | 1 | SmartCardReader：Ouch: Cannot find a smart card reader. (NoReadersAvailable)
2019.04.11 10:10:01.783 | TRC | 0 | 1 | SmartCardReader：Ouch: Cannot find a smart card reader. (NoReadersAvailable)
2019.04.11 10:10:02.264 | TRC | 0 | 1 | SmartCardReader：Ouch: Cannot find a smart card reader. (NoReadersAvailable)
2019.04.11 10:10:02.761 | TRC | 0 | 1 | SmartCardReader：Ouch: Cannot find a smart card reader. (NoReadersAvailable)
2019.04.11 10:10:03.298 | TRC | 0 | 1 | SmartCardReader：Ouch: Cannot find a smart card reader. (NoReadersAvailable)
2019.04.11 10:10:03.833 | TRC | 0 | 1 | SmartCardReader：Ouch: Cannot find a smart card reader. (NoReadersAvailable)
2019.04.11 10:10:04.268 | TRC | 0 | 1 | SmartCardReader：Ouch: Cannot find a smart card reader. (NoReadersAvailable)
2019.04.11 10:10:04.805 | TRC | 0 | 1 | SmartCardReader：Ouch: Cannot find a smart card reader. (NoReadersAvailable)
2019.04.11 10:10:05.280 | TRC | 0 | 1 | SmartCardReader：Ouch: Cannot find a smart card reader. (NoReadersAvailable)
2019.04.11 10:10:05.792 | TRC | 0 | 1 | SmartCardReader：Ouch: Cannot find a smart card reader. (NoReadersAvailable)
2019.04.11 10:10:06.276 | TRC | 0 | 1 | SmartCardReader：Ouch: Cannot find a smart card reader. (NoReadersAvailable)
2019.04.11 10:10:06.794 | TRC | 0 | 1 | SmartCardReader：Ouch: Cannot find a smart card reader. (NoReadersAvailable)
2019.04.11 10:10:07.275 | TRC | 0 | 1 | SmartCardReader：Ouch: Cannot find a smart card reader. (NoReadersAvailable)
2019.04.11 10:10:07.772 | TRC | 0 | 1 | SmartCardReader：Ouch: Cannot find a smart card reader. (NoReadersAvailable)
2019.04.11 10:10:08.313 | TRC | 0 | 1 | SmartCardReader：Ouch: Cannot find a smart card reader. (NoReadersAvailable)
2019.04.11 10:10:08.792 | TRC | 0 | 1 | SmartCardReader：Ouch: Cannot find a smart card reader. (NoReadersAvailable)
2019.04.11 10:10:09.281 | TRC | 0 | 1 | SmartCardReader：Ouch: Cannot find a smart card reader. (NoReadersAvailable)
2019.04.11 10:10:09.799 | TRC | 0 | 1 | SmartCardReader：Ouch: Cannot find a smart card reader. (NoReadersAvailable)
2019.04.11 10:10:10.279 | TRC | 0 | 1 | SmartCardReader：Ouch: Cannot find a smart card reader. (NoReadersAvailable)
2019.04.11 10:10:10.825 | TRC | 0 | 1 | SmartCardReader：Ouch: Cannot find a smart card reader. (NoReadersAvailable)
2019.04.11 10:10:11.330 | TRC | 0 | 1 | SmartCardReader：Ouch: Cannot find a smart card reader. (NoReadersAvailable)
2019.04.11 10:10:11.793 | TRC | 0 | 1 | SmartCardReader：Ouch: Cannot find a smart card reader. (NoReadersAvailable)
2019.04.11 10:10:12.293 | TRC | 0 | 1 | SmartCardReader：Ouch: Cannot find a smart card reader. (NoReadersAvailable)
2019.04.11 10:10:12.807 | TRC | 0 | 1 | SmartCardReader：Ouch: Cannot find a smart card reader. (NoReadersAvailable)
2019.04.11 10:10:13.328 | TRC | 0 | 1 | SmartCardReader：Ouch: Cannot find a smart card reader. (NoReadersAvailable)
2019.04.11 10:10:13.833 | TRC | 0 | 1 | SmartCardReader：Ouch: Cannot find a smart card reader. (NoReadersAvailable)
2019.04.11 10:10:14.307 | TRC | 0 | 1 | SmartCardReader：Ouch: Cannot find a smart card reader. (NoReadersAvailable)
2019.04.11 10:10:14.795 | TRC | 0 | 1 | SmartCardReader：Ouch: Cannot find a smart card reader. (NoReadersAvailable)
2019.04.11 10:10:15.301 | TRC | 0 | 1 | SmartCardReader：Ouch: Cannot find a smart card reader. (NoReadersAvailable)
2019.04.11 10:10:15.797 | TRC | 0 | 1 | SmartCardReader：Ouch: Cannot find a smart card reader. (NoReadersAvailable)
2019.04.11 10:10:16.298 | TRC | 0 | 1 | SmartCardReader：Ouch: Cannot find a smart card reader. (NoReadersAvailable)
2019.04.11 10:10:16.854 | TRC | 0 | 1 | SmartCardReader：Ouch: Cannot find a smart card reader. (NoReadersAvailable)
2019.04.11 10:10:17.298 | TRC | 0 | 1 | SmartCardReader：Ouch: Cannot find a smart card reader. (NoReadersAvailable)
2019.04.11 10:10:17.803 | TRC | 0 | 1 | SmartCardReader：Ouch: Cannot find a smart card reader. (NoReadersAvailable)
2019.04.11 10:10:18.312 | TRC | 0 | 1 | SmartCardReader：Ouch: Cannot find a smart card reader. (NoReadersAvailable)
2019.04.11 10:10:18.812 | TRC | 0 | 1 | SmartCardReader：Ouch: Cannot find a smart card reader. (NoReadersAvailable)
2019.04.11 10:10:19.350 | TRC | 0 | 1 | SmartCardReader：Ouch: Cannot find a smart card reader. (NoReadersAvailable)
2019.04.11 10:10:19.843 | TRC | 0 | 1 | SmartCardReader：Ouch: Cannot find a smart card reader. (NoReadersAvailable)
2019.04.11 10:10:20.304 | TRC | 0 | 1 | SmartCardReader：Ouch: Cannot find a smart card reader. (NoReadersAvailable)
2019.04.11 10:10:20.811 | TRC | 0 | 1 | SmartCardReader：Ouch: Cannot find a smart card reader. (NoReadersAvailable)
2019.04.11 10:10:21.327 | TRC | 0 | 1 | SmartCardReader：Ouch: Cannot find a smart card reader. (NoReadersAvailable)
2019.04.11 10:10:21.825 | TRC | 0 | 1 | SmartCardReader：Ouch: Cannot find a smart card reader. (NoReadersAvailable)
2019.04.11 10:10:22.362 | TRC | 0 | 1 | SmartCardReader：Ouch: Cannot find a smart card reader. (NoReadersAvailable)
2019.04.11 10:10:22.827 | TRC | 0 | 1 | SmartCardReader：Ouch: Cannot find a smart card reader. (NoReadersAvailable)
2019.04.11 10:10:23.223 | TRC | 0 | 0 | 學生通訊錄：frmStudentBook_Load
2019.04.11 10:10:23.310 | TRC | 0 | 1 | SmartCardReader：Ouch: Cannot find a smart card reader. (NoReadersAvailable)
2019.04.11 10:10:23.816 | TRC | 0 | 1 | SmartCardReader：Ouch: Cannot find a smart card reader. (NoReadersAvailable)
2019.04.11 10:10:24.344 | TRC | 0 | 1 | SmartCardReader：Ouch: Cannot find a smart card reader. (NoReadersAvailable)
2019.04.11 10:10:24.829 | TRC | 0 | 1 | SmartCardReader：Ouch: Cannot find a smart card reader. (NoReadersAvailable)
2019.04.11 10:10:25.324 | TRC | 0 | 1 | SmartCardReader：Ouch: Cannot find a smart card reader. (NoReadersAvailable)
2019.04.11 10:10:25.820 | TRC | 0 | 1 | SmartCardReader：Ouch: Cannot find a smart card reader. (NoReadersAvailable)
2019.04.11 10:10:26.335 | TRC | 0 | 1 | SmartCardReader：Ouch: Cannot find a smart card reader. (NoReadersAvailable)
2019.04.11 10:10:26.875 | TRC | 0 | 1 | SmartCardReader：Ouch: Cannot find a smart card reader. (NoReadersAvailable)
2019.04.11 10:10:27.343 | TRC | 0 | 1 | SmartCardReader：Ouch: Cannot find a smart card reader. (NoReadersAvailable)
2019.04.11 10:10:27.824 | TRC | 0 | 1 | SmartCardReader：Ouch: Cannot find a smart card reader. (NoReadersAvailable)
2019.04.11 10:10:28.347 | TRC | 0 | 1 | SmartCardReader：Ouch: Cannot find a smart card reader. (NoReadersAvailable)
2019.04.11 10:10:28.849 | TRC | 0 | 1 | SmartCardReader：Ouch: Cannot find a smart card reader. (NoReadersAvailable)
2019.04.11 10:10:29.325 | TRC | 0 | 1 | SmartCardReader：Ouch: Cannot find a smart card reader. (NoReadersAvailable)
2019.04.11 10:10:29.837 | TRC | 0 | 1 | SmartCardReader：Ouch: Cannot find a smart card reader. (NoReadersAvailable)
2019.04.11 10:10:30.365 | TRC | 0 | 1 | SmartCardReader：Ouch: Cannot find a smart card reader. (NoReadersAvailable)
2019.04.11 10:10:30.838 | TRC | 0 | 1 | SmartCardReader：Ouch: Cannot find a smart card reader. (NoReadersAvailable)
2019.04.11 10:10:31.372 | TRC | 0 | 1 | SmartCardReader：Ouch: Cannot find a smart card reader. (NoReadersAvailable)
2019.04.11 10:10:31.866 | TRC | 0 | 1 | SmartCardReader：Ouch: Cannot find a smart card reader. (NoReadersAvailable)
2019.04.11 10:10:32.353 | TRC | 0 | 1 | SmartCardReader：Ouch: Cannot find a smart card reader. (NoReadersAvailable)
2019.04.11 10:10:32.838 | TRC | 0 | 1 | SmartCardReader：Ouch: Cannot find a smart card reader. (NoReadersAvailable)
2019.04.11 10:10:33.339 | TRC | 0 | 1 | SmartCardReader：Ouch: Cannot find a smart card reader. (NoReadersAvailable)
2019.04.11 10:10:33.856 | TRC | 0 | 1 | SmartCardReader：Ouch: Cannot find a smart card reader. (NoReadersAvailable)
2019.04.11 10:10:34.342 | TRC | 0 | 1 | SmartCardReader：Ouch: Cannot find a smart card reader. (NoReadersAvailable)
2019.04.11 10:10:34.844 | TRC | 0 | 1 | SmartCardReader：Ouch: Cannot find a smart card reader. (NoReadersAvailable)
2019.04.11 10:10:35.368 | TRC | 0 | 1 | SmartCardReader：Ouch: Cannot find a smart card reader. (NoReadersAvailable)
2019.04.11 10:10:35.842 | TRC | 0 | 1 | SmartCardReader：Ouch: Cannot find a smart card reader. (NoReadersAvailable)
2019.04.11 10:10:36.374 | TRC | 0 | 1 | SmartCardReader：Ouch: Cannot find a smart card reader. (NoReadersAvailable)
2019.04.11 10:10:36.842 | TRC | 0 | 1 | SmartCardReader：Ouch: Cannot find a smart card reader. (NoReadersAvailable)
2019.04.11 10:10:37.363 | TRC | 0 | 1 | SmartCardReader：Ouch: Cannot find a smart card reader. (NoReadersAvailable)
2019.04.11 10:10:37.924 | TRC | 0 | 1 | SmartCardReader：Ouch: Cannot find a smart card reader. (NoReadersAvailable)
2019.04.11 10:10:38.387 | TRC | 0 | 1 | SmartCardReader：Ouch: Cannot find a smart card reader. (NoReadersAvailable)
2019.04.11 10:10:38.872 | TRC | 0 | 1 | SmartCardReader：Ouch: Cannot find a smart card reader. (NoReadersAvailable)
2019.04.11 10:10:39.372 | TRC | 0 | 1 | SmartCardReader：Ouch: Cannot find a smart card reader. (NoReadersAvailable)
2019.04.11 10:10:39.873 | TRC | 0 | 1 | SmartCardReader：Ouch: Cannot find a smart card reader. (NoReadersAvailable)
2019.04.11 10:10:40.403 | TRC | 0 | 1 | SmartCardReader：Ouch: Cannot find a smart card reader. (NoReadersAvailable)
2019.04.11 10:10:40.891 | TRC | 0 | 1 | SmartCardReader：Ouch: Cannot find a smart card reader. (NoReadersAvailable)
2019.04.11 10:10:41.374 | TRC | 0 | 1 | SmartCardReader：Ouch: Cannot find a smart card reader. (NoReadersAvailable)
2019.04.11 10:10:41.877 | TRC | 0 | 1 | SmartCardReader：Ouch: Cannot find a smart card reader. (NoReadersAvailable)
2019.04.11 10:10:42.376 | TRC | 0 | 1 | SmartCardReader：Ouch: Cannot find a smart card reader. (NoReadersAvailable)
2019.04.11 10:10:42.929 | TRC | 0 | 1 | SmartCardReader：Ouch: Cannot find a smart card reader. (NoReadersAvailable)
2019.04.11 10:10:43.442 | TRC | 0 | 1 | SmartCardReader：Ouch: Cannot find a smart card reader. (NoReadersAvailable)
2019.04.11 10:10:43.902 | TRC | 0 | 1 | SmartCardReader：Ouch: Cannot find a smart card reader. (NoReadersAvailable)
2019.04.11 10:10:44.398 | TRC | 0 | 1 | SmartCardReader：Ouch: Cannot find a smart card reader. (NoReadersAvailable)
2019.04.11 10:10:44.909 | TRC | 0 | 1 | SmartCardReader：Ouch: Cannot find a smart card reader. (NoReadersAvailable)
2019.04.11 10:10:45.386 | TRC | 0 | 1 | SmartCardReader：Ouch: Cannot find a smart card reader. (NoReadersAvailable)
2019.04.11 10:10:45.890 | TRC | 0 | 1 | SmartCardReader：Ouch: Cannot find a smart card reader. (NoReadersAvailable)
2019.04.11 10:10:46.442 | TRC | 0 | 1 | SmartCardReader：Ouch: Cannot find a smart card reader. (NoReadersAvailable)
2019.04.11 10:10:46.902 | TRC | 0 | 1 | SmartCardReader：Ouch: Cannot find a smart card reader. (NoReadersAvailable)
2019.04.11 10:10:47.428 | TRC | 0 | 1 | SmartCardReader：Ouch: Cannot find a smart card reader. (NoReadersAvailable)
2019.04.11 10:10:47.893 | TRC | 0 | 1 | SmartCardReader：Ouch: Cannot find a smart card reader. (NoReadersAvailable)
2019.04.11 10:10:48.425 | TRC | 0 | 1 | SmartCardReader：Ouch: Cannot find a smart card reader. (NoReadersAvailable)
2019.04.11 10:10:48.962 | TRC | 0 | 1 | SmartCardReader：Ouch: Cannot find a smart card reader. (NoReadersAvailable)
2019.04.11 10:10:49.397 | TRC | 0 | 1 | SmartCardReader：Ouch: Cannot find a smart card reader. (NoReadersAvailable)
2019.04.11 10:10:49.906 | TRC | 0 | 1 | SmartCardReader：Ouch: Cannot find a smart card reader. (NoReadersAvailable)
2019.04.11 10:10:50.446 | TRC | 0 | 1 | SmartCardReader：Ouch: Cannot find a smart card reader. (NoReadersAvailable)
2019.04.11 10:10:50.919 | TRC | 0 | 1 | SmartCardReader：Ouch: Cannot find a smart card reader. (NoReadersAvailable)
2019.04.11 10:10:51.438 | TRC | 0 | 1 | SmartCardReader：Ouch: Cannot find a smart card reader. (NoReadersAvailable)
2019.04.11 10:10:51.939 | TRC | 0 | 1 | SmartCardReader：Ouch: Cannot find a smart card reader. (NoReadersAvailable)
2019.04.11 10:10:52.455 | TRC | 0 | 1 | SmartCardReader：Ouch: Cannot find a smart card reader. (NoReadersAvailable)
2019.04.11 10:10:52.913 | TRC | 0 | 1 | SmartCardReader：Ouch: Cannot find a smart card reader. (NoReadersAvailable)
2019.04.11 10:10:53.427 | TRC | 0 | 1 | SmartCardReader：Ouch: Cannot find a smart card reader. (NoReadersAvailable)
2019.04.11 10:10:53.907 | TRC | 0 | 1 | SmartCardReader：Ouch: Cannot find a smart card reader. (NoReadersAvailable)
2019.04.11 10:10:54.446 | TRC | 0 | 1 | SmartCardReader：Ouch: Cannot find a smart card reader. (NoReadersAvailable)
2019.04.11 10:10:54.940 | TRC | 0 | 1 | SmartCardReader：Ouch: Cannot find a smart card reader. (NoReadersAvailable)
2019.04.11 10:10:55.437 | TRC | 0 | 1 | SmartCardReader：Ouch: Cannot find a smart card reader. (NoReadersAvailable)
2019.04.11 10:10:55.931 | TRC | 0 | 1 | SmartCardReader：Ouch: Cannot find a smart card reader. (NoReadersAvailable)
2019.04.11 10:10:56.440 | TRC | 0 | 1 | SmartCardReader：Ouch: Cannot find a smart card reader. (NoReadersAvailable)
2019.04.11 10:10:56.956 | TRC | 0 | 1 | SmartCardReader：Ouch: Cannot find a smart card reader. (NoReadersAvailable)
2019.04.11 10:10:57.473 | TRC | 0 | 1 | SmartCardReader：Ouch: Cannot find a smart card reader. (NoReadersAvailable)
2019.04.11 10:10:57.943 | TRC | 0 | 1 | SmartCardReader：Ouch: Cannot find a smart card reader. (NoReadersAvailable)
2019.04.11 10:10:58.428 | TRC | 0 | 1 | SmartCardReader：Ouch: Cannot find a smart card reader. (NoReadersAvailable)
2019.04.11 10:10:58.925 | TRC | 0 | 1 | SmartCardReader：Ouch: Cannot find a smart card reader. (NoReadersAvailable)
2019.04.11 10:10:59.429 | TRC | 0 | 1 | SmartCardReader：Ouch: Cannot find a smart card reader. (NoReadersAvailable)
2019.04.11 10:10:59.948 | TRC | 0 | 1 | SmartCardReader：Ouch: Cannot find a smart card reader. (NoReadersAvailable)
2019.04.11 10:11:00.426 | TRC | 0 | 1 | SmartCardReader：Ouch: Cannot find a smart card reader. (NoReadersAvailable)
2019.04.11 10:11:00.964 | TRC | 0 | 1 | SmartCardReader：Ouch: Cannot find a smart card reader. (NoReadersAvailable)
2019.04.11 10:11:01.437 | TRC | 0 | 1 | SmartCardReader：Ouch: Cannot find a smart card reader. (NoReadersAvailable)
2019.04.11 10:11:01.958 | TRC | 0 | 1 | SmartCardReader：Ouch: Cannot find a smart card reader. (NoReadersAvailable)
2019.04.11 10:11:02.451 | TRC | 0 | 1 | SmartCardReader：Ouch: Cannot find a smart card reader. (NoReadersAvailable)
2019.04.11 10:11:02.958 | TRC | 0 | 1 | SmartCardReader：Ouch: Cannot find a smart card reader. (NoReadersAvailable)
2019.04.11 10:11:03.435 | TRC | 0 | 1 | SmartCardReader：Ouch: Cannot find a smart card reader. (NoReadersAvailable)
2019.04.11 10:11:03.931 | TRC | 0 | 1 | SmartCardReader：Ouch: Cannot find a smart card reader. (NoReadersAvailable)
2019.04.11 10:11:04.475 | TRC | 0 | 1 | SmartCardReader：Ouch: Cannot find a smart card reader. (NoReadersAvailable)
2019.04.11 10:11:04.943 | TRC | 0 | 1 | SmartCardReader：Ouch: Cannot find a smart card reader. (NoReadersAvailable)
2019.04.11 10:11:05.453 | TRC | 0 | 1 | SmartCardReader：Ouch: Cannot find a smart card reader. (NoReadersAvailable)
2019.04.11 10:11:05.970 | TRC | 0 | 1 | SmartCardReader：Ouch: Cannot find a smart card reader. (NoReadersAvailable)
2019.04.11 10:11:06.434 | TRC | 0 | 1 | SmartCardReader：Ouch: Cannot find a smart card reader. (NoReadersAvailable)
2019.04.11 10:11:06.940 | TRC | 0 | 1 | SmartCardReader：Ouch: Cannot find a smart card reader. (NoReadersAvailable)
2019.04.11 10:11:07.459 | TRC | 0 | 1 | SmartCardReader：Ouch: Cannot find a smart card reader. (NoReadersAvailable)
2019.04.11 10:11:07.960 | TRC | 0 | 1 | SmartCardReader：Ouch: Cannot find a smart card reader. (NoReadersAvailable)
2019.04.11 10:11:08.461 | TRC | 0 | 1 | SmartCardReader：Ouch: Cannot find a smart card reader. (NoReadersAvailable)
2019.04.11 10:11:08.985 | TRC | 0 | 1 | SmartCardReader：Ouch: Cannot find a smart card reader. (NoReadersAvailable)
2019.04.11 10:11:09.458 | TRC | 0 | 1 | SmartCardReader：Ouch: Cannot find a smart card reader. (NoReadersAvailable)
2019.04.11 10:11:09.978 | TRC | 0 | 1 | SmartCardReader：Ouch: Cannot find a smart card reader. (NoReadersAvailable)
2019.04.11 10:11:10.446 | TRC | 0 | 1 | SmartCardReader：Ouch: Cannot find a smart card reader. (NoReadersAvailable)
2019.04.11 10:11:10.966 | TRC | 0 | 1 | SmartCardReader：Ouch: Cannot find a smart card reader. (NoReadersAvailable)
2019.04.11 10:11:11.474 | TRC | 0 | 1 | SmartCardReader：Ouch: Cannot find a smart card reader. (NoReadersAvailable)
2019.04.11 10:11:11.987 | TRC | 0 | 1 | SmartCardReader：Ouch: Cannot find a smart card reader. (NoReadersAvailable)
2019.04.11 10:11:12.457 | TRC | 0 | 1 | SmartCardReader：Ouch: Cannot find a smart card reader. (NoReadersAvailable)
2019.04.11 10:11:12.952 | TRC | 0 | 1 | SmartCardReader：Ouch: Cannot find a smart card reader. (NoReadersAvailable)
2019.04.11 10:11:13.518 | TRC | 0 | 1 | SmartCardReader：Ouch: Cannot find a smart card reader. (NoReadersAvailable)
2019.04.11 10:11:14.040 | TRC | 0 | 1 | SmartCardReader：Ouch: Cannot find a smart card reader. (NoReadersAvailable)
2019.04.11 10:11:14.468 | TRC | 0 | 1 | SmartCardReader：Ouch: Cannot find a smart card reader. (NoReadersAvailable)
2019.04.11 10:11:14.982 | TRC | 0 | 1 | SmartCardReader：Ouch: Cannot find a smart card reader. (NoReadersAvailable)
2019.04.11 10:11:15.473 | TRC | 0 | 1 | SmartCardReader：Ouch: Cannot find a smart card reader. (NoReadersAvailable)
2019.04.11 10:11:16.047 | TRC | 0 | 1 | SmartCardReader：Ouch: Cannot find a smart card reader. (NoReadersAvailable)
2019.04.11 10:11:16.498 | TRC | 0 | 1 | SmartCardReader：Ouch: Cannot find a smart card reader. (NoReadersAvailable)
2019.04.11 10:11:16.970 | TRC | 0 | 1 | SmartCardReader：Ouch: Cannot find a smart card reader. (NoReadersAvailable)
2019.04.11 10:11:17.471 | TRC | 0 | 1 | SmartCardReader：Ouch: Cannot find a smart card reader. (NoReadersAvailable)
2019.04.11 10:11:17.974 | TRC | 0 | 1 | SmartCardReader：Ouch: Cannot find a smart card reader. (NoReadersAvailable)
2019.04.11 10:11:18.509 | TRC | 0 | 1 | SmartCardReader：Ouch: Cannot find a smart card reader. (NoReadersAvailable)
2019.04.11 10:11:19.014 | TRC | 0 | 1 | SmartCardReader：Ouch: Cannot find a smart card reader. (NoReadersAvailable)
2019.04.11 10:11:19.483 | TRC | 0 | 1 | SmartCardReader：Ouch: Cannot find a smart card reader. (NoReadersAvailable)
2019.04.11 10:11:19.987 | TRC | 0 | 1 | SmartCardReader：Ouch: Cannot find a smart card reader. (NoReadersAvailable)
2019.04.11 10:11:20.511 | TRC | 0 | 1 | SmartCardReader：Ouch: Cannot find a smart card reader. (NoReadersAvailable)
2019.04.11 10:11:21.015 | TRC | 0 | 1 | SmartCardReader：Ouch: Cannot find a smart card reader. (NoReadersAvailable)
2019.04.11 10:11:21.487 | TRC | 0 | 1 | SmartCardReader：Ouch: Cannot find a smart card reader. (NoReadersAvailable)
2019.04.11 10:11:21.977 | TRC | 0 | 1 | SmartCardReader：Ouch: Cannot find a smart card reader. (NoReadersAvailable)
2019.04.11 10:11:22.478 | TRC | 0 | 1 | SmartCardReader：Ouch: Cannot find a smart card reader. (NoReadersAvailable)
2019.04.11 10:11:23.036 | TRC | 0 | 1 | SmartCardReader：Ouch: Cannot find a smart card reader. (NoReadersAvailable)
2019.04.11 10:11:23.485 | TRC | 0 | 1 | SmartCardReader：Ouch: Cannot find a smart card reader. (NoReadersAvailable)
2019.04.11 10:11:24.047 | TRC | 0 | 1 | SmartCardReader：Ouch: Cannot find a smart card reader. (NoReadersAvailable)
2019.04.11 10:11:24.544 | TRC | 0 | 1 | SmartCardReader：Ouch: Cannot find a smart card reader. (NoReadersAvailable)
2019.04.11 10:11:25.019 | TRC | 0 | 1 | SmartCardReader：Ouch: Cannot find a smart card reader. (NoReadersAvailable)
2019.04.11 10:11:25.519 | TRC | 0 | 1 | SmartCardReader：Ouch: Cannot find a smart card reader. (NoReadersAvailable)
2019.04.11 10:11:26.030 | TRC | 0 | 1 | SmartCardReader：Ouch: Cannot find a smart card reader. (NoReadersAvailable)
2019.04.11 10:11:26.551 | TRC | 0 | 1 | SmartCardReader：Ouch: Cannot find a smart card reader. (NoReadersAvailable)
2019.04.11 10:11:26.999 | TRC | 0 | 1 | SmartCardReader：Ouch: Cannot find a smart card reader. (NoReadersAvailable)
2019.04.11 10:11:27.505 | TRC | 0 | 1 | SmartCardReader：Ouch: Cannot find a smart card reader. (NoReadersAvailable)
2019.04.11 10:11:28.027 | TRC | 0 | 1 | SmartCardReader：Ouch: Cannot find a smart card reader. (NoReadersAvailable)
2019.04.11 10:11:28.530 | TRC | 0 | 1 | SmartCardReader：Ouch: Cannot find a smart card reader. (NoReadersAvailable)
2019.04.11 10:11:29.032 | TRC | 0 | 1 | SmartCardReader：Ouch: Cannot find a smart card reader. (NoReadersAvailable)
2019.04.11 10:11:29.560 | TRC | 0 | 1 | SmartCardReader：Ouch: Cannot find a smart card reader. (NoReadersAvailable)
2019.04.11 10:11:30.035 | TRC | 0 | 1 | SmartCardReader：Ouch: Cannot find a smart card reader. (NoReadersAvailable)
2019.04.11 10:11:30.527 | TRC | 0 | 1 | SmartCardReader：Ouch: Cannot find a smart card reader. (NoReadersAvailable)
2019.04.11 10:11:31.028 | TRC | 0 | 1 | SmartCardReader：Ouch: Cannot find a smart card reader. (NoReadersAvailable)
2019.04.11 10:11:31.514 | TRC | 0 | 1 | SmartCardReader：Ouch: Cannot find a smart card reader. (NoReadersAvailable)
2019.04.11 10:11:32.057 | TRC | 0 | 1 | SmartCardReader：Ouch: Cannot find a smart card reader. (NoReadersAvailable)
2019.04.11 10:11:32.566 | TRC | 0 | 1 | SmartCardReader：Ouch: Cannot find a smart card reader. (NoReadersAvailable)
2019.04.11 10:11:33.011 | TRC | 0 | 1 | SmartCardReader：Ouch: Cannot find a smart card reader. (NoReadersAvailable)
2019.04.11 10:11:33.510 | TRC | 0 | 1 | SmartCardReader：Ouch: Cannot find a smart card reader. (NoReadersAvailable)
2019.04.11 10:11:34.046 | TRC | 0 | 1 | SmartCardReader：Ouch: Cannot find a smart card reader. (NoReadersAvailable)
2019.04.11 10:11:34.541 | TRC | 0 | 1 | SmartCardReader：Ouch: Cannot find a smart card reader. (NoReadersAvailable)
2019.04.11 10:11:35.014 | TRC | 0 | 1 | SmartCardReader：Ouch: Cannot find a smart card reader. (NoReadersAvailable)
2019.04.11 10:11:35.515 | TRC | 0 | 1 | SmartCardReader：Ouch: Cannot find a smart card reader. (NoReadersAvailable)
2019.04.11 10:11:36.030 | TRC | 0 | 1 | SmartCardReader：Ouch: Cannot find a smart card reader. (NoReadersAvailable)
2019.04.11 10:11:36.543 | TRC | 0 | 1 | SmartCardReader：Ouch: Cannot find a smart card reader. (NoReadersAvailable)
2019.04.11 10:11:37.039 | TRC | 0 | 1 | SmartCardReader：Ouch: Cannot find a smart card reader. (NoReadersAvailable)
2019.04.11 10:11:37.562 | TRC | 0 | 1 | SmartCardReader：Ouch: Cannot find a smart card reader. (NoReadersAvailable)
2019.04.11 10:11:38.057 | TRC | 0 | 1 | SmartCardReader：Ouch: Cannot find a smart card reader. (NoReadersAvailable)
2019.04.11 10:11:38.575 | TRC | 0 | 1 | SmartCardReader：Ouch: Cannot find a smart card reader. (NoReadersAvailable)
2019.04.11 10:11:39.089 | TRC | 0 | 1 | SmartCardReader：Ouch: Cannot find a smart card reader. (NoReadersAvailable)
2019.04.11 10:11:39.603 | TRC | 0 | 1 | SmartCardReader：Ouch: Cannot find a smart card reader. (NoReadersAvailable)
2019.04.11 10:11:40.067 | TRC | 0 | 1 | SmartCardReader：Ouch: Cannot find a smart card reader. (NoReadersAvailable)
2019.04.11 10:11:40.547 | TRC | 0 | 1 | SmartCardReader：Ouch: Cannot find a smart card reader. (NoReadersAvailable)
2019.04.11 10:11:41.067 | TRC | 0 | 1 | SmartCardReader：Ouch: Cannot find a smart card reader. (NoReadersAvailable)
2019.04.11 10:11:41.582 | TRC | 0 | 1 | SmartCardReader：Ouch: Cannot find a smart card reader. (NoReadersAvailable)
2019.04.11 10:11:42.043 | TRC | 0 | 1 | SmartCardReader：Ouch: Cannot find a smart card reader. (NoReadersAvailable)
2019.04.11 10:11:42.544 | TRC | 0 | 1 | SmartCardReader：Ouch: Cannot find a smart card reader. (NoReadersAvailable)
2019.04.11 10:11:43.050 | TRC | 0 | 1 | SmartCardReader：Ouch: Cannot find a smart card reader. (NoReadersAvailable)
2019.04.11 10:11:43.543 | TRC | 0 | 1 | SmartCardReader：Ouch: Cannot find a smart card reader. (NoReadersAvailable)
2019.04.11 10:11:44.045 | TRC | 0 | 1 | SmartCardReader：Ouch: Cannot find a smart card reader. (NoReadersAvailable)
2019.04.11 10:11:44.550 | TRC | 0 | 1 | SmartCardReader：Ouch: Cannot find a smart card reader. (NoReadersAvailable)
2019.04.11 10:11:45.058 | TRC | 0 | 1 | SmartCardReader：Ouch: Cannot find a smart card reader. (NoReadersAvailable)
2019.04.11 10:11:45.559 | TRC | 0 | 1 | SmartCardReader：Ouch: Cannot find a smart card reader. (NoReadersAvailable)
2019.04.11 10:11:46.054 | TRC | 0 | 1 | SmartCardReader：Ouch: Cannot find a smart card reader. (NoReadersAvailable)
2019.04.11 10:11:46.556 | TRC | 0 | 1 | SmartCardReader：Ouch: Cannot find a smart card reader. (NoReadersAvailable)
2019.04.11 10:11:47.055 | TRC | 0 | 1 | SmartCardReader：Ouch: Cannot find a smart card reader. (NoReadersAvailable)
2019.04.11 10:11:47.555 | TRC | 0 | 1 | SmartCardReader：Ouch: Cannot find a smart card reader. (NoReadersAvailable)
2019.04.11 10:11:48.060 | TRC | 0 | 1 | SmartCardReader：Ouch: Cannot find a smart card reader. (NoReadersAvailable)
2019.04.11 10:11:48.559 | TRC | 0 | 1 | SmartCardReader：Ouch: Cannot find a smart card reader. (NoReadersAvailable)
2019.04.11 10:11:49.058 | TRC | 0 | 1 | SmartCardReader：Ouch: Cannot find a smart card reader. (NoReadersAvailable)
2019.04.11 10:11:49.588 | TRC | 0 | 1 | SmartCardReader：Ouch: Cannot find a smart card reader. (NoReadersAvailable)
2019.04.11 10:11:50.080 | TRC | 0 | 1 | SmartCardReader：Ouch: Cannot find a smart card reader. (NoReadersAvailable)
2019.04.11 10:11:50.568 | TRC | 0 | 1 | SmartCardReader：Ouch: Cannot find a smart card reader. (NoReadersAvailable)
2019.04.11 10:11:51.101 | TRC | 0 | 1 | SmartCardReader：Ouch: Cannot find a smart card reader. (NoReadersAvailable)
2019.04.11 10:11:51.604 | TRC | 0 | 1 | SmartCardReader：Ouch: Cannot find a smart card reader. (NoReadersAvailable)
2019.04.11 10:11:52.078 | TRC | 0 | 1 | SmartCardReader：Ouch: Cannot find a smart card reader. (NoReadersAvailable)
2019.04.11 10:11:52.591 | TRC | 0 | 1 | SmartCardReader：Ouch: Cannot find a smart card reader. (NoReadersAvailable)
2019.04.11 10:11:53.094 | TRC | 0 | 1 | SmartCardReader：Ouch: Cannot find a smart card reader. (NoReadersAvailable)
2019.04.11 10:11:53.580 | TRC | 0 | 1 | SmartCardReader：Ouch: Cannot find a smart card reader. (NoReadersAvailable)
2019.04.11 10:11:54.097 | TRC | 0 | 1 | SmartCardReader：Ouch: Cannot find a smart card reader. (NoReadersAvailable)
2019.04.11 10:11:54.620 | TRC | 0 | 1 | SmartCardReader：Ouch: Cannot find a smart card reader. (NoReadersAvailable)
2019.04.11 10:11:55.107 | TRC | 0 | 1 | SmartCardReader：Ouch: Cannot find a smart card reader. (NoReadersAvailable)
2019.04.11 10:11:55.585 | TRC | 0 | 1 | SmartCardReader：Ouch: Cannot find a smart card reader. (NoReadersAvailable)
2019.04.11 10:11:56.103 | TRC | 0 | 1 | SmartCardReader：Ouch: Cannot find a smart card reader. (NoReadersAvailable)
2019.04.11 10:11:56.591 | TRC | 0 | 1 | SmartCardReader：Ouch: Cannot find a smart card reader. (NoReadersAvailable)
2019.04.11 10:11:57.127 | TRC | 0 | 1 | SmartCardReader：Ouch: Cannot find a smart card reader. (NoReadersAvailable)
2019.04.11 10:11:57.600 | TRC | 0 | 1 | SmartCardReader：Ouch: Cannot find a smart card reader. (NoReadersAvailable)
2019.04.11 10:11:58.095 | TRC | 0 | 1 | SmartCardReader：Ouch: Cannot find a smart card reader. (NoReadersAvailable)
2019.04.11 10:11:58.614 | TRC | 0 | 1 | SmartCardReader：Ouch: Cannot find a smart card reader. (NoReadersAvailable)
2019.04.11 10:11:58.771 | TRC | 0 | 0 | hide form
2019.04.11 10:11:59.119 | TRC | 0 | 1 | SmartCardReader：Ouch: Cannot find a smart card reader. (NoReadersAvailable)
2019.04.11 10:11:59.604 | TRC | 0 | 1 | SmartCardReader：Ouch: Cannot find a smart card reader. (NoReadersAvailable)
2019.04.11 10:12:00.116 | TRC | 0 | 1 | SmartCardReader：Ouch: Cannot find a smart card reader. (NoReadersAvailable)
2019.04.11 10:12:00.617 | TRC | 0 | 1 | SmartCardReader：Ouch: Cannot find a smart card reader. (NoReadersAvailable)
2019.04.11 10:12:01.122 | TRC | 0 | 1 | SmartCardReader：Ouch: Cannot find a smart card reader. (NoReadersAvailable)
2019.04.11 10:12:01.619 | TRC | 0 | 1 | SmartCardReader：Ouch: Cannot find a smart card reader. (NoReadersAvailable)
2019.04.11 10:12:02.098 | TRC | 0 | 1 | SmartCardReader：Ouch: Cannot find a smart card reader. (NoReadersAvailable)
2019.04.11 10:12:02.670 | TRC | 0 | 1 | SmartCardReader：Ouch: Cannot find a smart card reader. (NoReadersAvailable)
2019.04.11 10:12:03.126 | TRC | 0 | 1 | SmartCardReader：Ouch: Cannot find a smart card reader. (NoReadersAvailable)
2019.04.11 10:12:03.630 | TRC | 0 | 1 | SmartCardReader：Ouch: Cannot find a smart card reader. (NoReadersAvailable)
2019.04.11 10:12:04.113 | TRC | 0 | 1 | SmartCardReader：Ouch: Cannot find a smart card reader. (NoReadersAvailable)
2019.04.11 10:12:04.625 | TRC | 0 | 1 | SmartCardReader：Ouch: Cannot find a smart card reader. (NoReadersAvailable)
2019.04.11 10:12:05.128 | TRC | 0 | 1 | SmartCardReader：Ouch: Cannot find a smart card reader. (NoReadersAvailable)
2019.04.11 10:12:05.625 | TRC | 0 | 1 | SmartCardReader：Ouch: Cannot find a smart card reader. (NoReadersAvailable)
2019.04.11 10:12:06.128 | TRC | 0 | 1 | SmartCardReader：Ouch: Cannot find a smart card reader. (NoReadersAvailable)
2019.04.11 10:12:06.624 | TRC | 0 | 1 | SmartCardReader：Ouch: Cannot find a smart card reader. (NoReadersAvailable)
2019.04.11 10:12:07.125 | TRC | 0 | 1 | SmartCardReader：Ouch: Cannot find a smart card reader. (NoReadersAvailable)
2019.04.11 10:12:07.656 | TRC | 0 | 1 | SmartCardReader：Ouch: Cannot find a smart card reader. (NoReadersAvailable)
2019.04.11 10:12:08.129 | TRC | 0 | 1 | SmartCardReader：Ouch: Cannot find a smart card reader. (NoReadersAvailable)
2019.04.11 10:12:08.616 | TRC | 0 | 1 | SmartCardReader：Ouch: Cannot find a smart card reader. (NoReadersAvailable)
2019.04.11 10:12:09.118 | TRC | 0 | 1 | SmartCardReader：Ouch: Cannot find a smart card reader. (NoReadersAvailable)
2019.04.11 10:12:09.645 | TRC | 0 | 1 | SmartCardReader：Ouch: Cannot find a smart card reader. (NoReadersAvailable)
2019.04.11 10:12:10.137 | TRC | 0 | 1 | SmartCardReader：Ouch: Cannot find a smart card reader. (NoReadersAvailable)
2019.04.11 10:12:10.623 | TRC | 0 | 1 | SmartCardReader：Ouch: Cannot find a smart card reader. (NoReadersAvailable)
2019.04.11 10:12:11.129 | TRC | 0 | 1 | SmartCardReader：Ouch: Cannot find a smart card reader. (NoReadersAvailable)
2019.04.11 10:12:11.648 | TRC | 0 | 1 | SmartCardReader：Ouch: Cannot find a smart card reader. (NoReadersAvailable)
2019.04.11 10:12:12.130 | TRC | 0 | 1 | SmartCardReader：Ouch: Cannot find a smart card reader. (NoReadersAvailable)
2019.04.11 10:12:12.675 | TRC | 0 | 1 | SmartCardReader：Ouch: Cannot find a smart card reader. (NoReadersAvailable)
2019.04.11 10:12:13.161 | TRC | 0 | 1 | SmartCardReader：Ouch: Cannot find a smart card reader. (NoReadersAvailable)
2019.04.11 10:12:13.626 | TRC | 0 | 1 | SmartCardReader：Ouch: Cannot find a smart card reader. (NoReadersAvailable)
2019.04.11 10:12:14.150 | TRC | 0 | 1 | SmartCardReader：Ouch: Cannot find a smart card reader. (NoReadersAvailable)
2019.04.11 10:12:14.657 | TRC | 0 | 1 | SmartCardReader：Ouch: Cannot find a smart card reader. (NoReadersAvailable)
2019.04.11 10:12:15.144 | TRC | 0 | 1 | SmartCardReader：Ouch: Cannot find a smart card reader. (NoReadersAvailable)
2019.04.11 10:12:15.632 | TRC | 0 | 1 | SmartCardReader：Ouch: Cannot find a smart card reader. (NoReadersAvailable)
2019.04.11 10:12:16.143 | TRC | 0 | 1 | SmartCardReader：Ouch: Cannot find a smart card reader. (NoReadersAvailable)
2019.04.11 10:12:16.663 | TRC | 0 | 1 | SmartCardReader：Ouch: Cannot find a smart card reader. (NoReadersAvailable)
2019.04.11 10:12:17.131 | TRC | 0 | 1 | SmartCardReader：Ouch: Cannot find a smart card reader. (NoReadersAvailable)
2019.04.11 10:12:17.642 | TRC | 0 | 1 | SmartCardReader：Ouch: Cannot find a smart card reader. (NoReadersAvailable)
2019.04.11 10:12:18.182 | TRC | 0 | 1 | SmartCardReader：Ouch: Cannot find a smart card reader. (NoReadersAvailable)
2019.04.11 10:12:18.675 | TRC | 0 | 1 | SmartCardReader：Ouch: Cannot find a smart card reader. (NoReadersAvailable)
2019.04.11 10:12:19.145 | TRC | 0 | 1 | SmartCardReader：Ouch: Cannot find a smart card reader. (NoReadersAvailable)
2019.04.11 10:12:19.664 | TRC | 0 | 1 | SmartCardReader：Ouch: Cannot find a smart card reader. (NoReadersAvailable)
2019.04.11 10:12:20.181 | TRC | 0 | 1 | SmartCardReader：Ouch: Cannot find a smart card reader. (NoReadersAvailable)
2019.04.11 10:12:20.671 | TRC | 0 | 1 | SmartCardReader：Ouch: Cannot find a smart card reader. (NoReadersAvailable)
2019.04.11 10:12:21.147 | TRC | 0 | 1 | SmartCardReader：Ouch: Cannot find a smart card reader. (NoReadersAvailable)
2019.04.11 10:12:21.646 | TRC | 0 | 1 | SmartCardReader：Ouch: Cannot find a smart card reader. (NoReadersAvailable)
2019.04.11 10:12:22.170 | TRC | 0 | 1 | SmartCardReader：Ouch: Cannot find a smart card reader. (NoReadersAvailable)
2019.04.11 10:12:22.670 | TRC | 0 | 1 | SmartCardReader：Ouch: Cannot find a smart card reader. (NoReadersAvailable)
2019.04.11 10:12:23.176 | TRC | 0 | 1 | SmartCardReader：Ouch: Cannot find a smart card reader. (NoReadersAvailable)
2019.04.11 10:12:23.656 | TRC | 0 | 1 | SmartCardReader：Ouch: Cannot find a smart card reader. (NoReadersAvailable)
2019.04.11 10:12:23.914 | TRC | 0 | 0 | frmStudentRollcall：frmStudentRollcall_Load
2019.04.11 10:12:24.154 | TRC | 0 | 1 | SmartCardReader：Ouch: Cannot find a smart card reader. (NoReadersAvailable)
2019.04.11 10:12:24.687 | TRC | 0 | 1 | SmartCardReader：Ouch: Cannot find a smart card reader. (NoReadersAvailable)
2019.04.11 10:12:25.184 | TRC | 0 | 1 | SmartCardReader：Ouch: Cannot find a smart card reader. (NoReadersAvailable)
2019.04.11 10:12:25.671 | TRC | 0 | 1 | SmartCardReader：Ouch: Cannot find a smart card reader. (NoReadersAvailable)
2019.04.11 10:12:26.160 | TRC | 0 | 1 | SmartCardReader：Ouch: Cannot find a smart card reader. (NoReadersAvailable)
2019.04.11 10:12:26.689 | TRC | 0 | 1 | SmartCardReader：Ouch: Cannot find a smart card reader. (NoReadersAvailable)
2019.04.11 10:12:27.184 | TRC | 0 | 1 | SmartCardReader：Ouch: Cannot find a smart card reader. (NoReadersAvailable)
2019.04.11 10:12:27.685 | TRC | 0 | 1 | SmartCardReader：Ouch: Cannot find a smart card reader. (NoReadersAvailable)
2019.04.11 10:12:28.202 | TRC | 0 | 1 | SmartCardReader：Ouch: Cannot find a smart card reader. (NoReadersAvailable)
2019.04.11 10:12:28.689 | TRC | 0 | 1 | SmartCardReader：Ouch: Cannot find a smart card reader. (NoReadersAvailable)
2019.04.11 10:12:29.188 | TRC | 0 | 1 | SmartCardReader：Ouch: Cannot find a smart card reader. (NoReadersAvailable)
2019.04.11 10:12:29.676 | TRC | 0 | 1 | SmartCardReader：Ouch: Cannot find a smart card reader. (NoReadersAvailable)
2019.04.11 10:12:30.188 | TRC | 0 | 1 | SmartCardReader：Ouch: Cannot find a smart card reader. (NoReadersAvailable)
2019.04.11 10:12:30.745 | TRC | 0 | 1 | SmartCardReader：Ouch: Cannot find a smart card reader. (NoReadersAvailable)
2019.04.11 10:12:31.173 | TRC | 0 | 1 | SmartCardReader：Ouch: Cannot find a smart card reader. (NoReadersAvailable)
2019.04.11 10:12:31.574 | TRC | 0 | 0 | frmStudentRollcall：btn_ON
2019.04.11 10:12:31.677 | TRC | 0 | 1 | SmartCardReader：Ouch: Cannot find a smart card reader. (NoReadersAvailable)
2019.04.11 10:12:32.197 | TRC | 0 | 1 | SmartCardReader：Ouch: Cannot find a smart card reader. (NoReadersAvailable)
2019.04.11 10:12:32.709 | TRC | 0 | 1 | SmartCardReader：Ouch: Cannot find a smart card reader. (NoReadersAvailable)
2019.04.11 10:12:33.183 | TRC | 0 | 1 | SmartCardReader：Ouch: Cannot find a smart card reader. (NoReadersAvailable)
2019.04.11 10:12:33.696 | TRC | 0 | 1 | SmartCardReader：Ouch: Cannot find a smart card reader. (NoReadersAvailable)
2019.04.11 10:12:34.217 | TRC | 0 | 1 | SmartCardReader：Ouch: Cannot find a smart card reader. (NoReadersAvailable)
2019.04.11 10:12:34.446 | TRC | 0 | 0 | frmStudentRollcall：btn_ON
2019.04.11 10:12:34.703 | TRC | 0 | 1 | SmartCardReader：Ouch: Cannot find a smart card reader. (NoReadersAvailable)
2019.04.11 10:12:35.199 | TRC | 0 | 1 | SmartCardReader：Ouch: Cannot find a smart card reader. (NoReadersAvailable)
2019.04.11 10:12:35.696 | TRC | 0 | 1 | SmartCardReader：Ouch: Cannot find a smart card reader. (NoReadersAvailable)
2019.04.11 10:12:36.263 | TRC | 0 | 1 | SmartCardReader：Ouch: Cannot find a smart card reader. (NoReadersAvailable)
2019.04.11 10:12:36.709 | TRC | 0 | 1 | SmartCardReader：Ouch: Cannot find a smart card reader. (NoReadersAvailable)
2019.04.11 10:12:37.233 | TRC | 0 | 1 | SmartCardReader：Ouch: Cannot find a smart card reader. (NoReadersAvailable)
2019.04.11 10:12:37.718 | TRC | 0 | 1 | SmartCardReader：Ouch: Cannot find a smart card reader. (NoReadersAvailable)
2019.04.11 10:12:38.220 | TRC | 0 | 1 | SmartCardReader：Ouch: Cannot find a smart card reader. (NoReadersAvailable)
2019.04.11 10:12:38.775 | TRC | 0 | 1 | SmartCardReader：Ouch: Cannot find a smart card reader. (NoReadersAvailable)
2019.04.11 10:12:39.238 | TRC | 0 | 1 | SmartCardReader：Ouch: Cannot find a smart card reader. (NoReadersAvailable)
2019.04.11 10:12:39.755 | TRC | 0 | 1 | SmartCardReader：Ouch: Cannot find a smart card reader. (NoReadersAvailable)
2019.04.11 10:12:40.227 | TRC | 0 | 1 | SmartCardReader：Ouch: Cannot find a smart card reader. (NoReadersAvailable)
2019.04.11 10:12:40.738 | TRC | 0 | 1 | SmartCardReader：Ouch: Cannot find a smart card reader. (NoReadersAvailable)
2019.04.11 10:12:41.249 | TRC | 0 | 1 | SmartCardReader：Ouch: Cannot find a smart card reader. (NoReadersAvailable)
2019.04.11 10:12:41.740 | TRC | 0 | 1 | SmartCardReader：Ouch: Cannot find a smart card reader. (NoReadersAvailable)
2019.04.11 10:12:42.258 | TRC | 0 | 1 | SmartCardReader：Ouch: Cannot find a smart card reader. (NoReadersAvailable)
2019.04.11 10:12:42.747 | TRC | 0 | 1 | SmartCardReader：Ouch: Cannot find a smart card reader. (NoReadersAvailable)
2019.04.11 10:12:43.237 | TRC | 0 | 1 | SmartCardReader：Ouch: Cannot find a smart card reader. (NoReadersAvailable)
2019.04.11 10:12:43.733 | TRC | 0 | 1 | SmartCardReader：Ouch: Cannot find a smart card reader. (NoReadersAvailable)
2019.04.11 10:12:44.235 | TRC | 0 | 1 | SmartCardReader：Ouch: Cannot find a smart card reader. (NoReadersAvailable)
2019.04.11 10:12:44.737 | TRC | 0 | 1 | SmartCardReader：Ouch: Cannot find a smart card reader. (NoReadersAvailable)
2019.04.11 10:12:59.606 | TRC | 0 | 0 | start log
2019.04.11 10:13:00.042 | TRC | 0 | 2 | SmartCardReader：Ouch: Cannot find a smart card reader. (NoReadersAvailable)
2019.04.11 10:13:00.189 | TRC | 0 | 2 | SmartCardReader：Ouch: Cannot find a smart card reader. (NoReadersAvailable)
2019.04.11 10:13:00.281 | TRC | 0 | 1 | DB initial count：1
2019.04.11 10:13:00.691 | TRC | 0 | 2 | SmartCardReader：Ouch: Cannot find a smart card reader. (NoReadersAvailable)
2019.04.11 10:13:01.196 | TRC | 0 | 2 | SmartCardReader：Ouch: Cannot find a smart card reader. (NoReadersAvailable)
2019.04.11 10:13:01.693 | TRC | 0 | 2 | SmartCardReader：Ouch: Cannot find a smart card reader. (NoReadersAvailable)
2019.04.11 10:13:02.201 | TRC | 0 | 2 | SmartCardReader：Ouch: Cannot find a smart card reader. (NoReadersAvailable)
2019.04.11 10:13:02.690 | TRC | 0 | 1 | SmartCardReader：Ouch: Cannot find a smart card reader. (NoReadersAvailable)
2019.04.11 10:13:03.240 | TRC | 0 | 1 | SmartCardReader：Ouch: Cannot find a smart card reader. (NoReadersAvailable)
2019.04.11 10:13:03.721 | TRC | 0 | 1 | SmartCardReader：Ouch: Cannot find a smart card reader. (NoReadersAvailable)
2019.04.11 10:13:04.191 | TRC | 0 | 1 | SmartCardReader：Ouch: Cannot find a smart card reader. (NoReadersAvailable)
2019.04.11 10:13:04.719 | TRC | 0 | 1 | SmartCardReader：Ouch: Cannot find a smart card reader. (NoReadersAvailable)
2019.04.11 10:13:05.231 | TRC | 0 | 1 | SmartCardReader：Ouch: Cannot find a smart card reader. (NoReadersAvailable)
2019.04.11 10:13:05.696 | TRC | 0 | 1 | SmartCardReader：Ouch: Cannot find a smart card reader. (NoReadersAvailable)
2019.04.11 10:13:06.220 | TRC | 0 | 1 | SmartCardReader：Ouch: Cannot find a smart card reader. (NoReadersAvailable)
2019.04.11 10:13:06.701 | TRC | 0 | 2 | SmartCardReader：Ouch: Cannot find a smart card reader. (NoReadersAvailable)
2019.04.11 10:13:07.250 | TRC | 0 | 1 | SmartCardReader：Ouch: Cannot find a smart card reader. (NoReadersAvailable)
2019.04.11 10:13:07.748 | TRC | 0 | 1 | SmartCardReader：Ouch: Cannot find a smart card reader. (NoReadersAvailable)
2019.04.11 10:13:08.222 | TRC | 0 | 1 | SmartCardReader：Ouch: Cannot find a smart card reader. (NoReadersAvailable)
2019.04.11 10:13:08.716 | TRC | 0 | 1 | SmartCardReader：Ouch: Cannot find a smart card reader. (NoReadersAvailable)
2019.04.11 10:13:09.228 | TRC | 0 | 1 | SmartCardReader：Ouch: Cannot find a smart card reader. (NoReadersAvailable)
2019.04.11 10:13:09.718 | TRC | 0 | 1 | SmartCardReader：Ouch: Cannot find a smart card reader. (NoReadersAvailable)
2019.04.11 10:13:10.248 | TRC | 0 | 1 | SmartCardReader：Ouch: Cannot find a smart card reader. (NoReadersAvailable)
2019.04.11 10:13:10.755 | TRC | 0 | 1 | SmartCardReader：Ouch: Cannot find a smart card reader. (NoReadersAvailable)
2019.04.11 10:13:11.227 | TRC | 0 | 1 | SmartCardReader：Ouch: Cannot find a smart card reader. (NoReadersAvailable)
2019.04.11 10:13:11.756 | TRC | 0 | 1 | SmartCardReader：Ouch: Cannot find a smart card reader. (NoReadersAvailable)
2019.04.11 10:13:12.265 | TRC | 0 | 1 | SmartCardReader：Ouch: Cannot find a smart card reader. (NoReadersAvailable)
2019.04.11 10:13:12.767 | TRC | 0 | 1 | SmartCardReader：Ouch: Cannot find a smart card reader. (NoReadersAvailable)
2019.04.11 10:13:13.257 | TRC | 0 | 1 | SmartCardReader：Ouch: Cannot find a smart card reader. (NoReadersAvailable)
2019.04.11 10:13:13.776 | TRC | 0 | 1 | SmartCardReader：Ouch: Cannot find a smart card reader. (NoReadersAvailable)
2019.04.11 10:13:14.257 | TRC | 0 | 1 | SmartCardReader：Ouch: Cannot find a smart card reader. (NoReadersAvailable)
2019.04.11 10:13:14.736 | TRC | 0 | 1 | SmartCardReader：Ouch: Cannot find a smart card reader. (NoReadersAvailable)
2019.04.11 10:13:15.237 | TRC | 0 | 1 | SmartCardReader：Ouch: Cannot find a smart card reader. (NoReadersAvailable)
2019.04.11 10:13:15.732 | TRC | 0 | 1 | SmartCardReader：Ouch: Cannot find a smart card reader. (NoReadersAvailable)
2019.04.11 10:13:16.250 | TRC | 0 | 1 | SmartCardReader：Ouch: Cannot find a smart card reader. (NoReadersAvailable)
2019.04.11 10:13:16.731 | TRC | 0 | 1 | SmartCardReader：Ouch: Cannot find a smart card reader. (NoReadersAvailable)
2019.04.11 10:13:17.232 | TRC | 0 | 1 | SmartCardReader：Ouch: Cannot find a smart card reader. (NoReadersAvailable)
2019.04.11 10:13:17.772 | TRC | 0 | 1 | SmartCardReader：Ouch: Cannot find a smart card reader. (NoReadersAvailable)
2019.04.11 10:13:18.238 | TRC | 0 | 1 | SmartCardReader：Ouch: Cannot find a smart card reader. (NoReadersAvailable)
2019.04.11 10:13:18.749 | TRC | 0 | 1 | SmartCardReader：Ouch: Cannot find a smart card reader. (NoReadersAvailable)
2019.04.11 10:13:19.246 | TRC | 0 | 1 | SmartCardReader：Ouch: Cannot find a smart card reader. (NoReadersAvailable)
2019.04.11 10:13:19.737 | TRC | 0 | 1 | SmartCardReader：Ouch: Cannot find a smart card reader. (NoReadersAvailable)
2019.04.11 10:13:20.277 | TRC | 0 | 1 | SmartCardReader：Ouch: Cannot find a smart card reader. (NoReadersAvailable)
2019.04.11 10:13:20.809 | TRC | 0 | 1 | SmartCardReader：Ouch: Cannot find a smart card reader. (NoReadersAvailable)
2019.04.11 10:13:21.261 | TRC | 0 | 1 | SmartCardReader：Ouch: Cannot find a smart card reader. (NoReadersAvailable)
2019.04.11 10:13:21.754 | TRC | 0 | 1 | SmartCardReader：Ouch: Cannot find a smart card reader. (NoReadersAvailable)
2019.04.11 10:13:22.263 | TRC | 0 | 1 | SmartCardReader：Ouch: Cannot find a smart card reader. (NoReadersAvailable)
2019.04.11 10:13:22.780 | TRC | 0 | 1 | SmartCardReader：Ouch: Cannot find a smart card reader. (NoReadersAvailable)
2019.04.11 10:13:23.260 | TRC | 0 | 1 | SmartCardReader：Ouch: Cannot find a smart card reader. (NoReadersAvailable)
2019.04.11 10:13:23.752 | TRC | 0 | 1 | SmartCardReader：Ouch: Cannot find a smart card reader. (NoReadersAvailable)
2019.04.11 10:13:24.257 | TRC | 0 | 1 | SmartCardReader：Ouch: Cannot find a smart card reader. (NoReadersAvailable)
2019.04.11 10:13:24.755 | TRC | 0 | 1 | SmartCardReader：Ouch: Cannot find a smart card reader. (NoReadersAvailable)
2019.04.11 10:13:25.257 | TRC | 0 | 1 | SmartCardReader：Ouch: Cannot find a smart card reader. (NoReadersAvailable)
2019.04.11 10:13:25.789 | TRC | 0 | 1 | SmartCardReader：Ouch: Cannot find a smart card reader. (NoReadersAvailable)
2019.04.11 10:13:26.256 | TRC | 0 | 1 | SmartCardReader：Ouch: Cannot find a smart card reader. (NoReadersAvailable)
2019.04.11 10:13:26.767 | TRC | 0 | 1 | SmartCardReader：Ouch: Cannot find a smart card reader. (NoReadersAvailable)
2019.04.11 10:13:27.280 | TRC | 0 | 1 | SmartCardReader：Ouch: Cannot find a smart card reader. (NoReadersAvailable)
2019.04.11 10:13:27.786 | TRC | 0 | 1 | SmartCardReader：Ouch: Cannot find a smart card reader. (NoReadersAvailable)
2019.04.11 10:13:28.261 | TRC | 0 | 1 | SmartCardReader：Ouch: Cannot find a smart card reader. (NoReadersAvailable)
2019.04.11 10:13:28.760 | TRC | 0 | 1 | SmartCardReader：Ouch: Cannot find a smart card reader. (NoReadersAvailable)
2019.04.11 10:13:29.294 | TRC | 0 | 1 | SmartCardReader：Ouch: Cannot find a smart card reader. (NoReadersAvailable)
2019.04.11 10:13:29.759 | TRC | 0 | 1 | SmartCardReader：Ouch: Cannot find a smart card reader. (NoReadersAvailable)
2019.04.11 10:13:30.298 | TRC | 0 | 1 | SmartCardReader：Ouch: Cannot find a smart card reader. (NoReadersAvailable)
2019.04.11 10:13:30.819 | TRC | 0 | 1 | SmartCardReader：Ouch: Cannot find a smart card reader. (NoReadersAvailable)
2019.04.11 10:13:31.304 | TRC | 0 | 1 | SmartCardReader：Ouch: Cannot find a smart card reader. (NoReadersAvailable)
2019.04.11 10:13:31.762 | TRC | 0 | 1 | SmartCardReader：Ouch: Cannot find a smart card reader. (NoReadersAvailable)
2019.04.11 10:13:32.267 | TRC | 0 | 1 | SmartCardReader：Ouch: Cannot find a smart card reader. (NoReadersAvailable)
2019.04.11 10:13:32.766 | TRC | 0 | 1 | SmartCardReader：Ouch: Cannot find a smart card reader. (NoReadersAvailable)
2019.04.11 10:13:33.268 | TRC | 0 | 1 | SmartCardReader：Ouch: Cannot find a smart card reader. (NoReadersAvailable)
2019.04.11 10:13:33.769 | TRC | 0 | 1 | SmartCardReader：Ouch: Cannot find a smart card reader. (NoReadersAvailable)
2019.04.11 10:13:34.313 | TRC | 0 | 1 | SmartCardReader：Ouch: Cannot find a smart card reader. (NoReadersAvailable)
2019.04.11 10:13:34.780 | TRC | 0 | 1 | SmartCardReader：Ouch: Cannot find a smart card reader. (NoReadersAvailable)
2019.04.11 10:13:35.273 | TRC | 0 | 1 | SmartCardReader：Ouch: Cannot find a smart card reader. (NoReadersAvailable)
2019.04.11 10:13:35.774 | TRC | 0 | 1 | SmartCardReader：Ouch: Cannot find a smart card reader. (NoReadersAvailable)
2019.04.11 10:13:36.284 | TRC | 0 | 1 | SmartCardReader：Ouch: Cannot find a smart card reader. (NoReadersAvailable)
2019.04.11 10:13:36.774 | TRC | 0 | 1 | SmartCardReader：Ouch: Cannot find a smart card reader. (NoReadersAvailable)
2019.04.11 10:13:37.276 | TRC | 0 | 1 | SmartCardReader：Ouch: Cannot find a smart card reader. (NoReadersAvailable)
2019.04.11 10:13:37.779 | TRC | 0 | 1 | SmartCardReader：Ouch: Cannot find a smart card reader. (NoReadersAvailable)
2019.04.11 10:13:38.278 | TRC | 0 | 1 | SmartCardReader：Ouch: Cannot find a smart card reader. (NoReadersAvailable)
2019.04.11 10:13:38.780 | TRC | 0 | 1 | SmartCardReader：Ouch: Cannot find a smart card reader. (NoReadersAvailable)
2019.04.11 10:13:39.276 | TRC | 0 | 1 | SmartCardReader：Ouch: Cannot find a smart card reader. (NoReadersAvailable)
2019.04.11 10:13:39.784 | TRC | 0 | 1 | SmartCardReader：Ouch: Cannot find a smart card reader. (NoReadersAvailable)
2019.04.11 10:13:40.305 | TRC | 0 | 1 | SmartCardReader：Ouch: Cannot find a smart card reader. (NoReadersAvailable)
2019.04.11 10:13:40.784 | TRC | 0 | 1 | SmartCardReader：Ouch: Cannot find a smart card reader. (NoReadersAvailable)
2019.04.11 10:13:41.308 | TRC | 0 | 1 | SmartCardReader：Ouch: Cannot find a smart card reader. (NoReadersAvailable)
2019.04.11 10:13:41.827 | TRC | 0 | 1 | SmartCardReader：Ouch: Cannot find a smart card reader. (NoReadersAvailable)
2019.04.11 10:13:42.285 | TRC | 0 | 1 | SmartCardReader：Ouch: Cannot find a smart card reader. (NoReadersAvailable)
2019.04.11 10:13:42.782 | TRC | 0 | 1 | SmartCardReader：Ouch: Cannot find a smart card reader. (NoReadersAvailable)
2019.04.11 10:13:43.283 | TRC | 0 | 1 | SmartCardReader：Ouch: Cannot find a smart card reader. (NoReadersAvailable)
2019.04.11 10:13:43.827 | TRC | 0 | 1 | SmartCardReader：Ouch: Cannot find a smart card reader. (NoReadersAvailable)
2019.04.11 10:13:44.297 | TRC | 0 | 1 | SmartCardReader：Ouch: Cannot find a smart card reader. (NoReadersAvailable)
2019.04.11 10:13:44.788 | TRC | 0 | 1 | SmartCardReader：Ouch: Cannot find a smart card reader. (NoReadersAvailable)
2019.04.11 10:13:45.288 | TRC | 0 | 1 | SmartCardReader：Ouch: Cannot find a smart card reader. (NoReadersAvailable)
2019.04.11 10:13:45.786 | TRC | 0 | 1 | SmartCardReader：Ouch: Cannot find a smart card reader. (NoReadersAvailable)
2019.04.11 10:13:46.287 | TRC | 0 | 1 | SmartCardReader：Ouch: Cannot find a smart card reader. (NoReadersAvailable)
2019.04.11 10:13:46.791 | TRC | 0 | 1 | SmartCardReader：Ouch: Cannot find a smart card reader. (NoReadersAvailable)
2019.04.11 10:13:47.288 | TRC | 0 | 1 | SmartCardReader：Ouch: Cannot find a smart card reader. (NoReadersAvailable)
2019.04.11 10:13:47.793 | TRC | 0 | 1 | SmartCardReader：Ouch: Cannot find a smart card reader. (NoReadersAvailable)
2019.04.11 10:13:48.296 | TRC | 0 | 1 | SmartCardReader：Ouch: Cannot find a smart card reader. (NoReadersAvailable)
2019.04.11 10:13:48.790 | TRC | 0 | 1 | SmartCardReader：Ouch: Cannot find a smart card reader. (NoReadersAvailable)
2019.04.11 10:13:49.322 | TRC | 0 | 1 | SmartCardReader：Ouch: Cannot find a smart card reader. (NoReadersAvailable)
2019.04.11 10:13:49.832 | TRC | 0 | 1 | SmartCardReader：Ouch: Cannot find a smart card reader. (NoReadersAvailable)
2019.04.11 10:13:50.344 | TRC | 0 | 1 | SmartCardReader：Ouch: Cannot find a smart card reader. (NoReadersAvailable)
2019.04.11 10:13:50.821 | TRC | 0 | 1 | SmartCardReader：Ouch: Cannot find a smart card reader. (NoReadersAvailable)
2019.04.11 10:13:51.316 | TRC | 0 | 1 | SmartCardReader：Ouch: Cannot find a smart card reader. (NoReadersAvailable)
2019.04.11 10:13:51.800 | TRC | 0 | 1 | SmartCardReader：Ouch: Cannot find a smart card reader. (NoReadersAvailable)
2019.04.11 10:13:52.298 | TRC | 0 | 1 | SmartCardReader：Ouch: Cannot find a smart card reader. (NoReadersAvailable)
2019.04.11 10:13:52.800 | TRC | 0 | 1 | SmartCardReader：Ouch: Cannot find a smart card reader. (NoReadersAvailable)
2019.04.11 10:13:53.297 | TRC | 0 | 1 | SmartCardReader：Ouch: Cannot find a smart card reader. (NoReadersAvailable)
2019.04.11 10:13:53.814 | TRC | 0 | 1 | SmartCardReader：Ouch: Cannot find a smart card reader. (NoReadersAvailable)
2019.04.11 10:13:54.368 | TRC | 0 | 1 | SmartCardReader：Ouch: Cannot find a smart card reader. (NoReadersAvailable)
2019.04.11 10:13:54.823 | TRC | 0 | 1 | SmartCardReader：Ouch: Cannot find a smart card reader. (NoReadersAvailable)
2019.04.11 10:13:55.328 | TRC | 0 | 1 | SmartCardReader：Ouch: Cannot find a smart card reader. (NoReadersAvailable)
2019.04.11 10:13:55.827 | TRC | 0 | 1 | SmartCardReader：Ouch: Cannot find a smart card reader. (NoReadersAvailable)
2019.04.11 10:13:56.354 | TRC | 0 | 1 | SmartCardReader：Ouch: Cannot find a smart card reader. (NoReadersAvailable)
2019.04.11 10:13:56.807 | TRC | 0 | 1 | SmartCardReader：Ouch: Cannot find a smart card reader. (NoReadersAvailable)
2019.04.11 10:13:57.308 | TRC | 0 | 1 | SmartCardReader：Ouch: Cannot find a smart card reader. (NoReadersAvailable)
2019.04.11 10:13:57.814 | TRC | 0 | 1 | SmartCardReader：Ouch: Cannot find a smart card reader. (NoReadersAvailable)
2019.04.11 10:13:58.316 | TRC | 0 | 1 | SmartCardReader：Ouch: Cannot find a smart card reader. (NoReadersAvailable)
2019.04.11 10:13:58.825 | TRC | 0 | 1 | SmartCardReader：Ouch: Cannot find a smart card reader. (NoReadersAvailable)
2019.04.11 10:13:59.326 | TRC | 0 | 1 | SmartCardReader：Ouch: Cannot find a smart card reader. (NoReadersAvailable)
2019.04.11 10:13:59.823 | TRC | 0 | 1 | SmartCardReader：Ouch: Cannot find a smart card reader. (NoReadersAvailable)
2019.04.11 10:14:00.338 | TRC | 0 | 1 | SmartCardReader：Ouch: Cannot find a smart card reader. (NoReadersAvailable)
2019.04.11 10:14:00.929 | TRC | 0 | 1 | SmartCardReader：Ouch: Cannot find a smart card reader. (NoReadersAvailable)
2019.04.11 10:14:01.346 | TRC | 0 | 1 | SmartCardReader：Ouch: Cannot find a smart card reader. (NoReadersAvailable)
2019.04.11 10:14:01.822 | TRC | 0 | 1 | SmartCardReader：Ouch: Cannot find a smart card reader. (NoReadersAvailable)
2019.04.11 10:14:02.322 | TRC | 0 | 1 | SmartCardReader：Ouch: Cannot find a smart card reader. (NoReadersAvailable)
2019.04.11 10:14:02.827 | TRC | 0 | 1 | SmartCardReader：Ouch: Cannot find a smart card reader. (NoReadersAvailable)
2019.04.11 10:14:03.320 | TRC | 0 | 1 | SmartCardReader：Ouch: Cannot find a smart card reader. (NoReadersAvailable)
2019.04.11 10:14:03.859 | TRC | 0 | 1 | SmartCardReader：Ouch: Cannot find a smart card reader. (NoReadersAvailable)
2019.04.11 10:14:04.384 | TRC | 0 | 1 | SmartCardReader：Ouch: Cannot find a smart card reader. (NoReadersAvailable)
2019.04.11 10:14:04.851 | TRC | 0 | 1 | SmartCardReader：Ouch: Cannot find a smart card reader. (NoReadersAvailable)
2019.04.11 10:14:05.351 | TRC | 0 | 1 | SmartCardReader：Ouch: Cannot find a smart card reader. (NoReadersAvailable)
2019.04.11 10:14:05.827 | TRC | 0 | 1 | SmartCardReader：Ouch: Cannot find a smart card reader. (NoReadersAvailable)
2019.04.11 10:14:06.331 | TRC | 0 | 1 | SmartCardReader：Ouch: Cannot find a smart card reader. (NoReadersAvailable)
2019.04.11 10:14:06.855 | TRC | 0 | 1 | SmartCardReader：Ouch: Cannot find a smart card reader. (NoReadersAvailable)
2019.04.11 10:14:07.339 | TRC | 0 | 1 | SmartCardReader：Ouch: Cannot find a smart card reader. (NoReadersAvailable)
2019.04.11 10:14:07.828 | TRC | 0 | 1 | SmartCardReader：Ouch: Cannot find a smart card reader. (NoReadersAvailable)
2019.04.11 10:14:08.366 | TRC | 0 | 1 | SmartCardReader：Ouch: Cannot find a smart card reader. (NoReadersAvailable)
2019.04.11 10:14:08.867 | TRC | 0 | 1 | SmartCardReader：Ouch: Cannot find a smart card reader. (NoReadersAvailable)
2019.04.11 10:14:09.358 | TRC | 0 | 1 | SmartCardReader：Ouch: Cannot find a smart card reader. (NoReadersAvailable)
2019.04.11 10:14:09.848 | TRC | 0 | 1 | SmartCardReader：Ouch: Cannot find a smart card reader. (NoReadersAvailable)
2019.04.11 10:14:10.336 | TRC | 0 | 1 | SmartCardReader：Ouch: Cannot find a smart card reader. (NoReadersAvailable)
2019.04.11 10:14:10.880 | TRC | 0 | 1 | SmartCardReader：Ouch: Cannot find a smart card reader. (NoReadersAvailable)
2019.04.11 10:14:11.336 | TRC | 0 | 1 | SmartCardReader：Ouch: Cannot find a smart card reader. (NoReadersAvailable)
2019.04.11 10:14:11.839 | TRC | 0 | 1 | SmartCardReader：Ouch: Cannot find a smart card reader. (NoReadersAvailable)
2019.04.11 10:14:12.337 | TRC | 0 | 1 | SmartCardReader：Ouch: Cannot find a smart card reader. (NoReadersAvailable)
2019.04.11 10:14:12.897 | TRC | 0 | 1 | SmartCardReader：Ouch: Cannot find a smart card reader. (NoReadersAvailable)
2019.04.11 10:14:13.363 | TRC | 0 | 1 | SmartCardReader：Ouch: Cannot find a smart card reader. (NoReadersAvailable)
2019.04.11 10:14:13.864 | TRC | 0 | 1 | SmartCardReader：Ouch: Cannot find a smart card reader. (NoReadersAvailable)
2019.04.11 10:14:14.373 | TRC | 0 | 1 | SmartCardReader：Ouch: Cannot find a smart card reader. (NoReadersAvailable)
2019.04.11 10:14:14.885 | TRC | 0 | 1 | SmartCardReader：Ouch: Cannot find a smart card reader. (NoReadersAvailable)
2019.04.11 10:14:15.373 | TRC | 0 | 1 | SmartCardReader：Ouch: Cannot find a smart card reader. (NoReadersAvailable)
2019.04.11 10:14:15.868 | TRC | 0 | 1 | SmartCardReader：Ouch: Cannot find a smart card reader. (NoReadersAvailable)
2019.04.11 10:14:16.352 | TRC | 0 | 1 | SmartCardReader：Ouch: Cannot find a smart card reader. (NoReadersAvailable)
2019.04.11 10:14:16.853 | TRC | 0 | 1 | SmartCardReader：Ouch: Cannot find a smart card reader. (NoReadersAvailable)
2019.04.11 10:14:17.352 | TRC | 0 | 1 | SmartCardReader：Ouch: Cannot find a smart card reader. (NoReadersAvailable)
2019.04.11 10:14:17.854 | TRC | 0 | 1 | SmartCardReader：Ouch: Cannot find a smart card reader. (NoReadersAvailable)
2019.04.11 10:14:18.353 | TRC | 0 | 1 | SmartCardReader：Ouch: Cannot find a smart card reader. (NoReadersAvailable)
2019.04.11 10:14:18.854 | TRC | 0 | 1 | SmartCardReader：Ouch: Cannot find a smart card reader. (NoReadersAvailable)
2019.04.11 10:14:19.356 | TRC | 0 | 1 | SmartCardReader：Ouch: Cannot find a smart card reader. (NoReadersAvailable)
2019.04.11 10:14:19.890 | TRC | 0 | 1 | SmartCardReader：Ouch: Cannot find a smart card reader. (NoReadersAvailable)
2019.04.11 10:14:20.362 | TRC | 0 | 1 | SmartCardReader：Ouch: Cannot find a smart card reader. (NoReadersAvailable)
2019.04.11 10:14:20.873 | TRC | 0 | 1 | SmartCardReader：Ouch: Cannot find a smart card reader. (NoReadersAvailable)
2019.04.11 10:14:21.380 | TRC | 0 | 1 | SmartCardReader：Ouch: Cannot find a smart card reader. (NoReadersAvailable)
2019.04.11 10:14:21.880 | TRC | 0 | 1 | SmartCardReader：Ouch: Cannot find a smart card reader. (NoReadersAvailable)
2019.04.11 10:14:22.364 | TRC | 0 | 1 | SmartCardReader：Ouch: Cannot find a smart card reader. (NoReadersAvailable)
2019.04.11 10:14:22.869 | TRC | 0 | 1 | SmartCardReader：Ouch: Cannot find a smart card reader. (NoReadersAvailable)
2019.04.11 10:14:23.361 | TRC | 0 | 1 | SmartCardReader：Ouch: Cannot find a smart card reader. (NoReadersAvailable)
2019.04.11 10:14:23.890 | TRC | 0 | 1 | SmartCardReader：Ouch: Cannot find a smart card reader. (NoReadersAvailable)
2019.04.11 10:14:23.964 | TRC | 0 | 0 | frmCourseManagerUpdate
2019.04.11 10:14:24.384 | TRC | 0 | 1 | SmartCardReader：Ouch: Cannot find a smart card reader. (NoReadersAvailable)
2019.04.11 10:14:24.883 | TRC | 0 | 1 | SmartCardReader：Ouch: Cannot find a smart card reader. (NoReadersAvailable)
2019.04.11 10:14:25.367 | TRC | 0 | 1 | SmartCardReader：Ouch: Cannot find a smart card reader. (NoReadersAvailable)
2019.04.11 10:14:25.892 | TRC | 0 | 1 | SmartCardReader：Ouch: Cannot find a smart card reader. (NoReadersAvailable)
2019.04.11 10:14:26.392 | TRC | 0 | 1 | SmartCardReader：Ouch: Cannot find a smart card reader. (NoReadersAvailable)
2019.04.11 10:14:26.890 | TRC | 0 | 1 | SmartCardReader：Ouch: Cannot find a smart card reader. (NoReadersAvailable)
2019.04.11 10:14:27.365 | TRC | 0 | 1 | SmartCardReader：Ouch: Cannot find a smart card reader. (NoReadersAvailable)
2019.04.11 10:14:27.888 | TRC | 0 | 1 | SmartCardReader：Ouch: Cannot find a smart card reader. (NoReadersAvailable)
2019.04.11 10:14:28.373 | TRC | 0 | 1 | SmartCardReader：Ouch: Cannot find a smart card reader. (NoReadersAvailable)
2019.04.11 10:14:28.892 | TRC | 0 | 1 | SmartCardReader：Ouch: Cannot find a smart card reader. (NoReadersAvailable)
2019.04.11 10:14:29.368 | TRC | 0 | 1 | SmartCardReader：Ouch: Cannot find a smart card reader. (NoReadersAvailable)
2019.04.11 10:14:29.881 | TRC | 0 | 1 | SmartCardReader：Ouch: Cannot find a smart card reader. (NoReadersAvailable)
2019.04.11 10:14:30.379 | TRC | 0 | 1 | SmartCardReader：Ouch: Cannot find a smart card reader. (NoReadersAvailable)
2019.04.11 10:14:30.900 | TRC | 0 | 1 | SmartCardReader：Ouch: Cannot find a smart card reader. (NoReadersAvailable)
2019.04.11 10:14:31.372 | TRC | 0 | 1 | SmartCardReader：Ouch: Cannot find a smart card reader. (NoReadersAvailable)
2019.04.11 10:14:31.873 | TRC | 0 | 1 | SmartCardReader：Ouch: Cannot find a smart card reader. (NoReadersAvailable)
2019.04.11 10:14:32.368 | TRC | 0 | 1 | SmartCardReader：Ouch: Cannot find a smart card reader. (NoReadersAvailable)
2019.04.11 10:14:32.893 | TRC | 0 | 1 | SmartCardReader：Ouch: Cannot find a smart card reader. (NoReadersAvailable)
2019.04.11 10:14:33.377 | TRC | 0 | 1 | SmartCardReader：Ouch: Cannot find a smart card reader. (NoReadersAvailable)
2019.04.11 10:14:33.909 | TRC | 0 | 1 | SmartCardReader：Ouch: Cannot find a smart card reader. (NoReadersAvailable)
2019.04.11 10:14:34.414 | TRC | 0 | 1 | SmartCardReader：Ouch: Cannot find a smart card reader. (NoReadersAvailable)
2019.04.11 10:14:34.878 | TRC | 0 | 1 | SmartCardReader：Ouch: Cannot find a smart card reader. (NoReadersAvailable)
2019.04.11 10:14:35.411 | TRC | 0 | 1 | SmartCardReader：Ouch: Cannot find a smart card reader. (NoReadersAvailable)
2019.04.11 10:14:35.881 | TRC | 0 | 1 | SmartCardReader：Ouch: Cannot find a smart card reader. (NoReadersAvailable)
2019.04.11 10:14:36.382 | TRC | 0 | 1 | SmartCardReader：Ouch: Cannot find a smart card reader. (NoReadersAvailable)
2019.04.11 10:14:36.888 | TRC | 0 | 1 | SmartCardReader：Ouch: Cannot find a smart card reader. (NoReadersAvailable)
2019.04.11 10:15:26.413 | TRC | 0 | 0 | start log
2019.04.11 10:15:26.520 | TRC | 0 | 2 | SmartCardReader：Ouch: Cannot find a smart card reader. (NoReadersAvailable)
2019.04.11 10:15:26.664 | TRC | 0 | 1 | DB initial count：1
2019.04.11 10:15:26.953 | TRC | 0 | 2 | SmartCardReader：Ouch: Cannot find a smart card reader. (NoReadersAvailable)
2019.04.11 10:15:27.452 | TRC | 0 | 2 | SmartCardReader：Ouch: Cannot find a smart card reader. (NoReadersAvailable)
2019.04.11 10:15:27.990 | TRC | 0 | 2 | SmartCardReader：Ouch: Cannot find a smart card reader. (NoReadersAvailable)
2019.04.11 10:15:28.470 | TRC | 0 | 2 | SmartCardReader：Ouch: Cannot find a smart card reader. (NoReadersAvailable)
2019.04.11 10:15:28.962 | TRC | 0 | 2 | SmartCardReader：Ouch: Cannot find a smart card reader. (NoReadersAvailable)
2019.04.11 10:15:29.069 | TRC | 0 | 1 | frmStudentRollcall：frmStudentRollcall_Load
2019.04.11 10:15:29.456 | TRC | 0 | 1 | SmartCardReader：Ouch: Cannot find a smart card reader. (NoReadersAvailable)
2019.04.11 10:15:29.955 | TRC | 0 | 1 | SmartCardReader：Ouch: Cannot find a smart card reader. (NoReadersAvailable)
2019.04.11 10:15:30.506 | TRC | 0 | 1 | SmartCardReader：Ouch: Cannot find a smart card reader. (NoReadersAvailable)
2019.04.11 10:15:30.984 | TRC | 0 | 1 | SmartCardReader：Ouch: Cannot find a smart card reader. (NoReadersAvailable)
2019.04.11 10:15:31.486 | TRC | 0 | 1 | SmartCardReader：Ouch: Cannot find a smart card reader. (NoReadersAvailable)
2019.04.11 10:15:32.012 | TRC | 0 | 1 | SmartCardReader：Ouch: Cannot find a smart card reader. (NoReadersAvailable)
2019.04.11 10:15:32.519 | TRC | 0 | 1 | SmartCardReader：Ouch: Cannot find a smart card reader. (NoReadersAvailable)
2019.04.11 10:15:32.986 | TRC | 0 | 1 | SmartCardReader：Ouch: Cannot find a smart card reader. (NoReadersAvailable)
2019.04.11 10:15:33.492 | TRC | 0 | 1 | SmartCardReader：Ouch: Cannot find a smart card reader. (NoReadersAvailable)
2019.04.11 10:15:33.987 | TRC | 0 | 1 | SmartCardReader：Ouch: Cannot find a smart card reader. (NoReadersAvailable)
2019.04.11 10:15:34.494 | TRC | 0 | 1 | SmartCardReader：Ouch: Cannot find a smart card reader. (NoReadersAvailable)
2019.04.11 10:15:35.013 | TRC | 0 | 1 | SmartCardReader：Ouch: Cannot find a smart card reader. (NoReadersAvailable)
2019.04.11 10:15:35.531 | TRC | 0 | 1 | SmartCardReader：Ouch: Cannot find a smart card reader. (NoReadersAvailable)
2019.04.11 10:15:35.994 | TRC | 0 | 1 | SmartCardReader：Ouch: Cannot find a smart card reader. (NoReadersAvailable)
2019.04.11 10:15:36.514 | TRC | 0 | 1 | SmartCardReader：Ouch: Cannot find a smart card reader. (NoReadersAvailable)
2019.04.11 10:15:37.030 | TRC | 0 | 1 | SmartCardReader：Ouch: Cannot find a smart card reader. (NoReadersAvailable)
2019.04.11 10:15:37.486 | TRC | 0 | 1 | SmartCardReader：Ouch: Cannot find a smart card reader. (NoReadersAvailable)
2019.04.11 10:15:37.968 | TRC | 0 | 0 | 學生通訊錄：frmStudentBook_Load
2019.04.11 10:15:37.991 | TRC | 0 | 1 | SmartCardReader：Ouch: Cannot find a smart card reader. (NoReadersAvailable)
2019.04.11 10:15:38.495 | TRC | 0 | 1 | SmartCardReader：Ouch: Cannot find a smart card reader. (NoReadersAvailable)
2019.04.11 10:15:38.991 | TRC | 0 | 1 | SmartCardReader：Ouch: Cannot find a smart card reader. (NoReadersAvailable)
2019.04.11 10:15:39.520 | TRC | 0 | 1 | SmartCardReader：Ouch: Cannot find a smart card reader. (NoReadersAvailable)
2019.04.11 10:15:39.992 | TRC | 0 | 1 | SmartCardReader：Ouch: Cannot find a smart card reader. (NoReadersAvailable)
2019.04.11 10:15:40.511 | TRC | 0 | 1 | SmartCardReader：Ouch: Cannot find a smart card reader. (NoReadersAvailable)
2019.04.11 10:15:41.000 | TRC | 0 | 1 | SmartCardReader：Ouch: Cannot find a smart card reader. (NoReadersAvailable)
2019.04.11 10:15:41.509 | TRC | 0 | 1 | SmartCardReader：Ouch: Cannot find a smart card reader. (NoReadersAvailable)
2019.04.11 10:15:42.067 | TRC | 0 | 1 | SmartCardReader：Ouch: Cannot find a smart card reader. (NoReadersAvailable)
2019.04.11 10:15:42.537 | TRC | 0 | 1 | SmartCardReader：Ouch: Cannot find a smart card reader. (NoReadersAvailable)
2019.04.11 10:15:43.024 | TRC | 0 | 1 | SmartCardReader：Ouch: Cannot find a smart card reader. (NoReadersAvailable)
2019.04.11 10:15:43.510 | TRC | 0 | 1 | SmartCardReader：Ouch: Cannot find a smart card reader. (NoReadersAvailable)
2019.04.11 10:15:44.004 | TRC | 0 | 1 | SmartCardReader：Ouch: Cannot find a smart card reader. (NoReadersAvailable)
2019.04.11 10:15:44.514 | TRC | 0 | 1 | SmartCardReader：Ouch: Cannot find a smart card reader. (NoReadersAvailable)
2019.04.11 10:15:45.029 | TRC | 0 | 1 | SmartCardReader：Ouch: Cannot find a smart card reader. (NoReadersAvailable)
2019.04.11 10:15:45.531 | TRC | 0 | 1 | SmartCardReader：Ouch: Cannot find a smart card reader. (NoReadersAvailable)
2019.04.11 10:15:46.063 | TRC | 0 | 1 | SmartCardReader：Ouch: Cannot find a smart card reader. (NoReadersAvailable)
2019.04.11 10:15:46.528 | TRC | 0 | 1 | SmartCardReader：Ouch: Cannot find a smart card reader. (NoReadersAvailable)
2019.04.11 10:15:47.007 | TRC | 0 | 1 | SmartCardReader：Ouch: Cannot find a smart card reader. (NoReadersAvailable)
2019.04.11 10:15:47.529 | TRC | 0 | 1 | SmartCardReader：Ouch: Cannot find a smart card reader. (NoReadersAvailable)
2019.04.11 10:15:48.008 | TRC | 0 | 1 | SmartCardReader：Ouch: Cannot find a smart card reader. (NoReadersAvailable)
2019.04.11 10:15:48.536 | TRC | 0 | 1 | SmartCardReader：Ouch: Cannot find a smart card reader. (NoReadersAvailable)
2019.04.11 10:15:49.031 | TRC | 0 | 1 | SmartCardReader：Ouch: Cannot find a smart card reader. (NoReadersAvailable)
2019.04.11 10:15:49.544 | TRC | 0 | 1 | SmartCardReader：Ouch: Cannot find a smart card reader. (NoReadersAvailable)
2019.04.11 10:15:50.018 | TRC | 0 | 1 | SmartCardReader：Ouch: Cannot find a smart card reader. (NoReadersAvailable)
2019.04.11 10:15:50.530 | TRC | 0 | 1 | SmartCardReader：Ouch: Cannot find a smart card reader. (NoReadersAvailable)
2019.04.11 10:15:51.015 | TRC | 0 | 1 | SmartCardReader：Ouch: Cannot find a smart card reader. (NoReadersAvailable)
2019.04.11 10:15:51.517 | TRC | 0 | 1 | SmartCardReader：Ouch: Cannot find a smart card reader. (NoReadersAvailable)
2019.04.11 10:15:52.050 | TRC | 0 | 1 | SmartCardReader：Ouch: Cannot find a smart card reader. (NoReadersAvailable)
2019.04.11 10:15:52.558 | TRC | 0 | 1 | SmartCardReader：Ouch: Cannot find a smart card reader. (NoReadersAvailable)
2019.04.11 10:15:53.012 | TRC | 0 | 1 | show Form
2019.04.11 10:15:53.068 | TRC | 0 | 1 | SmartCardReader：Ouch: Cannot find a smart card reader. (NoReadersAvailable)
2019.04.11 10:15:53.558 | TRC | 0 | 1 | SmartCardReader：Ouch: Cannot find a smart card reader. (NoReadersAvailable)
2019.04.11 10:15:54.046 | TRC | 0 | 1 | SmartCardReader：Ouch: Cannot find a smart card reader. (NoReadersAvailable)
2019.04.11 10:15:54.546 | TRC | 0 | 1 | SmartCardReader：Ouch: Cannot find a smart card reader. (NoReadersAvailable)
2019.04.11 10:15:55.023 | TRC | 0 | 1 | SmartCardReader：Ouch: Cannot find a smart card reader. (NoReadersAvailable)
2019.04.11 10:15:55.548 | TRC | 0 | 1 | SmartCardReader：Ouch: Cannot find a smart card reader. (NoReadersAvailable)
2019.04.11 10:15:56.036 | TRC | 0 | 1 | SmartCardReader：Ouch: Cannot find a smart card reader. (NoReadersAvailable)
2019.04.11 10:15:56.557 | TRC | 0 | 1 | SmartCardReader：Ouch: Cannot find a smart card reader. (NoReadersAvailable)
2019.04.11 10:15:57.054 | TRC | 0 | 1 | SmartCardReader：Ouch: Cannot find a smart card reader. (NoReadersAvailable)
2019.04.11 10:15:57.551 | TRC | 0 | 1 | SmartCardReader：Ouch: Cannot find a smart card reader. (NoReadersAvailable)
