2019.01.09 11:38:45.071 | TRC | 0 | 0 | start log
2019.01.09 11:38:45.510 | TRC | 0 | 1 | DB initial count：1
2019.01.09 11:38:47.156 | TRC | 0 | 1 | DatabaseCoreRollcall：System.Data.SqlClient.SqlException (0x80131904): 無法 卸除 資料表 'EnglishClassDBtestRollcall.dbo.Table_StudentRollcall_2019/1/9 11:38:47'，原因是它不存在或您沒有權限。
   於 System.Data.SqlClient.SqlConnection.OnError(SqlException exception, Boolean breakConnection, Action`1 wrapCloseInAction)
   於 System.Data.SqlClient.SqlInternalConnection.OnError(SqlException exception, Boolean breakConnection, Action`1 wrapCloseInAction)
   於 System.Data.SqlClient.TdsParser.ThrowExceptionAndWarning(TdsParserStateObject stateObj, Boolean callerHasConnectionLock, Boolean asyncClose)
   於 System.Data.SqlClient.TdsParser.TryRun(RunBehavior runBehavior, SqlCommand cmdHandler, SqlDataReader dataStream, BulkCopySimpleResultSet bulkCopyHandler, TdsParserStateObject stateObj, Boolean& dataReady)
   於 System.Data.SqlClient.SqlCommand.RunExecuteNonQueryTds(String methodName, Boolean async, Int32 timeout, Boolean asyncWrite)
   於 System.Data.SqlClient.SqlCommand.InternalExecuteNonQuery(TaskCompletionSource`1 completion, String methodName, Boolean sendToPipe, Int32 timeout, Boolean& usedCache, Boolean asyncWrite, Boolean inRetry)
   於 System.Data.SqlClient.SqlCommand.ExecuteNonQuery()
   於 EnglishClassManager.Utility.Database.DatabaseCoreRollcall.ExecuteNonQuery(String CommandStr) 於 D:\FreshStore58\Development\58鮮舖\Program\EnglishClass\Server\EnglishCalssManager\EnglishCalssManager\Utility\Database\DatabaseCoreRollcall.cs: 行 133
ClientConnectionId:1f038bc4-8465-4950-95bb-ef9cd10bcfd3
Error Number:3701,State:5,Class:11
2019.01.09 11:38:48.781 | TRC | 0 | 1 | DatabaseCoreRollcall：System.Data.SqlClient.SqlException (0x80131904): 無法 卸除 資料表 'EnglishClassDBtestRollcall.dbo.Table_StudentRollcall_2019/1/9 11:38:47'，原因是它不存在或您沒有權限。
   於 System.Data.SqlClient.SqlConnection.OnError(SqlException exception, Boolean breakConnection, Action`1 wrapCloseInAction)
   於 System.Data.SqlClient.SqlInternalConnection.OnError(SqlException exception, Boolean breakConnection, Action`1 wrapCloseInAction)
   於 System.Data.SqlClient.TdsParser.ThrowExceptionAndWarning(TdsParserStateObject stateObj, Boolean callerHasConnectionLock, Boolean asyncClose)
   於 System.Data.SqlClient.TdsParser.TryRun(RunBehavior runBehavior, SqlCommand cmdHandler, SqlDataReader dataStream, BulkCopySimpleResultSet bulkCopyHandler, TdsParserStateObject stateObj, Boolean& dataReady)
   於 System.Data.SqlClient.SqlCommand.RunExecuteNonQueryTds(String methodName, Boolean async, Int32 timeout, Boolean asyncWrite)
   於 System.Data.SqlClient.SqlCommand.InternalExecuteNonQuery(TaskCompletionSource`1 completion, String methodName, Boolean sendToPipe, Int32 timeout, Boolean& usedCache, Boolean asyncWrite, Boolean inRetry)
   於 System.Data.SqlClient.SqlCommand.ExecuteNonQuery()
   於 EnglishClassManager.Utility.Database.DatabaseCoreRollcall.ExecuteNonQuery(String CommandStr) 於 D:\FreshStore58\Development\58鮮舖\Program\EnglishClass\Server\EnglishCalssManager\EnglishCalssManager\Utility\Database\DatabaseCoreRollcall.cs: 行 133
ClientConnectionId:eaff8da7-548c-41ad-a2d7-ee401609b342
Error Number:3701,State:5,Class:11
2019.01.09 11:43:13.169 | TRC | 0 | 0 | start log
2019.01.09 11:43:13.733 | TRC | 0 | 1 | DB initial count：1
2019.01.09 11:43:58.280 | TRC | 0 | 1 | DatabaseCoreRollcall：System.Data.SqlClient.SqlException (0x80131904): 無法 卸除 資料表 'EnglishClassDBtestRollcall.dbo.Table_StudentRollcall_2019/1/9 11:43:58'，原因是它不存在或您沒有權限。
   於 System.Data.SqlClient.SqlConnection.OnError(SqlException exception, Boolean breakConnection, Action`1 wrapCloseInAction)
   於 System.Data.SqlClient.SqlInternalConnection.OnError(SqlException exception, Boolean breakConnection, Action`1 wrapCloseInAction)
   於 System.Data.SqlClient.TdsParser.ThrowExceptionAndWarning(TdsParserStateObject stateObj, Boolean callerHasConnectionLock, Boolean asyncClose)
   於 System.Data.SqlClient.TdsParser.TryRun(RunBehavior runBehavior, SqlCommand cmdHandler, SqlDataReader dataStream, BulkCopySimpleResultSet bulkCopyHandler, TdsParserStateObject stateObj, Boolean& dataReady)
   於 System.Data.SqlClient.SqlCommand.RunExecuteNonQueryTds(String methodName, Boolean async, Int32 timeout, Boolean asyncWrite)
   於 System.Data.SqlClient.SqlCommand.InternalExecuteNonQuery(TaskCompletionSource`1 completion, String methodName, Boolean sendToPipe, Int32 timeout, Boolean& usedCache, Boolean asyncWrite, Boolean inRetry)
   於 System.Data.SqlClient.SqlCommand.ExecuteNonQuery()
   於 EnglishClassManager.Utility.Database.DatabaseCoreRollcall.ExecuteNonQuery(String CommandStr) 於 D:\FreshStore58\Development\58鮮舖\Program\EnglishClass\Server\EnglishCalssManager\EnglishCalssManager\Utility\Database\DatabaseCoreRollcall.cs: 行 133
ClientConnectionId:634ac024-bec1-4a4f-b464-deb76134df8d
Error Number:3701,State:5,Class:11
2019.01.09 11:44:16.572 | TRC | 0 | 1 | DatabaseCoreRollcall：System.Data.SqlClient.SqlException (0x80131904): 無法 卸除 資料表 'EnglishClassDBtestRollcall.dbo.Table_StudentRollcall_2019/1/9 11:43:58'，原因是它不存在或您沒有權限。
   於 System.Data.SqlClient.SqlConnection.OnError(SqlException exception, Boolean breakConnection, Action`1 wrapCloseInAction)
   於 System.Data.SqlClient.SqlInternalConnection.OnError(SqlException exception, Boolean breakConnection, Action`1 wrapCloseInAction)
   於 System.Data.SqlClient.TdsParser.ThrowExceptionAndWarning(TdsParserStateObject stateObj, Boolean callerHasConnectionLock, Boolean asyncClose)
   於 System.Data.SqlClient.TdsParser.TryRun(RunBehavior runBehavior, SqlCommand cmdHandler, SqlDataReader dataStream, BulkCopySimpleResultSet bulkCopyHandler, TdsParserStateObject stateObj, Boolean& dataReady)
   於 System.Data.SqlClient.SqlCommand.RunExecuteNonQueryTds(String methodName, Boolean async, Int32 timeout, Boolean asyncWrite)
   於 System.Data.SqlClient.SqlCommand.InternalExecuteNonQuery(TaskCompletionSource`1 completion, String methodName, Boolean sendToPipe, Int32 timeout, Boolean& usedCache, Boolean asyncWrite, Boolean inRetry)
   於 System.Data.SqlClient.SqlCommand.ExecuteNonQuery()
   於 EnglishClassManager.Utility.Database.DatabaseCoreRollcall.ExecuteNonQuery(String CommandStr) 於 D:\FreshStore58\Development\58鮮舖\Program\EnglishClass\Server\EnglishCalssManager\EnglishCalssManager\Utility\Database\DatabaseCoreRollcall.cs: 行 133
ClientConnectionId:73398b57-4251-4dc0-9db7-b3d5d4fe7608
Error Number:3701,State:5,Class:11
2019.01.09 14:44:31.291 | TRC | 0 | 0 | start log
2019.01.09 14:44:32.112 | TRC | 0 | 1 | DB initial count：1
2019.01.09 14:45:13.764 | TRC | 0 | 1 | DatabaseCoreRollcall：System.Data.SqlClient.SqlException (0x80131904): 無法 卸除 資料表 'EnglishClassDBtestRollcall.dbo.Table_StudentRollcall_2019/1/9 14:45:13'，原因是它不存在或您沒有權限。
   於 System.Data.SqlClient.SqlConnection.OnError(SqlException exception, Boolean breakConnection, Action`1 wrapCloseInAction)
   於 System.Data.SqlClient.SqlInternalConnection.OnError(SqlException exception, Boolean breakConnection, Action`1 wrapCloseInAction)
   於 System.Data.SqlClient.TdsParser.ThrowExceptionAndWarning(TdsParserStateObject stateObj, Boolean callerHasConnectionLock, Boolean asyncClose)
   於 System.Data.SqlClient.TdsParser.TryRun(RunBehavior runBehavior, SqlCommand cmdHandler, SqlDataReader dataStream, BulkCopySimpleResultSet bulkCopyHandler, TdsParserStateObject stateObj, Boolean& dataReady)
   於 System.Data.SqlClient.SqlCommand.RunExecuteNonQueryTds(String methodName, Boolean async, Int32 timeout, Boolean asyncWrite)
   於 System.Data.SqlClient.SqlCommand.InternalExecuteNonQuery(TaskCompletionSource`1 completion, String methodName, Boolean sendToPipe, Int32 timeout, Boolean& usedCache, Boolean asyncWrite, Boolean inRetry)
   於 System.Data.SqlClient.SqlCommand.ExecuteNonQuery()
   於 EnglishClassManager.Utility.Database.DatabaseCoreRollcall.ExecuteNonQuery(String CommandStr) 於 D:\FreshStore58\Development\58鮮舖\Program\EnglishClass\Server\EnglishCalssManager\EnglishCalssManager\Utility\Database\DatabaseCoreRollcall.cs: 行 133
ClientConnectionId:8b937cbb-2748-4eb1-9685-932c2d15f52e
Error Number:3701,State:5,Class:11
2019.01.09 14:45:16.400 | TRC | 0 | 1 | DatabaseCoreRollcall：System.Data.SqlClient.SqlException (0x80131904): 無法 卸除 資料表 'EnglishClassDBtestRollcall.dbo.Table_StudentRollcall_2019/1/9 14:45:13'，原因是它不存在或您沒有權限。
   於 System.Data.SqlClient.SqlConnection.OnError(SqlException exception, Boolean breakConnection, Action`1 wrapCloseInAction)
   於 System.Data.SqlClient.SqlInternalConnection.OnError(SqlException exception, Boolean breakConnection, Action`1 wrapCloseInAction)
   於 System.Data.SqlClient.TdsParser.ThrowExceptionAndWarning(TdsParserStateObject stateObj, Boolean callerHasConnectionLock, Boolean asyncClose)
   於 System.Data.SqlClient.TdsParser.TryRun(RunBehavior runBehavior, SqlCommand cmdHandler, SqlDataReader dataStream, BulkCopySimpleResultSet bulkCopyHandler, TdsParserStateObject stateObj, Boolean& dataReady)
   於 System.Data.SqlClient.SqlCommand.RunExecuteNonQueryTds(String methodName, Boolean async, Int32 timeout, Boolean asyncWrite)
   於 System.Data.SqlClient.SqlCommand.InternalExecuteNonQuery(TaskCompletionSource`1 completion, String methodName, Boolean sendToPipe, Int32 timeout, Boolean& usedCache, Boolean asyncWrite, Boolean inRetry)
   於 System.Data.SqlClient.SqlCommand.ExecuteNonQuery()
   於 EnglishClassManager.Utility.Database.DatabaseCoreRollcall.ExecuteNonQuery(String CommandStr) 於 D:\FreshStore58\Development\58鮮舖\Program\EnglishClass\Server\EnglishCalssManager\EnglishCalssManager\Utility\Database\DatabaseCoreRollcall.cs: 行 133
ClientConnectionId:f8350738-6d2a-42ca-a75b-e9a74859b758
Error Number:3701,State:5,Class:11
2019.01.09 14:49:43.538 | TRC | 0 | 0 | start log
2019.01.09 14:49:44.099 | TRC | 0 | 1 | DB initial count：1
2019.01.09 14:50:27.369 | TRC | 0 | 1 | DatabaseCoreRollcall：System.Data.SqlClient.SqlException (0x80131904): 無法 卸除 資料表 'EnglishClassDBtestRollcall.dbo.Table_StudentRollcall_2019/1/9 14:50:27'，原因是它不存在或您沒有權限。
   於 System.Data.SqlClient.SqlConnection.OnError(SqlException exception, Boolean breakConnection, Action`1 wrapCloseInAction)
   於 System.Data.SqlClient.SqlInternalConnection.OnError(SqlException exception, Boolean breakConnection, Action`1 wrapCloseInAction)
   於 System.Data.SqlClient.TdsParser.ThrowExceptionAndWarning(TdsParserStateObject stateObj, Boolean callerHasConnectionLock, Boolean asyncClose)
   於 System.Data.SqlClient.TdsParser.TryRun(RunBehavior runBehavior, SqlCommand cmdHandler, SqlDataReader dataStream, BulkCopySimpleResultSet bulkCopyHandler, TdsParserStateObject stateObj, Boolean& dataReady)
   於 System.Data.SqlClient.SqlCommand.RunExecuteNonQueryTds(String methodName, Boolean async, Int32 timeout, Boolean asyncWrite)
   於 System.Data.SqlClient.SqlCommand.InternalExecuteNonQuery(TaskCompletionSource`1 completion, String methodName, Boolean sendToPipe, Int32 timeout, Boolean& usedCache, Boolean asyncWrite, Boolean inRetry)
   於 System.Data.SqlClient.SqlCommand.ExecuteNonQuery()
   於 EnglishClassManager.Utility.Database.DatabaseCoreRollcall.ExecuteNonQuery(String CommandStr) 於 D:\FreshStore58\Development\58鮮舖\Program\EnglishClass\Server\EnglishCalssManager\EnglishCalssManager\Utility\Database\DatabaseCoreRollcall.cs: 行 133
ClientConnectionId:31126159-5110-4808-a849-1090243cc2d4
Error Number:3701,State:5,Class:11
2019.01.09 14:59:43.546 | TRC | 0 | 2 | DB initial count：2
2019.01.09 15:00:26.421 | TRC | 0 | 2 | DatabaseCoreRollcall：System.Data.SqlClient.SqlException (0x80131904): 無法 卸除 資料表 'EnglishClassDBtestRollcall.dbo.Table_StudentRollcall_2019/1/9 15:00:26'，原因是它不存在或您沒有權限。
   於 System.Data.SqlClient.SqlConnection.OnError(SqlException exception, Boolean breakConnection, Action`1 wrapCloseInAction)
   於 System.Data.SqlClient.SqlInternalConnection.OnError(SqlException exception, Boolean breakConnection, Action`1 wrapCloseInAction)
   於 System.Data.SqlClient.TdsParser.ThrowExceptionAndWarning(TdsParserStateObject stateObj, Boolean callerHasConnectionLock, Boolean asyncClose)
   於 System.Data.SqlClient.TdsParser.TryRun(RunBehavior runBehavior, SqlCommand cmdHandler, SqlDataReader dataStream, BulkCopySimpleResultSet bulkCopyHandler, TdsParserStateObject stateObj, Boolean& dataReady)
   於 System.Data.SqlClient.SqlCommand.RunExecuteNonQueryTds(String methodName, Boolean async, Int32 timeout, Boolean asyncWrite)
   於 System.Data.SqlClient.SqlCommand.InternalExecuteNonQuery(TaskCompletionSource`1 completion, String methodName, Boolean sendToPipe, Int32 timeout, Boolean& usedCache, Boolean asyncWrite, Boolean inRetry)
   於 System.Data.SqlClient.SqlCommand.ExecuteNonQuery()
   於 EnglishClassManager.Utility.Database.DatabaseCoreRollcall.ExecuteNonQuery(String CommandStr) 於 D:\FreshStore58\Development\58鮮舖\Program\EnglishClass\Server\EnglishCalssManager\EnglishCalssManager\Utility\Database\DatabaseCoreRollcall.cs: 行 133
ClientConnectionId:3246ce8e-4b05-4bc6-9e17-c9dd2e11005c
Error Number:3701,State:5,Class:11
2019.01.09 15:01:44.109 | TRC | 0 | 0 | start log
2019.01.09 15:01:44.567 | TRC | 0 | 1 | DB initial count：1
2019.01.09 15:02:27.480 | TRC | 0 | 1 | DatabaseCoreRollcall：System.Data.SqlClient.SqlException (0x80131904): 無法 卸除 資料表 'EnglishClassDBtestRollcall.dbo.Table_StudentRollcall_2019/1/9 15:02:27'，原因是它不存在或您沒有權限。
   於 System.Data.SqlClient.SqlConnection.OnError(SqlException exception, Boolean breakConnection, Action`1 wrapCloseInAction)
   於 System.Data.SqlClient.SqlInternalConnection.OnError(SqlException exception, Boolean breakConnection, Action`1 wrapCloseInAction)
   於 System.Data.SqlClient.TdsParser.ThrowExceptionAndWarning(TdsParserStateObject stateObj, Boolean callerHasConnectionLock, Boolean asyncClose)
   於 System.Data.SqlClient.TdsParser.TryRun(RunBehavior runBehavior, SqlCommand cmdHandler, SqlDataReader dataStream, BulkCopySimpleResultSet bulkCopyHandler, TdsParserStateObject stateObj, Boolean& dataReady)
   於 System.Data.SqlClient.SqlCommand.RunExecuteNonQueryTds(String methodName, Boolean async, Int32 timeout, Boolean asyncWrite)
   於 System.Data.SqlClient.SqlCommand.InternalExecuteNonQuery(TaskCompletionSource`1 completion, String methodName, Boolean sendToPipe, Int32 timeout, Boolean& usedCache, Boolean asyncWrite, Boolean inRetry)
   於 System.Data.SqlClient.SqlCommand.ExecuteNonQuery()
   於 EnglishClassManager.Utility.Database.DatabaseCoreRollcall.ExecuteNonQuery(String CommandStr) 於 D:\FreshStore58\Development\58鮮舖\Program\EnglishClass\Server\EnglishCalssManager\EnglishCalssManager\Utility\Database\DatabaseCoreRollcall.cs: 行 133
ClientConnectionId:98d373e3-6051-4a41-950e-a3518ba717d1
Error Number:3701,State:5,Class:11
2019.01.09 15:02:30.262 | TRC | 0 | 1 | DatabaseCoreRollcall：System.Data.SqlClient.SqlException (0x80131904): 無法 卸除 資料表 'EnglishClassDBtestRollcall.dbo.Table_StudentRollcall_2019/1/9 15:02:27'，原因是它不存在或您沒有權限。
   於 System.Data.SqlClient.SqlConnection.OnError(SqlException exception, Boolean breakConnection, Action`1 wrapCloseInAction)
   於 System.Data.SqlClient.SqlInternalConnection.OnError(SqlException exception, Boolean breakConnection, Action`1 wrapCloseInAction)
   於 System.Data.SqlClient.TdsParser.ThrowExceptionAndWarning(TdsParserStateObject stateObj, Boolean callerHasConnectionLock, Boolean asyncClose)
   於 System.Data.SqlClient.TdsParser.TryRun(RunBehavior runBehavior, SqlCommand cmdHandler, SqlDataReader dataStream, BulkCopySimpleResultSet bulkCopyHandler, TdsParserStateObject stateObj, Boolean& dataReady)
   於 System.Data.SqlClient.SqlCommand.RunExecuteNonQueryTds(String methodName, Boolean async, Int32 timeout, Boolean asyncWrite)
   於 System.Data.SqlClient.SqlCommand.InternalExecuteNonQuery(TaskCompletionSource`1 completion, String methodName, Boolean sendToPipe, Int32 timeout, Boolean& usedCache, Boolean asyncWrite, Boolean inRetry)
   於 System.Data.SqlClient.SqlCommand.ExecuteNonQuery()
   於 EnglishClassManager.Utility.Database.DatabaseCoreRollcall.ExecuteNonQuery(String CommandStr) 於 D:\FreshStore58\Development\58鮮舖\Program\EnglishClass\Server\EnglishCalssManager\EnglishCalssManager\Utility\Database\DatabaseCoreRollcall.cs: 行 133
ClientConnectionId:e61b4951-c230-465b-8c15-d6b738517352
Error Number:3701,State:5,Class:11
2019.01.09 15:18:34.412 | TRC | 0 | 0 | start log
2019.01.09 15:18:34.981 | TRC | 0 | 2 | DB initial count：1
2019.01.09 15:19:18.310 | TRC | 0 | 1 | DatabaseCoreRollcall：System.Data.SqlClient.SqlException (0x80131904): 無法 卸除 資料表 'EnglishClassDBtestRollcall.dbo.Table_StudentRollcall_2019/1/9 15:19:18'，原因是它不存在或您沒有權限。
   於 System.Data.SqlClient.SqlConnection.OnError(SqlException exception, Boolean breakConnection, Action`1 wrapCloseInAction)
   於 System.Data.SqlClient.SqlInternalConnection.OnError(SqlException exception, Boolean breakConnection, Action`1 wrapCloseInAction)
   於 System.Data.SqlClient.TdsParser.ThrowExceptionAndWarning(TdsParserStateObject stateObj, Boolean callerHasConnectionLock, Boolean asyncClose)
   於 System.Data.SqlClient.TdsParser.TryRun(RunBehavior runBehavior, SqlCommand cmdHandler, SqlDataReader dataStream, BulkCopySimpleResultSet bulkCopyHandler, TdsParserStateObject stateObj, Boolean& dataReady)
   於 System.Data.SqlClient.SqlCommand.RunExecuteNonQueryTds(String methodName, Boolean async, Int32 timeout, Boolean asyncWrite)
   於 System.Data.SqlClient.SqlCommand.InternalExecuteNonQuery(TaskCompletionSource`1 completion, String methodName, Boolean sendToPipe, Int32 timeout, Boolean& usedCache, Boolean asyncWrite, Boolean inRetry)
   於 System.Data.SqlClient.SqlCommand.ExecuteNonQuery()
   於 EnglishClassManager.Utility.Database.DatabaseCoreRollcall.ExecuteNonQuery(String CommandStr) 於 D:\FreshStore58\Development\58鮮舖\Program\EnglishClass\Server\EnglishCalssManager\EnglishCalssManager\Utility\Database\DatabaseCoreRollcall.cs: 行 133
ClientConnectionId:43d35627-1a13-4788-9df4-a14fddd46851
Error Number:3701,State:5,Class:11
2019.01.09 15:19:24.499 | TRC | 0 | 1 | DatabaseCoreRollcall：System.Data.SqlClient.SqlException (0x80131904): 無法 卸除 資料表 'EnglishClassDBtestRollcall.dbo.Table_StudentRollcall_2019/1/9 15:19:18'，原因是它不存在或您沒有權限。
   於 System.Data.SqlClient.SqlConnection.OnError(SqlException exception, Boolean breakConnection, Action`1 wrapCloseInAction)
   於 System.Data.SqlClient.SqlInternalConnection.OnError(SqlException exception, Boolean breakConnection, Action`1 wrapCloseInAction)
   於 System.Data.SqlClient.TdsParser.ThrowExceptionAndWarning(TdsParserStateObject stateObj, Boolean callerHasConnectionLock, Boolean asyncClose)
   於 System.Data.SqlClient.TdsParser.TryRun(RunBehavior runBehavior, SqlCommand cmdHandler, SqlDataReader dataStream, BulkCopySimpleResultSet bulkCopyHandler, TdsParserStateObject stateObj, Boolean& dataReady)
   於 System.Data.SqlClient.SqlCommand.RunExecuteNonQueryTds(String methodName, Boolean async, Int32 timeout, Boolean asyncWrite)
   於 System.Data.SqlClient.SqlCommand.InternalExecuteNonQuery(TaskCompletionSource`1 completion, String methodName, Boolean sendToPipe, Int32 timeout, Boolean& usedCache, Boolean asyncWrite, Boolean inRetry)
   於 System.Data.SqlClient.SqlCommand.ExecuteNonQuery()
   於 EnglishClassManager.Utility.Database.DatabaseCoreRollcall.ExecuteNonQuery(String CommandStr) 於 D:\FreshStore58\Development\58鮮舖\Program\EnglishClass\Server\EnglishCalssManager\EnglishCalssManager\Utility\Database\DatabaseCoreRollcall.cs: 行 133
ClientConnectionId:74a25b1a-80f7-4131-abd1-7ff2f62742fb
Error Number:3701,State:5,Class:11
2019.01.09 15:28:34.420 | TRC | 0 | 1 | DB initial count：2
2019.01.09 15:29:17.183 | TRC | 0 | 1 | DatabaseCoreRollcall：System.Data.SqlClient.SqlException (0x80131904): 無法 卸除 資料表 'EnglishClassDBtestRollcall.dbo.Table_StudentRollcall_2019/1/9 15:29:17'，原因是它不存在或您沒有權限。
   於 System.Data.SqlClient.SqlConnection.OnError(SqlException exception, Boolean breakConnection, Action`1 wrapCloseInAction)
   於 System.Data.SqlClient.SqlInternalConnection.OnError(SqlException exception, Boolean breakConnection, Action`1 wrapCloseInAction)
   於 System.Data.SqlClient.TdsParser.ThrowExceptionAndWarning(TdsParserStateObject stateObj, Boolean callerHasConnectionLock, Boolean asyncClose)
   於 System.Data.SqlClient.TdsParser.TryRun(RunBehavior runBehavior, SqlCommand cmdHandler, SqlDataReader dataStream, BulkCopySimpleResultSet bulkCopyHandler, TdsParserStateObject stateObj, Boolean& dataReady)
   於 System.Data.SqlClient.SqlCommand.RunExecuteNonQueryTds(String methodName, Boolean async, Int32 timeout, Boolean asyncWrite)
   於 System.Data.SqlClient.SqlCommand.InternalExecuteNonQuery(TaskCompletionSource`1 completion, String methodName, Boolean sendToPipe, Int32 timeout, Boolean& usedCache, Boolean asyncWrite, Boolean inRetry)
   於 System.Data.SqlClient.SqlCommand.ExecuteNonQuery()
   於 EnglishClassManager.Utility.Database.DatabaseCoreRollcall.ExecuteNonQuery(String CommandStr) 於 D:\FreshStore58\Development\58鮮舖\Program\EnglishClass\Server\EnglishCalssManager\EnglishCalssManager\Utility\Database\DatabaseCoreRollcall.cs: 行 133
ClientConnectionId:43d35627-1a13-4788-9df4-a14fddd46851
Error Number:3701,State:5,Class:11
2019.01.09 15:29:19.756 | TRC | 0 | 1 | DatabaseCoreRollcall：System.Data.SqlClient.SqlException (0x80131904): 無法 卸除 資料表 'EnglishClassDBtestRollcall.dbo.Table_StudentRollcall_2019/1/9 15:29:17'，原因是它不存在或您沒有權限。
   於 System.Data.SqlClient.SqlConnection.OnError(SqlException exception, Boolean breakConnection, Action`1 wrapCloseInAction)
   於 System.Data.SqlClient.SqlInternalConnection.OnError(SqlException exception, Boolean breakConnection, Action`1 wrapCloseInAction)
   於 System.Data.SqlClient.TdsParser.ThrowExceptionAndWarning(TdsParserStateObject stateObj, Boolean callerHasConnectionLock, Boolean asyncClose)
   於 System.Data.SqlClient.TdsParser.TryRun(RunBehavior runBehavior, SqlCommand cmdHandler, SqlDataReader dataStream, BulkCopySimpleResultSet bulkCopyHandler, TdsParserStateObject stateObj, Boolean& dataReady)
   於 System.Data.SqlClient.SqlCommand.RunExecuteNonQueryTds(String methodName, Boolean async, Int32 timeout, Boolean asyncWrite)
   於 System.Data.SqlClient.SqlCommand.InternalExecuteNonQuery(TaskCompletionSource`1 completion, String methodName, Boolean sendToPipe, Int32 timeout, Boolean& usedCache, Boolean asyncWrite, Boolean inRetry)
   於 System.Data.SqlClient.SqlCommand.ExecuteNonQuery()
   於 EnglishClassManager.Utility.Database.DatabaseCoreRollcall.ExecuteNonQuery(String CommandStr) 於 D:\FreshStore58\Development\58鮮舖\Program\EnglishClass\Server\EnglishCalssManager\EnglishCalssManager\Utility\Database\DatabaseCoreRollcall.cs: 行 133
ClientConnectionId:74a25b1a-80f7-4131-abd1-7ff2f62742fb
Error Number:3701,State:5,Class:11
2019.01.09 15:37:15.134 | TRC | 0 | 0 | frmEmployeeBook：frmEmployeeBook_Load
2019.01.09 15:37:32.077 | TRC | 0 | 0 | frmEmployeeBook：btnUpdate
2019.01.09 15:37:43.075 | TRC | 0 | 0 | frmEmployeeBook：btnUpdate
2019.01.09 15:38:07.325 | TRC | 0 | 0 | frmEmployeeBook：btnUpdate
2019.01.09 15:38:21.216 | TRC | 0 | 0 | frmEmployeeBook：btnUpdate
2019.01.09 15:38:34.420 | TRC | 0 | 1 | DB initial count：3
2019.01.09 15:38:43.748 | TRC | 0 | 1 | frmEmployeeBook：btnUpdate
2019.01.09 15:39:02.441 | TRC | 0 | 1 | frmEmployeeBook：btnUpdate
2019.01.09 15:39:16.046 | TRC | 0 | 1 | DatabaseCoreRollcall：System.Data.SqlClient.SqlException (0x80131904): 無法 卸除 資料表 'EnglishClassDBtestRollcall.dbo.Table_StudentRollcall_2019/1/9 15:39:15'，原因是它不存在或您沒有權限。
   於 System.Data.SqlClient.SqlConnection.OnError(SqlException exception, Boolean breakConnection, Action`1 wrapCloseInAction)
   於 System.Data.SqlClient.SqlInternalConnection.OnError(SqlException exception, Boolean breakConnection, Action`1 wrapCloseInAction)
   於 System.Data.SqlClient.TdsParser.ThrowExceptionAndWarning(TdsParserStateObject stateObj, Boolean callerHasConnectionLock, Boolean asyncClose)
   於 System.Data.SqlClient.TdsParser.TryRun(RunBehavior runBehavior, SqlCommand cmdHandler, SqlDataReader dataStream, BulkCopySimpleResultSet bulkCopyHandler, TdsParserStateObject stateObj, Boolean& dataReady)
   於 System.Data.SqlClient.SqlCommand.RunExecuteNonQueryTds(String methodName, Boolean async, Int32 timeout, Boolean asyncWrite)
   於 System.Data.SqlClient.SqlCommand.InternalExecuteNonQuery(TaskCompletionSource`1 completion, String methodName, Boolean sendToPipe, Int32 timeout, Boolean& usedCache, Boolean asyncWrite, Boolean inRetry)
   於 System.Data.SqlClient.SqlCommand.ExecuteNonQuery()
   於 EnglishClassManager.Utility.Database.DatabaseCoreRollcall.ExecuteNonQuery(String CommandStr) 於 D:\FreshStore58\Development\58鮮舖\Program\EnglishClass\Server\EnglishCalssManager\EnglishCalssManager\Utility\Database\DatabaseCoreRollcall.cs: 行 133
ClientConnectionId:74a25b1a-80f7-4131-abd1-7ff2f62742fb
Error Number:3701,State:5,Class:11
2019.01.09 15:39:18.986 | TRC | 0 | 1 | DatabaseCoreRollcall：System.Data.SqlClient.SqlException (0x80131904): 無法 卸除 資料表 'EnglishClassDBtestRollcall.dbo.Table_StudentRollcall_2019/1/9 15:39:15'，原因是它不存在或您沒有權限。
   於 System.Data.SqlClient.SqlConnection.OnError(SqlException exception, Boolean breakConnection, Action`1 wrapCloseInAction)
   於 System.Data.SqlClient.SqlInternalConnection.OnError(SqlException exception, Boolean breakConnection, Action`1 wrapCloseInAction)
   於 System.Data.SqlClient.TdsParser.ThrowExceptionAndWarning(TdsParserStateObject stateObj, Boolean callerHasConnectionLock, Boolean asyncClose)
   於 System.Data.SqlClient.TdsParser.TryRun(RunBehavior runBehavior, SqlCommand cmdHandler, SqlDataReader dataStream, BulkCopySimpleResultSet bulkCopyHandler, TdsParserStateObject stateObj, Boolean& dataReady)
   於 System.Data.SqlClient.SqlCommand.RunExecuteNonQueryTds(String methodName, Boolean async, Int32 timeout, Boolean asyncWrite)
   於 System.Data.SqlClient.SqlCommand.InternalExecuteNonQuery(TaskCompletionSource`1 completion, String methodName, Boolean sendToPipe, Int32 timeout, Boolean& usedCache, Boolean asyncWrite, Boolean inRetry)
   於 System.Data.SqlClient.SqlCommand.ExecuteNonQuery()
   於 EnglishClassManager.Utility.Database.DatabaseCoreRollcall.ExecuteNonQuery(String CommandStr) 於 D:\FreshStore58\Development\58鮮舖\Program\EnglishClass\Server\EnglishCalssManager\EnglishCalssManager\Utility\Database\DatabaseCoreRollcall.cs: 行 133
ClientConnectionId:1c9805bc-b356-4b25-bc7e-b563c03f01ec
Error Number:3701,State:5,Class:11
2019.01.09 15:39:25.113 | TRC | 0 | 0 | frmEmployeeBook：btnUpdate
2019.01.09 15:39:36.952 | TRC | 0 | 0 | frmEmployeeBook：btnUpdate
2019.01.09 15:47:53.262 | TRC | 0 | 0 | start log
2019.01.09 15:47:53.906 | TRC | 0 | 1 | DB initial count：1
2019.01.09 15:50:26.324 | TRC | 0 | 0 | start log
2019.01.09 15:50:26.857 | TRC | 0 | 2 | DB initial count：1
2019.01.09 15:51:10.330 | TRC | 0 | 1 | DatabaseCoreRollcall：System.Data.SqlClient.SqlException (0x80131904): 無法 卸除 資料表 'EnglishClassDBtestRollcall.dbo.Table_StudentRollcall_2019/1/9 15:51:10'，原因是它不存在或您沒有權限。
   於 System.Data.SqlClient.SqlConnection.OnError(SqlException exception, Boolean breakConnection, Action`1 wrapCloseInAction)
   於 System.Data.SqlClient.SqlInternalConnection.OnError(SqlException exception, Boolean breakConnection, Action`1 wrapCloseInAction)
   於 System.Data.SqlClient.TdsParser.ThrowExceptionAndWarning(TdsParserStateObject stateObj, Boolean callerHasConnectionLock, Boolean asyncClose)
   於 System.Data.SqlClient.TdsParser.TryRun(RunBehavior runBehavior, SqlCommand cmdHandler, SqlDataReader dataStream, BulkCopySimpleResultSet bulkCopyHandler, TdsParserStateObject stateObj, Boolean& dataReady)
   於 System.Data.SqlClient.SqlCommand.RunExecuteNonQueryTds(String methodName, Boolean async, Int32 timeout, Boolean asyncWrite)
   於 System.Data.SqlClient.SqlCommand.InternalExecuteNonQuery(TaskCompletionSource`1 completion, String methodName, Boolean sendToPipe, Int32 timeout, Boolean& usedCache, Boolean asyncWrite, Boolean inRetry)
   於 System.Data.SqlClient.SqlCommand.ExecuteNonQuery()
   於 EnglishClassManager.Utility.Database.DatabaseCoreRollcall.ExecuteNonQuery(String CommandStr) 於 D:\FreshStore58\Development\58鮮舖\Program\EnglishClass\Server\EnglishCalssManager\EnglishCalssManager\Utility\Database\DatabaseCoreRollcall.cs: 行 133
ClientConnectionId:ebe1b845-72b6-4635-b711-31619c1086b9
Error Number:3701,State:5,Class:11
2019.01.09 15:52:46.500 | TRC | 0 | 0 | start log
2019.01.09 15:52:47.032 | TRC | 0 | 1 | DB initial count：1
2019.01.09 15:53:27.628 | TRC | 0 | 1 | DatabaseCoreRollcall：System.Data.SqlClient.SqlException (0x80131904): 無法 卸除 資料表 'EnglishClassDBtestRollcall.dbo.Table_StudentRollcall_2019/1/9 15:53:27'，原因是它不存在或您沒有權限。
   於 System.Data.SqlClient.SqlConnection.OnError(SqlException exception, Boolean breakConnection, Action`1 wrapCloseInAction)
   於 System.Data.SqlClient.SqlInternalConnection.OnError(SqlException exception, Boolean breakConnection, Action`1 wrapCloseInAction)
   於 System.Data.SqlClient.TdsParser.ThrowExceptionAndWarning(TdsParserStateObject stateObj, Boolean callerHasConnectionLock, Boolean asyncClose)
   於 System.Data.SqlClient.TdsParser.TryRun(RunBehavior runBehavior, SqlCommand cmdHandler, SqlDataReader dataStream, BulkCopySimpleResultSet bulkCopyHandler, TdsParserStateObject stateObj, Boolean& dataReady)
   於 System.Data.SqlClient.SqlCommand.RunExecuteNonQueryTds(String methodName, Boolean async, Int32 timeout, Boolean asyncWrite)
   於 System.Data.SqlClient.SqlCommand.InternalExecuteNonQuery(TaskCompletionSource`1 completion, String methodName, Boolean sendToPipe, Int32 timeout, Boolean& usedCache, Boolean asyncWrite, Boolean inRetry)
   於 System.Data.SqlClient.SqlCommand.ExecuteNonQuery()
   於 EnglishClassManager.Utility.Database.DatabaseCoreRollcall.ExecuteNonQuery(String CommandStr) 於 D:\FreshStore58\Development\58鮮舖\Program\EnglishClass\Server\EnglishCalssManager\EnglishCalssManager\Utility\Database\DatabaseCoreRollcall.cs: 行 133
ClientConnectionId:f8ca95a1-82b3-41ce-b81d-10aa2d5c7e1b
Error Number:3701,State:5,Class:11
2019.01.09 15:53:30.103 | TRC | 0 | 1 | DatabaseCoreRollcall：System.Data.SqlClient.SqlException (0x80131904): 無法 卸除 資料表 'EnglishClassDBtestRollcall.dbo.Table_StudentRollcall_2019/1/9 15:53:27'，原因是它不存在或您沒有權限。
   於 System.Data.SqlClient.SqlConnection.OnError(SqlException exception, Boolean breakConnection, Action`1 wrapCloseInAction)
   於 System.Data.SqlClient.SqlInternalConnection.OnError(SqlException exception, Boolean breakConnection, Action`1 wrapCloseInAction)
   於 System.Data.SqlClient.TdsParser.ThrowExceptionAndWarning(TdsParserStateObject stateObj, Boolean callerHasConnectionLock, Boolean asyncClose)
   於 System.Data.SqlClient.TdsParser.TryRun(RunBehavior runBehavior, SqlCommand cmdHandler, SqlDataReader dataStream, BulkCopySimpleResultSet bulkCopyHandler, TdsParserStateObject stateObj, Boolean& dataReady)
   於 System.Data.SqlClient.SqlCommand.RunExecuteNonQueryTds(String methodName, Boolean async, Int32 timeout, Boolean asyncWrite)
   於 System.Data.SqlClient.SqlCommand.InternalExecuteNonQuery(TaskCompletionSource`1 completion, String methodName, Boolean sendToPipe, Int32 timeout, Boolean& usedCache, Boolean asyncWrite, Boolean inRetry)
   於 System.Data.SqlClient.SqlCommand.ExecuteNonQuery()
   於 EnglishClassManager.Utility.Database.DatabaseCoreRollcall.ExecuteNonQuery(String CommandStr) 於 D:\FreshStore58\Development\58鮮舖\Program\EnglishClass\Server\EnglishCalssManager\EnglishCalssManager\Utility\Database\DatabaseCoreRollcall.cs: 行 133
ClientConnectionId:1b0bf88c-257d-417f-8aae-a6a2a1172c40
Error Number:3701,State:5,Class:11
2019.01.09 15:56:15.786 | TRC | 0 | 0 | start log
2019.01.09 15:56:16.182 | TRC | 0 | 1 | DB initial count：1
2019.01.09 15:56:58.205 | TRC | 0 | 1 | DatabaseCoreRollcall：System.Data.SqlClient.SqlException (0x80131904): 無法 卸除 資料表 'EnglishClassDBtestRollcall.dbo.Table_StudentRollcall_2019/1/9 15:56:58'，原因是它不存在或您沒有權限。
   於 System.Data.SqlClient.SqlConnection.OnError(SqlException exception, Boolean breakConnection, Action`1 wrapCloseInAction)
   於 System.Data.SqlClient.SqlInternalConnection.OnError(SqlException exception, Boolean breakConnection, Action`1 wrapCloseInAction)
   於 System.Data.SqlClient.TdsParser.ThrowExceptionAndWarning(TdsParserStateObject stateObj, Boolean callerHasConnectionLock, Boolean asyncClose)
   於 System.Data.SqlClient.TdsParser.TryRun(RunBehavior runBehavior, SqlCommand cmdHandler, SqlDataReader dataStream, BulkCopySimpleResultSet bulkCopyHandler, TdsParserStateObject stateObj, Boolean& dataReady)
   於 System.Data.SqlClient.SqlCommand.RunExecuteNonQueryTds(String methodName, Boolean async, Int32 timeout, Boolean asyncWrite)
   於 System.Data.SqlClient.SqlCommand.InternalExecuteNonQuery(TaskCompletionSource`1 completion, String methodName, Boolean sendToPipe, Int32 timeout, Boolean& usedCache, Boolean asyncWrite, Boolean inRetry)
   於 System.Data.SqlClient.SqlCommand.ExecuteNonQuery()
   於 EnglishClassManager.Utility.Database.DatabaseCoreRollcall.ExecuteNonQuery(String CommandStr) 於 D:\FreshStore58\Development\58鮮舖\Program\EnglishClass\Server\EnglishCalssManager\EnglishCalssManager\Utility\Database\DatabaseCoreRollcall.cs: 行 133
ClientConnectionId:34876026-c298-47af-8693-69bf7fb39853
Error Number:3701,State:5,Class:11
2019.01.09 15:57:02.422 | TRC | 0 | 1 | DatabaseCoreRollcall：System.Data.SqlClient.SqlException (0x80131904): 無法 卸除 資料表 'EnglishClassDBtestRollcall.dbo.Table_StudentRollcall_2019/1/9 15:56:58'，原因是它不存在或您沒有權限。
   於 System.Data.SqlClient.SqlConnection.OnError(SqlException exception, Boolean breakConnection, Action`1 wrapCloseInAction)
   於 System.Data.SqlClient.SqlInternalConnection.OnError(SqlException exception, Boolean breakConnection, Action`1 wrapCloseInAction)
   於 System.Data.SqlClient.TdsParser.ThrowExceptionAndWarning(TdsParserStateObject stateObj, Boolean callerHasConnectionLock, Boolean asyncClose)
   於 System.Data.SqlClient.TdsParser.TryRun(RunBehavior runBehavior, SqlCommand cmdHandler, SqlDataReader dataStream, BulkCopySimpleResultSet bulkCopyHandler, TdsParserStateObject stateObj, Boolean& dataReady)
   於 System.Data.SqlClient.SqlCommand.RunExecuteNonQueryTds(String methodName, Boolean async, Int32 timeout, Boolean asyncWrite)
   於 System.Data.SqlClient.SqlCommand.InternalExecuteNonQuery(TaskCompletionSource`1 completion, String methodName, Boolean sendToPipe, Int32 timeout, Boolean& usedCache, Boolean asyncWrite, Boolean inRetry)
   於 System.Data.SqlClient.SqlCommand.ExecuteNonQuery()
   於 EnglishClassManager.Utility.Database.DatabaseCoreRollcall.ExecuteNonQuery(String CommandStr) 於 D:\FreshStore58\Development\58鮮舖\Program\EnglishClass\Server\EnglishCalssManager\EnglishCalssManager\Utility\Database\DatabaseCoreRollcall.cs: 行 133
ClientConnectionId:73eba74b-7883-4416-8783-58cf030e8585
Error Number:3701,State:5,Class:11
2019.01.09 16:05:42.073 | TRC | 0 | 0 | start log
2019.01.09 16:05:42.623 | TRC | 0 | 1 | DB initial count：1
2019.01.09 16:06:24.394 | TRC | 0 | 1 | DatabaseCoreRollcall：System.Data.SqlClient.SqlException (0x80131904): 無法 卸除 資料表 'EnglishClassDBtestRollcall.dbo.Table_StudentRollcall_2019/1/9 16:06:24'，原因是它不存在或您沒有權限。
   於 System.Data.SqlClient.SqlConnection.OnError(SqlException exception, Boolean breakConnection, Action`1 wrapCloseInAction)
   於 System.Data.SqlClient.SqlInternalConnection.OnError(SqlException exception, Boolean breakConnection, Action`1 wrapCloseInAction)
   於 System.Data.SqlClient.TdsParser.ThrowExceptionAndWarning(TdsParserStateObject stateObj, Boolean callerHasConnectionLock, Boolean asyncClose)
   於 System.Data.SqlClient.TdsParser.TryRun(RunBehavior runBehavior, SqlCommand cmdHandler, SqlDataReader dataStream, BulkCopySimpleResultSet bulkCopyHandler, TdsParserStateObject stateObj, Boolean& dataReady)
   於 System.Data.SqlClient.SqlCommand.RunExecuteNonQueryTds(String methodName, Boolean async, Int32 timeout, Boolean asyncWrite)
   於 System.Data.SqlClient.SqlCommand.InternalExecuteNonQuery(TaskCompletionSource`1 completion, String methodName, Boolean sendToPipe, Int32 timeout, Boolean& usedCache, Boolean asyncWrite, Boolean inRetry)
   於 System.Data.SqlClient.SqlCommand.ExecuteNonQuery()
   於 EnglishClassManager.Utility.Database.DatabaseCoreRollcall.ExecuteNonQuery(String CommandStr) 於 D:\FreshStore58\Development\58鮮舖\Program\EnglishClass\Server\EnglishCalssManager\EnglishCalssManager\Utility\Database\DatabaseCoreRollcall.cs: 行 133
ClientConnectionId:42807f3b-d05d-47e0-ac73-3c22db9f8ff2
Error Number:3701,State:5,Class:11
2019.01.09 16:06:26.412 | TRC | 0 | 1 | DatabaseCoreRollcall：System.Data.SqlClient.SqlException (0x80131904): 無法 卸除 資料表 'EnglishClassDBtestRollcall.dbo.Table_StudentRollcall_2019/1/9 16:06:24'，原因是它不存在或您沒有權限。
   於 System.Data.SqlClient.SqlConnection.OnError(SqlException exception, Boolean breakConnection, Action`1 wrapCloseInAction)
   於 System.Data.SqlClient.SqlInternalConnection.OnError(SqlException exception, Boolean breakConnection, Action`1 wrapCloseInAction)
   於 System.Data.SqlClient.TdsParser.ThrowExceptionAndWarning(TdsParserStateObject stateObj, Boolean callerHasConnectionLock, Boolean asyncClose)
   於 System.Data.SqlClient.TdsParser.TryRun(RunBehavior runBehavior, SqlCommand cmdHandler, SqlDataReader dataStream, BulkCopySimpleResultSet bulkCopyHandler, TdsParserStateObject stateObj, Boolean& dataReady)
   於 System.Data.SqlClient.SqlCommand.RunExecuteNonQueryTds(String methodName, Boolean async, Int32 timeout, Boolean asyncWrite)
   於 System.Data.SqlClient.SqlCommand.InternalExecuteNonQuery(TaskCompletionSource`1 completion, String methodName, Boolean sendToPipe, Int32 timeout, Boolean& usedCache, Boolean asyncWrite, Boolean inRetry)
   於 System.Data.SqlClient.SqlCommand.ExecuteNonQuery()
   於 EnglishClassManager.Utility.Database.DatabaseCoreRollcall.ExecuteNonQuery(String CommandStr) 於 D:\FreshStore58\Development\58鮮舖\Program\EnglishClass\Server\EnglishCalssManager\EnglishCalssManager\Utility\Database\DatabaseCoreRollcall.cs: 行 133
ClientConnectionId:799d8634-c843-4f0e-afe6-08984f97029d
Error Number:3701,State:5,Class:11
2019.01.09 16:29:26.475 | TRC | 0 | 0 | start log
2019.01.09 16:29:27.043 | TRC | 0 | 1 | DB initial count：1
2019.01.09 16:30:09.133 | TRC | 0 | 1 | DatabaseCoreRollcall：System.Data.SqlClient.SqlException (0x80131904): 無法 卸除 資料表 'EnglishClassDBtestRollcall.dbo.Table_StudentRollcall_2019/1/9 16:30:08'，原因是它不存在或您沒有權限。
   於 System.Data.SqlClient.SqlConnection.OnError(SqlException exception, Boolean breakConnection, Action`1 wrapCloseInAction)
   於 System.Data.SqlClient.SqlInternalConnection.OnError(SqlException exception, Boolean breakConnection, Action`1 wrapCloseInAction)
   於 System.Data.SqlClient.TdsParser.ThrowExceptionAndWarning(TdsParserStateObject stateObj, Boolean callerHasConnectionLock, Boolean asyncClose)
   於 System.Data.SqlClient.TdsParser.TryRun(RunBehavior runBehavior, SqlCommand cmdHandler, SqlDataReader dataStream, BulkCopySimpleResultSet bulkCopyHandler, TdsParserStateObject stateObj, Boolean& dataReady)
   於 System.Data.SqlClient.SqlCommand.RunExecuteNonQueryTds(String methodName, Boolean async, Int32 timeout, Boolean asyncWrite)
   於 System.Data.SqlClient.SqlCommand.InternalExecuteNonQuery(TaskCompletionSource`1 completion, String methodName, Boolean sendToPipe, Int32 timeout, Boolean& usedCache, Boolean asyncWrite, Boolean inRetry)
   於 System.Data.SqlClient.SqlCommand.ExecuteNonQuery()
   於 EnglishClassManager.Utility.Database.DatabaseCoreRollcall.ExecuteNonQuery(String CommandStr) 於 D:\FreshStore58\Development\58鮮舖\Program\EnglishClass\Server\EnglishCalssManager\EnglishCalssManager\Utility\Database\DatabaseCoreRollcall.cs: 行 133
ClientConnectionId:72521f16-a085-44d1-8d58-b8de366f394e
Error Number:3701,State:5,Class:11
2019.01.09 16:30:19.962 | TRC | 0 | 1 | DatabaseCoreRollcall：System.Data.SqlClient.SqlException (0x80131904): 無法 卸除 資料表 'EnglishClassDBtestRollcall.dbo.Table_StudentRollcall_2019/1/9 16:30:08'，原因是它不存在或您沒有權限。
   於 System.Data.SqlClient.SqlConnection.OnError(SqlException exception, Boolean breakConnection, Action`1 wrapCloseInAction)
   於 System.Data.SqlClient.SqlInternalConnection.OnError(SqlException exception, Boolean breakConnection, Action`1 wrapCloseInAction)
   於 System.Data.SqlClient.TdsParser.ThrowExceptionAndWarning(TdsParserStateObject stateObj, Boolean callerHasConnectionLock, Boolean asyncClose)
   於 System.Data.SqlClient.TdsParser.TryRun(RunBehavior runBehavior, SqlCommand cmdHandler, SqlDataReader dataStream, BulkCopySimpleResultSet bulkCopyHandler, TdsParserStateObject stateObj, Boolean& dataReady)
   於 System.Data.SqlClient.SqlCommand.RunExecuteNonQueryTds(String methodName, Boolean async, Int32 timeout, Boolean asyncWrite)
   於 System.Data.SqlClient.SqlCommand.InternalExecuteNonQuery(TaskCompletionSource`1 completion, String methodName, Boolean sendToPipe, Int32 timeout, Boolean& usedCache, Boolean asyncWrite, Boolean inRetry)
   於 System.Data.SqlClient.SqlCommand.ExecuteNonQuery()
   於 EnglishClassManager.Utility.Database.DatabaseCoreRollcall.ExecuteNonQuery(String CommandStr) 於 D:\FreshStore58\Development\58鮮舖\Program\EnglishClass\Server\EnglishCalssManager\EnglishCalssManager\Utility\Database\DatabaseCoreRollcall.cs: 行 133
ClientConnectionId:3f2fbf43-bf44-4d03-9809-fbcb47f80bae
Error Number:3701,State:5,Class:11
2019.01.09 16:37:30.370 | TRC | 0 | 0 | frmEmployeeRollcall：funcRollStart
2019.01.09 16:37:34.211 | TRC | 0 | 0 | frmEmployeeRollcall：funcRollEnd
2019.01.09 16:39:26.487 | TRC | 0 | 1 | DB initial count：2
2019.01.09 16:40:07.887 | TRC | 0 | 1 | DatabaseCoreRollcall：System.Data.SqlClient.SqlException (0x80131904): 無法 卸除 資料表 'EnglishClassDBtestRollcall.dbo.Table_StudentRollcall_2019/1/9 16:40:07'，原因是它不存在或您沒有權限。
   於 System.Data.SqlClient.SqlConnection.OnError(SqlException exception, Boolean breakConnection, Action`1 wrapCloseInAction)
   於 System.Data.SqlClient.SqlInternalConnection.OnError(SqlException exception, Boolean breakConnection, Action`1 wrapCloseInAction)
   於 System.Data.SqlClient.TdsParser.ThrowExceptionAndWarning(TdsParserStateObject stateObj, Boolean callerHasConnectionLock, Boolean asyncClose)
   於 System.Data.SqlClient.TdsParser.TryRun(RunBehavior runBehavior, SqlCommand cmdHandler, SqlDataReader dataStream, BulkCopySimpleResultSet bulkCopyHandler, TdsParserStateObject stateObj, Boolean& dataReady)
   於 System.Data.SqlClient.SqlCommand.RunExecuteNonQueryTds(String methodName, Boolean async, Int32 timeout, Boolean asyncWrite)
   於 System.Data.SqlClient.SqlCommand.InternalExecuteNonQuery(TaskCompletionSource`1 completion, String methodName, Boolean sendToPipe, Int32 timeout, Boolean& usedCache, Boolean asyncWrite, Boolean inRetry)
   於 System.Data.SqlClient.SqlCommand.ExecuteNonQuery()
   於 EnglishClassManager.Utility.Database.DatabaseCoreRollcall.ExecuteNonQuery(String CommandStr) 於 D:\FreshStore58\Development\58鮮舖\Program\EnglishClass\Server\EnglishCalssManager\EnglishCalssManager\Utility\Database\DatabaseCoreRollcall.cs: 行 133
ClientConnectionId:3f2fbf43-bf44-4d03-9809-fbcb47f80bae
Error Number:3701,State:5,Class:11
2019.01.09 16:40:10.989 | TRC | 0 | 1 | DatabaseCoreRollcall：System.Data.SqlClient.SqlException (0x80131904): 無法 卸除 資料表 'EnglishClassDBtestRollcall.dbo.Table_StudentRollcall_2019/1/9 16:40:07'，原因是它不存在或您沒有權限。
   於 System.Data.SqlClient.SqlConnection.OnError(SqlException exception, Boolean breakConnection, Action`1 wrapCloseInAction)
   於 System.Data.SqlClient.SqlInternalConnection.OnError(SqlException exception, Boolean breakConnection, Action`1 wrapCloseInAction)
   於 System.Data.SqlClient.TdsParser.ThrowExceptionAndWarning(TdsParserStateObject stateObj, Boolean callerHasConnectionLock, Boolean asyncClose)
   於 System.Data.SqlClient.TdsParser.TryRun(RunBehavior runBehavior, SqlCommand cmdHandler, SqlDataReader dataStream, BulkCopySimpleResultSet bulkCopyHandler, TdsParserStateObject stateObj, Boolean& dataReady)
   於 System.Data.SqlClient.SqlCommand.RunExecuteNonQueryTds(String methodName, Boolean async, Int32 timeout, Boolean asyncWrite)
   於 System.Data.SqlClient.SqlCommand.InternalExecuteNonQuery(TaskCompletionSource`1 completion, String methodName, Boolean sendToPipe, Int32 timeout, Boolean& usedCache, Boolean asyncWrite, Boolean inRetry)
   於 System.Data.SqlClient.SqlCommand.ExecuteNonQuery()
   於 EnglishClassManager.Utility.Database.DatabaseCoreRollcall.ExecuteNonQuery(String CommandStr) 於 D:\FreshStore58\Development\58鮮舖\Program\EnglishClass\Server\EnglishCalssManager\EnglishCalssManager\Utility\Database\DatabaseCoreRollcall.cs: 行 133
ClientConnectionId:2502fb37-6b17-44a8-849a-93870ddefef9
Error Number:3701,State:5,Class:11
2019.01.09 16:44:59.636 | TRC | 0 | 0 | start log
2019.01.09 16:45:00.518 | TRC | 0 | 1 | DB initial count：1
2019.01.09 16:45:41.809 | TRC | 0 | 1 | DatabaseCoreRollcall：System.Data.SqlClient.SqlException (0x80131904): 無法 卸除 資料表 'EnglishClassDBtestRollcall.dbo.Table_StudentRollcall_2019/1/9 16:45:41'，原因是它不存在或您沒有權限。
   於 System.Data.SqlClient.SqlConnection.OnError(SqlException exception, Boolean breakConnection, Action`1 wrapCloseInAction)
   於 System.Data.SqlClient.SqlInternalConnection.OnError(SqlException exception, Boolean breakConnection, Action`1 wrapCloseInAction)
   於 System.Data.SqlClient.TdsParser.ThrowExceptionAndWarning(TdsParserStateObject stateObj, Boolean callerHasConnectionLock, Boolean asyncClose)
   於 System.Data.SqlClient.TdsParser.TryRun(RunBehavior runBehavior, SqlCommand cmdHandler, SqlDataReader dataStream, BulkCopySimpleResultSet bulkCopyHandler, TdsParserStateObject stateObj, Boolean& dataReady)
   於 System.Data.SqlClient.SqlCommand.RunExecuteNonQueryTds(String methodName, Boolean async, Int32 timeout, Boolean asyncWrite)
   於 System.Data.SqlClient.SqlCommand.InternalExecuteNonQuery(TaskCompletionSource`1 completion, String methodName, Boolean sendToPipe, Int32 timeout, Boolean& usedCache, Boolean asyncWrite, Boolean inRetry)
   於 System.Data.SqlClient.SqlCommand.ExecuteNonQuery()
   於 EnglishClassManager.Utility.Database.DatabaseCoreRollcall.ExecuteNonQuery(String CommandStr) 於 D:\FreshStore58\Development\58鮮舖\Program\EnglishClass\Server\EnglishCalssManager\EnglishCalssManager\Utility\Database\DatabaseCoreRollcall.cs: 行 133
ClientConnectionId:f7092826-1504-4ed7-99db-adf3ab03c995
Error Number:3701,State:5,Class:11
2019.01.09 16:45:44.285 | TRC | 0 | 1 | DatabaseCoreRollcall：System.Data.SqlClient.SqlException (0x80131904): 無法 卸除 資料表 'EnglishClassDBtestRollcall.dbo.Table_StudentRollcall_2019/1/9 16:45:41'，原因是它不存在或您沒有權限。
   於 System.Data.SqlClient.SqlConnection.OnError(SqlException exception, Boolean breakConnection, Action`1 wrapCloseInAction)
   於 System.Data.SqlClient.SqlInternalConnection.OnError(SqlException exception, Boolean breakConnection, Action`1 wrapCloseInAction)
   於 System.Data.SqlClient.TdsParser.ThrowExceptionAndWarning(TdsParserStateObject stateObj, Boolean callerHasConnectionLock, Boolean asyncClose)
   於 System.Data.SqlClient.TdsParser.TryRun(RunBehavior runBehavior, SqlCommand cmdHandler, SqlDataReader dataStream, BulkCopySimpleResultSet bulkCopyHandler, TdsParserStateObject stateObj, Boolean& dataReady)
   於 System.Data.SqlClient.SqlCommand.RunExecuteNonQueryTds(String methodName, Boolean async, Int32 timeout, Boolean asyncWrite)
   於 System.Data.SqlClient.SqlCommand.InternalExecuteNonQuery(TaskCompletionSource`1 completion, String methodName, Boolean sendToPipe, Int32 timeout, Boolean& usedCache, Boolean asyncWrite, Boolean inRetry)
   於 System.Data.SqlClient.SqlCommand.ExecuteNonQuery()
   於 EnglishClassManager.Utility.Database.DatabaseCoreRollcall.ExecuteNonQuery(String CommandStr) 於 D:\FreshStore58\Development\58鮮舖\Program\EnglishClass\Server\EnglishCalssManager\EnglishCalssManager\Utility\Database\DatabaseCoreRollcall.cs: 行 133
ClientConnectionId:a3405dfc-69d0-44fc-9685-0d6156ab37db
Error Number:3701,State:5,Class:11
2019.01.09 16:46:19.876 | TRC | 0 | 0 | start log
2019.01.09 16:46:20.930 | TRC | 0 | 1 | DB initial count：1
2019.01.09 16:46:57.699 | TRC | 0 | 0 | start log
2019.01.09 16:46:58.126 | TRC | 0 | 1 | DB initial count：1
2019.01.09 16:47:40.086 | TRC | 0 | 1 | DatabaseCoreRollcall：System.Data.SqlClient.SqlException (0x80131904): 無法 卸除 資料表 'EnglishClassDBtestRollcall.dbo.Table_StudentRollcall_2019/1/9 16:47:39'，原因是它不存在或您沒有權限。
   於 System.Data.SqlClient.SqlConnection.OnError(SqlException exception, Boolean breakConnection, Action`1 wrapCloseInAction)
   於 System.Data.SqlClient.SqlInternalConnection.OnError(SqlException exception, Boolean breakConnection, Action`1 wrapCloseInAction)
   於 System.Data.SqlClient.TdsParser.ThrowExceptionAndWarning(TdsParserStateObject stateObj, Boolean callerHasConnectionLock, Boolean asyncClose)
   於 System.Data.SqlClient.TdsParser.TryRun(RunBehavior runBehavior, SqlCommand cmdHandler, SqlDataReader dataStream, BulkCopySimpleResultSet bulkCopyHandler, TdsParserStateObject stateObj, Boolean& dataReady)
   於 System.Data.SqlClient.SqlCommand.RunExecuteNonQueryTds(String methodName, Boolean async, Int32 timeout, Boolean asyncWrite)
   於 System.Data.SqlClient.SqlCommand.InternalExecuteNonQuery(TaskCompletionSource`1 completion, String methodName, Boolean sendToPipe, Int32 timeout, Boolean& usedCache, Boolean asyncWrite, Boolean inRetry)
   於 System.Data.SqlClient.SqlCommand.ExecuteNonQuery()
   於 EnglishClassManager.Utility.Database.DatabaseCoreRollcall.ExecuteNonQuery(String CommandStr) 於 D:\FreshStore58\Development\58鮮舖\Program\EnglishClass\Server\EnglishCalssManager\EnglishCalssManager\Utility\Database\DatabaseCoreRollcall.cs: 行 133
ClientConnectionId:696eac34-0c7a-4348-81a6-3c32b922ea70
Error Number:3701,State:5,Class:11
2019.01.09 16:47:43.035 | TRC | 0 | 1 | DatabaseCoreRollcall：System.Data.SqlClient.SqlException (0x80131904): 無法 卸除 資料表 'EnglishClassDBtestRollcall.dbo.Table_StudentRollcall_2019/1/9 16:47:39'，原因是它不存在或您沒有權限。
   於 System.Data.SqlClient.SqlConnection.OnError(SqlException exception, Boolean breakConnection, Action`1 wrapCloseInAction)
   於 System.Data.SqlClient.SqlInternalConnection.OnError(SqlException exception, Boolean breakConnection, Action`1 wrapCloseInAction)
   於 System.Data.SqlClient.TdsParser.ThrowExceptionAndWarning(TdsParserStateObject stateObj, Boolean callerHasConnectionLock, Boolean asyncClose)
   於 System.Data.SqlClient.TdsParser.TryRun(RunBehavior runBehavior, SqlCommand cmdHandler, SqlDataReader dataStream, BulkCopySimpleResultSet bulkCopyHandler, TdsParserStateObject stateObj, Boolean& dataReady)
   於 System.Data.SqlClient.SqlCommand.RunExecuteNonQueryTds(String methodName, Boolean async, Int32 timeout, Boolean asyncWrite)
   於 System.Data.SqlClient.SqlCommand.InternalExecuteNonQuery(TaskCompletionSource`1 completion, String methodName, Boolean sendToPipe, Int32 timeout, Boolean& usedCache, Boolean asyncWrite, Boolean inRetry)
   於 System.Data.SqlClient.SqlCommand.ExecuteNonQuery()
   於 EnglishClassManager.Utility.Database.DatabaseCoreRollcall.ExecuteNonQuery(String CommandStr) 於 D:\FreshStore58\Development\58鮮舖\Program\EnglishClass\Server\EnglishCalssManager\EnglishCalssManager\Utility\Database\DatabaseCoreRollcall.cs: 行 133
ClientConnectionId:eaa5e93f-36c7-4e70-9b82-b877ba24e9e2
Error Number:3701,State:5,Class:11
2019.01.09 16:48:24.691 | TRC | 0 | 0 | start log
2019.01.09 16:48:25.076 | TRC | 0 | 1 | DB initial count：1
2019.01.09 16:57:32.010 | TRC | 0 | 0 | start log
2019.01.09 16:57:32.507 | TRC | 0 | 1 | DB initial count：1
2019.01.09 16:58:26.386 | TRC | 0 | 0 | start log
2019.01.09 16:58:26.778 | TRC | 0 | 1 | DB initial count：1
2019.01.09 16:59:08.455 | TRC | 0 | 1 | DatabaseCoreRollcall：System.Data.SqlClient.SqlException (0x80131904): 無法 卸除 資料表 'EnglishClassDBtestRollcall.dbo.Table_StudentRollcall_2019/1/9 16:59:08'，原因是它不存在或您沒有權限。
   於 System.Data.SqlClient.SqlConnection.OnError(SqlException exception, Boolean breakConnection, Action`1 wrapCloseInAction)
   於 System.Data.SqlClient.SqlInternalConnection.OnError(SqlException exception, Boolean breakConnection, Action`1 wrapCloseInAction)
   於 System.Data.SqlClient.TdsParser.ThrowExceptionAndWarning(TdsParserStateObject stateObj, Boolean callerHasConnectionLock, Boolean asyncClose)
   於 System.Data.SqlClient.TdsParser.TryRun(RunBehavior runBehavior, SqlCommand cmdHandler, SqlDataReader dataStream, BulkCopySimpleResultSet bulkCopyHandler, TdsParserStateObject stateObj, Boolean& dataReady)
   於 System.Data.SqlClient.SqlCommand.RunExecuteNonQueryTds(String methodName, Boolean async, Int32 timeout, Boolean asyncWrite)
   於 System.Data.SqlClient.SqlCommand.InternalExecuteNonQuery(TaskCompletionSource`1 completion, String methodName, Boolean sendToPipe, Int32 timeout, Boolean& usedCache, Boolean asyncWrite, Boolean inRetry)
   於 System.Data.SqlClient.SqlCommand.ExecuteNonQuery()
   於 EnglishClassManager.Utility.Database.DatabaseCoreRollcall.ExecuteNonQuery(String CommandStr) 於 D:\FreshStore58\Development\58鮮舖\Program\EnglishClass\Server\EnglishCalssManager\EnglishCalssManager\Utility\Database\DatabaseCoreRollcall.cs: 行 133
ClientConnectionId:3ab0fd9d-94e0-4b40-b929-45abfd887fd1
Error Number:3701,State:5,Class:11
2019.01.09 16:59:10.959 | TRC | 0 | 1 | DatabaseCoreRollcall：System.Data.SqlClient.SqlException (0x80131904): 無法 卸除 資料表 'EnglishClassDBtestRollcall.dbo.Table_StudentRollcall_2019/1/9 16:59:08'，原因是它不存在或您沒有權限。
   於 System.Data.SqlClient.SqlConnection.OnError(SqlException exception, Boolean breakConnection, Action`1 wrapCloseInAction)
   於 System.Data.SqlClient.SqlInternalConnection.OnError(SqlException exception, Boolean breakConnection, Action`1 wrapCloseInAction)
   於 System.Data.SqlClient.TdsParser.ThrowExceptionAndWarning(TdsParserStateObject stateObj, Boolean callerHasConnectionLock, Boolean asyncClose)
   於 System.Data.SqlClient.TdsParser.TryRun(RunBehavior runBehavior, SqlCommand cmdHandler, SqlDataReader dataStream, BulkCopySimpleResultSet bulkCopyHandler, TdsParserStateObject stateObj, Boolean& dataReady)
   於 System.Data.SqlClient.SqlCommand.RunExecuteNonQueryTds(String methodName, Boolean async, Int32 timeout, Boolean asyncWrite)
   於 System.Data.SqlClient.SqlCommand.InternalExecuteNonQuery(TaskCompletionSource`1 completion, String methodName, Boolean sendToPipe, Int32 timeout, Boolean& usedCache, Boolean asyncWrite, Boolean inRetry)
   於 System.Data.SqlClient.SqlCommand.ExecuteNonQuery()
   於 EnglishClassManager.Utility.Database.DatabaseCoreRollcall.ExecuteNonQuery(String CommandStr) 於 D:\FreshStore58\Development\58鮮舖\Program\EnglishClass\Server\EnglishCalssManager\EnglishCalssManager\Utility\Database\DatabaseCoreRollcall.cs: 行 133
ClientConnectionId:c0f2f3fd-ce7f-4956-90b5-af8d23e8f5a5
Error Number:3701,State:5,Class:11
2019.01.09 17:02:44.608 | TRC | 0 | 0 | start log
2019.01.09 17:02:45.334 | TRC | 0 | 1 | DB initial count：1
2019.01.09 17:03:25.512 | TRC | 0 | 1 | DatabaseCoreRollcall：System.Data.SqlClient.SqlException (0x80131904): 無法 卸除 資料表 'EnglishClassDBtestRollcall.dbo.Table_StudentRollcall_2019/1/9 17:03:25'，原因是它不存在或您沒有權限。
   於 System.Data.SqlClient.SqlConnection.OnError(SqlException exception, Boolean breakConnection, Action`1 wrapCloseInAction)
   於 System.Data.SqlClient.SqlInternalConnection.OnError(SqlException exception, Boolean breakConnection, Action`1 wrapCloseInAction)
   於 System.Data.SqlClient.TdsParser.ThrowExceptionAndWarning(TdsParserStateObject stateObj, Boolean callerHasConnectionLock, Boolean asyncClose)
   於 System.Data.SqlClient.TdsParser.TryRun(RunBehavior runBehavior, SqlCommand cmdHandler, SqlDataReader dataStream, BulkCopySimpleResultSet bulkCopyHandler, TdsParserStateObject stateObj, Boolean& dataReady)
   於 System.Data.SqlClient.SqlCommand.RunExecuteNonQueryTds(String methodName, Boolean async, Int32 timeout, Boolean asyncWrite)
   於 System.Data.SqlClient.SqlCommand.InternalExecuteNonQuery(TaskCompletionSource`1 completion, String methodName, Boolean sendToPipe, Int32 timeout, Boolean& usedCache, Boolean asyncWrite, Boolean inRetry)
   於 System.Data.SqlClient.SqlCommand.ExecuteNonQuery()
   於 EnglishClassManager.Utility.Database.DatabaseCoreRollcall.ExecuteNonQuery(String CommandStr) 於 D:\FreshStore58\Development\58鮮舖\Program\EnglishClass\Server\EnglishCalssManager\EnglishCalssManager\Utility\Database\DatabaseCoreRollcall.cs: 行 133
ClientConnectionId:ea24374c-ffd7-4aa2-9b5f-9a721f8cb2dd
Error Number:3701,State:5,Class:11
2019.01.09 17:03:39.780 | TRC | 0 | 1 | DatabaseCoreRollcall：System.Data.SqlClient.SqlException (0x80131904): 無法 卸除 資料表 'EnglishClassDBtestRollcall.dbo.Table_StudentRollcall_2019/1/9 17:03:25'，原因是它不存在或您沒有權限。
   於 System.Data.SqlClient.SqlConnection.OnError(SqlException exception, Boolean breakConnection, Action`1 wrapCloseInAction)
   於 System.Data.SqlClient.SqlInternalConnection.OnError(SqlException exception, Boolean breakConnection, Action`1 wrapCloseInAction)
   於 System.Data.SqlClient.TdsParser.ThrowExceptionAndWarning(TdsParserStateObject stateObj, Boolean callerHasConnectionLock, Boolean asyncClose)
   於 System.Data.SqlClient.TdsParser.TryRun(RunBehavior runBehavior, SqlCommand cmdHandler, SqlDataReader dataStream, BulkCopySimpleResultSet bulkCopyHandler, TdsParserStateObject stateObj, Boolean& dataReady)
   於 System.Data.SqlClient.SqlCommand.RunExecuteNonQueryTds(String methodName, Boolean async, Int32 timeout, Boolean asyncWrite)
   於 System.Data.SqlClient.SqlCommand.InternalExecuteNonQuery(TaskCompletionSource`1 completion, String methodName, Boolean sendToPipe, Int32 timeout, Boolean& usedCache, Boolean asyncWrite, Boolean inRetry)
   於 System.Data.SqlClient.SqlCommand.ExecuteNonQuery()
   於 EnglishClassManager.Utility.Database.DatabaseCoreRollcall.ExecuteNonQuery(String CommandStr) 於 D:\FreshStore58\Development\58鮮舖\Program\EnglishClass\Server\EnglishCalssManager\EnglishCalssManager\Utility\Database\DatabaseCoreRollcall.cs: 行 133
ClientConnectionId:89bb1127-b991-4375-9648-fd024d60e807
Error Number:3701,State:5,Class:11
