2018.11.11 00:14:43.261 | TRC | 0 | 0 | start log
2018.11.11 00:14:52.119 | TRC | 0 | 0 | frmStudentRollcall：frmStudentRollcall_Load
2018.11.11 00:28:20.020 | TRC | 0 | 0 | frmStudentRollcall：btn_ON
2018.11.11 00:28:38.485 | TRC | 0 | 0 | frmStudentRollcall：btn_ON
2018.11.11 00:29:20.321 | TRC | 0 | 0 | start log
2018.11.11 00:29:27.755 | TRC | 0 | 0 | frmStudentRollcall：frmStudentRollcall_Load
2018.11.11 00:29:40.456 | TRC | 0 | 0 | frmStudentRollcall：btn_Leave
2018.11.11 00:29:40.632 | TRC | 0 | 0 | DatabaseCoreRollcall：System.Data.SqlClient.SqlException (0x80131904): 將 varchar 值 '請假' 轉換成資料類型 int 時，轉換失敗。
   於 System.Data.SqlClient.SqlConnection.OnError(SqlException exception, Boolean breakConnection, Action`1 wrapCloseInAction)
   於 System.Data.SqlClient.SqlInternalConnection.OnError(SqlException exception, Boolean breakConnection, Action`1 wrapCloseInAction)
   於 System.Data.SqlClient.TdsParser.ThrowExceptionAndWarning(TdsParserStateObject stateObj, Boolean callerHasConnectionLock, Boolean asyncClose)
   於 System.Data.SqlClient.TdsParser.TryRun(RunBehavior runBehavior, SqlCommand cmdHandler, SqlDataReader dataStream, BulkCopySimpleResultSet bulkCopyHandler, TdsParserStateObject stateObj, Boolean& dataReady)
   於 System.Data.SqlClient.SqlDataReader.TryHasMoreRows(Boolean& moreRows)
   於 System.Data.SqlClient.SqlDataReader.TryReadInternal(Boolean setTimeout, Boolean& more)
   於 System.Data.SqlClient.SqlDataReader.Read()
   於 System.Data.Common.DataAdapter.FillLoadDataRow(SchemaMapping mapping)
   於 System.Data.Common.DataAdapter.FillFromReader(DataSet dataset, DataTable datatable, String srcTable, DataReaderContainer dataReader, Int32 startRecord, Int32 maxRecords, DataColumn parentChapterColumn, Object parentChapterValue)
   於 System.Data.Common.DataAdapter.Fill(DataSet dataSet, String srcTable, IDataReader dataReader, Int32 startRecord, Int32 maxRecords)
   於 System.Data.Common.DbDataAdapter.FillInternal(DataSet dataset, DataTable[] datatables, Int32 startRecord, Int32 maxRecords, String srcTable, IDbCommand command, CommandBehavior behavior)
   於 System.Data.Common.DbDataAdapter.Fill(DataSet dataSet, Int32 startRecord, Int32 maxRecords, String srcTable, IDbCommand command, CommandBehavior behavior)
   於 System.Data.Common.DbDataAdapter.Fill(DataSet dataSet, String srcTable)
   於 EnglishClassManager.Utility.Database.DatabaseCoreRollcall.CommandFunctionTempDB(String dbTable, String CommandStr, DataTable _oldDT, Boolean _bCon) 於 D:\FreshStore58\Development\58鮮舖\Program\EnglishClass\Server\EnglishCalssManager\EnglishCalssManager\Utility\Database\DatabaseCoreRollcall.cs: 行 164
ClientConnectionId:81f5e7d7-47a3-47fe-80b9-a1287b53dab0
Error Number:245,State:1,Class:16
2018.11.11 00:30:10.606 | TRC | 0 | 0 | start log
2018.11.11 00:30:17.455 | TRC | 0 | 0 | frmStudentRollcall：frmStudentRollcall_Load
2018.11.11 00:30:17.770 | TRC | 0 | 0 | DatabaseCoreRollcall：System.Data.SqlClient.SqlException (0x80131904): 將 varchar 值 '請假' 轉換成資料類型 int 時，轉換失敗。
   於 System.Data.SqlClient.SqlConnection.OnError(SqlException exception, Boolean breakConnection, Action`1 wrapCloseInAction)
   於 System.Data.SqlClient.SqlInternalConnection.OnError(SqlException exception, Boolean breakConnection, Action`1 wrapCloseInAction)
   於 System.Data.SqlClient.TdsParser.ThrowExceptionAndWarning(TdsParserStateObject stateObj, Boolean callerHasConnectionLock, Boolean asyncClose)
   於 System.Data.SqlClient.TdsParser.TryRun(RunBehavior runBehavior, SqlCommand cmdHandler, SqlDataReader dataStream, BulkCopySimpleResultSet bulkCopyHandler, TdsParserStateObject stateObj, Boolean& dataReady)
   於 System.Data.SqlClient.SqlDataReader.TryHasMoreRows(Boolean& moreRows)
   於 System.Data.SqlClient.SqlDataReader.TryReadInternal(Boolean setTimeout, Boolean& more)
   於 System.Data.SqlClient.SqlDataReader.Read()
   於 System.Data.Common.DataAdapter.FillLoadDataRow(SchemaMapping mapping)
   於 System.Data.Common.DataAdapter.FillFromReader(DataSet dataset, DataTable datatable, String srcTable, DataReaderContainer dataReader, Int32 startRecord, Int32 maxRecords, DataColumn parentChapterColumn, Object parentChapterValue)
   於 System.Data.Common.DataAdapter.Fill(DataSet dataSet, String srcTable, IDataReader dataReader, Int32 startRecord, Int32 maxRecords)
   於 System.Data.Common.DbDataAdapter.FillInternal(DataSet dataset, DataTable[] datatables, Int32 startRecord, Int32 maxRecords, String srcTable, IDbCommand command, CommandBehavior behavior)
   於 System.Data.Common.DbDataAdapter.Fill(DataSet dataSet, Int32 startRecord, Int32 maxRecords, String srcTable, IDbCommand command, CommandBehavior behavior)
   於 System.Data.Common.DbDataAdapter.Fill(DataSet dataSet, String srcTable)
   於 EnglishClassManager.Utility.Database.DatabaseCoreRollcall.CommandFunctionTempDB(String dbTable, String CommandStr, DataTable _oldDT, Boolean _bCon) 於 D:\FreshStore58\Development\58鮮舖\Program\EnglishClass\Server\EnglishCalssManager\EnglishCalssManager\Utility\Database\DatabaseCoreRollcall.cs: 行 164
ClientConnectionId:94ce2920-a593-4e95-82be-b08461410332
Error Number:245,State:1,Class:16
2018.11.11 01:08:32.930 | TRC | 0 | 0 | start log
2018.11.11 01:08:39.472 | TRC | 0 | 0 | frmStudentRollcall：frmStudentRollcall_Load
2018.11.11 01:08:39.743 | TRC | 0 | 0 | DatabaseCoreRollcall：System.Data.SqlClient.SqlException (0x80131904): 將 varchar 值 '請假' 轉換成資料類型 int 時，轉換失敗。
   於 System.Data.SqlClient.SqlConnection.OnError(SqlException exception, Boolean breakConnection, Action`1 wrapCloseInAction)
   於 System.Data.SqlClient.SqlInternalConnection.OnError(SqlException exception, Boolean breakConnection, Action`1 wrapCloseInAction)
   於 System.Data.SqlClient.TdsParser.ThrowExceptionAndWarning(TdsParserStateObject stateObj, Boolean callerHasConnectionLock, Boolean asyncClose)
   於 System.Data.SqlClient.TdsParser.TryRun(RunBehavior runBehavior, SqlCommand cmdHandler, SqlDataReader dataStream, BulkCopySimpleResultSet bulkCopyHandler, TdsParserStateObject stateObj, Boolean& dataReady)
   於 System.Data.SqlClient.SqlDataReader.TryHasMoreRows(Boolean& moreRows)
   於 System.Data.SqlClient.SqlDataReader.TryReadInternal(Boolean setTimeout, Boolean& more)
   於 System.Data.SqlClient.SqlDataReader.Read()
   於 System.Data.Common.DataAdapter.FillLoadDataRow(SchemaMapping mapping)
   於 System.Data.Common.DataAdapter.FillFromReader(DataSet dataset, DataTable datatable, String srcTable, DataReaderContainer dataReader, Int32 startRecord, Int32 maxRecords, DataColumn parentChapterColumn, Object parentChapterValue)
   於 System.Data.Common.DataAdapter.Fill(DataSet dataSet, String srcTable, IDataReader dataReader, Int32 startRecord, Int32 maxRecords)
   於 System.Data.Common.DbDataAdapter.FillInternal(DataSet dataset, DataTable[] datatables, Int32 startRecord, Int32 maxRecords, String srcTable, IDbCommand command, CommandBehavior behavior)
   於 System.Data.Common.DbDataAdapter.Fill(DataSet dataSet, Int32 startRecord, Int32 maxRecords, String srcTable, IDbCommand command, CommandBehavior behavior)
   於 System.Data.Common.DbDataAdapter.Fill(DataSet dataSet, String srcTable)
   於 EnglishClassManager.Utility.Database.DatabaseCoreRollcall.CommandFunctionTempDB(String dbTable, String CommandStr, DataTable _oldDT, Boolean _bCon) 於 D:\FreshStore58\Development\58鮮舖\Program\EnglishClass\Server\EnglishCalssManager\EnglishCalssManager\Utility\Database\DatabaseCoreRollcall.cs: 行 164
ClientConnectionId:a30c0298-5796-4d06-a14d-e64272a5f497
Error Number:245,State:1,Class:16
2018.11.11 01:08:51.939 | TRC | 0 | 0 | DatabaseCoreRollcall：System.Data.SqlClient.SqlException (0x80131904): 將 varchar 值 '請假' 轉換成資料類型 int 時，轉換失敗。
   於 System.Data.SqlClient.SqlConnection.OnError(SqlException exception, Boolean breakConnection, Action`1 wrapCloseInAction)
   於 System.Data.SqlClient.SqlInternalConnection.OnError(SqlException exception, Boolean breakConnection, Action`1 wrapCloseInAction)
   於 System.Data.SqlClient.TdsParser.ThrowExceptionAndWarning(TdsParserStateObject stateObj, Boolean callerHasConnectionLock, Boolean asyncClose)
   於 System.Data.SqlClient.TdsParser.TryRun(RunBehavior runBehavior, SqlCommand cmdHandler, SqlDataReader dataStream, BulkCopySimpleResultSet bulkCopyHandler, TdsParserStateObject stateObj, Boolean& dataReady)
   於 System.Data.SqlClient.SqlDataReader.TryHasMoreRows(Boolean& moreRows)
   於 System.Data.SqlClient.SqlDataReader.TryReadInternal(Boolean setTimeout, Boolean& more)
   於 System.Data.SqlClient.SqlDataReader.Read()
   於 System.Data.Common.DataAdapter.FillLoadDataRow(SchemaMapping mapping)
   於 System.Data.Common.DataAdapter.FillFromReader(DataSet dataset, DataTable datatable, String srcTable, DataReaderContainer dataReader, Int32 startRecord, Int32 maxRecords, DataColumn parentChapterColumn, Object parentChapterValue)
   於 System.Data.Common.DataAdapter.Fill(DataSet dataSet, String srcTable, IDataReader dataReader, Int32 startRecord, Int32 maxRecords)
   於 System.Data.Common.DbDataAdapter.FillInternal(DataSet dataset, DataTable[] datatables, Int32 startRecord, Int32 maxRecords, String srcTable, IDbCommand command, CommandBehavior behavior)
   於 System.Data.Common.DbDataAdapter.Fill(DataSet dataSet, Int32 startRecord, Int32 maxRecords, String srcTable, IDbCommand command, CommandBehavior behavior)
   於 System.Data.Common.DbDataAdapter.Fill(DataSet dataSet, String srcTable)
   於 EnglishClassManager.Utility.Database.DatabaseCoreRollcall.CommandFunctionTempDB(String dbTable, String CommandStr, DataTable _oldDT, Boolean _bCon) 於 D:\FreshStore58\Development\58鮮舖\Program\EnglishClass\Server\EnglishCalssManager\EnglishCalssManager\Utility\Database\DatabaseCoreRollcall.cs: 行 164
ClientConnectionId:a30c0298-5796-4d06-a14d-e64272a5f497
Error Number:245,State:1,Class:16
2018.11.11 01:13:04.658 | TRC | 0 | 0 | start log
2018.11.11 01:13:09.993 | TRC | 0 | 0 | frmStudentRollcall：frmStudentRollcall_Load
2018.11.11 01:13:10.231 | TRC | 0 | 0 | DatabaseCoreRollcall：System.Data.SqlClient.SqlException (0x80131904): 將 varchar 值 '請假' 轉換成資料類型 int 時，轉換失敗。
   於 System.Data.SqlClient.SqlConnection.OnError(SqlException exception, Boolean breakConnection, Action`1 wrapCloseInAction)
   於 System.Data.SqlClient.SqlInternalConnection.OnError(SqlException exception, Boolean breakConnection, Action`1 wrapCloseInAction)
   於 System.Data.SqlClient.TdsParser.ThrowExceptionAndWarning(TdsParserStateObject stateObj, Boolean callerHasConnectionLock, Boolean asyncClose)
   於 System.Data.SqlClient.TdsParser.TryRun(RunBehavior runBehavior, SqlCommand cmdHandler, SqlDataReader dataStream, BulkCopySimpleResultSet bulkCopyHandler, TdsParserStateObject stateObj, Boolean& dataReady)
   於 System.Data.SqlClient.SqlDataReader.TryHasMoreRows(Boolean& moreRows)
   於 System.Data.SqlClient.SqlDataReader.TryReadInternal(Boolean setTimeout, Boolean& more)
   於 System.Data.SqlClient.SqlDataReader.Read()
   於 System.Data.Common.DataAdapter.FillLoadDataRow(SchemaMapping mapping)
   於 System.Data.Common.DataAdapter.FillFromReader(DataSet dataset, DataTable datatable, String srcTable, DataReaderContainer dataReader, Int32 startRecord, Int32 maxRecords, DataColumn parentChapterColumn, Object parentChapterValue)
   於 System.Data.Common.DataAdapter.Fill(DataSet dataSet, String srcTable, IDataReader dataReader, Int32 startRecord, Int32 maxRecords)
   於 System.Data.Common.DbDataAdapter.FillInternal(DataSet dataset, DataTable[] datatables, Int32 startRecord, Int32 maxRecords, String srcTable, IDbCommand command, CommandBehavior behavior)
   於 System.Data.Common.DbDataAdapter.Fill(DataSet dataSet, Int32 startRecord, Int32 maxRecords, String srcTable, IDbCommand command, CommandBehavior behavior)
   於 System.Data.Common.DbDataAdapter.Fill(DataSet dataSet, String srcTable)
   於 EnglishClassManager.Utility.Database.DatabaseCoreRollcall.CommandFunctionTempDB(String dbTable, String CommandStr, DataTable _oldDT, Boolean _bCon) 於 D:\FreshStore58\Development\58鮮舖\Program\EnglishClass\Server\EnglishCalssManager\EnglishCalssManager\Utility\Database\DatabaseCoreRollcall.cs: 行 164
ClientConnectionId:5847e396-dfee-407f-a2e3-7aeff2fcc7b1
Error Number:245,State:1,Class:16
2018.11.11 01:13:47.617 | TRC | 0 | 0 | start log
2018.11.11 01:13:54.396 | TRC | 0 | 0 | frmStudentRollcall：frmStudentRollcall_Load
2018.11.11 01:34:51.730 | TRC | 0 | 0 | start log
2018.11.11 01:34:59.170 | TRC | 0 | 0 | frmStudentRollcall：frmStudentRollcall_Load
2018.11.11 01:35:03.495 | TRC | 0 | 0 | frmStudentRollcall：btn_Leave
2018.11.11 01:35:07.703 | TRC | 0 | 0 | frmStudentRollcall：btn_Leave
2018.11.11 01:35:10.161 | TRC | 0 | 0 | frmStudentRollcall：btn_Leave
2018.11.11 01:35:15.699 | TRC | 0 | 0 | frmStudentRollcall：btn_OFF
2018.11.11 01:35:16.052 | TRC | 0 | 1 | DatabaseCoreRollcall：System.Data.SqlClient.SqlException (0x80131904): 將 varchar 值 '未到' 轉換成資料類型 int 時，轉換失敗。
   於 System.Data.SqlClient.SqlConnection.OnError(SqlException exception, Boolean breakConnection, Action`1 wrapCloseInAction)
   於 System.Data.SqlClient.SqlInternalConnection.OnError(SqlException exception, Boolean breakConnection, Action`1 wrapCloseInAction)
   於 System.Data.SqlClient.TdsParser.ThrowExceptionAndWarning(TdsParserStateObject stateObj, Boolean callerHasConnectionLock, Boolean asyncClose)
   於 System.Data.SqlClient.TdsParser.TryRun(RunBehavior runBehavior, SqlCommand cmdHandler, SqlDataReader dataStream, BulkCopySimpleResultSet bulkCopyHandler, TdsParserStateObject stateObj, Boolean& dataReady)
   於 System.Data.SqlClient.SqlDataReader.TryHasMoreRows(Boolean& moreRows)
   於 System.Data.SqlClient.SqlDataReader.TryReadInternal(Boolean setTimeout, Boolean& more)
   於 System.Data.SqlClient.SqlDataReader.Read()
   於 System.Data.Common.DataAdapter.FillLoadDataRow(SchemaMapping mapping)
   於 System.Data.Common.DataAdapter.FillFromReader(DataSet dataset, DataTable datatable, String srcTable, DataReaderContainer dataReader, Int32 startRecord, Int32 maxRecords, DataColumn parentChapterColumn, Object parentChapterValue)
   於 System.Data.Common.DataAdapter.Fill(DataSet dataSet, String srcTable, IDataReader dataReader, Int32 startRecord, Int32 maxRecords)
   於 System.Data.Common.DbDataAdapter.FillInternal(DataSet dataset, DataTable[] datatables, Int32 startRecord, Int32 maxRecords, String srcTable, IDbCommand command, CommandBehavior behavior)
   於 System.Data.Common.DbDataAdapter.Fill(DataSet dataSet, Int32 startRecord, Int32 maxRecords, String srcTable, IDbCommand command, CommandBehavior behavior)
   於 System.Data.Common.DbDataAdapter.Fill(DataSet dataSet, String srcTable)
   於 EnglishClassManager.Utility.Database.DatabaseCoreRollcall.CommandFunctionTempDB(String dbTable, String CommandStr, DataTable _oldDT, Boolean _bCon) 於 D:\FreshStore58\Development\58鮮舖\Program\EnglishClass\Server\EnglishCalssManager\EnglishCalssManager\Utility\Database\DatabaseCoreRollcall.cs: 行 164
ClientConnectionId:4ab44517-8518-4bbb-847d-3b8ec44429ca
Error Number:245,State:1,Class:16
2018.11.11 17:10:53.300 | TRC | 0 | 0 | start log
2018.11.11 20:58:06.043 | TRC | 0 | 0 | start log
2018.11.11 20:58:20.856 | TRC | 0 | 0 | frmStudentRollcall：frmStudentRollcall_Load
2018.11.11 20:58:26.649 | TRC | 0 | 0 | frmStudentRollcall：btn_Leave
2018.11.11 20:58:31.410 | TRC | 0 | 0 | frmStudentRollcall：btn_Leave
2018.11.11 20:58:33.947 | TRC | 0 | 0 | frmStudentRollcall：btn_Leave
2018.11.11 20:58:35.687 | TRC | 0 | 0 | frmStudentRollcall：btn_ON
2018.11.11 20:58:36.362 | TRC | 0 | 0 | frmStudentRollcall：btn_ON
2018.11.11 20:58:38.555 | TRC | 0 | 0 | frmStudentRollcall：btn_ON
2018.11.11 20:58:40.470 | TRC | 0 | 0 | frmStudentRollcall：btn_ON
2018.11.11 20:58:42.693 | TRC | 0 | 0 | frmStudentRollcall：btn_ON
2018.11.11 20:58:53.660 | TRC | 0 | 0 | frmStudentRollcall：btn_ON
2018.11.11 20:58:57.167 | TRC | 0 | 0 | frmStudentRollcall：btn_ON
2018.11.11 20:59:04.319 | TRC | 0 | 0 | frmStudentRollcall：btn_ON
2018.11.11 21:18:41.126 | TRC | 0 | 0 | start log
2018.11.11 21:20:24.992 | TRC | 0 | 0 | start log
2018.11.11 21:22:00.865 | TRC | 0 | 0 | start log
2018.11.11 21:36:05.353 | TRC | 0 | 0 | start log
2018.11.11 21:38:42.276 | TRC | 0 | 0 | start log
2018.11.11 21:38:51.286 | TRC | 0 | 0 | DatabaseCore：CommandFunctionDB：  Select Table_CourseManagement.CourseID, Table_Course.CourseName , Table_CourseManagement.StudentID,  Table_StudentBasic.TwName,  Table_Course.EmployeeID,   ,Table_EmployeeBasic.TwName  From Table_CourseManagement  left outer join Table_Course   on Table_Course.CourseID=Table_CourseManagement.CourseID    left outer join Table_EmployeeBasic   on Table_Course.EmployeeID=Table_EmployeeBasic.EmployeeID   left outer join Table_StudentBasic  on Table_StudentBasic.StudentID=Table_CourseManagement.StudentID    Where  Table_Course.CourseName like '%%' 
2018.11.11 21:38:51.321 | TRC | 0 | 0 | System.Data.SqlClient.SqlException (0x80131904): 接近 ',' 之處的語法不正確。
   於 System.Data.SqlClient.SqlConnection.OnError(SqlException exception, Boolean breakConnection, Action`1 wrapCloseInAction)
   於 System.Data.SqlClient.SqlInternalConnection.OnError(SqlException exception, Boolean breakConnection, Action`1 wrapCloseInAction)
   於 System.Data.SqlClient.TdsParser.ThrowExceptionAndWarning(TdsParserStateObject stateObj, Boolean callerHasConnectionLock, Boolean asyncClose)
   於 System.Data.SqlClient.TdsParser.TryRun(RunBehavior runBehavior, SqlCommand cmdHandler, SqlDataReader dataStream, BulkCopySimpleResultSet bulkCopyHandler, TdsParserStateObject stateObj, Boolean& dataReady)
   於 System.Data.SqlClient.SqlDataReader.TryConsumeMetaData()
   於 System.Data.SqlClient.SqlDataReader.get_MetaData()
   於 System.Data.SqlClient.SqlCommand.FinishExecuteReader(SqlDataReader ds, RunBehavior runBehavior, String resetOptionsString, Boolean isInternal, Boolean forDescribeParameterEncryption)
   於 System.Data.SqlClient.SqlCommand.RunExecuteReaderTds(CommandBehavior cmdBehavior, RunBehavior runBehavior, Boolean returnStream, Boolean async, Int32 timeout, Task& task, Boolean asyncWrite, Boolean inRetry, SqlDataReader ds, Boolean describeParameterEncryptionRequest)
   於 System.Data.SqlClient.SqlCommand.RunExecuteReader(CommandBehavior cmdBehavior, RunBehavior runBehavior, Boolean returnStream, String method, TaskCompletionSource`1 completion, Int32 timeout, Task& task, Boolean& usedCache, Boolean asyncWrite, Boolean inRetry)
   於 System.Data.SqlClient.SqlCommand.RunExecuteReader(CommandBehavior cmdBehavior, RunBehavior runBehavior, Boolean returnStream, String method)
   於 System.Data.SqlClient.SqlCommand.ExecuteReader(CommandBehavior behavior, String method)
   於 System.Data.SqlClient.SqlCommand.ExecuteDbDataReader(CommandBehavior behavior)
   於 System.Data.Common.DbCommand.System.Data.IDbCommand.ExecuteReader(CommandBehavior behavior)
   於 System.Data.Common.DbDataAdapter.FillInternal(DataSet dataset, DataTable[] datatables, Int32 startRecord, Int32 maxRecords, String srcTable, IDbCommand command, CommandBehavior behavior)
   於 System.Data.Common.DbDataAdapter.Fill(DataSet dataSet, Int32 startRecord, Int32 maxRecords, String srcTable, IDbCommand command, CommandBehavior behavior)
   於 System.Data.Common.DbDataAdapter.Fill(DataSet dataSet, String srcTable)
   於 EnglishClassManager.Utility.Database.DatabaseCore.CommandFunctionDB(String dbTable, String CommandStr) 於 D:\FreshStore58\Development\58鮮舖\Program\EnglishClass\Server\EnglishCalssManager\EnglishCalssManager\Utility\Database\DatabaseCore.cs: 行 72
ClientConnectionId:90050c9d-5491-4eef-875f-a1a00a0142d3
Error Number:102,State:1,Class:15
2018.11.11 21:39:09.012 | TRC | 0 | 0 | start log
2018.11.11 21:39:40.937 | TRC | 0 | 0 | start log
2018.11.11 22:01:00.966 | TRC | 0 | 0 | start log
2018.11.11 22:01:11.307 | TRC | 0 | 0 | frmEmployeeBook：frmEmployeeBook_Load
2018.11.11 22:05:36.960 | TRC | 0 | 0 | start log
2018.11.11 22:05:44.919 | TRC | 0 | 0 | 學生通訊錄：frmStudentBook_Load
2018.11.11 22:06:01.052 | TRC | 0 | 0 | 學生通訊錄：btn_clearText
2018.11.11 22:06:02.379 | TRC | 0 | 0 | 學生通訊錄：btn_clearText
2018.11.11 22:06:09.156 | TRC | 0 | 0 | frmEmployeeBook：frmEmployeeBook_Load
2018.11.11 22:06:21.043 | TRC | 0 | 0 | 學生通訊錄：frmStudentBook_Load
2018.11.11 22:06:38.904 | TRC | 0 | 0 | 學生通訊錄：btn_clearText
2018.11.11 22:06:51.364 | TRC | 0 | 0 | 學生通訊錄：btnAdd
2018.11.11 22:07:17.377 | TRC | 0 | 0 | 學生通訊錄：btnAdd
2018.11.11 22:08:22.873 | TRC | 0 | 0 | start log
2018.11.11 22:08:33.997 | TRC | 0 | 0 | 學生通訊錄：frmStudentBook_Load
2018.11.11 22:08:38.008 | TRC | 0 | 0 | 學生通訊錄：lb_endpage
2018.11.11 22:08:39.507 | TRC | 0 | 0 | 學生通訊錄：lb_startpage
2018.11.11 22:08:40.498 | TRC | 0 | 0 | 學生通訊錄：lb_startpage
2018.11.11 22:08:41.131 | TRC | 0 | 0 | 學生通訊錄：lb_startpage
2018.11.11 22:08:41.759 | TRC | 0 | 0 | 學生通訊錄：lb_startpage
2018.11.11 22:08:44.242 | TRC | 0 | 0 | 學生通訊錄：lb_endpage
2018.11.11 22:08:44.550 | TRC | 0 | 0 | 學生通訊錄：lb_endpage
2018.11.11 22:08:46.050 | TRC | 0 | 0 | 學生通訊錄：lb_startpage
2018.11.11 22:08:46.366 | TRC | 0 | 0 | 學生通訊錄：lb_startpage
2018.11.11 22:08:46.660 | TRC | 0 | 0 | 學生通訊錄：lb_startpage
2018.11.11 22:08:47.121 | TRC | 0 | 0 | 學生通訊錄：lb_startpage
2018.11.11 22:08:47.452 | TRC | 0 | 0 | 學生通訊錄：lb_startpage
2018.11.11 22:08:49.546 | TRC | 0 | 0 | 學生通訊錄：btn_clearText
2018.11.11 22:08:53.932 | TRC | 0 | 0 | 學生通訊錄：btnAdd
2018.11.11 22:09:26.693 | TRC | 0 | 0 | start log
2018.11.11 22:09:40.536 | TRC | 0 | 0 | 學生通訊錄：frmStudentBook_Load
2018.11.11 22:09:44.856 | TRC | 0 | 0 | 學生通訊錄：btnDelete
2018.11.11 22:09:50.371 | TRC | 0 | 0 | 學生通訊錄：btnDelete
2018.11.11 22:09:58.625 | TRC | 0 | 0 | 學生通訊錄：btnAdd
2018.11.11 22:10:34.789 | TRC | 0 | 0 | 學生通訊錄：btnDelete
2018.11.11 22:10:38.094 | TRC | 0 | 0 | 學生通訊錄：btnAdd
2018.11.11 22:12:03.151 | TRC | 0 | 0 | start log
2018.11.11 22:12:09.570 | TRC | 0 | 0 | 學生通訊錄：frmStudentBook_Load
2018.11.11 22:12:12.462 | TRC | 0 | 0 | 學生通訊錄：btnAdd
2018.11.11 22:13:27.475 | TRC | 0 | 0 | start log
2018.11.11 22:13:45.788 | TRC | 0 | 0 | 學生通訊錄：frmStudentBook_Load
2018.11.11 22:13:49.887 | TRC | 0 | 0 | 學生通訊錄：btnAdd
2018.11.11 22:14:05.127 | TRC | 0 | 0 | 學生通訊錄：btnAdd
2018.11.11 22:14:22.242 | TRC | 0 | 0 | 學生通訊錄：btnAdd
2018.11.11 22:15:42.127 | TRC | 0 | 0 | start log
2018.11.11 22:15:48.436 | TRC | 0 | 0 | 學生通訊錄：frmStudentBook_Load
2018.11.11 22:15:54.458 | TRC | 0 | 0 | 學生通訊錄：btnAdd
2018.11.11 22:16:59.533 | TRC | 0 | 0 | start log
2018.11.11 22:17:06.296 | TRC | 0 | 0 | 學生通訊錄：frmStudentBook_Load
2018.11.11 22:17:10.485 | TRC | 0 | 0 | 學生通訊錄：btnAdd
2018.11.11 22:17:36.828 | TRC | 0 | 0 | 學生通訊錄：btnAdd
2018.11.11 22:18:34.879 | TRC | 0 | 0 | start log
2018.11.11 22:18:43.893 | TRC | 0 | 0 | 學生通訊錄：frmStudentBook_Load
2018.11.11 22:18:51.234 | TRC | 0 | 0 | 學生通訊錄：btnAdd
2018.11.11 22:20:11.174 | TRC | 0 | 0 | start log
2018.11.11 22:20:17.509 | TRC | 0 | 0 | 學生通訊錄：frmStudentBook_Load
2018.11.11 22:20:23.053 | TRC | 0 | 0 | 學生通訊錄：btnAdd
2018.11.11 22:21:11.320 | TRC | 0 | 0 | start log
2018.11.11 22:21:19.693 | TRC | 0 | 0 | 學生通訊錄：frmStudentBook_Load
2018.11.11 22:21:24.584 | TRC | 0 | 0 | 學生通訊錄：btnAdd
2018.11.11 22:22:19.829 | TRC | 0 | 0 | start log
2018.11.11 22:22:25.792 | TRC | 0 | 0 | 學生通訊錄：frmStudentBook_Load
2018.11.11 22:22:30.887 | TRC | 0 | 0 | 學生通訊錄：btnAdd
2018.11.11 22:23:22.089 | TRC | 0 | 0 | start log
2018.11.11 22:23:28.405 | TRC | 0 | 0 | 學生通訊錄：frmStudentBook_Load
2018.11.11 22:23:36.453 | TRC | 0 | 0 | 學生通訊錄：btnAdd
2018.11.11 22:32:59.917 | TRC | 0 | 0 | start log
2018.11.11 22:33:19.775 | TRC | 0 | 0 | 學生通訊錄：frmStudentBook_Load
2018.11.11 22:33:25.870 | TRC | 0 | 0 | 學生通訊錄：btnAdd
2018.11.11 22:33:35.800 | TRC | 0 | 0 | 學生通訊錄：btn_clearText
2018.11.11 22:33:38.720 | TRC | 0 | 0 | 學生通訊錄：btnAdd
2018.11.11 22:33:47.176 | TRC | 0 | 0 | 學生通訊錄：btn_clearText
2018.11.11 22:33:49.574 | TRC | 0 | 0 | 學生通訊錄：btnAdd
2018.11.11 22:56:57.051 | TRC | 0 | 0 | start log
2018.11.11 22:58:41.192 | TRC | 0 | 0 | start log
2018.11.11 22:58:52.782 | TRC | 0 | 0 | DatabaseCore：ExecuteNonQuery：Update EnglishClassDBtestRollcall.dbo.Table_StudentRollcall_20181111 Set IsUpdate=1  Where EnglishClassDBtestRollcall.dbo.Table_StudentRollcall_20181111.StudentID=
2018.11.11 22:58:52.815 | TRC | 0 | 0 | System.Data.SqlClient.SqlException (0x80131904): 接近 '=' 之處的語法不正確。
   於 System.Data.SqlClient.SqlConnection.OnError(SqlException exception, Boolean breakConnection, Action`1 wrapCloseInAction)
   於 System.Data.SqlClient.SqlInternalConnection.OnError(SqlException exception, Boolean breakConnection, Action`1 wrapCloseInAction)
   於 System.Data.SqlClient.TdsParser.ThrowExceptionAndWarning(TdsParserStateObject stateObj, Boolean callerHasConnectionLock, Boolean asyncClose)
   於 System.Data.SqlClient.TdsParser.TryRun(RunBehavior runBehavior, SqlCommand cmdHandler, SqlDataReader dataStream, BulkCopySimpleResultSet bulkCopyHandler, TdsParserStateObject stateObj, Boolean& dataReady)
   於 System.Data.SqlClient.SqlCommand.RunExecuteNonQueryTds(String methodName, Boolean async, Int32 timeout, Boolean asyncWrite)
   於 System.Data.SqlClient.SqlCommand.InternalExecuteNonQuery(TaskCompletionSource`1 completion, String methodName, Boolean sendToPipe, Int32 timeout, Boolean& usedCache, Boolean asyncWrite, Boolean inRetry)
   於 System.Data.SqlClient.SqlCommand.ExecuteNonQuery()
   於 EnglishClassManager.Utility.Database.DatabaseCore.ExecuteNonQuery(String CommandStr) 於 D:\FreshStore58\Development\58鮮舖\Program\EnglishClass\Server\EnglishCalssManager\EnglishCalssManager\Utility\Database\DatabaseCore.cs: 行 219
ClientConnectionId:0a93f56c-c63f-4cf3-af23-ec6ece7ef1c8
Error Number:102,State:1,Class:15
2018.11.11 22:58:52.864 | TRC | 0 | 0 | DatabaseCore：strExecuteScalar：select EnglishClassDBtestRollcall.dbo.Table_StudentRollcall_20181111.IsUpdate from EnglishClassDBtestRollcall.dbo.Table_StudentRollcall_20181111 where EnglishClassDBtestRollcall.dbo.Table_StudentRollcall_20181111.StudentID = ''
2018.11.11 22:58:52.875 | TRC | 0 | 0 | System.Data.SqlClient.SqlException (0x80131904): 無效的資料行名稱 'IsUpdate'。
   於 System.Data.SqlClient.SqlConnection.OnError(SqlException exception, Boolean breakConnection, Action`1 wrapCloseInAction)
   於 System.Data.SqlClient.SqlInternalConnection.OnError(SqlException exception, Boolean breakConnection, Action`1 wrapCloseInAction)
   於 System.Data.SqlClient.TdsParser.ThrowExceptionAndWarning(TdsParserStateObject stateObj, Boolean callerHasConnectionLock, Boolean asyncClose)
   於 System.Data.SqlClient.TdsParser.TryRun(RunBehavior runBehavior, SqlCommand cmdHandler, SqlDataReader dataStream, BulkCopySimpleResultSet bulkCopyHandler, TdsParserStateObject stateObj, Boolean& dataReady)
   於 System.Data.SqlClient.SqlDataReader.TryConsumeMetaData()
   於 System.Data.SqlClient.SqlDataReader.get_MetaData()
   於 System.Data.SqlClient.SqlCommand.FinishExecuteReader(SqlDataReader ds, RunBehavior runBehavior, String resetOptionsString, Boolean isInternal, Boolean forDescribeParameterEncryption)
   於 System.Data.SqlClient.SqlCommand.RunExecuteReaderTds(CommandBehavior cmdBehavior, RunBehavior runBehavior, Boolean returnStream, Boolean async, Int32 timeout, Task& task, Boolean asyncWrite, Boolean inRetry, SqlDataReader ds, Boolean describeParameterEncryptionRequest)
   於 System.Data.SqlClient.SqlCommand.RunExecuteReader(CommandBehavior cmdBehavior, RunBehavior runBehavior, Boolean returnStream, String method, TaskCompletionSource`1 completion, Int32 timeout, Task& task, Boolean& usedCache, Boolean asyncWrite, Boolean inRetry)
   於 System.Data.SqlClient.SqlCommand.RunExecuteReader(CommandBehavior cmdBehavior, RunBehavior runBehavior, Boolean returnStream, String method)
   於 System.Data.SqlClient.SqlCommand.ExecuteScalar()
   於 EnglishClassManager.Utility.Database.DatabaseCore.strExecuteScalar(String CommandStr) 於 D:\FreshStore58\Development\58鮮舖\Program\EnglishClass\Server\EnglishCalssManager\EnglishCalssManager\Utility\Database\DatabaseCore.cs: 行 187
ClientConnectionId:0391180d-33f4-4689-b172-841645faf158
Error Number:207,State:1,Class:16
2018.11.11 22:58:54.243 | TRC | 0 | 0 | DatabaseCore：strExecuteScalar：select EnglishClassDBtestRollcall.dbo.Table_StudentRollcall_20181111.IsUpdate from EnglishClassDBtestRollcall.dbo.Table_StudentRollcall_20181111 where EnglishClassDBtestRollcall.dbo.Table_StudentRollcall_20181111.StudentID = ''
2018.11.11 22:58:54.249 | TRC | 0 | 0 | System.Data.SqlClient.SqlException (0x80131904): 無效的資料行名稱 'IsUpdate'。
   於 System.Data.SqlClient.SqlConnection.OnError(SqlException exception, Boolean breakConnection, Action`1 wrapCloseInAction)
   於 System.Data.SqlClient.SqlInternalConnection.OnError(SqlException exception, Boolean breakConnection, Action`1 wrapCloseInAction)
   於 System.Data.SqlClient.TdsParser.ThrowExceptionAndWarning(TdsParserStateObject stateObj, Boolean callerHasConnectionLock, Boolean asyncClose)
   於 System.Data.SqlClient.TdsParser.TryRun(RunBehavior runBehavior, SqlCommand cmdHandler, SqlDataReader dataStream, BulkCopySimpleResultSet bulkCopyHandler, TdsParserStateObject stateObj, Boolean& dataReady)
   於 System.Data.SqlClient.SqlDataReader.TryConsumeMetaData()
   於 System.Data.SqlClient.SqlDataReader.get_MetaData()
   於 System.Data.SqlClient.SqlCommand.FinishExecuteReader(SqlDataReader ds, RunBehavior runBehavior, String resetOptionsString, Boolean isInternal, Boolean forDescribeParameterEncryption)
   於 System.Data.SqlClient.SqlCommand.RunExecuteReaderTds(CommandBehavior cmdBehavior, RunBehavior runBehavior, Boolean returnStream, Boolean async, Int32 timeout, Task& task, Boolean asyncWrite, Boolean inRetry, SqlDataReader ds, Boolean describeParameterEncryptionRequest)
   於 System.Data.SqlClient.SqlCommand.RunExecuteReader(CommandBehavior cmdBehavior, RunBehavior runBehavior, Boolean returnStream, String method, TaskCompletionSource`1 completion, Int32 timeout, Task& task, Boolean& usedCache, Boolean asyncWrite, Boolean inRetry)
   於 System.Data.SqlClient.SqlCommand.RunExecuteReader(CommandBehavior cmdBehavior, RunBehavior runBehavior, Boolean returnStream, String method)
   於 System.Data.SqlClient.SqlCommand.ExecuteScalar()
   於 EnglishClassManager.Utility.Database.DatabaseCore.strExecuteScalar(String CommandStr) 於 D:\FreshStore58\Development\58鮮舖\Program\EnglishClass\Server\EnglishCalssManager\EnglishCalssManager\Utility\Database\DatabaseCore.cs: 行 187
ClientConnectionId:cd34665d-ac0e-4c29-b330-7dab57024f03
Error Number:207,State:1,Class:16
2018.11.11 22:58:57.228 | TRC | 0 | 0 | DatabaseCore：strExecuteScalar：select EnglishClassDBtestRollcall.dbo.Table_StudentRollcall_20181111.IsUpdate from EnglishClassDBtestRollcall.dbo.Table_StudentRollcall_20181111 where EnglishClassDBtestRollcall.dbo.Table_StudentRollcall_20181111.StudentID = ''
2018.11.11 22:58:57.237 | TRC | 0 | 0 | System.Data.SqlClient.SqlException (0x80131904): 無效的資料行名稱 'IsUpdate'。
   於 System.Data.SqlClient.SqlConnection.OnError(SqlException exception, Boolean breakConnection, Action`1 wrapCloseInAction)
   於 System.Data.SqlClient.SqlInternalConnection.OnError(SqlException exception, Boolean breakConnection, Action`1 wrapCloseInAction)
   於 System.Data.SqlClient.TdsParser.ThrowExceptionAndWarning(TdsParserStateObject stateObj, Boolean callerHasConnectionLock, Boolean asyncClose)
   於 System.Data.SqlClient.TdsParser.TryRun(RunBehavior runBehavior, SqlCommand cmdHandler, SqlDataReader dataStream, BulkCopySimpleResultSet bulkCopyHandler, TdsParserStateObject stateObj, Boolean& dataReady)
   於 System.Data.SqlClient.SqlDataReader.TryConsumeMetaData()
   於 System.Data.SqlClient.SqlDataReader.get_MetaData()
   於 System.Data.SqlClient.SqlCommand.FinishExecuteReader(SqlDataReader ds, RunBehavior runBehavior, String resetOptionsString, Boolean isInternal, Boolean forDescribeParameterEncryption)
   於 System.Data.SqlClient.SqlCommand.RunExecuteReaderTds(CommandBehavior cmdBehavior, RunBehavior runBehavior, Boolean returnStream, Boolean async, Int32 timeout, Task& task, Boolean asyncWrite, Boolean inRetry, SqlDataReader ds, Boolean describeParameterEncryptionRequest)
   於 System.Data.SqlClient.SqlCommand.RunExecuteReader(CommandBehavior cmdBehavior, RunBehavior runBehavior, Boolean returnStream, String method, TaskCompletionSource`1 completion, Int32 timeout, Task& task, Boolean& usedCache, Boolean asyncWrite, Boolean inRetry)
   於 System.Data.SqlClient.SqlCommand.RunExecuteReader(CommandBehavior cmdBehavior, RunBehavior runBehavior, Boolean returnStream, String method)
   於 System.Data.SqlClient.SqlCommand.ExecuteScalar()
   於 EnglishClassManager.Utility.Database.DatabaseCore.strExecuteScalar(String CommandStr) 於 D:\FreshStore58\Development\58鮮舖\Program\EnglishClass\Server\EnglishCalssManager\EnglishCalssManager\Utility\Database\DatabaseCore.cs: 行 187
ClientConnectionId:f1adfe7b-0819-4c89-900f-8ef0e46fe414
Error Number:207,State:1,Class:16
2018.11.11 22:59:00.227 | TRC | 0 | 0 | DatabaseCore：strExecuteScalar：select EnglishClassDBtestRollcall.dbo.Table_StudentRollcall_20181111.IsUpdate from EnglishClassDBtestRollcall.dbo.Table_StudentRollcall_20181111 where EnglishClassDBtestRollcall.dbo.Table_StudentRollcall_20181111.StudentID = ''
2018.11.11 22:59:00.235 | TRC | 0 | 0 | System.Data.SqlClient.SqlException (0x80131904): 無效的資料行名稱 'IsUpdate'。
   於 System.Data.SqlClient.SqlConnection.OnError(SqlException exception, Boolean breakConnection, Action`1 wrapCloseInAction)
   於 System.Data.SqlClient.SqlInternalConnection.OnError(SqlException exception, Boolean breakConnection, Action`1 wrapCloseInAction)
   於 System.Data.SqlClient.TdsParser.ThrowExceptionAndWarning(TdsParserStateObject stateObj, Boolean callerHasConnectionLock, Boolean asyncClose)
   於 System.Data.SqlClient.TdsParser.TryRun(RunBehavior runBehavior, SqlCommand cmdHandler, SqlDataReader dataStream, BulkCopySimpleResultSet bulkCopyHandler, TdsParserStateObject stateObj, Boolean& dataReady)
   於 System.Data.SqlClient.SqlDataReader.TryConsumeMetaData()
   於 System.Data.SqlClient.SqlDataReader.get_MetaData()
   於 System.Data.SqlClient.SqlCommand.FinishExecuteReader(SqlDataReader ds, RunBehavior runBehavior, String resetOptionsString, Boolean isInternal, Boolean forDescribeParameterEncryption)
   於 System.Data.SqlClient.SqlCommand.RunExecuteReaderTds(CommandBehavior cmdBehavior, RunBehavior runBehavior, Boolean returnStream, Boolean async, Int32 timeout, Task& task, Boolean asyncWrite, Boolean inRetry, SqlDataReader ds, Boolean describeParameterEncryptionRequest)
   於 System.Data.SqlClient.SqlCommand.RunExecuteReader(CommandBehavior cmdBehavior, RunBehavior runBehavior, Boolean returnStream, String method, TaskCompletionSource`1 completion, Int32 timeout, Task& task, Boolean& usedCache, Boolean asyncWrite, Boolean inRetry)
   於 System.Data.SqlClient.SqlCommand.RunExecuteReader(CommandBehavior cmdBehavior, RunBehavior runBehavior, Boolean returnStream, String method)
   於 System.Data.SqlClient.SqlCommand.ExecuteScalar()
   於 EnglishClassManager.Utility.Database.DatabaseCore.strExecuteScalar(String CommandStr) 於 D:\FreshStore58\Development\58鮮舖\Program\EnglishClass\Server\EnglishCalssManager\EnglishCalssManager\Utility\Database\DatabaseCore.cs: 行 187
ClientConnectionId:fc059a58-66ae-4149-96db-6c2887323a0f
Error Number:207,State:1,Class:16
