2019.07.11 21:26:56.174 | TRC | 0 | 0 | start log
2019.07.11 21:26:59.278 | TRC | 0 | 2 | SmartCardReader：Ouch: Cannot find a smart card reader. (NoReadersAvailable)
2019.07.11 21:26:59.371 | TRC | 0 | 2 | DB initial count：1
2019.07.11 21:27:01.731 | TRC | 0 | 1 | SmartCardReader：Ouch: Cannot find a smart card reader. (NoReadersAvailable)
2019.07.11 21:27:04.246 | TRC | 0 | 1 | SmartCardReader：Ouch: Cannot find a smart card reader. (NoReadersAvailable)
2019.07.11 21:27:06.762 | TRC | 0 | 1 | SmartCardReader：Ouch: Cannot find a smart card reader. (NoReadersAvailable)
2019.07.11 21:27:09.268 | TRC | 0 | 1 | SmartCardReader：Ouch: Cannot find a smart card reader. (NoReadersAvailable)
2019.07.11 21:27:11.766 | TRC | 0 | 1 | SmartCardReader：Ouch: Cannot find a smart card reader. (NoReadersAvailable)
2019.07.11 21:27:14.276 | TRC | 0 | 1 | SmartCardReader：Ouch: Cannot find a smart card reader. (NoReadersAvailable)
2019.07.11 21:27:16.802 | TRC | 0 | 1 | SmartCardReader：Ouch: Cannot find a smart card reader. (NoReadersAvailable)
2019.07.11 21:27:18.459 | TRC | 0 | 0 | frmCourseManagerUpdate
2019.07.11 21:27:19.265 | TRC | 0 | 1 | SmartCardReader：Ouch: Cannot find a smart card reader. (NoReadersAvailable)
2019.07.11 21:27:21.780 | TRC | 0 | 1 | SmartCardReader：Ouch: Cannot find a smart card reader. (NoReadersAvailable)
2019.07.11 21:27:24.302 | TRC | 0 | 1 | SmartCardReader：Ouch: Cannot find a smart card reader. (NoReadersAvailable)
2019.07.11 21:27:26.821 | TRC | 0 | 1 | SmartCardReader：Ouch: Cannot find a smart card reader. (NoReadersAvailable)
2019.07.11 21:27:29.309 | TRC | 0 | 1 | SmartCardReader：Ouch: Cannot find a smart card reader. (NoReadersAvailable)
2019.07.11 21:27:29.366 | TRC | 0 | 0 | frmCourseManagerUpdatebtn_DeleteStudent
2019.07.11 21:27:31.815 | TRC | 0 | 1 | SmartCardReader：Ouch: Cannot find a smart card reader. (NoReadersAvailable)
2019.07.11 21:27:34.072 | TRC | 0 | 0 | frmCourseManagerUpdatebtn_AddNewStudent
2019.07.11 21:27:34.296 | TRC | 0 | 1 | SmartCardReader：Ouch: Cannot find a smart card reader. (NoReadersAvailable)
2019.07.11 21:27:36.819 | TRC | 0 | 1 | SmartCardReader：Ouch: Cannot find a smart card reader. (NoReadersAvailable)
2019.07.11 21:27:39.342 | TRC | 0 | 1 | SmartCardReader：Ouch: Cannot find a smart card reader. (NoReadersAvailable)
2019.07.11 21:27:41.872 | TRC | 0 | 1 | SmartCardReader：Ouch: Cannot find a smart card reader. (NoReadersAvailable)
2019.07.11 21:27:44.352 | TRC | 0 | 1 | SmartCardReader：Ouch: Cannot find a smart card reader. (NoReadersAvailable)
2019.07.11 21:27:46.841 | TRC | 0 | 1 | SmartCardReader：Ouch: Cannot find a smart card reader. (NoReadersAvailable)
2019.07.11 21:27:49.362 | TRC | 0 | 1 | SmartCardReader：Ouch: Cannot find a smart card reader. (NoReadersAvailable)
2019.07.11 21:27:51.877 | TRC | 0 | 1 | SmartCardReader：Ouch: Cannot find a smart card reader. (NoReadersAvailable)
2019.07.11 21:27:54.339 | TRC | 0 | 1 | SmartCardReader：Ouch: Cannot find a smart card reader. (NoReadersAvailable)
2019.07.11 21:27:56.844 | TRC | 0 | 1 | SmartCardReader：Ouch: Cannot find a smart card reader. (NoReadersAvailable)
2019.07.11 21:27:59.370 | TRC | 0 | 1 | SmartCardReader：Ouch: Cannot find a smart card reader. (NoReadersAvailable)
2019.07.11 21:28:01.848 | TRC | 0 | 1 | SmartCardReader：Ouch: Cannot find a smart card reader. (NoReadersAvailable)
2019.07.11 21:28:04.350 | TRC | 0 | 1 | SmartCardReader：Ouch: Cannot find a smart card reader. (NoReadersAvailable)
2019.07.11 21:28:06.879 | TRC | 0 | 1 | SmartCardReader：Ouch: Cannot find a smart card reader. (NoReadersAvailable)
2019.07.11 21:28:09.392 | TRC | 0 | 1 | SmartCardReader：Ouch: Cannot find a smart card reader. (NoReadersAvailable)
2019.07.11 21:28:09.974 | TRC | 0 | 0 | frmCourseManagerUpdatebtn_DeleteStudent
2019.07.11 21:28:10.784 | TRC | 0 | 0 | frmCourseManagerUpdatebtn_DeleteStudent
2019.07.11 21:28:11.462 | TRC | 0 | 0 | frmCourseManagerUpdatebtn_DeleteStudent
2019.07.11 21:28:11.907 | TRC | 0 | 1 | SmartCardReader：Ouch: Cannot find a smart card reader. (NoReadersAvailable)
2019.07.11 21:28:12.131 | TRC | 0 | 0 | frmCourseManagerUpdatebtn_DeleteStudent
2019.07.11 21:28:14.437 | TRC | 0 | 1 | SmartCardReader：Ouch: Cannot find a smart card reader. (NoReadersAvailable)
2019.07.11 21:28:14.692 | TRC | 0 | 0 | frmCourseManagerUpdatebtn_AddNewStudent
2019.07.11 21:28:16.924 | TRC | 0 | 1 | SmartCardReader：Ouch: Cannot find a smart card reader. (NoReadersAvailable)
2019.07.11 21:28:17.313 | TRC | 0 | 0 | frmCourseManagerUpdatebtn_AddNewStudent
2019.07.11 21:28:19.450 | TRC | 0 | 1 | SmartCardReader：Ouch: Cannot find a smart card reader. (NoReadersAvailable)
2019.07.11 21:28:21.950 | TRC | 0 | 1 | SmartCardReader：Ouch: Cannot find a smart card reader. (NoReadersAvailable)
2019.07.11 21:28:24.471 | TRC | 0 | 1 | SmartCardReader：Ouch: Cannot find a smart card reader. (NoReadersAvailable)
2019.07.11 21:28:26.956 | TRC | 0 | 1 | SmartCardReader：Ouch: Cannot find a smart card reader. (NoReadersAvailable)
2019.07.11 21:28:29.461 | TRC | 0 | 1 | SmartCardReader：Ouch: Cannot find a smart card reader. (NoReadersAvailable)
2019.07.11 21:28:31.958 | TRC | 0 | 1 | SmartCardReader：Ouch: Cannot find a smart card reader. (NoReadersAvailable)
2019.07.11 21:28:34.469 | TRC | 0 | 1 | SmartCardReader：Ouch: Cannot find a smart card reader. (NoReadersAvailable)
2019.07.11 21:28:37.010 | TRC | 0 | 1 | SmartCardReader：Ouch: Cannot find a smart card reader. (NoReadersAvailable)
2019.07.11 21:28:39.509 | TRC | 0 | 1 | SmartCardReader：Ouch: Cannot find a smart card reader. (NoReadersAvailable)
2019.07.11 21:28:40.570 | TRC | 0 | 0 | 學生通訊錄：frmStudentBook_Load
2019.07.11 21:28:42.016 | TRC | 0 | 1 | SmartCardReader：Ouch: Cannot find a smart card reader. (NoReadersAvailable)
2019.07.11 21:28:44.509 | TRC | 0 | 1 | SmartCardReader：Ouch: Cannot find a smart card reader. (NoReadersAvailable)
2019.07.11 21:28:47.015 | TRC | 0 | 1 | SmartCardReader：Ouch: Cannot find a smart card reader. (NoReadersAvailable)
2019.07.11 21:28:49.512 | TRC | 0 | 1 | SmartCardReader：Ouch: Cannot find a smart card reader. (NoReadersAvailable)
2019.07.11 21:28:50.976 | TRC | 0 | 0 | 學生通訊錄：btnSelect
2019.07.11 21:28:52.035 | TRC | 0 | 1 | SmartCardReader：Ouch: Cannot find a smart card reader. (NoReadersAvailable)
2019.07.11 21:28:54.516 | TRC | 0 | 1 | SmartCardReader：Ouch: Cannot find a smart card reader. (NoReadersAvailable)
2019.07.11 21:28:57.050 | TRC | 0 | 1 | SmartCardReader：Ouch: Cannot find a smart card reader. (NoReadersAvailable)
2019.07.11 21:28:58.195 | TRC | 0 | 0 | 學生通訊錄：btn_clearText
2019.07.11 21:28:59.541 | TRC | 0 | 1 | SmartCardReader：Ouch: Cannot find a smart card reader. (NoReadersAvailable)
2019.07.11 21:28:59.654 | TRC | 0 | 0 | 學生通訊錄：btn_clearText
2019.07.11 21:29:00.411 | TRC | 0 | 0 | 學生通訊錄：btn_clearText
2019.07.11 21:29:00.415 | TRC | 0 | 0 | 學生通訊錄：btn_clearText
2019.07.11 21:29:00.802 | TRC | 0 | 0 | 學生通訊錄：btn_clearText
2019.07.11 21:29:01.328 | TRC | 0 | 0 | 學生通訊錄：btn_clearText
2019.07.11 21:29:01.350 | TRC | 0 | 0 | 學生通訊錄：btn_clearText
2019.07.11 21:29:01.750 | TRC | 0 | 0 | 學生通訊錄：btn_clearText
2019.07.11 21:29:02.043 | TRC | 0 | 1 | SmartCardReader：Ouch: Cannot find a smart card reader. (NoReadersAvailable)
2019.07.11 21:29:04.582 | TRC | 0 | 1 | SmartCardReader：Ouch: Cannot find a smart card reader. (NoReadersAvailable)
2019.07.11 21:29:06.636 | TRC | 0 | 0 | 學生通訊錄：btn_clearText
2019.07.11 21:29:07.073 | TRC | 0 | 1 | SmartCardReader：Ouch: Cannot find a smart card reader. (NoReadersAvailable)
2019.07.11 21:29:09.583 | TRC | 0 | 1 | SmartCardReader：Ouch: Cannot find a smart card reader. (NoReadersAvailable)
2019.07.11 21:29:12.072 | TRC | 0 | 1 | SmartCardReader：Ouch: Cannot find a smart card reader. (NoReadersAvailable)
2019.07.11 21:29:14.587 | TRC | 0 | 1 | SmartCardReader：Ouch: Cannot find a smart card reader. (NoReadersAvailable)
2019.07.11 21:29:17.068 | TRC | 0 | 1 | SmartCardReader：Ouch: Cannot find a smart card reader. (NoReadersAvailable)
2019.07.11 21:29:19.602 | TRC | 0 | 1 | SmartCardReader：Ouch: Cannot find a smart card reader. (NoReadersAvailable)
2019.07.11 21:29:22.079 | TRC | 0 | 1 | SmartCardReader：Ouch: Cannot find a smart card reader. (NoReadersAvailable)
2019.07.11 21:29:24.588 | TRC | 0 | 1 | SmartCardReader：Ouch: Cannot find a smart card reader. (NoReadersAvailable)
2019.07.11 21:29:27.097 | TRC | 0 | 1 | SmartCardReader：Ouch: Cannot find a smart card reader. (NoReadersAvailable)
2019.07.11 21:29:29.613 | TRC | 0 | 1 | SmartCardReader：Ouch: Cannot find a smart card reader. (NoReadersAvailable)
2019.07.11 21:29:32.117 | TRC | 0 | 1 | SmartCardReader：Ouch: Cannot find a smart card reader. (NoReadersAvailable)
2019.07.11 21:29:34.632 | TRC | 0 | 1 | SmartCardReader：Ouch: Cannot find a smart card reader. (NoReadersAvailable)
2019.07.11 21:29:36.071 | TRC | 0 | 0 | 學生通訊錄：frmStudentBook_Load
2019.07.11 21:29:37.123 | TRC | 0 | 1 | SmartCardReader：Ouch: Cannot find a smart card reader. (NoReadersAvailable)
2019.07.11 21:29:39.622 | TRC | 0 | 1 | SmartCardReader：Ouch: Cannot find a smart card reader. (NoReadersAvailable)
2019.07.11 21:29:42.135 | TRC | 0 | 1 | SmartCardReader：Ouch: Cannot find a smart card reader. (NoReadersAvailable)
2019.07.11 21:29:44.658 | TRC | 0 | 1 | SmartCardReader：Ouch: Cannot find a smart card reader. (NoReadersAvailable)
2019.07.11 21:29:47.152 | TRC | 0 | 1 | SmartCardReader：Ouch: Cannot find a smart card reader. (NoReadersAvailable)
2019.07.11 21:29:49.654 | TRC | 0 | 1 | SmartCardReader：Ouch: Cannot find a smart card reader. (NoReadersAvailable)
2019.07.11 21:29:52.155 | TRC | 0 | 1 | SmartCardReader：Ouch: Cannot find a smart card reader. (NoReadersAvailable)
2019.07.11 21:29:54.673 | TRC | 0 | 1 | SmartCardReader：Ouch: Cannot find a smart card reader. (NoReadersAvailable)
2019.07.11 21:29:57.174 | TRC | 0 | 1 | SmartCardReader：Ouch: Cannot find a smart card reader. (NoReadersAvailable)
2019.07.11 21:29:59.699 | TRC | 0 | 1 | SmartCardReader：Ouch: Cannot find a smart card reader. (NoReadersAvailable)
2019.07.11 21:30:02.169 | TRC | 0 | 1 | SmartCardReader：Ouch: Cannot find a smart card reader. (NoReadersAvailable)
2019.07.11 21:30:04.684 | TRC | 0 | 1 | SmartCardReader：Ouch: Cannot find a smart card reader. (NoReadersAvailable)
2019.07.11 21:30:07.190 | TRC | 0 | 1 | SmartCardReader：Ouch: Cannot find a smart card reader. (NoReadersAvailable)
2019.07.11 21:30:07.601 | TRC | 0 | 0 | 學生通訊錄：frmStudentBook_Load
2019.07.11 21:30:09.703 | TRC | 0 | 1 | SmartCardReader：Ouch: Cannot find a smart card reader. (NoReadersAvailable)
2019.07.11 21:30:12.202 | TRC | 0 | 1 | SmartCardReader：Ouch: Cannot find a smart card reader. (NoReadersAvailable)
2019.07.11 21:30:14.716 | TRC | 0 | 1 | SmartCardReader：Ouch: Cannot find a smart card reader. (NoReadersAvailable)
2019.07.11 21:30:14.981 | TRC | 0 | 0 | frmCourseManagerUpdate
2019.07.11 21:30:17.230 | TRC | 0 | 1 | SmartCardReader：Ouch: Cannot find a smart card reader. (NoReadersAvailable)
2019.07.11 21:30:19.723 | TRC | 0 | 1 | SmartCardReader：Ouch: Cannot find a smart card reader. (NoReadersAvailable)
2019.07.11 21:30:22.226 | TRC | 0 | 1 | SmartCardReader：Ouch: Cannot find a smart card reader. (NoReadersAvailable)
2019.07.11 21:30:24.743 | TRC | 0 | 1 | SmartCardReader：Ouch: Cannot find a smart card reader. (NoReadersAvailable)
2019.07.11 21:30:27.240 | TRC | 0 | 1 | SmartCardReader：Ouch: Cannot find a smart card reader. (NoReadersAvailable)
2019.07.11 21:30:29.744 | TRC | 0 | 1 | SmartCardReader：Ouch: Cannot find a smart card reader. (NoReadersAvailable)
2019.07.11 21:30:32.251 | TRC | 0 | 1 | SmartCardReader：Ouch: Cannot find a smart card reader. (NoReadersAvailable)
2019.07.11 21:30:34.748 | TRC | 0 | 1 | SmartCardReader：Ouch: Cannot find a smart card reader. (NoReadersAvailable)
2019.07.11 21:30:37.272 | TRC | 0 | 1 | SmartCardReader：Ouch: Cannot find a smart card reader. (NoReadersAvailable)
2019.07.11 21:30:39.779 | TRC | 0 | 1 | SmartCardReader：Ouch: Cannot find a smart card reader. (NoReadersAvailable)
2019.07.11 21:30:40.398 | TRC | 0 | 0 | frmCourseManagerUpdate
2019.07.11 21:30:42.280 | TRC | 0 | 1 | SmartCardReader：Ouch: Cannot find a smart card reader. (NoReadersAvailable)
2019.07.11 21:30:44.802 | TRC | 0 | 1 | SmartCardReader：Ouch: Cannot find a smart card reader. (NoReadersAvailable)
2019.07.11 21:30:47.270 | TRC | 0 | 1 | SmartCardReader：Ouch: Cannot find a smart card reader. (NoReadersAvailable)
2019.07.11 21:30:49.817 | TRC | 0 | 1 | SmartCardReader：Ouch: Cannot find a smart card reader. (NoReadersAvailable)
2019.07.11 21:30:52.290 | TRC | 0 | 1 | SmartCardReader：Ouch: Cannot find a smart card reader. (NoReadersAvailable)
2019.07.11 21:30:54.806 | TRC | 0 | 1 | SmartCardReader：Ouch: Cannot find a smart card reader. (NoReadersAvailable)
2019.07.11 21:30:57.319 | TRC | 0 | 1 | SmartCardReader：Ouch: Cannot find a smart card reader. (NoReadersAvailable)
2019.07.11 21:30:59.755 | TRC | 0 | 0 | frmCourseManagerUpdate
2019.07.11 21:30:59.825 | TRC | 0 | 1 | SmartCardReader：Ouch: Cannot find a smart card reader. (NoReadersAvailable)
2019.07.11 21:31:02.307 | TRC | 0 | 1 | SmartCardReader：Ouch: Cannot find a smart card reader. (NoReadersAvailable)
2019.07.11 21:31:04.837 | TRC | 0 | 1 | SmartCardReader：Ouch: Cannot find a smart card reader. (NoReadersAvailable)
2019.07.11 21:31:06.938 | TRC | 0 | 0 | frmCourseManagerUpdatebtn_Select
2019.07.11 21:31:07.333 | TRC | 0 | 1 | SmartCardReader：Ouch: Cannot find a smart card reader. (NoReadersAvailable)
2019.07.11 21:31:09.869 | TRC | 0 | 1 | SmartCardReader：Ouch: Cannot find a smart card reader. (NoReadersAvailable)
2019.07.11 21:31:12.374 | TRC | 0 | 1 | SmartCardReader：Ouch: Cannot find a smart card reader. (NoReadersAvailable)
2019.07.11 21:31:14.853 | TRC | 0 | 1 | SmartCardReader：Ouch: Cannot find a smart card reader. (NoReadersAvailable)
2019.07.11 21:31:17.358 | TRC | 0 | 1 | SmartCardReader：Ouch: Cannot find a smart card reader. (NoReadersAvailable)
2019.07.11 21:31:19.883 | TRC | 0 | 1 | SmartCardReader：Ouch: Cannot find a smart card reader. (NoReadersAvailable)
2019.07.11 21:31:20.326 | TRC | 0 | 0 | frmCourseManagerUpdatebtn_Select
2019.07.11 21:31:22.396 | TRC | 0 | 1 | SmartCardReader：Ouch: Cannot find a smart card reader. (NoReadersAvailable)
2019.07.11 21:31:24.900 | TRC | 0 | 1 | SmartCardReader：Ouch: Cannot find a smart card reader. (NoReadersAvailable)
2019.07.11 21:31:25.695 | TRC | 0 | 0 | frmCourseManagerUpdatebtn_Select
2019.07.11 21:31:27.414 | TRC | 0 | 1 | SmartCardReader：Ouch: Cannot find a smart card reader. (NoReadersAvailable)
2019.07.11 21:31:29.914 | TRC | 0 | 1 | SmartCardReader：Ouch: Cannot find a smart card reader. (NoReadersAvailable)
2019.07.11 21:31:32.413 | TRC | 0 | 1 | SmartCardReader：Ouch: Cannot find a smart card reader. (NoReadersAvailable)
2019.07.11 21:31:34.926 | TRC | 0 | 1 | SmartCardReader：Ouch: Cannot find a smart card reader. (NoReadersAvailable)
2019.07.11 21:31:37.419 | TRC | 0 | 1 | SmartCardReader：Ouch: Cannot find a smart card reader. (NoReadersAvailable)
2019.07.11 21:31:39.929 | TRC | 0 | 1 | SmartCardReader：Ouch: Cannot find a smart card reader. (NoReadersAvailable)
2019.07.11 21:31:42.435 | TRC | 0 | 1 | SmartCardReader：Ouch: Cannot find a smart card reader. (NoReadersAvailable)
2019.07.11 21:31:44.934 | TRC | 0 | 1 | SmartCardReader：Ouch: Cannot find a smart card reader. (NoReadersAvailable)
2019.07.11 21:31:47.433 | TRC | 0 | 1 | SmartCardReader：Ouch: Cannot find a smart card reader. (NoReadersAvailable)
2019.07.11 21:31:49.943 | TRC | 0 | 1 | SmartCardReader：Ouch: Cannot find a smart card reader. (NoReadersAvailable)
2019.07.11 21:31:52.458 | TRC | 0 | 1 | SmartCardReader：Ouch: Cannot find a smart card reader. (NoReadersAvailable)
2019.07.11 21:31:54.958 | TRC | 0 | 1 | SmartCardReader：Ouch: Cannot find a smart card reader. (NoReadersAvailable)
2019.07.11 21:31:57.459 | TRC | 0 | 1 | SmartCardReader：Ouch: Cannot find a smart card reader. (NoReadersAvailable)
2019.07.11 21:31:59.965 | TRC | 0 | 1 | SmartCardReader：Ouch: Cannot find a smart card reader. (NoReadersAvailable)
2019.07.11 21:32:01.949 | TRC | 0 | 0 | 學生通訊錄：frmStudentBook_Load
2019.07.11 21:32:02.444 | TRC | 0 | 1 | SmartCardReader：Ouch: Cannot find a smart card reader. (NoReadersAvailable)
2019.07.11 21:32:04.981 | TRC | 0 | 1 | SmartCardReader：Ouch: Cannot find a smart card reader. (NoReadersAvailable)
2019.07.11 21:32:07.480 | TRC | 0 | 1 | SmartCardReader：Ouch: Cannot find a smart card reader. (NoReadersAvailable)
2019.07.11 21:32:09.966 | TRC | 0 | 1 | SmartCardReader：Ouch: Cannot find a smart card reader. (NoReadersAvailable)
2019.07.11 21:32:12.492 | TRC | 0 | 1 | SmartCardReader：Ouch: Cannot find a smart card reader. (NoReadersAvailable)
2019.07.11 21:32:14.993 | TRC | 0 | 1 | SmartCardReader：Ouch: Cannot find a smart card reader. (NoReadersAvailable)
2019.07.11 21:32:17.488 | TRC | 0 | 1 | SmartCardReader：Ouch: Cannot find a smart card reader. (NoReadersAvailable)
2019.07.11 21:32:20.005 | TRC | 0 | 1 | SmartCardReader：Ouch: Cannot find a smart card reader. (NoReadersAvailable)
2019.07.11 21:32:22.494 | TRC | 0 | 1 | SmartCardReader：Ouch: Cannot find a smart card reader. (NoReadersAvailable)
2019.07.11 21:32:25.001 | TRC | 0 | 1 | SmartCardReader：Ouch: Cannot find a smart card reader. (NoReadersAvailable)
2019.07.11 21:32:27.509 | TRC | 0 | 1 | SmartCardReader：Ouch: Cannot find a smart card reader. (NoReadersAvailable)
2019.07.11 21:32:30.038 | TRC | 0 | 1 | SmartCardReader：Ouch: Cannot find a smart card reader. (NoReadersAvailable)
2019.07.11 21:32:32.515 | TRC | 0 | 1 | SmartCardReader：Ouch: Cannot find a smart card reader. (NoReadersAvailable)
2019.07.11 21:32:35.032 | TRC | 0 | 1 | SmartCardReader：Ouch: Cannot find a smart card reader. (NoReadersAvailable)
2019.07.11 21:32:37.537 | TRC | 0 | 1 | SmartCardReader：Ouch: Cannot find a smart card reader. (NoReadersAvailable)
2019.07.11 21:32:40.087 | TRC | 0 | 1 | SmartCardReader：Ouch: Cannot find a smart card reader. (NoReadersAvailable)
2019.07.11 21:32:42.567 | TRC | 0 | 1 | SmartCardReader：Ouch: Cannot find a smart card reader. (NoReadersAvailable)
2019.07.11 21:32:45.092 | TRC | 0 | 1 | SmartCardReader：Ouch: Cannot find a smart card reader. (NoReadersAvailable)
2019.07.11 21:32:47.606 | TRC | 0 | 1 | SmartCardReader：Ouch: Cannot find a smart card reader. (NoReadersAvailable)
2019.07.11 21:32:50.137 | TRC | 0 | 1 | SmartCardReader：Ouch: Cannot find a smart card reader. (NoReadersAvailable)
2019.07.11 21:32:52.632 | TRC | 0 | 1 | SmartCardReader：Ouch: Cannot find a smart card reader. (NoReadersAvailable)
2019.07.11 21:32:54.361 | TRC | 0 | 0 | frmCourseManagerUpdate
2019.07.11 21:32:55.102 | TRC | 0 | 1 | SmartCardReader：Ouch: Cannot find a smart card reader. (NoReadersAvailable)
2019.07.11 21:32:57.635 | TRC | 0 | 1 | SmartCardReader：Ouch: Cannot find a smart card reader. (NoReadersAvailable)
2019.07.11 21:33:00.116 | TRC | 0 | 1 | SmartCardReader：Ouch: Cannot find a smart card reader. (NoReadersAvailable)
2019.07.11 21:33:02.647 | TRC | 0 | 1 | SmartCardReader：Ouch: Cannot find a smart card reader. (NoReadersAvailable)
2019.07.11 21:33:05.136 | TRC | 0 | 1 | SmartCardReader：Ouch: Cannot find a smart card reader. (NoReadersAvailable)
2019.07.11 21:33:05.284 | TRC | 0 | 0 | 學生通訊錄：frmStudentBook_Load
2019.07.11 21:33:07.672 | TRC | 0 | 1 | SmartCardReader：Ouch: Cannot find a smart card reader. (NoReadersAvailable)
2019.07.11 21:33:10.146 | TRC | 0 | 1 | SmartCardReader：Ouch: Cannot find a smart card reader. (NoReadersAvailable)
2019.07.11 21:33:12.633 | TRC | 0 | 1 | SmartCardReader：Ouch: Cannot find a smart card reader. (NoReadersAvailable)
2019.07.11 21:33:14.503 | TRC | 0 | 0 | frmCourseManagerUpdate
2019.07.11 21:33:15.174 | TRC | 0 | 1 | SmartCardReader：Ouch: Cannot find a smart card reader. (NoReadersAvailable)
2019.07.11 21:33:17.691 | TRC | 0 | 1 | SmartCardReader：Ouch: Cannot find a smart card reader. (NoReadersAvailable)
2019.07.11 21:33:20.165 | TRC | 0 | 1 | SmartCardReader：Ouch: Cannot find a smart card reader. (NoReadersAvailable)
2019.07.11 21:33:22.689 | TRC | 0 | 1 | SmartCardReader：Ouch: Cannot find a smart card reader. (NoReadersAvailable)
2019.07.11 21:33:25.186 | TRC | 0 | 1 | SmartCardReader：Ouch: Cannot find a smart card reader. (NoReadersAvailable)
2019.07.11 21:33:27.721 | TRC | 0 | 1 | SmartCardReader：Ouch: Cannot find a smart card reader. (NoReadersAvailable)
2019.07.11 21:33:30.215 | TRC | 0 | 1 | SmartCardReader：Ouch: Cannot find a smart card reader. (NoReadersAvailable)
2019.07.11 21:33:32.730 | TRC | 0 | 1 | SmartCardReader：Ouch: Cannot find a smart card reader. (NoReadersAvailable)
2019.07.11 21:33:35.234 | TRC | 0 | 1 | SmartCardReader：Ouch: Cannot find a smart card reader. (NoReadersAvailable)
2019.07.11 21:33:37.744 | TRC | 0 | 1 | SmartCardReader：Ouch: Cannot find a smart card reader. (NoReadersAvailable)
2019.07.11 21:33:40.264 | TRC | 0 | 1 | SmartCardReader：Ouch: Cannot find a smart card reader. (NoReadersAvailable)
2019.07.11 21:33:42.745 | TRC | 0 | 1 | SmartCardReader：Ouch: Cannot find a smart card reader. (NoReadersAvailable)
2019.07.11 21:33:45.289 | TRC | 0 | 1 | SmartCardReader：Ouch: Cannot find a smart card reader. (NoReadersAvailable)
2019.07.11 21:33:47.798 | TRC | 0 | 1 | SmartCardReader：Ouch: Cannot find a smart card reader. (NoReadersAvailable)
2019.07.11 21:33:50.280 | TRC | 0 | 1 | SmartCardReader：Ouch: Cannot find a smart card reader. (NoReadersAvailable)
2019.07.11 21:33:52.781 | TRC | 0 | 1 | SmartCardReader：Ouch: Cannot find a smart card reader. (NoReadersAvailable)
2019.07.11 21:33:55.299 | TRC | 0 | 1 | SmartCardReader：Ouch: Cannot find a smart card reader. (NoReadersAvailable)
2019.07.11 21:33:56.140 | TRC | 0 | 0 | 學生通訊錄：frmStudentBook_Load
2019.07.11 21:33:57.778 | TRC | 0 | 1 | SmartCardReader：Ouch: Cannot find a smart card reader. (NoReadersAvailable)
2019.07.11 21:34:00.285 | TRC | 0 | 1 | SmartCardReader：Ouch: Cannot find a smart card reader. (NoReadersAvailable)
2019.07.11 21:34:02.789 | TRC | 0 | 1 | SmartCardReader：Ouch: Cannot find a smart card reader. (NoReadersAvailable)
2019.07.11 21:34:05.271 | TRC | 0 | 1 | SmartCardReader：Ouch: Cannot find a smart card reader. (NoReadersAvailable)
2019.07.11 21:34:07.796 | TRC | 0 | 1 | SmartCardReader：Ouch: Cannot find a smart card reader. (NoReadersAvailable)
2019.07.11 21:34:10.319 | TRC | 0 | 1 | SmartCardReader：Ouch: Cannot find a smart card reader. (NoReadersAvailable)
2019.07.11 21:34:12.786 | TRC | 0 | 1 | SmartCardReader：Ouch: Cannot find a smart card reader. (NoReadersAvailable)
2019.07.11 21:34:15.343 | TRC | 0 | 1 | SmartCardReader：Ouch: Cannot find a smart card reader. (NoReadersAvailable)
2019.07.11 21:34:17.804 | TRC | 0 | 1 | SmartCardReader：Ouch: Cannot find a smart card reader. (NoReadersAvailable)
2019.07.11 21:34:20.356 | TRC | 0 | 1 | SmartCardReader：Ouch: Cannot find a smart card reader. (NoReadersAvailable)
2019.07.11 21:34:22.853 | TRC | 0 | 1 | SmartCardReader：Ouch: Cannot find a smart card reader. (NoReadersAvailable)
2019.07.11 21:34:25.352 | TRC | 0 | 1 | SmartCardReader：Ouch: Cannot find a smart card reader. (NoReadersAvailable)
2019.07.11 21:34:27.890 | TRC | 0 | 1 | SmartCardReader：Ouch: Cannot find a smart card reader. (NoReadersAvailable)
2019.07.11 21:34:30.378 | TRC | 0 | 1 | SmartCardReader：Ouch: Cannot find a smart card reader. (NoReadersAvailable)
2019.07.11 21:34:32.873 | TRC | 0 | 1 | SmartCardReader：Ouch: Cannot find a smart card reader. (NoReadersAvailable)
2019.07.11 21:34:35.414 | TRC | 0 | 1 | SmartCardReader：Ouch: Cannot find a smart card reader. (NoReadersAvailable)
2019.07.11 21:34:37.891 | TRC | 0 | 1 | SmartCardReader：Ouch: Cannot find a smart card reader. (NoReadersAvailable)
2019.07.11 21:34:40.392 | TRC | 0 | 1 | SmartCardReader：Ouch: Cannot find a smart card reader. (NoReadersAvailable)
2019.07.11 21:34:42.871 | TRC | 0 | 1 | SmartCardReader：Ouch: Cannot find a smart card reader. (NoReadersAvailable)
2019.07.11 21:34:45.395 | TRC | 0 | 1 | SmartCardReader：Ouch: Cannot find a smart card reader. (NoReadersAvailable)
2019.07.11 21:34:47.900 | TRC | 0 | 1 | SmartCardReader：Ouch: Cannot find a smart card reader. (NoReadersAvailable)
2019.07.11 21:34:50.381 | TRC | 0 | 1 | SmartCardReader：Ouch: Cannot find a smart card reader. (NoReadersAvailable)
2019.07.11 21:34:52.908 | TRC | 0 | 1 | SmartCardReader：Ouch: Cannot find a smart card reader. (NoReadersAvailable)
2019.07.11 21:34:55.423 | TRC | 0 | 1 | SmartCardReader：Ouch: Cannot find a smart card reader. (NoReadersAvailable)
2019.07.11 21:34:57.921 | TRC | 0 | 1 | SmartCardReader：Ouch: Cannot find a smart card reader. (NoReadersAvailable)
2019.07.11 21:35:00.411 | TRC | 0 | 1 | SmartCardReader：Ouch: Cannot find a smart card reader. (NoReadersAvailable)
2019.07.11 21:35:02.929 | TRC | 0 | 1 | SmartCardReader：Ouch: Cannot find a smart card reader. (NoReadersAvailable)
2019.07.11 21:35:05.404 | TRC | 0 | 1 | SmartCardReader：Ouch: Cannot find a smart card reader. (NoReadersAvailable)
2019.07.11 21:35:07.926 | TRC | 0 | 1 | SmartCardReader：Ouch: Cannot find a smart card reader. (NoReadersAvailable)
2019.07.11 21:35:10.440 | TRC | 0 | 1 | SmartCardReader：Ouch: Cannot find a smart card reader. (NoReadersAvailable)
2019.07.11 21:35:12.911 | TRC | 0 | 1 | SmartCardReader：Ouch: Cannot find a smart card reader. (NoReadersAvailable)
2019.07.11 21:35:15.437 | TRC | 0 | 1 | SmartCardReader：Ouch: Cannot find a smart card reader. (NoReadersAvailable)
2019.07.11 21:35:17.938 | TRC | 0 | 1 | SmartCardReader：Ouch: Cannot find a smart card reader. (NoReadersAvailable)
2019.07.11 21:35:20.446 | TRC | 0 | 1 | SmartCardReader：Ouch: Cannot find a smart card reader. (NoReadersAvailable)
2019.07.11 21:35:22.943 | TRC | 0 | 1 | SmartCardReader：Ouch: Cannot find a smart card reader. (NoReadersAvailable)
2019.07.11 21:35:25.454 | TRC | 0 | 1 | SmartCardReader：Ouch: Cannot find a smart card reader. (NoReadersAvailable)
2019.07.11 21:35:27.944 | TRC | 0 | 1 | SmartCardReader：Ouch: Cannot find a smart card reader. (NoReadersAvailable)
2019.07.11 21:35:30.479 | TRC | 0 | 1 | SmartCardReader：Ouch: Cannot find a smart card reader. (NoReadersAvailable)
2019.07.11 21:35:32.975 | TRC | 0 | 1 | SmartCardReader：Ouch: Cannot find a smart card reader. (NoReadersAvailable)
2019.07.11 21:35:35.530 | TRC | 0 | 1 | SmartCardReader：Ouch: Cannot find a smart card reader. (NoReadersAvailable)
2019.07.11 21:35:37.982 | TRC | 0 | 1 | SmartCardReader：Ouch: Cannot find a smart card reader. (NoReadersAvailable)
2019.07.11 21:35:40.500 | TRC | 0 | 1 | SmartCardReader：Ouch: Cannot find a smart card reader. (NoReadersAvailable)
2019.07.11 21:35:48.059 | TRC | 0 | 1 | SmartCardReader：Ouch: Cannot find a smart card reader. (NoReadersAvailable)
2019.07.11 21:38:17.627 | TRC | 0 | 2 | SmartCardReader：Ouch: Cannot find a smart card reader. (NoReadersAvailable)
2019.07.11 21:38:18.792 | TRC | 0 | 3 | SmartCardReader：Ouch: Cannot find a smart card reader. (NoReadersAvailable)
2019.07.11 21:38:38.059 | TRC | 0 | 3 | SmartCardReader：Ouch: Cannot find a smart card reader. (NoReadersAvailable)
2019.07.11 21:38:42.123 | TRC | 0 | 2 | SmartCardReader：Ouch: Cannot find a smart card reader. (NoReadersAvailable)
2019.07.11 21:38:58.389 | TRC | 0 | 3 | SmartCardReader：Ouch: Cannot find a smart card reader. (NoReadersAvailable)
2019.07.11 21:38:59.089 | TRC | 0 | 2 | SmartCardReader：Ouch: Cannot find a smart card reader. (NoReadersAvailable)
2019.07.11 21:39:18.216 | TRC | 0 | 3 | SmartCardReader：Ouch: Cannot find a smart card reader. (NoReadersAvailable)
2019.07.11 21:39:18.218 | TRC | 0 | 2 | SmartCardReader：Ouch: Cannot find a smart card reader. (NoReadersAvailable)
2019.07.11 21:39:20.695 | TRC | 0 | 2 | SmartCardReader：Ouch: Cannot find a smart card reader. (NoReadersAvailable)
2019.07.11 21:39:23.146 | TRC | 0 | 2 | SmartCardReader：Ouch: Cannot find a smart card reader. (NoReadersAvailable)
2019.07.11 21:39:57.235 | TRC | 0 | 2 | SmartCardReader：Ouch: Cannot find a smart card reader. (NoReadersAvailable)
2019.07.11 21:39:58.653 | TRC | 0 | 2 | SmartCardReader：Ouch: Cannot find a smart card reader. (NoReadersAvailable)
2019.07.11 21:39:58.660 | TRC | 0 | 2 | DB initial count：2
2019.07.11 21:40:01.093 | TRC | 0 | 1 | SmartCardReader：Ouch: Cannot find a smart card reader. (NoReadersAvailable)
2019.07.11 21:40:03.628 | TRC | 0 | 1 | SmartCardReader：Ouch: Cannot find a smart card reader. (NoReadersAvailable)
2019.07.11 21:40:06.141 | TRC | 0 | 1 | SmartCardReader：Ouch: Cannot find a smart card reader. (NoReadersAvailable)
2019.07.11 21:40:08.685 | TRC | 0 | 1 | SmartCardReader：Ouch: Cannot find a smart card reader. (NoReadersAvailable)
2019.07.11 21:40:11.155 | TRC | 0 | 1 | SmartCardReader：Ouch: Cannot find a smart card reader. (NoReadersAvailable)
2019.07.11 21:40:13.666 | TRC | 0 | 1 | SmartCardReader：Ouch: Cannot find a smart card reader. (NoReadersAvailable)
2019.07.11 21:40:16.151 | TRC | 0 | 1 | SmartCardReader：Ouch: Cannot find a smart card reader. (NoReadersAvailable)
2019.07.11 21:40:18.687 | TRC | 0 | 1 | SmartCardReader：Ouch: Cannot find a smart card reader. (NoReadersAvailable)
2019.07.11 21:40:21.180 | TRC | 0 | 1 | SmartCardReader：Ouch: Cannot find a smart card reader. (NoReadersAvailable)
2019.07.11 21:40:23.686 | TRC | 0 | 1 | SmartCardReader：Ouch: Cannot find a smart card reader. (NoReadersAvailable)
2019.07.11 21:40:26.196 | TRC | 0 | 1 | SmartCardReader：Ouch: Cannot find a smart card reader. (NoReadersAvailable)
2019.07.11 21:40:28.709 | TRC | 0 | 1 | SmartCardReader：Ouch: Cannot find a smart card reader. (NoReadersAvailable)
2019.07.11 21:40:31.210 | TRC | 0 | 1 | SmartCardReader：Ouch: Cannot find a smart card reader. (NoReadersAvailable)
2019.07.11 21:40:33.716 | TRC | 0 | 1 | SmartCardReader：Ouch: Cannot find a smart card reader. (NoReadersAvailable)
2019.07.11 21:40:36.244 | TRC | 0 | 1 | SmartCardReader：Ouch: Cannot find a smart card reader. (NoReadersAvailable)
2019.07.11 21:40:38.734 | TRC | 0 | 1 | SmartCardReader：Ouch: Cannot find a smart card reader. (NoReadersAvailable)
2019.07.11 21:40:41.234 | TRC | 0 | 1 | SmartCardReader：Ouch: Cannot find a smart card reader. (NoReadersAvailable)
2019.07.11 21:40:43.754 | TRC | 0 | 1 | SmartCardReader：Ouch: Cannot find a smart card reader. (NoReadersAvailable)
2019.07.11 21:40:46.249 | TRC | 0 | 1 | SmartCardReader：Ouch: Cannot find a smart card reader. (NoReadersAvailable)
2019.07.11 21:40:48.772 | TRC | 0 | 1 | SmartCardReader：Ouch: Cannot find a smart card reader. (NoReadersAvailable)
2019.07.11 21:40:51.267 | TRC | 0 | 1 | SmartCardReader：Ouch: Cannot find a smart card reader. (NoReadersAvailable)
2019.07.11 21:40:53.761 | TRC | 0 | 1 | SmartCardReader：Ouch: Cannot find a smart card reader. (NoReadersAvailable)
2019.07.11 21:40:56.290 | TRC | 0 | 1 | SmartCardReader：Ouch: Cannot find a smart card reader. (NoReadersAvailable)
2019.07.11 21:40:58.772 | TRC | 0 | 1 | SmartCardReader：Ouch: Cannot find a smart card reader. (NoReadersAvailable)
2019.07.11 21:41:01.313 | TRC | 0 | 1 | SmartCardReader：Ouch: Cannot find a smart card reader. (NoReadersAvailable)
2019.07.11 21:41:03.846 | TRC | 0 | 1 | SmartCardReader：Ouch: Cannot find a smart card reader. (NoReadersAvailable)
2019.07.11 21:41:06.313 | TRC | 0 | 1 | SmartCardReader：Ouch: Cannot find a smart card reader. (NoReadersAvailable)
2019.07.11 21:41:08.822 | TRC | 0 | 1 | SmartCardReader：Ouch: Cannot find a smart card reader. (NoReadersAvailable)
2019.07.11 21:41:11.308 | TRC | 0 | 1 | SmartCardReader：Ouch: Cannot find a smart card reader. (NoReadersAvailable)
2019.07.11 21:41:11.594 | TRC | 0 | 0 | 學生通訊錄：frmStudentBook_Load
2019.07.11 21:41:13.815 | TRC | 0 | 1 | SmartCardReader：Ouch: Cannot find a smart card reader. (NoReadersAvailable)
2019.07.11 21:41:16.332 | TRC | 0 | 1 | SmartCardReader：Ouch: Cannot find a smart card reader. (NoReadersAvailable)
2019.07.11 21:41:18.829 | TRC | 0 | 3 | SmartCardReader：Ouch: Cannot find a smart card reader. (NoReadersAvailable)
2019.07.11 21:41:21.331 | TRC | 0 | 1 | SmartCardReader：Ouch: Cannot find a smart card reader. (NoReadersAvailable)
2019.07.11 21:41:23.827 | TRC | 0 | 1 | SmartCardReader：Ouch: Cannot find a smart card reader. (NoReadersAvailable)
2019.07.11 21:41:26.325 | TRC | 0 | 1 | SmartCardReader：Ouch: Cannot find a smart card reader. (NoReadersAvailable)
2019.07.11 21:41:27.331 | TRC | 0 | 0 | 學生通訊錄：frmStudentBook_Load
2019.07.11 21:41:28.837 | TRC | 0 | 1 | SmartCardReader：Ouch: Cannot find a smart card reader. (NoReadersAvailable)
2019.07.11 21:41:31.322 | TRC | 0 | 1 | SmartCardReader：Ouch: Cannot find a smart card reader. (NoReadersAvailable)
2019.07.11 21:41:33.852 | TRC | 0 | 1 | SmartCardReader：Ouch: Cannot find a smart card reader. (NoReadersAvailable)
2019.07.11 21:41:36.355 | TRC | 0 | 1 | SmartCardReader：Ouch: Cannot find a smart card reader. (NoReadersAvailable)
2019.07.11 21:41:38.837 | TRC | 0 | 1 | SmartCardReader：Ouch: Cannot find a smart card reader. (NoReadersAvailable)
2019.07.11 21:41:41.356 | TRC | 0 | 1 | SmartCardReader：Ouch: Cannot find a smart card reader. (NoReadersAvailable)
2019.07.11 21:41:43.860 | TRC | 0 | 1 | SmartCardReader：Ouch: Cannot find a smart card reader. (NoReadersAvailable)
2019.07.11 21:41:46.367 | TRC | 0 | 1 | SmartCardReader：Ouch: Cannot find a smart card reader. (NoReadersAvailable)
2019.07.11 21:41:48.880 | TRC | 0 | 1 | SmartCardReader：Ouch: Cannot find a smart card reader. (NoReadersAvailable)
2019.07.11 21:41:51.375 | TRC | 0 | 1 | SmartCardReader：Ouch: Cannot find a smart card reader. (NoReadersAvailable)
2019.07.11 21:41:53.902 | TRC | 0 | 1 | SmartCardReader：Ouch: Cannot find a smart card reader. (NoReadersAvailable)
2019.07.11 21:41:56.396 | TRC | 0 | 1 | SmartCardReader：Ouch: Cannot find a smart card reader. (NoReadersAvailable)
2019.07.11 21:41:58.899 | TRC | 0 | 1 | SmartCardReader：Ouch: Cannot find a smart card reader. (NoReadersAvailable)
2019.07.11 21:42:01.405 | TRC | 0 | 1 | SmartCardReader：Ouch: Cannot find a smart card reader. (NoReadersAvailable)
2019.07.11 21:42:03.901 | TRC | 0 | 1 | SmartCardReader：Ouch: Cannot find a smart card reader. (NoReadersAvailable)
2019.07.11 21:42:06.424 | TRC | 0 | 1 | SmartCardReader：Ouch: Cannot find a smart card reader. (NoReadersAvailable)
2019.07.11 21:42:08.922 | TRC | 0 | 1 | SmartCardReader：Ouch: Cannot find a smart card reader. (NoReadersAvailable)
2019.07.11 21:42:11.424 | TRC | 0 | 1 | SmartCardReader：Ouch: Cannot find a smart card reader. (NoReadersAvailable)
2019.07.11 21:42:13.960 | TRC | 0 | 1 | SmartCardReader：Ouch: Cannot find a smart card reader. (NoReadersAvailable)
2019.07.11 21:42:16.448 | TRC | 0 | 1 | SmartCardReader：Ouch: Cannot find a smart card reader. (NoReadersAvailable)
2019.07.11 21:42:18.974 | TRC | 0 | 1 | SmartCardReader：Ouch: Cannot find a smart card reader. (NoReadersAvailable)
2019.07.11 21:42:21.473 | TRC | 0 | 1 | SmartCardReader：Ouch: Cannot find a smart card reader. (NoReadersAvailable)
2019.07.11 21:42:23.952 | TRC | 0 | 1 | SmartCardReader：Ouch: Cannot find a smart card reader. (NoReadersAvailable)
2019.07.11 21:42:26.463 | TRC | 0 | 1 | SmartCardReader：Ouch: Cannot find a smart card reader. (NoReadersAvailable)
2019.07.11 21:42:28.974 | TRC | 0 | 1 | SmartCardReader：Ouch: Cannot find a smart card reader. (NoReadersAvailable)
2019.07.11 21:42:31.473 | TRC | 0 | 1 | SmartCardReader：Ouch: Cannot find a smart card reader. (NoReadersAvailable)
2019.07.11 21:42:33.974 | TRC | 0 | 1 | SmartCardReader：Ouch: Cannot find a smart card reader. (NoReadersAvailable)
2019.07.11 21:42:36.492 | TRC | 0 | 1 | SmartCardReader：Ouch: Cannot find a smart card reader. (NoReadersAvailable)
2019.07.11 21:42:38.990 | TRC | 0 | 1 | SmartCardReader：Ouch: Cannot find a smart card reader. (NoReadersAvailable)
2019.07.11 21:42:41.524 | TRC | 0 | 1 | SmartCardReader：Ouch: Cannot find a smart card reader. (NoReadersAvailable)
2019.07.11 21:42:44.014 | TRC | 0 | 1 | SmartCardReader：Ouch: Cannot find a smart card reader. (NoReadersAvailable)
2019.07.11 21:42:46.517 | TRC | 0 | 1 | SmartCardReader：Ouch: Cannot find a smart card reader. (NoReadersAvailable)
2019.07.11 21:42:49.034 | TRC | 0 | 1 | SmartCardReader：Ouch: Cannot find a smart card reader. (NoReadersAvailable)
2019.07.11 21:42:51.510 | TRC | 0 | 1 | SmartCardReader：Ouch: Cannot find a smart card reader. (NoReadersAvailable)
2019.07.11 21:42:54.038 | TRC | 0 | 1 | SmartCardReader：Ouch: Cannot find a smart card reader. (NoReadersAvailable)
2019.07.11 21:42:56.523 | TRC | 0 | 1 | SmartCardReader：Ouch: Cannot find a smart card reader. (NoReadersAvailable)
2019.07.11 21:42:59.053 | TRC | 0 | 1 | SmartCardReader：Ouch: Cannot find a smart card reader. (NoReadersAvailable)
2019.07.11 21:43:01.555 | TRC | 0 | 1 | SmartCardReader：Ouch: Cannot find a smart card reader. (NoReadersAvailable)
2019.07.11 21:43:04.063 | TRC | 0 | 1 | SmartCardReader：Ouch: Cannot find a smart card reader. (NoReadersAvailable)
2019.07.11 21:43:06.553 | TRC | 0 | 1 | SmartCardReader：Ouch: Cannot find a smart card reader. (NoReadersAvailable)
2019.07.11 21:43:09.072 | TRC | 0 | 1 | SmartCardReader：Ouch: Cannot find a smart card reader. (NoReadersAvailable)
2019.07.11 21:43:11.574 | TRC | 0 | 1 | SmartCardReader：Ouch: Cannot find a smart card reader. (NoReadersAvailable)
2019.07.11 21:43:14.099 | TRC | 0 | 1 | SmartCardReader：Ouch: Cannot find a smart card reader. (NoReadersAvailable)
2019.07.11 21:43:16.594 | TRC | 0 | 1 | SmartCardReader：Ouch: Cannot find a smart card reader. (NoReadersAvailable)
2019.07.11 21:43:19.092 | TRC | 0 | 1 | SmartCardReader：Ouch: Cannot find a smart card reader. (NoReadersAvailable)
2019.07.11 21:43:21.612 | TRC | 0 | 1 | SmartCardReader：Ouch: Cannot find a smart card reader. (NoReadersAvailable)
2019.07.11 21:43:24.117 | TRC | 0 | 1 | SmartCardReader：Ouch: Cannot find a smart card reader. (NoReadersAvailable)
2019.07.11 21:43:26.621 | TRC | 0 | 1 | SmartCardReader：Ouch: Cannot find a smart card reader. (NoReadersAvailable)
2019.07.11 21:43:29.121 | TRC | 0 | 1 | SmartCardReader：Ouch: Cannot find a smart card reader. (NoReadersAvailable)
2019.07.11 21:43:31.636 | TRC | 0 | 1 | SmartCardReader：Ouch: Cannot find a smart card reader. (NoReadersAvailable)
2019.07.11 21:43:34.145 | TRC | 0 | 1 | SmartCardReader：Ouch: Cannot find a smart card reader. (NoReadersAvailable)
2019.07.11 21:43:36.635 | TRC | 0 | 1 | SmartCardReader：Ouch: Cannot find a smart card reader. (NoReadersAvailable)
2019.07.11 21:43:39.176 | TRC | 0 | 1 | SmartCardReader：Ouch: Cannot find a smart card reader. (NoReadersAvailable)
2019.07.11 21:43:41.635 | TRC | 0 | 1 | SmartCardReader：Ouch: Cannot find a smart card reader. (NoReadersAvailable)
2019.07.11 21:43:44.160 | TRC | 0 | 1 | SmartCardReader：Ouch: Cannot find a smart card reader. (NoReadersAvailable)
2019.07.11 21:43:46.642 | TRC | 0 | 1 | SmartCardReader：Ouch: Cannot find a smart card reader. (NoReadersAvailable)
2019.07.11 21:43:49.171 | TRC | 0 | 1 | SmartCardReader：Ouch: Cannot find a smart card reader. (NoReadersAvailable)
2019.07.11 21:43:51.665 | TRC | 0 | 1 | SmartCardReader：Ouch: Cannot find a smart card reader. (NoReadersAvailable)
2019.07.11 21:43:54.179 | TRC | 0 | 1 | SmartCardReader：Ouch: Cannot find a smart card reader. (NoReadersAvailable)
2019.07.11 21:43:56.683 | TRC | 0 | 1 | SmartCardReader：Ouch: Cannot find a smart card reader. (NoReadersAvailable)
2019.07.11 21:50:59.498 | TRC | 0 | 0 | start log
2019.07.11 21:51:02.061 | TRC | 0 | 2 | SmartCardReader：Ouch: Cannot find a smart card reader. (NoReadersAvailable)
2019.07.11 21:51:02.125 | TRC | 0 | 2 | DB initial count：1
2019.07.11 21:51:04.528 | TRC | 0 | 1 | SmartCardReader：Ouch: Cannot find a smart card reader. (NoReadersAvailable)
2019.07.11 21:51:07.032 | TRC | 0 | 1 | SmartCardReader：Ouch: Cannot find a smart card reader. (NoReadersAvailable)
2019.07.11 21:51:09.523 | TRC | 0 | 1 | SmartCardReader：Ouch: Cannot find a smart card reader. (NoReadersAvailable)
2019.07.11 21:51:12.054 | TRC | 0 | 1 | SmartCardReader：Ouch: Cannot find a smart card reader. (NoReadersAvailable)
2019.07.11 21:51:14.535 | TRC | 0 | 1 | SmartCardReader：Ouch: Cannot find a smart card reader. (NoReadersAvailable)
2019.07.11 21:51:17.053 | TRC | 0 | 1 | SmartCardReader：Ouch: Cannot find a smart card reader. (NoReadersAvailable)
2019.07.11 21:51:19.584 | TRC | 0 | 1 | SmartCardReader：Ouch: Cannot find a smart card reader. (NoReadersAvailable)
2019.07.11 21:51:22.039 | TRC | 0 | 1 | SmartCardReader：Ouch: Cannot find a smart card reader. (NoReadersAvailable)
2019.07.11 21:51:24.539 | TRC | 0 | 1 | SmartCardReader：Ouch: Cannot find a smart card reader. (NoReadersAvailable)
2019.07.11 21:51:27.061 | TRC | 0 | 1 | SmartCardReader：Ouch: Cannot find a smart card reader. (NoReadersAvailable)
2019.07.11 21:51:29.585 | TRC | 0 | 1 | SmartCardReader：Ouch: Cannot find a smart card reader. (NoReadersAvailable)
2019.07.11 21:51:32.094 | TRC | 0 | 1 | SmartCardReader：Ouch: Cannot find a smart card reader. (NoReadersAvailable)
2019.07.11 21:51:34.589 | TRC | 0 | 1 | SmartCardReader：Ouch: Cannot find a smart card reader. (NoReadersAvailable)
2019.07.11 21:51:37.074 | TRC | 0 | 1 | SmartCardReader：Ouch: Cannot find a smart card reader. (NoReadersAvailable)
2019.07.11 21:51:39.596 | TRC | 0 | 1 | SmartCardReader：Ouch: Cannot find a smart card reader. (NoReadersAvailable)
2019.07.11 21:51:42.100 | TRC | 0 | 1 | SmartCardReader：Ouch: Cannot find a smart card reader. (NoReadersAvailable)
2019.07.11 21:51:44.599 | TRC | 0 | 1 | SmartCardReader：Ouch: Cannot find a smart card reader. (NoReadersAvailable)
2019.07.11 21:51:47.106 | TRC | 0 | 1 | SmartCardReader：Ouch: Cannot find a smart card reader. (NoReadersAvailable)
2019.07.11 21:51:49.631 | TRC | 0 | 1 | SmartCardReader：Ouch: Cannot find a smart card reader. (NoReadersAvailable)
2019.07.11 21:51:52.116 | TRC | 0 | 1 | SmartCardReader：Ouch: Cannot find a smart card reader. (NoReadersAvailable)
2019.07.11 21:51:54.633 | TRC | 0 | 1 | SmartCardReader：Ouch: Cannot find a smart card reader. (NoReadersAvailable)
2019.07.11 21:51:57.127 | TRC | 0 | 1 | SmartCardReader：Ouch: Cannot find a smart card reader. (NoReadersAvailable)
2019.07.11 21:51:59.643 | TRC | 0 | 1 | SmartCardReader：Ouch: Cannot find a smart card reader. (NoReadersAvailable)
2019.07.11 21:52:02.149 | TRC | 0 | 1 | SmartCardReader：Ouch: Cannot find a smart card reader. (NoReadersAvailable)
2019.07.11 21:52:04.673 | TRC | 0 | 1 | SmartCardReader：Ouch: Cannot find a smart card reader. (NoReadersAvailable)
2019.07.11 21:52:07.183 | TRC | 0 | 1 | SmartCardReader：Ouch: Cannot find a smart card reader. (NoReadersAvailable)
2019.07.11 21:52:09.690 | TRC | 0 | 1 | SmartCardReader：Ouch: Cannot find a smart card reader. (NoReadersAvailable)
2019.07.11 21:52:12.182 | TRC | 0 | 1 | SmartCardReader：Ouch: Cannot find a smart card reader. (NoReadersAvailable)
2019.07.11 21:52:14.691 | TRC | 0 | 1 | SmartCardReader：Ouch: Cannot find a smart card reader. (NoReadersAvailable)
2019.07.11 21:52:17.201 | TRC | 0 | 1 | SmartCardReader：Ouch: Cannot find a smart card reader. (NoReadersAvailable)
2019.07.11 21:52:19.717 | TRC | 0 | 1 | SmartCardReader：Ouch: Cannot find a smart card reader. (NoReadersAvailable)
2019.07.11 21:52:22.231 | TRC | 0 | 1 | SmartCardReader：Ouch: Cannot find a smart card reader. (NoReadersAvailable)
2019.07.11 21:52:24.743 | TRC | 0 | 1 | SmartCardReader：Ouch: Cannot find a smart card reader. (NoReadersAvailable)
2019.07.11 21:52:27.247 | TRC | 0 | 1 | SmartCardReader：Ouch: Cannot find a smart card reader. (NoReadersAvailable)
2019.07.11 21:52:29.769 | TRC | 0 | 1 | SmartCardReader：Ouch: Cannot find a smart card reader. (NoReadersAvailable)
2019.07.11 21:52:32.248 | TRC | 0 | 1 | SmartCardReader：Ouch: Cannot find a smart card reader. (NoReadersAvailable)
2019.07.11 21:52:34.743 | TRC | 0 | 1 | SmartCardReader：Ouch: Cannot find a smart card reader. (NoReadersAvailable)
2019.07.11 21:52:37.266 | TRC | 0 | 1 | SmartCardReader：Ouch: Cannot find a smart card reader. (NoReadersAvailable)
2019.07.11 21:52:39.781 | TRC | 0 | 1 | SmartCardReader：Ouch: Cannot find a smart card reader. (NoReadersAvailable)
2019.07.11 21:52:42.282 | TRC | 0 | 1 | SmartCardReader：Ouch: Cannot find a smart card reader. (NoReadersAvailable)
2019.07.11 21:52:44.790 | TRC | 0 | 1 | SmartCardReader：Ouch: Cannot find a smart card reader. (NoReadersAvailable)
2019.07.11 21:52:47.301 | TRC | 0 | 1 | SmartCardReader：Ouch: Cannot find a smart card reader. (NoReadersAvailable)
2019.07.11 21:52:49.804 | TRC | 0 | 1 | SmartCardReader：Ouch: Cannot find a smart card reader. (NoReadersAvailable)
2019.07.11 21:52:52.308 | TRC | 0 | 1 | SmartCardReader：Ouch: Cannot find a smart card reader. (NoReadersAvailable)
2019.07.11 21:52:54.811 | TRC | 0 | 1 | SmartCardReader：Ouch: Cannot find a smart card reader. (NoReadersAvailable)
2019.07.11 21:52:57.319 | TRC | 0 | 1 | SmartCardReader：Ouch: Cannot find a smart card reader. (NoReadersAvailable)
2019.07.11 21:52:59.842 | TRC | 0 | 1 | SmartCardReader：Ouch: Cannot find a smart card reader. (NoReadersAvailable)
2019.07.11 21:53:02.322 | TRC | 0 | 1 | SmartCardReader：Ouch: Cannot find a smart card reader. (NoReadersAvailable)
2019.07.11 21:53:04.809 | TRC | 0 | 1 | SmartCardReader：Ouch: Cannot find a smart card reader. (NoReadersAvailable)
2019.07.11 21:53:07.331 | TRC | 0 | 1 | SmartCardReader：Ouch: Cannot find a smart card reader. (NoReadersAvailable)
2019.07.11 21:53:09.840 | TRC | 0 | 1 | SmartCardReader：Ouch: Cannot find a smart card reader. (NoReadersAvailable)
2019.07.11 21:53:12.322 | TRC | 0 | 1 | SmartCardReader：Ouch: Cannot find a smart card reader. (NoReadersAvailable)
2019.07.11 21:53:14.862 | TRC | 0 | 1 | SmartCardReader：Ouch: Cannot find a smart card reader. (NoReadersAvailable)
2019.07.11 21:53:17.398 | TRC | 0 | 1 | SmartCardReader：Ouch: Cannot find a smart card reader. (NoReadersAvailable)
2019.07.11 21:53:19.868 | TRC | 0 | 1 | SmartCardReader：Ouch: Cannot find a smart card reader. (NoReadersAvailable)
2019.07.11 21:53:22.373 | TRC | 0 | 1 | SmartCardReader：Ouch: Cannot find a smart card reader. (NoReadersAvailable)
2019.07.11 21:53:24.879 | TRC | 0 | 1 | SmartCardReader：Ouch: Cannot find a smart card reader. (NoReadersAvailable)
2019.07.11 21:53:27.386 | TRC | 0 | 1 | SmartCardReader：Ouch: Cannot find a smart card reader. (NoReadersAvailable)
2019.07.11 21:53:29.894 | TRC | 0 | 1 | SmartCardReader：Ouch: Cannot find a smart card reader. (NoReadersAvailable)
2019.07.11 21:53:32.391 | TRC | 0 | 1 | SmartCardReader：Ouch: Cannot find a smart card reader. (NoReadersAvailable)
2019.07.11 21:53:34.902 | TRC | 0 | 1 | SmartCardReader：Ouch: Cannot find a smart card reader. (NoReadersAvailable)
2019.07.11 21:53:37.428 | TRC | 0 | 1 | SmartCardReader：Ouch: Cannot find a smart card reader. (NoReadersAvailable)
2019.07.11 21:53:39.929 | TRC | 0 | 1 | SmartCardReader：Ouch: Cannot find a smart card reader. (NoReadersAvailable)
2019.07.11 21:53:42.432 | TRC | 0 | 1 | SmartCardReader：Ouch: Cannot find a smart card reader. (NoReadersAvailable)
2019.07.11 21:53:44.951 | TRC | 0 | 1 | SmartCardReader：Ouch: Cannot find a smart card reader. (NoReadersAvailable)
2019.07.11 21:53:47.450 | TRC | 0 | 1 | SmartCardReader：Ouch: Cannot find a smart card reader. (NoReadersAvailable)
2019.07.11 21:53:49.953 | TRC | 0 | 1 | SmartCardReader：Ouch: Cannot find a smart card reader. (NoReadersAvailable)
2019.07.11 21:53:52.455 | TRC | 0 | 1 | SmartCardReader：Ouch: Cannot find a smart card reader. (NoReadersAvailable)
2019.07.11 21:53:54.962 | TRC | 0 | 1 | SmartCardReader：Ouch: Cannot find a smart card reader. (NoReadersAvailable)
2019.07.11 21:53:57.474 | TRC | 0 | 1 | SmartCardReader：Ouch: Cannot find a smart card reader. (NoReadersAvailable)
2019.07.11 21:53:59.991 | TRC | 0 | 1 | SmartCardReader：Ouch: Cannot find a smart card reader. (NoReadersAvailable)
2019.07.11 21:54:02.489 | TRC | 0 | 1 | SmartCardReader：Ouch: Cannot find a smart card reader. (NoReadersAvailable)
2019.07.11 21:54:04.988 | TRC | 0 | 1 | SmartCardReader：Ouch: Cannot find a smart card reader. (NoReadersAvailable)
2019.07.11 21:54:07.522 | TRC | 0 | 1 | SmartCardReader：Ouch: Cannot find a smart card reader. (NoReadersAvailable)
2019.07.11 21:54:10.012 | TRC | 0 | 1 | SmartCardReader：Ouch: Cannot find a smart card reader. (NoReadersAvailable)
2019.07.11 21:54:12.532 | TRC | 0 | 1 | SmartCardReader：Ouch: Cannot find a smart card reader. (NoReadersAvailable)
2019.07.11 21:54:15.024 | TRC | 0 | 1 | SmartCardReader：Ouch: Cannot find a smart card reader. (NoReadersAvailable)
2019.07.11 21:54:17.539 | TRC | 0 | 1 | SmartCardReader：Ouch: Cannot find a smart card reader. (NoReadersAvailable)
2019.07.11 21:54:20.019 | TRC | 0 | 1 | SmartCardReader：Ouch: Cannot find a smart card reader. (NoReadersAvailable)
2019.07.11 21:54:22.546 | TRC | 0 | 1 | SmartCardReader：Ouch: Cannot find a smart card reader. (NoReadersAvailable)
2019.07.11 21:54:25.057 | TRC | 0 | 1 | SmartCardReader：Ouch: Cannot find a smart card reader. (NoReadersAvailable)
2019.07.11 21:54:27.550 | TRC | 0 | 1 | SmartCardReader：Ouch: Cannot find a smart card reader. (NoReadersAvailable)
2019.07.11 21:54:30.053 | TRC | 0 | 1 | SmartCardReader：Ouch: Cannot find a smart card reader. (NoReadersAvailable)
2019.07.11 21:54:32.580 | TRC | 0 | 1 | SmartCardReader：Ouch: Cannot find a smart card reader. (NoReadersAvailable)
2019.07.11 21:54:35.068 | TRC | 0 | 1 | SmartCardReader：Ouch: Cannot find a smart card reader. (NoReadersAvailable)
2019.07.11 21:54:37.575 | TRC | 0 | 1 | SmartCardReader：Ouch: Cannot find a smart card reader. (NoReadersAvailable)
2019.07.11 21:54:40.091 | TRC | 0 | 1 | SmartCardReader：Ouch: Cannot find a smart card reader. (NoReadersAvailable)
2019.07.11 21:54:42.583 | TRC | 0 | 1 | SmartCardReader：Ouch: Cannot find a smart card reader. (NoReadersAvailable)
2019.07.11 21:54:45.110 | TRC | 0 | 1 | SmartCardReader：Ouch: Cannot find a smart card reader. (NoReadersAvailable)
2019.07.11 21:54:47.617 | TRC | 0 | 1 | SmartCardReader：Ouch: Cannot find a smart card reader. (NoReadersAvailable)
2019.07.11 21:54:50.105 | TRC | 0 | 1 | SmartCardReader：Ouch: Cannot find a smart card reader. (NoReadersAvailable)
2019.07.11 21:54:52.664 | TRC | 0 | 1 | SmartCardReader：Ouch: Cannot find a smart card reader. (NoReadersAvailable)
2019.07.11 21:54:55.145 | TRC | 0 | 1 | SmartCardReader：Ouch: Cannot find a smart card reader. (NoReadersAvailable)
2019.07.11 21:54:57.669 | TRC | 0 | 1 | SmartCardReader：Ouch: Cannot find a smart card reader. (NoReadersAvailable)
2019.07.11 21:55:00.180 | TRC | 0 | 1 | SmartCardReader：Ouch: Cannot find a smart card reader. (NoReadersAvailable)
2019.07.11 21:55:02.709 | TRC | 0 | 1 | SmartCardReader：Ouch: Cannot find a smart card reader. (NoReadersAvailable)
2019.07.11 21:55:05.198 | TRC | 0 | 1 | SmartCardReader：Ouch: Cannot find a smart card reader. (NoReadersAvailable)
2019.07.11 21:55:07.690 | TRC | 0 | 1 | SmartCardReader：Ouch: Cannot find a smart card reader. (NoReadersAvailable)
2019.07.11 21:55:10.190 | TRC | 0 | 1 | SmartCardReader：Ouch: Cannot find a smart card reader. (NoReadersAvailable)
2019.07.11 21:55:13.044 | TRC | 0 | 1 | SmartCardReader：Ouch: Cannot find a smart card reader. (NoReadersAvailable)
2019.07.11 21:55:15.211 | TRC | 0 | 1 | SmartCardReader：Ouch: Cannot find a smart card reader. (NoReadersAvailable)
2019.07.11 21:55:17.713 | TRC | 0 | 1 | SmartCardReader：Ouch: Cannot find a smart card reader. (NoReadersAvailable)
2019.07.11 21:55:20.236 | TRC | 0 | 1 | SmartCardReader：Ouch: Cannot find a smart card reader. (NoReadersAvailable)
2019.07.11 21:55:22.776 | TRC | 0 | 1 | SmartCardReader：Ouch: Cannot find a smart card reader. (NoReadersAvailable)
2019.07.11 21:55:25.274 | TRC | 0 | 1 | SmartCardReader：Ouch: Cannot find a smart card reader. (NoReadersAvailable)
2019.07.11 21:55:27.755 | TRC | 0 | 1 | SmartCardReader：Ouch: Cannot find a smart card reader. (NoReadersAvailable)
2019.07.11 21:55:30.257 | TRC | 0 | 1 | SmartCardReader：Ouch: Cannot find a smart card reader. (NoReadersAvailable)
2019.07.11 21:55:32.790 | TRC | 0 | 2 | SmartCardReader：Ouch: Cannot find a smart card reader. (NoReadersAvailable)
2019.07.11 21:55:35.281 | TRC | 0 | 1 | SmartCardReader：Ouch: Cannot find a smart card reader. (NoReadersAvailable)
2019.07.11 21:55:37.765 | TRC | 0 | 1 | SmartCardReader：Ouch: Cannot find a smart card reader. (NoReadersAvailable)
2019.07.11 21:55:40.295 | TRC | 0 | 1 | SmartCardReader：Ouch: Cannot find a smart card reader. (NoReadersAvailable)
2019.07.11 21:55:42.796 | TRC | 0 | 1 | SmartCardReader：Ouch: Cannot find a smart card reader. (NoReadersAvailable)
2019.07.11 21:55:45.281 | TRC | 0 | 1 | SmartCardReader：Ouch: Cannot find a smart card reader. (NoReadersAvailable)
2019.07.11 21:55:47.812 | TRC | 0 | 1 | SmartCardReader：Ouch: Cannot find a smart card reader. (NoReadersAvailable)
2019.07.11 21:55:50.288 | TRC | 0 | 1 | SmartCardReader：Ouch: Cannot find a smart card reader. (NoReadersAvailable)
2019.07.11 21:55:52.824 | TRC | 0 | 1 | SmartCardReader：Ouch: Cannot find a smart card reader. (NoReadersAvailable)
2019.07.11 21:55:55.327 | TRC | 0 | 1 | SmartCardReader：Ouch: Cannot find a smart card reader. (NoReadersAvailable)
2019.07.11 21:55:57.852 | TRC | 0 | 1 | SmartCardReader：Ouch: Cannot find a smart card reader. (NoReadersAvailable)
2019.07.11 21:56:00.333 | TRC | 0 | 1 | SmartCardReader：Ouch: Cannot find a smart card reader. (NoReadersAvailable)
2019.07.11 21:56:02.852 | TRC | 0 | 1 | SmartCardReader：Ouch: Cannot find a smart card reader. (NoReadersAvailable)
2019.07.11 21:56:05.356 | TRC | 0 | 1 | SmartCardReader：Ouch: Cannot find a smart card reader. (NoReadersAvailable)
2019.07.11 21:56:07.868 | TRC | 0 | 1 | SmartCardReader：Ouch: Cannot find a smart card reader. (NoReadersAvailable)
2019.07.11 21:56:10.391 | TRC | 0 | 1 | SmartCardReader：Ouch: Cannot find a smart card reader. (NoReadersAvailable)
2019.07.11 21:56:12.866 | TRC | 0 | 1 | SmartCardReader：Ouch: Cannot find a smart card reader. (NoReadersAvailable)
2019.07.11 21:56:15.382 | TRC | 0 | 1 | SmartCardReader：Ouch: Cannot find a smart card reader. (NoReadersAvailable)
2019.07.11 21:56:17.893 | TRC | 0 | 1 | SmartCardReader：Ouch: Cannot find a smart card reader. (NoReadersAvailable)
2019.07.11 21:56:20.394 | TRC | 0 | 1 | SmartCardReader：Ouch: Cannot find a smart card reader. (NoReadersAvailable)
2019.07.11 21:56:22.955 | TRC | 0 | 2 | SmartCardReader：Ouch: Cannot find a smart card reader. (NoReadersAvailable)
2019.07.11 21:56:25.420 | TRC | 0 | 1 | SmartCardReader：Ouch: Cannot find a smart card reader. (NoReadersAvailable)
2019.07.11 21:56:27.942 | TRC | 0 | 1 | SmartCardReader：Ouch: Cannot find a smart card reader. (NoReadersAvailable)
2019.07.11 21:56:30.459 | TRC | 0 | 1 | SmartCardReader：Ouch: Cannot find a smart card reader. (NoReadersAvailable)
2019.07.11 21:56:32.931 | TRC | 0 | 1 | SmartCardReader：Ouch: Cannot find a smart card reader. (NoReadersAvailable)
2019.07.11 21:56:35.434 | TRC | 0 | 1 | SmartCardReader：Ouch: Cannot find a smart card reader. (NoReadersAvailable)
2019.07.11 21:56:37.984 | TRC | 0 | 1 | SmartCardReader：Ouch: Cannot find a smart card reader. (NoReadersAvailable)
2019.07.11 21:56:40.476 | TRC | 0 | 1 | SmartCardReader：Ouch: Cannot find a smart card reader. (NoReadersAvailable)
2019.07.11 21:56:42.943 | TRC | 0 | 1 | SmartCardReader：Ouch: Cannot find a smart card reader. (NoReadersAvailable)
2019.07.11 21:56:45.461 | TRC | 0 | 1 | SmartCardReader：Ouch: Cannot find a smart card reader. (NoReadersAvailable)
2019.07.11 21:56:47.962 | TRC | 0 | 1 | SmartCardReader：Ouch: Cannot find a smart card reader. (NoReadersAvailable)
2019.07.11 21:56:50.476 | TRC | 0 | 1 | SmartCardReader：Ouch: Cannot find a smart card reader. (NoReadersAvailable)
2019.07.11 21:56:52.996 | TRC | 0 | 1 | SmartCardReader：Ouch: Cannot find a smart card reader. (NoReadersAvailable)
2019.07.11 21:56:55.480 | TRC | 0 | 1 | SmartCardReader：Ouch: Cannot find a smart card reader. (NoReadersAvailable)
2019.07.11 21:56:57.990 | TRC | 0 | 1 | SmartCardReader：Ouch: Cannot find a smart card reader. (NoReadersAvailable)
2019.07.11 21:57:00.497 | TRC | 0 | 1 | SmartCardReader：Ouch: Cannot find a smart card reader. (NoReadersAvailable)
2019.07.11 21:57:03.000 | TRC | 0 | 1 | SmartCardReader：Ouch: Cannot find a smart card reader. (NoReadersAvailable)
2019.07.11 21:57:05.510 | TRC | 0 | 1 | SmartCardReader：Ouch: Cannot find a smart card reader. (NoReadersAvailable)
2019.07.11 21:57:08.061 | TRC | 0 | 1 | SmartCardReader：Ouch: Cannot find a smart card reader. (NoReadersAvailable)
2019.07.11 21:57:10.530 | TRC | 0 | 1 | SmartCardReader：Ouch: Cannot find a smart card reader. (NoReadersAvailable)
2019.07.11 21:57:13.010 | TRC | 0 | 1 | SmartCardReader：Ouch: Cannot find a smart card reader. (NoReadersAvailable)
2019.07.11 21:57:15.530 | TRC | 0 | 1 | SmartCardReader：Ouch: Cannot find a smart card reader. (NoReadersAvailable)
2019.07.11 21:57:18.045 | TRC | 0 | 1 | SmartCardReader：Ouch: Cannot find a smart card reader. (NoReadersAvailable)
2019.07.11 21:57:20.537 | TRC | 0 | 1 | SmartCardReader：Ouch: Cannot find a smart card reader. (NoReadersAvailable)
2019.07.11 21:57:23.024 | TRC | 0 | 1 | SmartCardReader：Ouch: Cannot find a smart card reader. (NoReadersAvailable)
2019.07.11 21:57:25.555 | TRC | 0 | 1 | SmartCardReader：Ouch: Cannot find a smart card reader. (NoReadersAvailable)
2019.07.11 21:57:28.051 | TRC | 0 | 1 | SmartCardReader：Ouch: Cannot find a smart card reader. (NoReadersAvailable)
2019.07.11 21:57:30.541 | TRC | 0 | 1 | SmartCardReader：Ouch: Cannot find a smart card reader. (NoReadersAvailable)
2019.07.11 21:57:33.064 | TRC | 0 | 1 | SmartCardReader：Ouch: Cannot find a smart card reader. (NoReadersAvailable)
2019.07.11 21:57:35.558 | TRC | 0 | 1 | SmartCardReader：Ouch: Cannot find a smart card reader. (NoReadersAvailable)
2019.07.11 21:57:38.073 | TRC | 0 | 1 | SmartCardReader：Ouch: Cannot find a smart card reader. (NoReadersAvailable)
2019.07.11 21:57:40.606 | TRC | 0 | 1 | SmartCardReader：Ouch: Cannot find a smart card reader. (NoReadersAvailable)
2019.07.11 21:57:43.071 | TRC | 0 | 1 | SmartCardReader：Ouch: Cannot find a smart card reader. (NoReadersAvailable)
2019.07.11 21:57:45.585 | TRC | 0 | 1 | SmartCardReader：Ouch: Cannot find a smart card reader. (NoReadersAvailable)
2019.07.11 21:57:48.083 | TRC | 0 | 1 | SmartCardReader：Ouch: Cannot find a smart card reader. (NoReadersAvailable)
2019.07.11 21:57:50.618 | TRC | 0 | 1 | SmartCardReader：Ouch: Cannot find a smart card reader. (NoReadersAvailable)
2019.07.11 21:57:53.130 | TRC | 0 | 1 | SmartCardReader：Ouch: Cannot find a smart card reader. (NoReadersAvailable)
2019.07.11 21:57:55.603 | TRC | 0 | 1 | SmartCardReader：Ouch: Cannot find a smart card reader. (NoReadersAvailable)
2019.07.11 21:57:58.121 | TRC | 0 | 1 | SmartCardReader：Ouch: Cannot find a smart card reader. (NoReadersAvailable)
2019.07.11 21:58:00.650 | TRC | 0 | 1 | SmartCardReader：Ouch: Cannot find a smart card reader. (NoReadersAvailable)
2019.07.11 21:58:03.140 | TRC | 0 | 1 | SmartCardReader：Ouch: Cannot find a smart card reader. (NoReadersAvailable)
2019.07.11 21:58:05.655 | TRC | 0 | 1 | SmartCardReader：Ouch: Cannot find a smart card reader. (NoReadersAvailable)
2019.07.11 21:58:08.132 | TRC | 0 | 1 | SmartCardReader：Ouch: Cannot find a smart card reader. (NoReadersAvailable)
2019.07.11 21:58:10.645 | TRC | 0 | 1 | SmartCardReader：Ouch: Cannot find a smart card reader. (NoReadersAvailable)
2019.07.11 21:58:13.174 | TRC | 0 | 1 | SmartCardReader：Ouch: Cannot find a smart card reader. (NoReadersAvailable)
2019.07.11 21:58:15.699 | TRC | 0 | 1 | SmartCardReader：Ouch: Cannot find a smart card reader. (NoReadersAvailable)
2019.07.11 21:58:18.224 | TRC | 0 | 1 | SmartCardReader：Ouch: Cannot find a smart card reader. (NoReadersAvailable)
2019.07.11 21:58:20.722 | TRC | 0 | 1 | SmartCardReader：Ouch: Cannot find a smart card reader. (NoReadersAvailable)
2019.07.11 21:58:23.233 | TRC | 0 | 1 | SmartCardReader：Ouch: Cannot find a smart card reader. (NoReadersAvailable)
2019.07.11 21:58:25.732 | TRC | 0 | 1 | SmartCardReader：Ouch: Cannot find a smart card reader. (NoReadersAvailable)
2019.07.11 21:58:28.238 | TRC | 0 | 1 | SmartCardReader：Ouch: Cannot find a smart card reader. (NoReadersAvailable)
2019.07.11 21:58:30.757 | TRC | 0 | 1 | SmartCardReader：Ouch: Cannot find a smart card reader. (NoReadersAvailable)
2019.07.11 21:58:33.261 | TRC | 0 | 1 | SmartCardReader：Ouch: Cannot find a smart card reader. (NoReadersAvailable)
2019.07.11 22:00:23.455 | TRC | 0 | 0 | start log
2019.07.11 22:00:25.727 | TRC | 0 | 2 | SmartCardReader：Ouch: Cannot find a smart card reader. (NoReadersAvailable)
2019.07.11 22:00:25.814 | TRC | 0 | 2 | DB initial count：1
2019.07.11 22:00:28.148 | TRC | 0 | 1 | SmartCardReader：Ouch: Cannot find a smart card reader. (NoReadersAvailable)
2019.07.11 22:00:30.688 | TRC | 0 | 1 | SmartCardReader：Ouch: Cannot find a smart card reader. (NoReadersAvailable)
2019.07.11 22:00:33.198 | TRC | 0 | 1 | SmartCardReader：Ouch: Cannot find a smart card reader. (NoReadersAvailable)
2019.07.11 22:00:35.728 | TRC | 0 | 1 | SmartCardReader：Ouch: Cannot find a smart card reader. (NoReadersAvailable)
2019.07.11 22:00:38.223 | TRC | 0 | 1 | SmartCardReader：Ouch: Cannot find a smart card reader. (NoReadersAvailable)
2019.07.11 22:00:40.777 | TRC | 0 | 1 | SmartCardReader：Ouch: Cannot find a smart card reader. (NoReadersAvailable)
2019.07.11 22:00:43.206 | TRC | 0 | 1 | SmartCardReader：Ouch: Cannot find a smart card reader. (NoReadersAvailable)
2019.07.11 22:00:45.758 | TRC | 0 | 1 | SmartCardReader：Ouch: Cannot find a smart card reader. (NoReadersAvailable)
2019.07.11 22:00:48.263 | TRC | 0 | 1 | SmartCardReader：Ouch: Cannot find a smart card reader. (NoReadersAvailable)
2019.07.11 22:00:50.773 | TRC | 0 | 1 | SmartCardReader：Ouch: Cannot find a smart card reader. (NoReadersAvailable)
2019.07.11 22:00:53.249 | TRC | 0 | 1 | SmartCardReader：Ouch: Cannot find a smart card reader. (NoReadersAvailable)
2019.07.11 22:05:56.242 | TRC | 0 | 0 | start log
2019.07.11 22:05:59.493 | TRC | 0 | 2 | SmartCardReader：Ouch: Cannot find a smart card reader. (NoReadersAvailable)
2019.07.11 22:05:59.602 | TRC | 0 | 2 | DB initial count：1
2019.07.11 22:06:01.962 | TRC | 0 | 1 | SmartCardReader：Ouch: Cannot find a smart card reader. (NoReadersAvailable)
2019.07.11 22:06:04.482 | TRC | 0 | 1 | SmartCardReader：Ouch: Cannot find a smart card reader. (NoReadersAvailable)
2019.07.11 22:06:06.994 | TRC | 0 | 1 | SmartCardReader：Ouch: Cannot find a smart card reader. (NoReadersAvailable)
2019.07.11 22:06:09.496 | TRC | 0 | 1 | SmartCardReader：Ouch: Cannot find a smart card reader. (NoReadersAvailable)
2019.07.11 22:06:12.015 | TRC | 0 | 1 | SmartCardReader：Ouch: Cannot find a smart card reader. (NoReadersAvailable)
2019.07.11 22:06:14.525 | TRC | 0 | 1 | SmartCardReader：Ouch: Cannot find a smart card reader. (NoReadersAvailable)
2019.07.11 22:06:17.031 | TRC | 0 | 1 | SmartCardReader：Ouch: Cannot find a smart card reader. (NoReadersAvailable)
2019.07.11 22:06:19.541 | TRC | 0 | 1 | SmartCardReader：Ouch: Cannot find a smart card reader. (NoReadersAvailable)
2019.07.11 22:06:22.047 | TRC | 0 | 1 | SmartCardReader：Ouch: Cannot find a smart card reader. (NoReadersAvailable)
2019.07.11 22:06:24.558 | TRC | 0 | 1 | SmartCardReader：Ouch: Cannot find a smart card reader. (NoReadersAvailable)
2019.07.11 22:06:27.059 | TRC | 0 | 1 | SmartCardReader：Ouch: Cannot find a smart card reader. (NoReadersAvailable)
2019.07.11 22:06:29.594 | TRC | 0 | 1 | SmartCardReader：Ouch: Cannot find a smart card reader. (NoReadersAvailable)
2019.07.11 22:06:32.072 | TRC | 0 | 1 | SmartCardReader：Ouch: Cannot find a smart card reader. (NoReadersAvailable)
2019.07.11 22:06:34.589 | TRC | 0 | 1 | SmartCardReader：Ouch: Cannot find a smart card reader. (NoReadersAvailable)
2019.07.11 22:06:37.102 | TRC | 0 | 1 | SmartCardReader：Ouch: Cannot find a smart card reader. (NoReadersAvailable)
2019.07.11 22:06:39.631 | TRC | 0 | 1 | SmartCardReader：Ouch: Cannot find a smart card reader. (NoReadersAvailable)
2019.07.11 22:06:42.105 | TRC | 0 | 1 | SmartCardReader：Ouch: Cannot find a smart card reader. (NoReadersAvailable)
2019.07.11 22:08:30.068 | TRC | 0 | 0 | start log
2019.07.11 22:08:32.213 | TRC | 0 | 2 | SmartCardReader：Ouch: Cannot find a smart card reader. (NoReadersAvailable)
2019.07.11 22:08:32.270 | TRC | 0 | 2 | DB initial count：1
2019.07.11 22:08:34.695 | TRC | 0 | 1 | SmartCardReader：Ouch: Cannot find a smart card reader. (NoReadersAvailable)
2019.07.11 22:08:37.211 | TRC | 0 | 1 | SmartCardReader：Ouch: Cannot find a smart card reader. (NoReadersAvailable)
2019.07.11 22:08:39.735 | TRC | 0 | 2 | SmartCardReader：Ouch: Cannot find a smart card reader. (NoReadersAvailable)
2019.07.11 22:08:42.221 | TRC | 0 | 1 | SmartCardReader：Ouch: Cannot find a smart card reader. (NoReadersAvailable)
2019.07.11 22:08:42.968 | TRC | 0 | 0 | frmCourseManagerUpdate
2019.07.11 22:08:44.716 | TRC | 0 | 1 | SmartCardReader：Ouch: Cannot find a smart card reader. (NoReadersAvailable)
2019.07.11 22:08:47.238 | TRC | 0 | 1 | SmartCardReader：Ouch: Cannot find a smart card reader. (NoReadersAvailable)
2019.07.11 22:08:49.744 | TRC | 0 | 1 | SmartCardReader：Ouch: Cannot find a smart card reader. (NoReadersAvailable)
2019.07.11 22:08:58.622 | TRC | 0 | 0 | start log
2019.07.11 22:09:01.125 | TRC | 0 | 2 | SmartCardReader：Ouch: Cannot find a smart card reader. (NoReadersAvailable)
2019.07.11 22:09:01.251 | TRC | 0 | 2 | DB initial count：1
2019.07.11 22:09:03.596 | TRC | 0 | 1 | SmartCardReader：Ouch: Cannot find a smart card reader. (NoReadersAvailable)
2019.07.11 22:09:06.127 | TRC | 0 | 1 | SmartCardReader：Ouch: Cannot find a smart card reader. (NoReadersAvailable)
2019.07.11 22:09:08.608 | TRC | 0 | 1 | SmartCardReader：Ouch: Cannot find a smart card reader. (NoReadersAvailable)
2019.07.11 22:09:11.130 | TRC | 0 | 1 | SmartCardReader：Ouch: Cannot find a smart card reader. (NoReadersAvailable)
2019.07.11 22:09:13.632 | TRC | 0 | 1 | SmartCardReader：Ouch: Cannot find a smart card reader. (NoReadersAvailable)
2019.07.11 22:09:14.743 | TRC | 0 | 0 | frmCourseManagerUpdate
2019.07.11 22:09:16.113 | TRC | 0 | 1 | SmartCardReader：Ouch: Cannot find a smart card reader. (NoReadersAvailable)
2019.07.11 22:09:18.638 | TRC | 0 | 2 | SmartCardReader：Ouch: Cannot find a smart card reader. (NoReadersAvailable)
2019.07.11 22:09:21.117 | TRC | 0 | 1 | SmartCardReader：Ouch: Cannot find a smart card reader. (NoReadersAvailable)
2019.07.11 22:09:23.630 | TRC | 0 | 1 | SmartCardReader：Ouch: Cannot find a smart card reader. (NoReadersAvailable)
2019.07.11 22:09:26.170 | TRC | 0 | 1 | SmartCardReader：Ouch: Cannot find a smart card reader. (NoReadersAvailable)
2019.07.11 22:09:27.872 | TRC | 0 | 0 | frmCourseManagerUpdatebtn_DeleteStudent
2019.07.11 22:09:28.679 | TRC | 0 | 1 | SmartCardReader：Ouch: Cannot find a smart card reader. (NoReadersAvailable)
2019.07.11 22:09:29.143 | TRC | 0 | 0 | frmCourseManagerUpdatebtn_DeleteStudent
2019.07.11 22:09:29.724 | TRC | 0 | 0 | frmCourseManagerUpdatebtn_DeleteStudent
2019.07.11 22:09:30.424 | TRC | 0 | 0 | frmCourseManagerUpdatebtn_DeleteStudent
2019.07.11 22:09:31.191 | TRC | 0 | 1 | SmartCardReader：Ouch: Cannot find a smart card reader. (NoReadersAvailable)
2019.07.11 22:09:33.693 | TRC | 0 | 1 | SmartCardReader：Ouch: Cannot find a smart card reader. (NoReadersAvailable)
2019.07.11 22:09:35.995 | TRC | 0 | 0 | frmCourseManagerUpdatebtn_AddNewStudent
2019.07.11 22:09:36.203 | TRC | 0 | 1 | SmartCardReader：Ouch: Cannot find a smart card reader. (NoReadersAvailable)
2019.07.11 22:09:38.694 | TRC | 0 | 1 | SmartCardReader：Ouch: Cannot find a smart card reader. (NoReadersAvailable)
2019.07.11 22:09:41.219 | TRC | 0 | 3 | SmartCardReader：Ouch: Cannot find a smart card reader. (NoReadersAvailable)
2019.07.11 22:09:43.754 | TRC | 0 | 1 | SmartCardReader：Ouch: Cannot find a smart card reader. (NoReadersAvailable)
2019.07.11 22:09:46.209 | TRC | 0 | 1 | SmartCardReader：Ouch: Cannot find a smart card reader. (NoReadersAvailable)
2019.07.11 22:09:48.722 | TRC | 0 | 1 | SmartCardReader：Ouch: Cannot find a smart card reader. (NoReadersAvailable)
2019.07.11 22:09:51.235 | TRC | 0 | 1 | SmartCardReader：Ouch: Cannot find a smart card reader. (NoReadersAvailable)
2019.07.11 22:09:53.721 | TRC | 0 | 1 | SmartCardReader：Ouch: Cannot find a smart card reader. (NoReadersAvailable)
2019.07.11 22:09:56.228 | TRC | 0 | 1 | SmartCardReader：Ouch: Cannot find a smart card reader. (NoReadersAvailable)
2019.07.11 22:09:58.756 | TRC | 0 | 1 | SmartCardReader：Ouch: Cannot find a smart card reader. (NoReadersAvailable)
2019.07.11 22:10:01.260 | TRC | 0 | 3 | SmartCardReader：Ouch: Cannot find a smart card reader. (NoReadersAvailable)
2019.07.11 22:10:03.764 | TRC | 0 | 1 | SmartCardReader：Ouch: Cannot find a smart card reader. (NoReadersAvailable)
2019.07.11 22:10:06.256 | TRC | 0 | 1 | SmartCardReader：Ouch: Cannot find a smart card reader. (NoReadersAvailable)
2019.07.11 22:10:08.781 | TRC | 0 | 1 | SmartCardReader：Ouch: Cannot find a smart card reader. (NoReadersAvailable)
2019.07.11 22:10:11.314 | TRC | 0 | 2 | SmartCardReader：Ouch: Cannot find a smart card reader. (NoReadersAvailable)
2019.07.11 22:10:13.782 | TRC | 0 | 1 | SmartCardReader：Ouch: Cannot find a smart card reader. (NoReadersAvailable)
2019.07.11 22:10:16.286 | TRC | 0 | 1 | SmartCardReader：Ouch: Cannot find a smart card reader. (NoReadersAvailable)
2019.07.11 22:10:18.787 | TRC | 0 | 1 | SmartCardReader：Ouch: Cannot find a smart card reader. (NoReadersAvailable)
2019.07.11 22:10:21.287 | TRC | 0 | 1 | SmartCardReader：Ouch: Cannot find a smart card reader. (NoReadersAvailable)
2019.07.11 22:10:23.793 | TRC | 0 | 1 | SmartCardReader：Ouch: Cannot find a smart card reader. (NoReadersAvailable)
2019.07.11 22:10:26.303 | TRC | 0 | 1 | SmartCardReader：Ouch: Cannot find a smart card reader. (NoReadersAvailable)
2019.07.11 22:10:28.807 | TRC | 0 | 1 | SmartCardReader：Ouch: Cannot find a smart card reader. (NoReadersAvailable)
2019.07.11 22:10:31.326 | TRC | 0 | 1 | SmartCardReader：Ouch: Cannot find a smart card reader. (NoReadersAvailable)
2019.07.11 22:10:33.812 | TRC | 0 | 1 | SmartCardReader：Ouch: Cannot find a smart card reader. (NoReadersAvailable)
2019.07.11 22:10:36.343 | TRC | 0 | 1 | SmartCardReader：Ouch: Cannot find a smart card reader. (NoReadersAvailable)
2019.07.11 22:10:38.839 | TRC | 0 | 1 | SmartCardReader：Ouch: Cannot find a smart card reader. (NoReadersAvailable)
2019.07.11 22:10:41.351 | TRC | 0 | 1 | SmartCardReader：Ouch: Cannot find a smart card reader. (NoReadersAvailable)
2019.07.11 22:10:43.847 | TRC | 0 | 1 | SmartCardReader：Ouch: Cannot find a smart card reader. (NoReadersAvailable)
2019.07.11 22:10:46.353 | TRC | 0 | 1 | SmartCardReader：Ouch: Cannot find a smart card reader. (NoReadersAvailable)
2019.07.11 22:10:48.873 | TRC | 0 | 1 | SmartCardReader：Ouch: Cannot find a smart card reader. (NoReadersAvailable)
2019.07.11 22:10:51.402 | TRC | 0 | 1 | SmartCardReader：Ouch: Cannot find a smart card reader. (NoReadersAvailable)
2019.07.11 22:10:53.854 | TRC | 0 | 1 | SmartCardReader：Ouch: Cannot find a smart card reader. (NoReadersAvailable)
2019.07.11 22:10:56.371 | TRC | 0 | 1 | SmartCardReader：Ouch: Cannot find a smart card reader. (NoReadersAvailable)
2019.07.11 22:10:58.884 | TRC | 0 | 1 | SmartCardReader：Ouch: Cannot find a smart card reader. (NoReadersAvailable)
2019.07.11 22:11:01.375 | TRC | 0 | 1 | SmartCardReader：Ouch: Cannot find a smart card reader. (NoReadersAvailable)
2019.07.11 22:11:03.913 | TRC | 0 | 1 | SmartCardReader：Ouch: Cannot find a smart card reader. (NoReadersAvailable)
2019.07.11 22:11:06.396 | TRC | 0 | 1 | SmartCardReader：Ouch: Cannot find a smart card reader. (NoReadersAvailable)
2019.07.11 22:11:08.906 | TRC | 0 | 1 | SmartCardReader：Ouch: Cannot find a smart card reader. (NoReadersAvailable)
2019.07.11 22:11:11.420 | TRC | 0 | 1 | SmartCardReader：Ouch: Cannot find a smart card reader. (NoReadersAvailable)
2019.07.11 22:11:13.906 | TRC | 0 | 1 | SmartCardReader：Ouch: Cannot find a smart card reader. (NoReadersAvailable)
2019.07.11 22:11:16.415 | TRC | 0 | 1 | SmartCardReader：Ouch: Cannot find a smart card reader. (NoReadersAvailable)
2019.07.11 22:11:18.929 | TRC | 0 | 1 | SmartCardReader：Ouch: Cannot find a smart card reader. (NoReadersAvailable)
2019.07.11 22:11:21.432 | TRC | 0 | 1 | SmartCardReader：Ouch: Cannot find a smart card reader. (NoReadersAvailable)
2019.07.11 22:11:23.931 | TRC | 0 | 1 | SmartCardReader：Ouch: Cannot find a smart card reader. (NoReadersAvailable)
2019.07.11 22:11:26.438 | TRC | 0 | 1 | SmartCardReader：Ouch: Cannot find a smart card reader. (NoReadersAvailable)
2019.07.11 22:11:28.976 | TRC | 0 | 1 | SmartCardReader：Ouch: Cannot find a smart card reader. (NoReadersAvailable)
2019.07.11 22:11:31.471 | TRC | 0 | 1 | SmartCardReader：Ouch: Cannot find a smart card reader. (NoReadersAvailable)
2019.07.11 22:11:33.967 | TRC | 0 | 1 | SmartCardReader：Ouch: Cannot find a smart card reader. (NoReadersAvailable)
2019.07.11 22:11:36.475 | TRC | 0 | 1 | SmartCardReader：Ouch: Cannot find a smart card reader. (NoReadersAvailable)
2019.07.11 22:11:38.982 | TRC | 0 | 1 | SmartCardReader：Ouch: Cannot find a smart card reader. (NoReadersAvailable)
2019.07.11 22:11:41.503 | TRC | 0 | 1 | SmartCardReader：Ouch: Cannot find a smart card reader. (NoReadersAvailable)
2019.07.11 22:11:43.995 | TRC | 0 | 1 | SmartCardReader：Ouch: Cannot find a smart card reader. (NoReadersAvailable)
2019.07.11 22:11:46.513 | TRC | 0 | 1 | SmartCardReader：Ouch: Cannot find a smart card reader. (NoReadersAvailable)
2019.07.11 22:11:48.996 | TRC | 0 | 1 | SmartCardReader：Ouch: Cannot find a smart card reader. (NoReadersAvailable)
2019.07.11 22:11:51.526 | TRC | 0 | 1 | SmartCardReader：Ouch: Cannot find a smart card reader. (NoReadersAvailable)
2019.07.11 22:11:54.030 | TRC | 0 | 1 | SmartCardReader：Ouch: Cannot find a smart card reader. (NoReadersAvailable)
2019.07.11 22:11:56.537 | TRC | 0 | 1 | SmartCardReader：Ouch: Cannot find a smart card reader. (NoReadersAvailable)
2019.07.11 22:11:59.055 | TRC | 0 | 1 | SmartCardReader：Ouch: Cannot find a smart card reader. (NoReadersAvailable)
2019.07.11 22:12:01.582 | TRC | 0 | 1 | SmartCardReader：Ouch: Cannot find a smart card reader. (NoReadersAvailable)
2019.07.11 22:12:04.030 | TRC | 0 | 1 | SmartCardReader：Ouch: Cannot find a smart card reader. (NoReadersAvailable)
2019.07.11 22:12:06.553 | TRC | 0 | 1 | SmartCardReader：Ouch: Cannot find a smart card reader. (NoReadersAvailable)
2019.07.11 22:12:09.065 | TRC | 0 | 1 | SmartCardReader：Ouch: Cannot find a smart card reader. (NoReadersAvailable)
2019.07.11 22:12:11.569 | TRC | 0 | 1 | SmartCardReader：Ouch: Cannot find a smart card reader. (NoReadersAvailable)
2019.07.11 22:12:14.058 | TRC | 0 | 1 | SmartCardReader：Ouch: Cannot find a smart card reader. (NoReadersAvailable)
2019.07.11 22:12:16.571 | TRC | 0 | 1 | SmartCardReader：Ouch: Cannot find a smart card reader. (NoReadersAvailable)
2019.07.11 22:12:19.070 | TRC | 0 | 1 | SmartCardReader：Ouch: Cannot find a smart card reader. (NoReadersAvailable)
2019.07.11 22:12:21.583 | TRC | 0 | 1 | SmartCardReader：Ouch: Cannot find a smart card reader. (NoReadersAvailable)
2019.07.11 22:12:24.093 | TRC | 0 | 1 | SmartCardReader：Ouch: Cannot find a smart card reader. (NoReadersAvailable)
2019.07.11 22:12:26.586 | TRC | 0 | 1 | SmartCardReader：Ouch: Cannot find a smart card reader. (NoReadersAvailable)
2019.07.11 22:12:29.126 | TRC | 0 | 1 | SmartCardReader：Ouch: Cannot find a smart card reader. (NoReadersAvailable)
2019.07.11 22:12:31.615 | TRC | 0 | 1 | SmartCardReader：Ouch: Cannot find a smart card reader. (NoReadersAvailable)
2019.07.11 22:12:34.143 | TRC | 0 | 1 | SmartCardReader：Ouch: Cannot find a smart card reader. (NoReadersAvailable)
2019.07.11 22:12:36.621 | TRC | 0 | 1 | SmartCardReader：Ouch: Cannot find a smart card reader. (NoReadersAvailable)
2019.07.11 22:12:39.174 | TRC | 0 | 2 | SmartCardReader：Ouch: Cannot find a smart card reader. (NoReadersAvailable)
2019.07.11 22:12:41.639 | TRC | 0 | 1 | SmartCardReader：Ouch: Cannot find a smart card reader. (NoReadersAvailable)
2019.07.11 22:12:44.145 | TRC | 0 | 1 | SmartCardReader：Ouch: Cannot find a smart card reader. (NoReadersAvailable)
2019.07.11 22:12:46.647 | TRC | 0 | 1 | SmartCardReader：Ouch: Cannot find a smart card reader. (NoReadersAvailable)
2019.07.11 22:12:49.154 | TRC | 0 | 1 | SmartCardReader：Ouch: Cannot find a smart card reader. (NoReadersAvailable)
2019.07.11 22:12:51.693 | TRC | 0 | 1 | SmartCardReader：Ouch: Cannot find a smart card reader. (NoReadersAvailable)
2019.07.11 22:12:54.153 | TRC | 0 | 1 | SmartCardReader：Ouch: Cannot find a smart card reader. (NoReadersAvailable)
2019.07.11 22:12:56.668 | TRC | 0 | 1 | SmartCardReader：Ouch: Cannot find a smart card reader. (NoReadersAvailable)
2019.07.11 22:12:59.169 | TRC | 0 | 1 | SmartCardReader：Ouch: Cannot find a smart card reader. (NoReadersAvailable)
2019.07.11 22:13:01.687 | TRC | 0 | 1 | SmartCardReader：Ouch: Cannot find a smart card reader. (NoReadersAvailable)
2019.07.11 22:13:04.195 | TRC | 0 | 1 | SmartCardReader：Ouch: Cannot find a smart card reader. (NoReadersAvailable)
2019.07.11 22:13:06.683 | TRC | 0 | 1 | SmartCardReader：Ouch: Cannot find a smart card reader. (NoReadersAvailable)
2019.07.11 22:13:09.221 | TRC | 0 | 1 | SmartCardReader：Ouch: Cannot find a smart card reader. (NoReadersAvailable)
2019.07.11 22:13:11.736 | TRC | 0 | 1 | SmartCardReader：Ouch: Cannot find a smart card reader. (NoReadersAvailable)
2019.07.11 22:13:14.270 | TRC | 0 | 1 | SmartCardReader：Ouch: Cannot find a smart card reader. (NoReadersAvailable)
2019.07.11 22:13:16.756 | TRC | 0 | 1 | SmartCardReader：Ouch: Cannot find a smart card reader. (NoReadersAvailable)
2019.07.11 22:13:19.254 | TRC | 0 | 1 | SmartCardReader：Ouch: Cannot find a smart card reader. (NoReadersAvailable)
2019.07.11 22:13:21.751 | TRC | 0 | 1 | SmartCardReader：Ouch: Cannot find a smart card reader. (NoReadersAvailable)
2019.07.11 22:13:24.243 | TRC | 0 | 1 | SmartCardReader：Ouch: Cannot find a smart card reader. (NoReadersAvailable)
2019.07.11 22:13:26.744 | TRC | 0 | 1 | SmartCardReader：Ouch: Cannot find a smart card reader. (NoReadersAvailable)
2019.07.11 22:13:29.281 | TRC | 0 | 1 | SmartCardReader：Ouch: Cannot find a smart card reader. (NoReadersAvailable)
2019.07.11 22:13:31.777 | TRC | 0 | 1 | SmartCardReader：Ouch: Cannot find a smart card reader. (NoReadersAvailable)
2019.07.11 22:13:34.280 | TRC | 0 | 1 | SmartCardReader：Ouch: Cannot find a smart card reader. (NoReadersAvailable)
2019.07.11 22:13:36.801 | TRC | 0 | 1 | SmartCardReader：Ouch: Cannot find a smart card reader. (NoReadersAvailable)
2019.07.11 22:13:39.296 | TRC | 0 | 1 | SmartCardReader：Ouch: Cannot find a smart card reader. (NoReadersAvailable)
2019.07.11 22:13:41.820 | TRC | 0 | 1 | SmartCardReader：Ouch: Cannot find a smart card reader. (NoReadersAvailable)
2019.07.11 22:13:44.299 | TRC | 0 | 1 | SmartCardReader：Ouch: Cannot find a smart card reader. (NoReadersAvailable)
2019.07.11 22:13:46.819 | TRC | 0 | 1 | SmartCardReader：Ouch: Cannot find a smart card reader. (NoReadersAvailable)
2019.07.11 22:13:49.345 | TRC | 0 | 1 | SmartCardReader：Ouch: Cannot find a smart card reader. (NoReadersAvailable)
2019.07.11 22:13:51.855 | TRC | 0 | 1 | SmartCardReader：Ouch: Cannot find a smart card reader. (NoReadersAvailable)
2019.07.11 22:13:54.366 | TRC | 0 | 1 | SmartCardReader：Ouch: Cannot find a smart card reader. (NoReadersAvailable)
2019.07.11 22:13:56.880 | TRC | 0 | 1 | SmartCardReader：Ouch: Cannot find a smart card reader. (NoReadersAvailable)
2019.07.11 22:13:59.364 | TRC | 0 | 1 | SmartCardReader：Ouch: Cannot find a smart card reader. (NoReadersAvailable)
2019.07.11 22:14:01.884 | TRC | 0 | 1 | SmartCardReader：Ouch: Cannot find a smart card reader. (NoReadersAvailable)
2019.07.11 22:14:04.413 | TRC | 0 | 1 | SmartCardReader：Ouch: Cannot find a smart card reader. (NoReadersAvailable)
2019.07.11 22:14:06.879 | TRC | 0 | 1 | SmartCardReader：Ouch: Cannot find a smart card reader. (NoReadersAvailable)
2019.07.11 22:14:09.388 | TRC | 0 | 1 | SmartCardReader：Ouch: Cannot find a smart card reader. (NoReadersAvailable)
2019.07.11 22:14:11.926 | TRC | 0 | 1 | SmartCardReader：Ouch: Cannot find a smart card reader. (NoReadersAvailable)
2019.07.11 22:14:14.417 | TRC | 0 | 1 | SmartCardReader：Ouch: Cannot find a smart card reader. (NoReadersAvailable)
2019.07.11 22:14:16.910 | TRC | 0 | 1 | SmartCardReader：Ouch: Cannot find a smart card reader. (NoReadersAvailable)
2019.07.11 22:14:19.431 | TRC | 0 | 1 | SmartCardReader：Ouch: Cannot find a smart card reader. (NoReadersAvailable)
2019.07.11 22:14:21.915 | TRC | 0 | 1 | SmartCardReader：Ouch: Cannot find a smart card reader. (NoReadersAvailable)
2019.07.11 22:14:24.443 | TRC | 0 | 1 | SmartCardReader：Ouch: Cannot find a smart card reader. (NoReadersAvailable)
2019.07.11 22:14:26.917 | TRC | 0 | 1 | SmartCardReader：Ouch: Cannot find a smart card reader. (NoReadersAvailable)
2019.07.11 22:14:29.437 | TRC | 0 | 1 | SmartCardReader：Ouch: Cannot find a smart card reader. (NoReadersAvailable)
2019.07.11 22:14:31.940 | TRC | 0 | 1 | SmartCardReader：Ouch: Cannot find a smart card reader. (NoReadersAvailable)
2019.07.11 22:14:34.455 | TRC | 0 | 1 | SmartCardReader：Ouch: Cannot find a smart card reader. (NoReadersAvailable)
2019.07.11 22:14:36.959 | TRC | 0 | 1 | SmartCardReader：Ouch: Cannot find a smart card reader. (NoReadersAvailable)
2019.07.11 22:14:39.473 | TRC | 0 | 1 | SmartCardReader：Ouch: Cannot find a smart card reader. (NoReadersAvailable)
2019.07.11 22:14:41.948 | TRC | 0 | 1 | SmartCardReader：Ouch: Cannot find a smart card reader. (NoReadersAvailable)
2019.07.11 22:14:44.469 | TRC | 0 | 1 | SmartCardReader：Ouch: Cannot find a smart card reader. (NoReadersAvailable)
2019.07.11 22:14:46.962 | TRC | 0 | 1 | SmartCardReader：Ouch: Cannot find a smart card reader. (NoReadersAvailable)
2019.07.11 22:14:49.484 | TRC | 0 | 1 | SmartCardReader：Ouch: Cannot find a smart card reader. (NoReadersAvailable)
2019.07.11 22:14:51.995 | TRC | 0 | 1 | SmartCardReader：Ouch: Cannot find a smart card reader. (NoReadersAvailable)
2019.07.11 22:14:54.504 | TRC | 0 | 1 | SmartCardReader：Ouch: Cannot find a smart card reader. (NoReadersAvailable)
2019.07.11 22:14:56.989 | TRC | 0 | 1 | SmartCardReader：Ouch: Cannot find a smart card reader. (NoReadersAvailable)
2019.07.11 22:14:59.516 | TRC | 0 | 1 | SmartCardReader：Ouch: Cannot find a smart card reader. (NoReadersAvailable)
