2019.07.09 18:32:51.845 | TRC | 0 | 0 | start log
2019.07.09 18:32:55.156 | TRC | 0 | 2 | SmartCardReader：Ouch: Cannot find a smart card reader. (NoReadersAvailable)
2019.07.09 18:32:55.207 | TRC | 0 | 2 | DB initial count：1
2019.07.09 18:32:57.535 | TRC | 0 | 1 | SmartCardReader：Ouch: Cannot find a smart card reader. (NoReadersAvailable)
2019.07.09 18:33:00.079 | TRC | 0 | 1 | SmartCardReader：Ouch: Cannot find a smart card reader. (NoReadersAvailable)
2019.07.09 18:33:02.546 | TRC | 0 | 1 | SmartCardReader：Ouch: Cannot find a smart card reader. (NoReadersAvailable)
2019.07.09 18:33:05.072 | TRC | 0 | 1 | SmartCardReader：Ouch: Cannot find a smart card reader. (NoReadersAvailable)
2019.07.09 18:33:07.578 | TRC | 0 | 1 | SmartCardReader：Ouch: Cannot find a smart card reader. (NoReadersAvailable)
2019.07.09 18:33:10.073 | TRC | 0 | 1 | SmartCardReader：Ouch: Cannot find a smart card reader. (NoReadersAvailable)
2019.07.09 18:33:12.557 | TRC | 0 | 1 | SmartCardReader：Ouch: Cannot find a smart card reader. (NoReadersAvailable)
2019.07.09 18:33:15.060 | TRC | 0 | 1 | SmartCardReader：Ouch: Cannot find a smart card reader. (NoReadersAvailable)
2019.07.09 18:33:15.736 | TRC | 0 | 0 | frmEmployeeBook：frmEmployeeBook_Load
2019.07.09 18:33:17.587 | TRC | 0 | 1 | SmartCardReader：Ouch: Cannot find a smart card reader. (NoReadersAvailable)
2019.07.09 18:33:20.101 | TRC | 0 | 1 | SmartCardReader：Ouch: Cannot find a smart card reader. (NoReadersAvailable)
2019.07.09 18:33:22.610 | TRC | 0 | 1 | SmartCardReader：Ouch: Cannot find a smart card reader. (NoReadersAvailable)
2019.07.09 18:33:25.119 | TRC | 0 | 1 | SmartCardReader：Ouch: Cannot find a smart card reader. (NoReadersAvailable)
2019.07.09 18:33:27.622 | TRC | 0 | 1 | SmartCardReader：Ouch: Cannot find a smart card reader. (NoReadersAvailable)
2019.07.09 18:39:57.991 | TRC | 0 | 0 | start log
2019.07.09 18:40:00.738 | TRC | 0 | 2 | SmartCardReader：Ouch: Cannot find a smart card reader. (NoReadersAvailable)
2019.07.09 18:40:00.814 | TRC | 0 | 2 | DB initial count：1
2019.07.09 18:40:03.230 | TRC | 0 | 1 | SmartCardReader：Ouch: Cannot find a smart card reader. (NoReadersAvailable)
2019.07.09 18:40:04.546 | TRC | 0 | 0 | 學生通訊錄：frmStudentBook_Load
2019.07.09 18:40:05.722 | TRC | 0 | 1 | SmartCardReader：Ouch: Cannot find a smart card reader. (NoReadersAvailable)
2019.07.09 18:40:08.260 | TRC | 0 | 1 | SmartCardReader：Ouch: Cannot find a smart card reader. (NoReadersAvailable)
2019.07.09 18:40:10.765 | TRC | 0 | 1 | SmartCardReader：Ouch: Cannot find a smart card reader. (NoReadersAvailable)
2019.07.09 18:40:13.247 | TRC | 0 | 1 | SmartCardReader：Ouch: Cannot find a smart card reader. (NoReadersAvailable)
2019.07.09 18:40:15.512 | TRC | 0 | 0 | frmEmployeeBook：frmEmployeeBook_Load
2019.07.09 18:40:15.748 | TRC | 0 | 2 | SmartCardReader：Ouch: Cannot find a smart card reader. (NoReadersAvailable)
2019.07.09 18:40:18.302 | TRC | 0 | 1 | SmartCardReader：Ouch: Cannot find a smart card reader. (NoReadersAvailable)
2019.07.09 18:40:20.799 | TRC | 0 | 1 | SmartCardReader：Ouch: Cannot find a smart card reader. (NoReadersAvailable)
2019.07.09 18:40:23.303 | TRC | 0 | 1 | SmartCardReader：Ouch: Cannot find a smart card reader. (NoReadersAvailable)
2019.07.09 18:40:25.804 | TRC | 0 | 1 | SmartCardReader：Ouch: Cannot find a smart card reader. (NoReadersAvailable)
2019.07.09 18:40:28.285 | TRC | 0 | 1 | SmartCardReader：Ouch: Cannot find a smart card reader. (NoReadersAvailable)
2019.07.09 18:40:30.803 | TRC | 0 | 1 | SmartCardReader：Ouch: Cannot find a smart card reader. (NoReadersAvailable)
2019.07.09 18:40:33.322 | TRC | 0 | 1 | SmartCardReader：Ouch: Cannot find a smart card reader. (NoReadersAvailable)
2019.07.09 18:40:35.820 | TRC | 0 | 1 | SmartCardReader：Ouch: Cannot find a smart card reader. (NoReadersAvailable)
2019.07.09 18:40:38.334 | TRC | 0 | 1 | SmartCardReader：Ouch: Cannot find a smart card reader. (NoReadersAvailable)
2019.07.09 18:40:40.794 | TRC | 0 | 1 | SmartCardReader：Ouch: Cannot find a smart card reader. (NoReadersAvailable)
2019.07.09 18:40:43.331 | TRC | 0 | 1 | SmartCardReader：Ouch: Cannot find a smart card reader. (NoReadersAvailable)
2019.07.09 18:40:45.850 | TRC | 0 | 1 | SmartCardReader：Ouch: Cannot find a smart card reader. (NoReadersAvailable)
2019.07.09 18:40:48.356 | TRC | 0 | 1 | SmartCardReader：Ouch: Cannot find a smart card reader. (NoReadersAvailable)
2019.07.09 18:40:50.855 | TRC | 0 | 1 | SmartCardReader：Ouch: Cannot find a smart card reader. (NoReadersAvailable)
2019.07.09 18:40:53.358 | TRC | 0 | 1 | SmartCardReader：Ouch: Cannot find a smart card reader. (NoReadersAvailable)
2019.07.09 18:40:55.855 | TRC | 0 | 1 | SmartCardReader：Ouch: Cannot find a smart card reader. (NoReadersAvailable)
2019.07.09 18:40:58.361 | TRC | 0 | 1 | SmartCardReader：Ouch: Cannot find a smart card reader. (NoReadersAvailable)
2019.07.09 18:41:00.868 | TRC | 0 | 1 | SmartCardReader：Ouch: Cannot find a smart card reader. (NoReadersAvailable)
2019.07.09 18:41:01.805 | TRC | 0 | 0 | frmEmployeeBook：btnUpdate
2019.07.09 18:41:03.353 | TRC | 0 | 3 | SmartCardReader：Ouch: Cannot find a smart card reader. (NoReadersAvailable)
2019.07.09 18:41:05.866 | TRC | 0 | 1 | SmartCardReader：Ouch: Cannot find a smart card reader. (NoReadersAvailable)
2019.07.09 18:41:08.374 | TRC | 0 | 1 | SmartCardReader：Ouch: Cannot find a smart card reader. (NoReadersAvailable)
2019.07.09 18:41:10.852 | TRC | 0 | 1 | SmartCardReader：Ouch: Cannot find a smart card reader. (NoReadersAvailable)
2019.07.09 18:41:13.350 | TRC | 0 | 1 | SmartCardReader：Ouch: Cannot find a smart card reader. (NoReadersAvailable)
2019.07.09 18:41:15.873 | TRC | 0 | 1 | SmartCardReader：Ouch: Cannot find a smart card reader. (NoReadersAvailable)
2019.07.09 18:41:18.374 | TRC | 0 | 1 | SmartCardReader：Ouch: Cannot find a smart card reader. (NoReadersAvailable)
2019.07.09 18:41:20.889 | TRC | 0 | 1 | SmartCardReader：Ouch: Cannot find a smart card reader. (NoReadersAvailable)
2019.07.09 18:41:23.377 | TRC | 0 | 1 | SmartCardReader：Ouch: Cannot find a smart card reader. (NoReadersAvailable)
2019.07.09 18:41:25.891 | TRC | 0 | 1 | SmartCardReader：Ouch: Cannot find a smart card reader. (NoReadersAvailable)
2019.07.09 18:41:28.395 | TRC | 0 | 1 | SmartCardReader：Ouch: Cannot find a smart card reader. (NoReadersAvailable)
2019.07.09 18:41:30.911 | TRC | 0 | 1 | SmartCardReader：Ouch: Cannot find a smart card reader. (NoReadersAvailable)
2019.07.09 18:41:33.410 | TRC | 0 | 1 | SmartCardReader：Ouch: Cannot find a smart card reader. (NoReadersAvailable)
2019.07.09 18:41:35.912 | TRC | 0 | 1 | SmartCardReader：Ouch: Cannot find a smart card reader. (NoReadersAvailable)
2019.07.09 18:41:38.422 | TRC | 0 | 1 | SmartCardReader：Ouch: Cannot find a smart card reader. (NoReadersAvailable)
2019.07.09 18:41:40.919 | TRC | 0 | 1 | SmartCardReader：Ouch: Cannot find a smart card reader. (NoReadersAvailable)
2019.07.09 18:41:43.440 | TRC | 0 | 1 | SmartCardReader：Ouch: Cannot find a smart card reader. (NoReadersAvailable)
2019.07.09 18:41:45.941 | TRC | 0 | 1 | SmartCardReader：Ouch: Cannot find a smart card reader. (NoReadersAvailable)
2019.07.09 18:41:48.453 | TRC | 0 | 1 | SmartCardReader：Ouch: Cannot find a smart card reader. (NoReadersAvailable)
2019.07.09 18:41:50.957 | TRC | 0 | 1 | SmartCardReader：Ouch: Cannot find a smart card reader. (NoReadersAvailable)
2019.07.09 18:41:53.474 | TRC | 0 | 1 | SmartCardReader：Ouch: Cannot find a smart card reader. (NoReadersAvailable)
2019.07.09 18:41:55.957 | TRC | 0 | 1 | SmartCardReader：Ouch: Cannot find a smart card reader. (NoReadersAvailable)
2019.07.09 18:41:58.462 | TRC | 0 | 1 | SmartCardReader：Ouch: Cannot find a smart card reader. (NoReadersAvailable)
2019.07.09 18:42:00.970 | TRC | 0 | 1 | SmartCardReader：Ouch: Cannot find a smart card reader. (NoReadersAvailable)
2019.07.09 18:42:03.455 | TRC | 0 | 1 | SmartCardReader：Ouch: Cannot find a smart card reader. (NoReadersAvailable)
2019.07.09 18:42:06.001 | TRC | 0 | 1 | SmartCardReader：Ouch: Cannot find a smart card reader. (NoReadersAvailable)
2019.07.09 18:42:08.511 | TRC | 0 | 1 | SmartCardReader：Ouch: Cannot find a smart card reader. (NoReadersAvailable)
2019.07.09 18:42:11.007 | TRC | 0 | 1 | SmartCardReader：Ouch: Cannot find a smart card reader. (NoReadersAvailable)
2019.07.09 18:42:13.519 | TRC | 0 | 1 | SmartCardReader：Ouch: Cannot find a smart card reader. (NoReadersAvailable)
2019.07.09 18:42:16.016 | TRC | 0 | 1 | SmartCardReader：Ouch: Cannot find a smart card reader. (NoReadersAvailable)
2019.07.09 18:42:18.514 | TRC | 0 | 1 | SmartCardReader：Ouch: Cannot find a smart card reader. (NoReadersAvailable)
2019.07.09 18:42:21.036 | TRC | 0 | 1 | SmartCardReader：Ouch: Cannot find a smart card reader. (NoReadersAvailable)
2019.07.09 18:42:23.546 | TRC | 0 | 1 | SmartCardReader：Ouch: Cannot find a smart card reader. (NoReadersAvailable)
2019.07.09 18:42:26.030 | TRC | 0 | 1 | SmartCardReader：Ouch: Cannot find a smart card reader. (NoReadersAvailable)
2019.07.09 18:42:28.550 | TRC | 0 | 1 | SmartCardReader：Ouch: Cannot find a smart card reader. (NoReadersAvailable)
2019.07.09 18:42:31.048 | TRC | 0 | 1 | SmartCardReader：Ouch: Cannot find a smart card reader. (NoReadersAvailable)
2019.07.09 18:42:33.568 | TRC | 0 | 1 | SmartCardReader：Ouch: Cannot find a smart card reader. (NoReadersAvailable)
2019.07.09 18:42:36.090 | TRC | 0 | 1 | SmartCardReader：Ouch: Cannot find a smart card reader. (NoReadersAvailable)
2019.07.09 21:08:50.989 | TRC | 0 | 0 | start log
2019.07.09 21:08:58.621 | TRC | 0 | 2 | SmartCardReader：Ouch: Cannot find a smart card reader. (NoReadersAvailable)
2019.07.09 21:08:58.792 | TRC | 0 | 2 | DB initial count：1
2019.07.09 21:09:01.086 | TRC | 0 | 1 | SmartCardReader：Ouch: Cannot find a smart card reader. (NoReadersAvailable)
2019.07.09 21:09:03.562 | TRC | 0 | 1 | SmartCardReader：Ouch: Cannot find a smart card reader. (NoReadersAvailable)
2019.07.09 21:09:06.056 | TRC | 0 | 1 | SmartCardReader：Ouch: Cannot find a smart card reader. (NoReadersAvailable)
2019.07.09 21:09:08.557 | TRC | 0 | 1 | SmartCardReader：Ouch: Cannot find a smart card reader. (NoReadersAvailable)
2019.07.09 21:09:11.050 | TRC | 0 | 1 | SmartCardReader：Ouch: Cannot find a smart card reader. (NoReadersAvailable)
2019.07.09 21:09:13.567 | TRC | 0 | 1 | SmartCardReader：Ouch: Cannot find a smart card reader. (NoReadersAvailable)
2019.07.09 21:09:16.046 | TRC | 0 | 1 | SmartCardReader：Ouch: Cannot find a smart card reader. (NoReadersAvailable)
2019.07.09 21:09:18.583 | TRC | 0 | 1 | SmartCardReader：Ouch: Cannot find a smart card reader. (NoReadersAvailable)
2019.07.09 21:09:21.066 | TRC | 0 | 1 | SmartCardReader：Ouch: Cannot find a smart card reader. (NoReadersAvailable)
2019.07.09 21:09:23.562 | TRC | 0 | 1 | SmartCardReader：Ouch: Cannot find a smart card reader. (NoReadersAvailable)
2019.07.09 21:09:26.072 | TRC | 0 | 1 | SmartCardReader：Ouch: Cannot find a smart card reader. (NoReadersAvailable)
2019.07.09 21:09:28.588 | TRC | 0 | 1 | SmartCardReader：Ouch: Cannot find a smart card reader. (NoReadersAvailable)
2019.07.09 21:09:31.094 | TRC | 0 | 1 | SmartCardReader：Ouch: Cannot find a smart card reader. (NoReadersAvailable)
2019.07.09 21:09:33.562 | TRC | 0 | 1 | SmartCardReader：Ouch: Cannot find a smart card reader. (NoReadersAvailable)
2019.07.09 21:09:36.099 | TRC | 0 | 1 | SmartCardReader：Ouch: Cannot find a smart card reader. (NoReadersAvailable)
2019.07.09 21:09:38.606 | TRC | 0 | 2 | SmartCardReader：Ouch: Cannot find a smart card reader. (NoReadersAvailable)
2019.07.09 21:09:41.107 | TRC | 0 | 1 | SmartCardReader：Ouch: Cannot find a smart card reader. (NoReadersAvailable)
2019.07.09 21:09:43.609 | TRC | 0 | 1 | SmartCardReader：Ouch: Cannot find a smart card reader. (NoReadersAvailable)
2019.07.09 21:09:46.126 | TRC | 0 | 1 | SmartCardReader：Ouch: Cannot find a smart card reader. (NoReadersAvailable)
2019.07.09 21:09:48.678 | TRC | 0 | 2 | SmartCardReader：Ouch: Cannot find a smart card reader. (NoReadersAvailable)
2019.07.09 21:09:51.149 | TRC | 0 | 1 | SmartCardReader：Ouch: Cannot find a smart card reader. (NoReadersAvailable)
2019.07.09 21:09:53.651 | TRC | 0 | 1 | SmartCardReader：Ouch: Cannot find a smart card reader. (NoReadersAvailable)
2019.07.09 21:09:56.159 | TRC | 0 | 1 | SmartCardReader：Ouch: Cannot find a smart card reader. (NoReadersAvailable)
2019.07.09 21:09:58.683 | TRC | 0 | 1 | SmartCardReader：Ouch: Cannot find a smart card reader. (NoReadersAvailable)
2019.07.09 21:10:01.157 | TRC | 0 | 1 | SmartCardReader：Ouch: Cannot find a smart card reader. (NoReadersAvailable)
2019.07.09 21:10:03.691 | TRC | 0 | 2 | SmartCardReader：Ouch: Cannot find a smart card reader. (NoReadersAvailable)
2019.07.09 21:10:06.196 | TRC | 0 | 1 | SmartCardReader：Ouch: Cannot find a smart card reader. (NoReadersAvailable)
2019.07.09 21:10:08.772 | TRC | 0 | 2 | SmartCardReader：Ouch: Cannot find a smart card reader. (NoReadersAvailable)
2019.07.09 21:10:11.173 | TRC | 0 | 1 | SmartCardReader：Ouch: Cannot find a smart card reader. (NoReadersAvailable)
2019.07.09 21:10:13.698 | TRC | 0 | 1 | SmartCardReader：Ouch: Cannot find a smart card reader. (NoReadersAvailable)
2019.07.09 21:10:16.239 | TRC | 0 | 1 | SmartCardReader：Ouch: Cannot find a smart card reader. (NoReadersAvailable)
2019.07.09 21:10:17.165 | TRC | 0 | 0 | frmEmployeeBook：frmEmployeeBook_Load
2019.07.09 21:10:18.709 | TRC | 0 | 1 | SmartCardReader：Ouch: Cannot find a smart card reader. (NoReadersAvailable)
2019.07.09 21:10:21.233 | TRC | 0 | 1 | SmartCardReader：Ouch: Cannot find a smart card reader. (NoReadersAvailable)
2019.07.09 21:10:23.720 | TRC | 0 | 1 | SmartCardReader：Ouch: Cannot find a smart card reader. (NoReadersAvailable)
2019.07.09 21:10:24.720 | TRC | 0 | 0 | frmEmployeeBook：btnUpdate
2019.07.09 21:10:26.266 | TRC | 0 | 1 | SmartCardReader：Ouch: Cannot find a smart card reader. (NoReadersAvailable)
2019.07.09 21:10:28.758 | TRC | 0 | 2 | SmartCardReader：Ouch: Cannot find a smart card reader. (NoReadersAvailable)
2019.07.09 21:10:31.231 | TRC | 0 | 1 | SmartCardReader：Ouch: Cannot find a smart card reader. (NoReadersAvailable)
2019.07.09 21:10:33.767 | TRC | 0 | 1 | SmartCardReader：Ouch: Cannot find a smart card reader. (NoReadersAvailable)
2019.07.09 21:12:57.896 | TRC | 0 | 0 | start log
2019.07.09 21:13:00.289 | TRC | 0 | 2 | SmartCardReader：Ouch: Cannot find a smart card reader. (NoReadersAvailable)
2019.07.09 21:13:00.436 | TRC | 0 | 2 | DB initial count：1
2019.07.09 21:13:02.748 | TRC | 0 | 1 | SmartCardReader：Ouch: Cannot find a smart card reader. (NoReadersAvailable)
2019.07.09 21:13:03.987 | TRC | 0 | 0 | frmEmployeeBook：frmEmployeeBook_Load
2019.07.09 21:13:05.276 | TRC | 0 | 1 | SmartCardReader：Ouch: Cannot find a smart card reader. (NoReadersAvailable)
2019.07.09 21:13:07.509 | TRC | 0 | 0 | frmEmployeeBook：btnUpdate
2019.07.09 21:13:07.788 | TRC | 0 | 1 | SmartCardReader：Ouch: Cannot find a smart card reader. (NoReadersAvailable)
2019.07.09 21:13:22.794 | TRC | 0 | 1 | SmartCardReader：Ouch: Cannot find a smart card reader. (NoReadersAvailable)
2019.07.09 21:13:24.922 | TRC | 0 | 1 | SmartCardReader：Ouch: Cannot find a smart card reader. (NoReadersAvailable)
2019.07.09 21:39:56.465 | TRC | 0 | 0 | start log
2019.07.09 21:39:59.193 | TRC | 0 | 2 | SmartCardReader：Ouch: Cannot find a smart card reader. (NoReadersAvailable)
2019.07.09 21:39:59.273 | TRC | 0 | 2 | DB initial count：1
2019.07.09 21:40:01.686 | TRC | 0 | 1 | SmartCardReader：Ouch: Cannot find a smart card reader. (NoReadersAvailable)
2019.07.09 21:40:04.100 | TRC | 0 | 0 | frmEmployeeBook：frmEmployeeBook_Load
2019.07.09 21:40:04.173 | TRC | 0 | 1 | SmartCardReader：Ouch: Cannot find a smart card reader. (NoReadersAvailable)
2019.07.09 21:40:06.730 | TRC | 0 | 1 | SmartCardReader：Ouch: Cannot find a smart card reader. (NoReadersAvailable)
2019.07.09 21:40:06.769 | TRC | 0 | 0 | frmEmployeeBook：btnUpdate
2019.07.09 21:40:14.712 | TRC | 0 | 1 | SmartCardReader：Ouch: Cannot find a smart card reader. (NoReadersAvailable)
2019.07.09 21:40:17.234 | TRC | 0 | 1 | SmartCardReader：Ouch: Cannot find a smart card reader. (NoReadersAvailable)
2019.07.09 21:40:19.578 | TRC | 0 | 0 | frmEmployeeBook：btnUpdate
2019.07.09 21:40:19.716 | TRC | 0 | 1 | SmartCardReader：Ouch: Cannot find a smart card reader. (NoReadersAvailable)
2019.07.09 21:40:44.566 | TRC | 0 | 1 | SmartCardReader：Ouch: Cannot find a smart card reader. (NoReadersAvailable)
2019.07.09 21:40:44.991 | TRC | 0 | 1 | SmartCardReader：Ouch: Cannot find a smart card reader. (NoReadersAvailable)
2019.07.09 21:41:02.144 | TRC | 0 | 2 | SmartCardReader：Ouch: Cannot find a smart card reader. (NoReadersAvailable)
2019.07.09 21:43:54.798 | TRC | 0 | 4 | SmartCardReader：Ouch: Cannot find a smart card reader. (NoReadersAvailable)
2019.07.09 21:43:54.827 | TRC | 0 | 1 | SmartCardReader：Ouch: Cannot find a smart card reader. (NoReadersAvailable)
2019.07.09 21:43:57.276 | TRC | 0 | 1 | SmartCardReader：Ouch: Cannot find a smart card reader. (NoReadersAvailable)
2019.07.09 21:43:59.788 | TRC | 0 | 1 | SmartCardReader：Ouch: Cannot find a smart card reader. (NoReadersAvailable)
2019.07.09 21:44:02.286 | TRC | 0 | 1 | SmartCardReader：Ouch: Cannot find a smart card reader. (NoReadersAvailable)
2019.07.09 21:44:04.792 | TRC | 0 | 1 | SmartCardReader：Ouch: Cannot find a smart card reader. (NoReadersAvailable)
2019.07.09 21:44:07.279 | TRC | 0 | 1 | SmartCardReader：Ouch: Cannot find a smart card reader. (NoReadersAvailable)
2019.07.09 21:44:09.827 | TRC | 0 | 1 | SmartCardReader：Ouch: Cannot find a smart card reader. (NoReadersAvailable)
2019.07.09 21:44:12.309 | TRC | 0 | 1 | SmartCardReader：Ouch: Cannot find a smart card reader. (NoReadersAvailable)
2019.07.09 21:44:14.778 | TRC | 0 | 1 | SmartCardReader：Ouch: Cannot find a smart card reader. (NoReadersAvailable)
2019.07.09 21:44:17.308 | TRC | 0 | 1 | SmartCardReader：Ouch: Cannot find a smart card reader. (NoReadersAvailable)
2019.07.09 21:44:19.817 | TRC | 0 | 1 | SmartCardReader：Ouch: Cannot find a smart card reader. (NoReadersAvailable)
2019.07.09 21:44:22.295 | TRC | 0 | 1 | SmartCardReader：Ouch: Cannot find a smart card reader. (NoReadersAvailable)
2019.07.09 21:44:24.813 | TRC | 0 | 1 | SmartCardReader：Ouch: Cannot find a smart card reader. (NoReadersAvailable)
2019.07.09 21:44:27.323 | TRC | 0 | 1 | SmartCardReader：Ouch: Cannot find a smart card reader. (NoReadersAvailable)
2019.07.09 21:44:29.851 | TRC | 0 | 1 | SmartCardReader：Ouch: Cannot find a smart card reader. (NoReadersAvailable)
2019.07.09 21:44:32.356 | TRC | 0 | 1 | SmartCardReader：Ouch: Cannot find a smart card reader. (NoReadersAvailable)
2019.07.09 21:44:34.834 | TRC | 0 | 1 | SmartCardReader：Ouch: Cannot find a smart card reader. (NoReadersAvailable)
2019.07.09 21:44:37.351 | TRC | 0 | 1 | SmartCardReader：Ouch: Cannot find a smart card reader. (NoReadersAvailable)
2019.07.09 22:01:02.258 | TRC | 0 | 0 | start log
2019.07.09 22:01:05.132 | TRC | 0 | 2 | SmartCardReader：Ouch: Cannot find a smart card reader. (NoReadersAvailable)
2019.07.09 22:01:05.236 | TRC | 0 | 2 | DB initial count：1
2019.07.09 22:01:07.562 | TRC | 0 | 1 | SmartCardReader：Ouch: Cannot find a smart card reader. (NoReadersAvailable)
2019.07.09 22:01:10.092 | TRC | 0 | 1 | SmartCardReader：Ouch: Cannot find a smart card reader. (NoReadersAvailable)
2019.07.09 22:01:12.614 | TRC | 0 | 1 | SmartCardReader：Ouch: Cannot find a smart card reader. (NoReadersAvailable)
2019.07.09 22:01:15.120 | TRC | 0 | 1 | SmartCardReader：Ouch: Cannot find a smart card reader. (NoReadersAvailable)
2019.07.09 22:01:17.621 | TRC | 0 | 1 | SmartCardReader：Ouch: Cannot find a smart card reader. (NoReadersAvailable)
2019.07.09 22:01:20.077 | TRC | 0 | 1 | SmartCardReader：Ouch: Cannot find a smart card reader. (NoReadersAvailable)
2019.07.09 22:01:22.603 | TRC | 0 | 1 | SmartCardReader：Ouch: Cannot find a smart card reader. (NoReadersAvailable)
2019.07.09 22:01:25.123 | TRC | 0 | 1 | SmartCardReader：Ouch: Cannot find a smart card reader. (NoReadersAvailable)
2019.07.09 22:01:27.612 | TRC | 0 | 1 | SmartCardReader：Ouch: Cannot find a smart card reader. (NoReadersAvailable)
2019.07.09 22:01:30.125 | TRC | 0 | 1 | SmartCardReader：Ouch: Cannot find a smart card reader. (NoReadersAvailable)
2019.07.09 22:01:32.628 | TRC | 0 | 1 | SmartCardReader：Ouch: Cannot find a smart card reader. (NoReadersAvailable)
2019.07.09 22:01:35.144 | TRC | 0 | 1 | SmartCardReader：Ouch: Cannot find a smart card reader. (NoReadersAvailable)
2019.07.09 22:01:37.636 | TRC | 0 | 1 | SmartCardReader：Ouch: Cannot find a smart card reader. (NoReadersAvailable)
2019.07.09 22:01:40.133 | TRC | 0 | 1 | SmartCardReader：Ouch: Cannot find a smart card reader. (NoReadersAvailable)
2019.07.09 22:01:42.638 | TRC | 0 | 1 | SmartCardReader：Ouch: Cannot find a smart card reader. (NoReadersAvailable)
2019.07.09 22:01:45.143 | TRC | 0 | 1 | SmartCardReader：Ouch: Cannot find a smart card reader. (NoReadersAvailable)
2019.07.09 22:01:47.648 | TRC | 0 | 1 | SmartCardReader：Ouch: Cannot find a smart card reader. (NoReadersAvailable)
2019.07.09 22:01:50.155 | TRC | 0 | 1 | SmartCardReader：Ouch: Cannot find a smart card reader. (NoReadersAvailable)
2019.07.09 22:01:52.661 | TRC | 0 | 1 | SmartCardReader：Ouch: Cannot find a smart card reader. (NoReadersAvailable)
2019.07.09 22:01:55.174 | TRC | 0 | 1 | SmartCardReader：Ouch: Cannot find a smart card reader. (NoReadersAvailable)
2019.07.09 22:01:57.655 | TRC | 0 | 1 | SmartCardReader：Ouch: Cannot find a smart card reader. (NoReadersAvailable)
2019.07.09 22:02:00.177 | TRC | 0 | 1 | SmartCardReader：Ouch: Cannot find a smart card reader. (NoReadersAvailable)
2019.07.09 22:02:02.681 | TRC | 0 | 1 | SmartCardReader：Ouch: Cannot find a smart card reader. (NoReadersAvailable)
2019.07.09 22:02:05.193 | TRC | 0 | 1 | SmartCardReader：Ouch: Cannot find a smart card reader. (NoReadersAvailable)
2019.07.09 22:02:07.696 | TRC | 0 | 1 | SmartCardReader：Ouch: Cannot find a smart card reader. (NoReadersAvailable)
2019.07.09 22:02:10.191 | TRC | 0 | 1 | SmartCardReader：Ouch: Cannot find a smart card reader. (NoReadersAvailable)
2019.07.09 22:02:12.676 | TRC | 0 | 1 | SmartCardReader：Ouch: Cannot find a smart card reader. (NoReadersAvailable)
2019.07.09 22:02:15.196 | TRC | 0 | 1 | SmartCardReader：Ouch: Cannot find a smart card reader. (NoReadersAvailable)
2019.07.09 22:02:17.671 | TRC | 0 | 1 | SmartCardReader：Ouch: Cannot find a smart card reader. (NoReadersAvailable)
2019.07.09 22:02:20.198 | TRC | 0 | 1 | SmartCardReader：Ouch: Cannot find a smart card reader. (NoReadersAvailable)
2019.07.09 22:02:22.714 | TRC | 0 | 1 | SmartCardReader：Ouch: Cannot find a smart card reader. (NoReadersAvailable)
2019.07.09 22:02:25.189 | TRC | 0 | 1 | SmartCardReader：Ouch: Cannot find a smart card reader. (NoReadersAvailable)
2019.07.09 22:02:27.705 | TRC | 0 | 1 | SmartCardReader：Ouch: Cannot find a smart card reader. (NoReadersAvailable)
2019.07.09 22:02:30.201 | TRC | 0 | 1 | SmartCardReader：Ouch: Cannot find a smart card reader. (NoReadersAvailable)
2019.07.09 22:02:32.722 | TRC | 0 | 1 | SmartCardReader：Ouch: Cannot find a smart card reader. (NoReadersAvailable)
2019.07.09 22:02:35.226 | TRC | 0 | 1 | SmartCardReader：Ouch: Cannot find a smart card reader. (NoReadersAvailable)
2019.07.09 22:02:37.726 | TRC | 0 | 1 | SmartCardReader：Ouch: Cannot find a smart card reader. (NoReadersAvailable)
2019.07.09 22:02:40.240 | TRC | 0 | 1 | SmartCardReader：Ouch: Cannot find a smart card reader. (NoReadersAvailable)
2019.07.09 22:02:42.716 | TRC | 0 | 1 | SmartCardReader：Ouch: Cannot find a smart card reader. (NoReadersAvailable)
2019.07.09 22:02:45.229 | TRC | 0 | 1 | SmartCardReader：Ouch: Cannot find a smart card reader. (NoReadersAvailable)
2019.07.09 22:02:47.756 | TRC | 0 | 1 | SmartCardReader：Ouch: Cannot find a smart card reader. (NoReadersAvailable)
2019.07.09 22:02:50.234 | TRC | 0 | 1 | SmartCardReader：Ouch: Cannot find a smart card reader. (NoReadersAvailable)
2019.07.09 22:02:52.761 | TRC | 0 | 1 | SmartCardReader：Ouch: Cannot find a smart card reader. (NoReadersAvailable)
2019.07.09 22:02:55.261 | TRC | 0 | 1 | SmartCardReader：Ouch: Cannot find a smart card reader. (NoReadersAvailable)
2019.07.09 22:02:58.451 | TRC | 0 | 1 | SmartCardReader：Ouch: Cannot find a smart card reader. (NoReadersAvailable)
2019.07.09 22:03:00.280 | TRC | 0 | 1 | SmartCardReader：Ouch: Cannot find a smart card reader. (NoReadersAvailable)
2019.07.09 22:03:02.771 | TRC | 0 | 1 | SmartCardReader：Ouch: Cannot find a smart card reader. (NoReadersAvailable)
2019.07.09 22:03:05.284 | TRC | 0 | 1 | SmartCardReader：Ouch: Cannot find a smart card reader. (NoReadersAvailable)
2019.07.09 22:03:07.780 | TRC | 0 | 1 | SmartCardReader：Ouch: Cannot find a smart card reader. (NoReadersAvailable)
2019.07.09 22:03:10.305 | TRC | 0 | 1 | SmartCardReader：Ouch: Cannot find a smart card reader. (NoReadersAvailable)
2019.07.09 22:03:12.777 | TRC | 0 | 1 | SmartCardReader：Ouch: Cannot find a smart card reader. (NoReadersAvailable)
2019.07.09 22:03:15.279 | TRC | 0 | 1 | SmartCardReader：Ouch: Cannot find a smart card reader. (NoReadersAvailable)
2019.07.09 22:03:17.782 | TRC | 0 | 1 | SmartCardReader：Ouch: Cannot find a smart card reader. (NoReadersAvailable)
2019.07.09 22:03:20.290 | TRC | 0 | 1 | SmartCardReader：Ouch: Cannot find a smart card reader. (NoReadersAvailable)
2019.07.09 22:03:22.795 | TRC | 0 | 1 | SmartCardReader：Ouch: Cannot find a smart card reader. (NoReadersAvailable)
2019.07.09 22:03:25.308 | TRC | 0 | 1 | SmartCardReader：Ouch: Cannot find a smart card reader. (NoReadersAvailable)
2019.07.09 22:03:27.809 | TRC | 0 | 1 | SmartCardReader：Ouch: Cannot find a smart card reader. (NoReadersAvailable)
2019.07.09 22:03:30.307 | TRC | 0 | 1 | SmartCardReader：Ouch: Cannot find a smart card reader. (NoReadersAvailable)
2019.07.09 22:03:32.809 | TRC | 0 | 1 | SmartCardReader：Ouch: Cannot find a smart card reader. (NoReadersAvailable)
2019.07.09 22:03:35.322 | TRC | 0 | 1 | SmartCardReader：Ouch: Cannot find a smart card reader. (NoReadersAvailable)
2019.07.09 22:03:37.845 | TRC | 0 | 1 | SmartCardReader：Ouch: Cannot find a smart card reader. (NoReadersAvailable)
2019.07.09 22:03:40.348 | TRC | 0 | 1 | SmartCardReader：Ouch: Cannot find a smart card reader. (NoReadersAvailable)
2019.07.09 22:03:42.865 | TRC | 0 | 1 | SmartCardReader：Ouch: Cannot find a smart card reader. (NoReadersAvailable)
2019.07.09 22:03:45.356 | TRC | 0 | 1 | SmartCardReader：Ouch: Cannot find a smart card reader. (NoReadersAvailable)
2019.07.09 22:03:47.903 | TRC | 0 | 1 | SmartCardReader：Ouch: Cannot find a smart card reader. (NoReadersAvailable)
2019.07.09 22:03:50.345 | TRC | 0 | 1 | SmartCardReader：Ouch: Cannot find a smart card reader. (NoReadersAvailable)
2019.07.09 22:03:52.856 | TRC | 0 | 1 | SmartCardReader：Ouch: Cannot find a smart card reader. (NoReadersAvailable)
2019.07.09 22:03:55.379 | TRC | 0 | 1 | SmartCardReader：Ouch: Cannot find a smart card reader. (NoReadersAvailable)
2019.07.09 22:03:57.880 | TRC | 0 | 1 | SmartCardReader：Ouch: Cannot find a smart card reader. (NoReadersAvailable)
2019.07.09 22:04:00.395 | TRC | 0 | 1 | SmartCardReader：Ouch: Cannot find a smart card reader. (NoReadersAvailable)
2019.07.09 22:04:02.875 | TRC | 0 | 1 | SmartCardReader：Ouch: Cannot find a smart card reader. (NoReadersAvailable)
2019.07.09 22:04:05.396 | TRC | 0 | 1 | SmartCardReader：Ouch: Cannot find a smart card reader. (NoReadersAvailable)
2019.07.09 22:04:07.889 | TRC | 0 | 1 | SmartCardReader：Ouch: Cannot find a smart card reader. (NoReadersAvailable)
2019.07.09 22:04:10.414 | TRC | 0 | 1 | SmartCardReader：Ouch: Cannot find a smart card reader. (NoReadersAvailable)
2019.07.09 22:04:12.934 | TRC | 0 | 1 | SmartCardReader：Ouch: Cannot find a smart card reader. (NoReadersAvailable)
2019.07.09 22:04:15.431 | TRC | 0 | 1 | SmartCardReader：Ouch: Cannot find a smart card reader. (NoReadersAvailable)
2019.07.09 22:04:17.908 | TRC | 0 | 1 | SmartCardReader：Ouch: Cannot find a smart card reader. (NoReadersAvailable)
2019.07.09 22:04:20.418 | TRC | 0 | 1 | SmartCardReader：Ouch: Cannot find a smart card reader. (NoReadersAvailable)
2019.07.09 22:04:22.922 | TRC | 0 | 1 | SmartCardReader：Ouch: Cannot find a smart card reader. (NoReadersAvailable)
2019.07.09 22:04:25.420 | TRC | 0 | 1 | SmartCardReader：Ouch: Cannot find a smart card reader. (NoReadersAvailable)
2019.07.09 22:04:27.951 | TRC | 0 | 1 | SmartCardReader：Ouch: Cannot find a smart card reader. (NoReadersAvailable)
2019.07.09 22:04:30.422 | TRC | 0 | 1 | SmartCardReader：Ouch: Cannot find a smart card reader. (NoReadersAvailable)
2019.07.09 22:04:32.938 | TRC | 0 | 1 | SmartCardReader：Ouch: Cannot find a smart card reader. (NoReadersAvailable)
2019.07.09 22:04:35.477 | TRC | 0 | 1 | SmartCardReader：Ouch: Cannot find a smart card reader. (NoReadersAvailable)
2019.07.09 22:04:37.950 | TRC | 0 | 1 | SmartCardReader：Ouch: Cannot find a smart card reader. (NoReadersAvailable)
2019.07.09 22:04:40.468 | TRC | 0 | 1 | SmartCardReader：Ouch: Cannot find a smart card reader. (NoReadersAvailable)
2019.07.09 22:04:42.988 | TRC | 0 | 1 | SmartCardReader：Ouch: Cannot find a smart card reader. (NoReadersAvailable)
2019.07.09 22:04:45.468 | TRC | 0 | 1 | SmartCardReader：Ouch: Cannot find a smart card reader. (NoReadersAvailable)
2019.07.09 22:04:47.970 | TRC | 0 | 1 | SmartCardReader：Ouch: Cannot find a smart card reader. (NoReadersAvailable)
2019.07.09 22:04:50.471 | TRC | 0 | 1 | SmartCardReader：Ouch: Cannot find a smart card reader. (NoReadersAvailable)
2019.07.09 22:04:52.983 | TRC | 0 | 1 | SmartCardReader：Ouch: Cannot find a smart card reader. (NoReadersAvailable)
2019.07.09 22:04:55.482 | TRC | 0 | 1 | SmartCardReader：Ouch: Cannot find a smart card reader. (NoReadersAvailable)
2019.07.09 22:04:57.993 | TRC | 0 | 1 | SmartCardReader：Ouch: Cannot find a smart card reader. (NoReadersAvailable)
2019.07.09 22:05:00.515 | TRC | 0 | 1 | SmartCardReader：Ouch: Cannot find a smart card reader. (NoReadersAvailable)
2019.07.09 22:05:02.998 | TRC | 0 | 1 | SmartCardReader：Ouch: Cannot find a smart card reader. (NoReadersAvailable)
2019.07.09 22:05:05.544 | TRC | 0 | 1 | SmartCardReader：Ouch: Cannot find a smart card reader. (NoReadersAvailable)
2019.07.09 22:05:08.010 | TRC | 0 | 1 | SmartCardReader：Ouch: Cannot find a smart card reader. (NoReadersAvailable)
2019.07.09 22:05:10.512 | TRC | 0 | 1 | SmartCardReader：Ouch: Cannot find a smart card reader. (NoReadersAvailable)
2019.07.09 22:05:13.037 | TRC | 0 | 1 | SmartCardReader：Ouch: Cannot find a smart card reader. (NoReadersAvailable)
2019.07.09 22:05:15.524 | TRC | 0 | 1 | SmartCardReader：Ouch: Cannot find a smart card reader. (NoReadersAvailable)
2019.07.09 22:05:18.026 | TRC | 0 | 1 | SmartCardReader：Ouch: Cannot find a smart card reader. (NoReadersAvailable)
2019.07.09 22:05:20.529 | TRC | 0 | 1 | SmartCardReader：Ouch: Cannot find a smart card reader. (NoReadersAvailable)
2019.07.09 22:05:23.063 | TRC | 0 | 1 | SmartCardReader：Ouch: Cannot find a smart card reader. (NoReadersAvailable)
2019.07.09 22:05:25.541 | TRC | 0 | 1 | SmartCardReader：Ouch: Cannot find a smart card reader. (NoReadersAvailable)
2019.07.09 22:05:28.080 | TRC | 0 | 1 | SmartCardReader：Ouch: Cannot find a smart card reader. (NoReadersAvailable)
2019.07.09 22:05:30.560 | TRC | 0 | 1 | SmartCardReader：Ouch: Cannot find a smart card reader. (NoReadersAvailable)
2019.07.09 22:05:33.070 | TRC | 0 | 1 | SmartCardReader：Ouch: Cannot find a smart card reader. (NoReadersAvailable)
2019.07.09 22:05:35.547 | TRC | 0 | 1 | SmartCardReader：Ouch: Cannot find a smart card reader. (NoReadersAvailable)
2019.07.09 22:05:38.077 | TRC | 0 | 1 | SmartCardReader：Ouch: Cannot find a smart card reader. (NoReadersAvailable)
2019.07.09 22:05:41.141 | TRC | 0 | 1 | SmartCardReader：Ouch: Cannot find a smart card reader. (NoReadersAvailable)
2019.07.09 22:05:43.088 | TRC | 0 | 1 | SmartCardReader：Ouch: Cannot find a smart card reader. (NoReadersAvailable)
2019.07.09 22:05:45.600 | TRC | 0 | 1 | SmartCardReader：Ouch: Cannot find a smart card reader. (NoReadersAvailable)
2019.07.09 22:05:48.083 | TRC | 0 | 1 | SmartCardReader：Ouch: Cannot find a smart card reader. (NoReadersAvailable)
2019.07.09 22:05:50.575 | TRC | 0 | 1 | SmartCardReader：Ouch: Cannot find a smart card reader. (NoReadersAvailable)
2019.07.09 22:05:53.109 | TRC | 0 | 1 | SmartCardReader：Ouch: Cannot find a smart card reader. (NoReadersAvailable)
2019.07.09 22:05:55.622 | TRC | 0 | 1 | SmartCardReader：Ouch: Cannot find a smart card reader. (NoReadersAvailable)
2019.07.09 22:05:58.081 | TRC | 0 | 1 | SmartCardReader：Ouch: Cannot find a smart card reader. (NoReadersAvailable)
2019.07.09 22:06:00.596 | TRC | 0 | 1 | SmartCardReader：Ouch: Cannot find a smart card reader. (NoReadersAvailable)
2019.07.09 22:06:03.147 | TRC | 0 | 1 | SmartCardReader：Ouch: Cannot find a smart card reader. (NoReadersAvailable)
2019.07.09 22:06:05.611 | TRC | 0 | 1 | SmartCardReader：Ouch: Cannot find a smart card reader. (NoReadersAvailable)
2019.07.09 22:09:32.099 | TRC | 0 | 0 | start log
2019.07.09 22:09:34.957 | TRC | 0 | 2 | SmartCardReader：Ouch: Cannot find a smart card reader. (NoReadersAvailable)
2019.07.09 22:09:35.045 | TRC | 0 | 2 | DB initial count：1
2019.07.09 22:09:37.386 | TRC | 0 | 1 | SmartCardReader：Ouch: Cannot find a smart card reader. (NoReadersAvailable)
2019.07.09 22:09:37.846 | TRC | 0 | 0 | 學生通訊錄：frmStudentBook_Load
2019.07.09 22:09:39.901 | TRC | 0 | 1 | SmartCardReader：Ouch: Cannot find a smart card reader. (NoReadersAvailable)
2019.07.09 22:09:42.376 | TRC | 0 | 1 | SmartCardReader：Ouch: Cannot find a smart card reader. (NoReadersAvailable)
2019.07.09 22:09:44.938 | TRC | 0 | 1 | SmartCardReader：Ouch: Cannot find a smart card reader. (NoReadersAvailable)
2019.07.09 22:09:47.422 | TRC | 0 | 1 | SmartCardReader：Ouch: Cannot find a smart card reader. (NoReadersAvailable)
2019.07.09 22:09:49.925 | TRC | 0 | 1 | SmartCardReader：Ouch: Cannot find a smart card reader. (NoReadersAvailable)
2019.07.09 22:09:52.559 | TRC | 0 | 1 | SmartCardReader：Ouch: Cannot find a smart card reader. (NoReadersAvailable)
2019.07.09 22:09:54.944 | TRC | 0 | 1 | SmartCardReader：Ouch: Cannot find a smart card reader. (NoReadersAvailable)
2019.07.09 22:09:57.473 | TRC | 0 | 1 | SmartCardReader：Ouch: Cannot find a smart card reader. (NoReadersAvailable)
2019.07.09 22:09:59.978 | TRC | 0 | 1 | SmartCardReader：Ouch: Cannot find a smart card reader. (NoReadersAvailable)
2019.07.09 22:10:02.516 | TRC | 0 | 1 | SmartCardReader：Ouch: Cannot find a smart card reader. (NoReadersAvailable)
2019.07.09 22:10:05.017 | TRC | 0 | 1 | SmartCardReader：Ouch: Cannot find a smart card reader. (NoReadersAvailable)
2019.07.09 22:10:07.537 | TRC | 0 | 1 | SmartCardReader：Ouch: Cannot find a smart card reader. (NoReadersAvailable)
2019.07.09 22:10:10.030 | TRC | 0 | 1 | SmartCardReader：Ouch: Cannot find a smart card reader. (NoReadersAvailable)
2019.07.09 22:10:12.545 | TRC | 0 | 1 | SmartCardReader：Ouch: Cannot find a smart card reader. (NoReadersAvailable)
2019.07.09 22:10:15.021 | TRC | 0 | 1 | SmartCardReader：Ouch: Cannot find a smart card reader. (NoReadersAvailable)
2019.07.09 22:10:17.555 | TRC | 0 | 1 | SmartCardReader：Ouch: Cannot find a smart card reader. (NoReadersAvailable)
2019.07.09 22:10:20.018 | TRC | 0 | 1 | SmartCardReader：Ouch: Cannot find a smart card reader. (NoReadersAvailable)
2019.07.09 22:10:22.553 | TRC | 0 | 1 | SmartCardReader：Ouch: Cannot find a smart card reader. (NoReadersAvailable)
2019.07.09 22:10:25.033 | TRC | 0 | 1 | SmartCardReader：Ouch: Cannot find a smart card reader. (NoReadersAvailable)
2019.07.09 22:10:27.551 | TRC | 0 | 1 | SmartCardReader：Ouch: Cannot find a smart card reader. (NoReadersAvailable)
2019.07.09 22:10:30.039 | TRC | 0 | 1 | SmartCardReader：Ouch: Cannot find a smart card reader. (NoReadersAvailable)
2019.07.09 22:10:32.561 | TRC | 0 | 1 | SmartCardReader：Ouch: Cannot find a smart card reader. (NoReadersAvailable)
2019.07.09 22:16:09.208 | TRC | 0 | 0 | start log
2019.07.09 22:16:11.706 | TRC | 0 | 2 | SmartCardReader：Ouch: Cannot find a smart card reader. (NoReadersAvailable)
2019.07.09 22:16:11.774 | TRC | 0 | 2 | DB initial count：1
2019.07.09 22:16:14.196 | TRC | 0 | 1 | SmartCardReader：Ouch: Cannot find a smart card reader. (NoReadersAvailable)
2019.07.09 22:16:16.695 | TRC | 0 | 1 | SmartCardReader：Ouch: Cannot find a smart card reader. (NoReadersAvailable)
2019.07.09 22:16:19.212 | TRC | 0 | 1 | SmartCardReader：Ouch: Cannot find a smart card reader. (NoReadersAvailable)
2019.07.09 22:16:19.495 | TRC | 0 | 0 | 學生通訊錄：frmStudentBook_Load
2019.07.09 22:16:21.707 | TRC | 0 | 1 | SmartCardReader：Ouch: Cannot find a smart card reader. (NoReadersAvailable)
2019.07.09 22:16:24.225 | TRC | 0 | 1 | SmartCardReader：Ouch: Cannot find a smart card reader. (NoReadersAvailable)
2019.07.09 22:16:26.720 | TRC | 0 | 1 | SmartCardReader：Ouch: Cannot find a smart card reader. (NoReadersAvailable)
2019.07.09 22:16:29.244 | TRC | 0 | 1 | SmartCardReader：Ouch: Cannot find a smart card reader. (NoReadersAvailable)
2019.07.09 22:18:04.735 | TRC | 0 | 0 | start log
2019.07.09 22:18:07.209 | TRC | 0 | 2 | SmartCardReader：Ouch: Cannot find a smart card reader. (NoReadersAvailable)
2019.07.09 22:18:07.288 | TRC | 0 | 2 | DB initial count：1
2019.07.09 22:18:09.684 | TRC | 0 | 1 | SmartCardReader：Ouch: Cannot find a smart card reader. (NoReadersAvailable)
2019.07.09 22:18:10.040 | TRC | 0 | 0 | 學生通訊錄：frmStudentBook_Load
2019.07.09 22:18:12.183 | TRC | 0 | 1 | SmartCardReader：Ouch: Cannot find a smart card reader. (NoReadersAvailable)
2019.07.09 22:18:14.714 | TRC | 0 | 1 | SmartCardReader：Ouch: Cannot find a smart card reader. (NoReadersAvailable)
2019.07.09 22:18:17.218 | TRC | 0 | 1 | SmartCardReader：Ouch: Cannot find a smart card reader. (NoReadersAvailable)
2019.07.09 22:18:19.709 | TRC | 0 | 1 | SmartCardReader：Ouch: Cannot find a smart card reader. (NoReadersAvailable)
2019.07.09 22:18:20.447 | TRC | 0 | 0 | 學生通訊錄：btnUpdate
2019.07.09 22:18:22.235 | TRC | 0 | 1 | SmartCardReader：Ouch: Cannot find a smart card reader. (NoReadersAvailable)
2019.07.09 22:18:24.706 | TRC | 0 | 1 | SmartCardReader：Ouch: Cannot find a smart card reader. (NoReadersAvailable)
2019.07.09 22:18:27.235 | TRC | 0 | 1 | SmartCardReader：Ouch: Cannot find a smart card reader. (NoReadersAvailable)
2019.07.09 22:18:29.721 | TRC | 0 | 1 | SmartCardReader：Ouch: Cannot find a smart card reader. (NoReadersAvailable)
2019.07.09 22:18:32.254 | TRC | 0 | 1 | SmartCardReader：Ouch: Cannot find a smart card reader. (NoReadersAvailable)
2019.07.09 22:18:34.731 | TRC | 0 | 1 | SmartCardReader：Ouch: Cannot find a smart card reader. (NoReadersAvailable)
2019.07.09 22:18:37.253 | TRC | 0 | 1 | SmartCardReader：Ouch: Cannot find a smart card reader. (NoReadersAvailable)
2019.07.09 22:18:39.762 | TRC | 0 | 1 | SmartCardReader：Ouch: Cannot find a smart card reader. (NoReadersAvailable)
2019.07.09 22:18:42.269 | TRC | 0 | 1 | SmartCardReader：Ouch: Cannot find a smart card reader. (NoReadersAvailable)
2019.07.09 22:18:44.777 | TRC | 0 | 1 | SmartCardReader：Ouch: Cannot find a smart card reader. (NoReadersAvailable)
2019.07.09 22:18:47.283 | TRC | 0 | 1 | SmartCardReader：Ouch: Cannot find a smart card reader. (NoReadersAvailable)
2019.07.09 22:18:49.249 | TRC | 0 | 0 | frmEmployeeBook：frmEmployeeBook_Load
2019.07.09 22:18:49.761 | TRC | 0 | 1 | SmartCardReader：Ouch: Cannot find a smart card reader. (NoReadersAvailable)
2019.07.09 22:18:52.302 | TRC | 0 | 1 | SmartCardReader：Ouch: Cannot find a smart card reader. (NoReadersAvailable)
2019.07.09 22:18:54.785 | TRC | 0 | 1 | SmartCardReader：Ouch: Cannot find a smart card reader. (NoReadersAvailable)
2019.07.09 22:18:57.307 | TRC | 0 | 1 | SmartCardReader：Ouch: Cannot find a smart card reader. (NoReadersAvailable)
2019.07.09 22:18:59.815 | TRC | 0 | 1 | SmartCardReader：Ouch: Cannot find a smart card reader. (NoReadersAvailable)
2019.07.09 22:19:01.799 | TRC | 0 | 0 | frmEmployeeBook：btnUpdate
2019.07.09 22:19:02.314 | TRC | 0 | 1 | SmartCardReader：Ouch: Cannot find a smart card reader. (NoReadersAvailable)
2019.07.09 22:19:04.836 | TRC | 0 | 1 | SmartCardReader：Ouch: Cannot find a smart card reader. (NoReadersAvailable)
2019.07.09 22:19:07.330 | TRC | 0 | 1 | SmartCardReader：Ouch: Cannot find a smart card reader. (NoReadersAvailable)
2019.07.09 22:19:09.858 | TRC | 0 | 1 | SmartCardReader：Ouch: Cannot find a smart card reader. (NoReadersAvailable)
2019.07.09 22:19:12.357 | TRC | 0 | 1 | SmartCardReader：Ouch: Cannot find a smart card reader. (NoReadersAvailable)
2019.07.09 22:19:14.839 | TRC | 0 | 1 | SmartCardReader：Ouch: Cannot find a smart card reader. (NoReadersAvailable)
2019.07.09 22:55:58.326 | TRC | 0 | 0 | start log
2019.07.09 22:56:00.779 | TRC | 0 | 2 | SmartCardReader：Ouch: Cannot find a smart card reader. (NoReadersAvailable)
2019.07.09 22:56:00.871 | TRC | 0 | 2 | DB initial count：1
2019.07.09 22:56:03.254 | TRC | 0 | 1 | SmartCardReader：Ouch: Cannot find a smart card reader. (NoReadersAvailable)
2019.07.09 22:56:05.527 | TRC | 0 | 0 | frmEmployeeBook：frmEmployeeBook_Load
2019.07.09 22:56:05.750 | TRC | 0 | 1 | SmartCardReader：Ouch: Cannot find a smart card reader. (NoReadersAvailable)
2019.07.09 22:56:08.250 | TRC | 0 | 1 | SmartCardReader：Ouch: Cannot find a smart card reader. (NoReadersAvailable)
2019.07.09 22:56:10.770 | TRC | 0 | 1 | SmartCardReader：Ouch: Cannot find a smart card reader. (NoReadersAvailable)
2019.07.09 22:56:13.361 | TRC | 0 | 1 | SmartCardReader：Ouch: Cannot find a smart card reader. (NoReadersAvailable)
2019.07.09 22:56:37.177 | TRC | 0 | 0 | start log
2019.07.09 22:56:39.218 | TRC | 0 | 2 | SmartCardReader：Ouch: Cannot find a smart card reader. (NoReadersAvailable)
2019.07.09 22:56:39.291 | TRC | 0 | 2 | DB initial count：1
2019.07.09 22:56:41.693 | TRC | 0 | 1 | SmartCardReader：Ouch: Cannot find a smart card reader. (NoReadersAvailable)
2019.07.09 22:56:44.220 | TRC | 0 | 1 | SmartCardReader：Ouch: Cannot find a smart card reader. (NoReadersAvailable)
2019.07.09 22:56:46.705 | TRC | 0 | 1 | SmartCardReader：Ouch: Cannot find a smart card reader. (NoReadersAvailable)
2019.07.09 22:56:47.936 | TRC | 0 | 0 | 學生通訊錄：frmStudentBook_Load
2019.07.09 22:56:49.224 | TRC | 0 | 1 | SmartCardReader：Ouch: Cannot find a smart card reader. (NoReadersAvailable)
2019.07.09 22:56:51.721 | TRC | 0 | 1 | SmartCardReader：Ouch: Cannot find a smart card reader. (NoReadersAvailable)
2019.07.09 22:56:54.206 | TRC | 0 | 1 | SmartCardReader：Ouch: Cannot find a smart card reader. (NoReadersAvailable)
2019.07.09 22:56:55.428 | TRC | 0 | 0 | frmEmployeeBook：frmEmployeeBook_Load
2019.07.09 22:56:56.735 | TRC | 0 | 1 | SmartCardReader：Ouch: Cannot find a smart card reader. (NoReadersAvailable)
2019.07.09 22:56:59.258 | TRC | 0 | 1 | SmartCardReader：Ouch: Cannot find a smart card reader. (NoReadersAvailable)
2019.07.09 22:57:01.755 | TRC | 0 | 1 | SmartCardReader：Ouch: Cannot find a smart card reader. (NoReadersAvailable)
2019.07.09 22:57:04.273 | TRC | 0 | 1 | SmartCardReader：Ouch: Cannot find a smart card reader. (NoReadersAvailable)
2019.07.09 22:57:06.788 | TRC | 0 | 1 | SmartCardReader：Ouch: Cannot find a smart card reader. (NoReadersAvailable)
2019.07.09 22:57:09.284 | TRC | 0 | 1 | SmartCardReader：Ouch: Cannot find a smart card reader. (NoReadersAvailable)
2019.07.09 22:57:11.765 | TRC | 0 | 1 | SmartCardReader：Ouch: Cannot find a smart card reader. (NoReadersAvailable)
2019.07.09 22:57:14.295 | TRC | 0 | 1 | SmartCardReader：Ouch: Cannot find a smart card reader. (NoReadersAvailable)
2019.07.09 22:57:16.796 | TRC | 0 | 1 | SmartCardReader：Ouch: Cannot find a smart card reader. (NoReadersAvailable)
2019.07.09 22:57:19.284 | TRC | 0 | 1 | SmartCardReader：Ouch: Cannot find a smart card reader. (NoReadersAvailable)
2019.07.09 22:57:21.793 | TRC | 0 | 1 | SmartCardReader：Ouch: Cannot find a smart card reader. (NoReadersAvailable)
2019.07.09 22:57:24.287 | TRC | 0 | 1 | SmartCardReader：Ouch: Cannot find a smart card reader. (NoReadersAvailable)
2019.07.09 22:57:26.802 | TRC | 0 | 1 | SmartCardReader：Ouch: Cannot find a smart card reader. (NoReadersAvailable)
2019.07.09 22:57:29.302 | TRC | 0 | 1 | SmartCardReader：Ouch: Cannot find a smart card reader. (NoReadersAvailable)
2019.07.09 22:57:31.797 | TRC | 0 | 1 | SmartCardReader：Ouch: Cannot find a smart card reader. (NoReadersAvailable)
2019.07.09 22:57:34.319 | TRC | 0 | 1 | SmartCardReader：Ouch: Cannot find a smart card reader. (NoReadersAvailable)
2019.07.09 22:57:36.823 | TRC | 0 | 2 | SmartCardReader：Ouch: Cannot find a smart card reader. (NoReadersAvailable)
2019.07.09 22:57:39.311 | TRC | 0 | 1 | SmartCardReader：Ouch: Cannot find a smart card reader. (NoReadersAvailable)
2019.07.09 22:57:41.820 | TRC | 0 | 1 | SmartCardReader：Ouch: Cannot find a smart card reader. (NoReadersAvailable)
2019.07.09 22:57:44.317 | TRC | 0 | 1 | SmartCardReader：Ouch: Cannot find a smart card reader. (NoReadersAvailable)
2019.07.09 22:57:57.274 | TRC | 0 | 0 | start log
2019.07.09 22:57:59.067 | TRC | 0 | 2 | SmartCardReader：Ouch: Cannot find a smart card reader. (NoReadersAvailable)
2019.07.09 22:57:59.154 | TRC | 0 | 2 | DB initial count：1
2019.07.09 22:58:01.552 | TRC | 0 | 1 | SmartCardReader：Ouch: Cannot find a smart card reader. (NoReadersAvailable)
2019.07.09 22:58:03.215 | TRC | 0 | 0 | frmEmployeeBook：frmEmployeeBook_Load
2019.07.09 22:58:04.049 | TRC | 0 | 1 | SmartCardReader：Ouch: Cannot find a smart card reader. (NoReadersAvailable)
2019.07.09 22:58:06.602 | TRC | 0 | 1 | SmartCardReader：Ouch: Cannot find a smart card reader. (NoReadersAvailable)
2019.07.09 22:58:09.093 | TRC | 0 | 1 | SmartCardReader：Ouch: Cannot find a smart card reader. (NoReadersAvailable)
2019.07.09 22:58:11.589 | TRC | 0 | 1 | SmartCardReader：Ouch: Cannot find a smart card reader. (NoReadersAvailable)
2019.07.09 22:58:14.099 | TRC | 0 | 1 | SmartCardReader：Ouch: Cannot find a smart card reader. (NoReadersAvailable)
2019.07.09 22:58:16.613 | TRC | 0 | 1 | SmartCardReader：Ouch: Cannot find a smart card reader. (NoReadersAvailable)
2019.07.09 22:58:19.115 | TRC | 0 | 1 | SmartCardReader：Ouch: Cannot find a smart card reader. (NoReadersAvailable)
2019.07.09 23:05:17.371 | TRC | 0 | 0 | start log
2019.07.09 23:05:19.090 | TRC | 0 | 2 | SmartCardReader：Ouch: Cannot find a smart card reader. (NoReadersAvailable)
2019.07.09 23:05:19.176 | TRC | 0 | 2 | DB initial count：1
2019.07.09 23:05:21.577 | TRC | 0 | 1 | SmartCardReader：Ouch: Cannot find a smart card reader. (NoReadersAvailable)
2019.07.09 23:05:22.003 | TRC | 0 | 0 | frmEmployeeBook：frmEmployeeBook_Load
2019.07.09 23:05:24.063 | TRC | 0 | 1 | SmartCardReader：Ouch: Cannot find a smart card reader. (NoReadersAvailable)
2019.07.09 23:05:26.593 | TRC | 0 | 1 | SmartCardReader：Ouch: Cannot find a smart card reader. (NoReadersAvailable)
2019.07.09 23:05:29.098 | TRC | 0 | 1 | SmartCardReader：Ouch: Cannot find a smart card reader. (NoReadersAvailable)
2019.07.09 23:05:31.440 | TRC | 0 | 0 | DatabaseCore：ExecuteNonQuery：insert into Table_EmployeePasswordManagement values ('89','321','0988123321')
2019.07.09 23:05:31.476 | TRC | 0 | 0 | System.Data.SqlClient.SqlException (0x80131904): 資料行名稱或提供的數值數量與資料表定義不相符。
   於 System.Data.SqlClient.SqlConnection.OnError(SqlException exception, Boolean breakConnection, Action`1 wrapCloseInAction)
   於 System.Data.SqlClient.SqlInternalConnection.OnError(SqlException exception, Boolean breakConnection, Action`1 wrapCloseInAction)
   於 System.Data.SqlClient.TdsParser.ThrowExceptionAndWarning(TdsParserStateObject stateObj, Boolean callerHasConnectionLock, Boolean asyncClose)
   於 System.Data.SqlClient.TdsParser.TryRun(RunBehavior runBehavior, SqlCommand cmdHandler, SqlDataReader dataStream, BulkCopySimpleResultSet bulkCopyHandler, TdsParserStateObject stateObj, Boolean& dataReady)
   於 System.Data.SqlClient.SqlCommand.RunExecuteNonQueryTds(String methodName, Boolean async, Int32 timeout, Boolean asyncWrite)
   於 System.Data.SqlClient.SqlCommand.InternalExecuteNonQuery(TaskCompletionSource`1 completion, String methodName, Boolean sendToPipe, Int32 timeout, Boolean& usedCache, Boolean asyncWrite, Boolean inRetry)
   於 System.Data.SqlClient.SqlCommand.ExecuteNonQuery()
   於 EnglishClassManager.Utility.Database.DatabaseCore.ExecuteNonQuery(String CommandStr) 於 D:\FreshStore58\Development\58鮮舖\Program\EnglishClass\Server\EnglishCalssManager\EnglishCalssManager\Utility\Database\DatabaseCore.cs: 行 219
ClientConnectionId:b4b9c66d-e1e0-4186-ab6c-3dfae4e8418b
Error Number:213,State:1,Class:16
2019.07.09 23:05:31.570 | TRC | 0 | 1 | SmartCardReader：Ouch: Cannot find a smart card reader. (NoReadersAvailable)
2019.07.09 23:05:34.075 | TRC | 0 | 1 | SmartCardReader：Ouch: Cannot find a smart card reader. (NoReadersAvailable)
2019.07.09 23:05:36.599 | TRC | 0 | 1 | SmartCardReader：Ouch: Cannot find a smart card reader. (NoReadersAvailable)
2019.07.09 23:05:39.110 | TRC | 0 | 1 | SmartCardReader：Ouch: Cannot find a smart card reader. (NoReadersAvailable)
2019.07.09 23:05:41.613 | TRC | 0 | 1 | SmartCardReader：Ouch: Cannot find a smart card reader. (NoReadersAvailable)
2019.07.09 23:05:44.127 | TRC | 0 | 1 | SmartCardReader：Ouch: Cannot find a smart card reader. (NoReadersAvailable)
2019.07.09 23:05:46.624 | TRC | 0 | 1 | SmartCardReader：Ouch: Cannot find a smart card reader. (NoReadersAvailable)
2019.07.09 23:05:49.108 | TRC | 0 | 1 | SmartCardReader：Ouch: Cannot find a smart card reader. (NoReadersAvailable)
2019.07.09 23:17:22.477 | TRC | 0 | 0 | start log
2019.07.09 23:17:24.898 | TRC | 0 | 2 | SmartCardReader：Ouch: Cannot find a smart card reader. (NoReadersAvailable)
2019.07.09 23:17:24.972 | TRC | 0 | 2 | DB initial count：1
2019.07.09 23:17:27.382 | TRC | 0 | 1 | SmartCardReader：Ouch: Cannot find a smart card reader. (NoReadersAvailable)
2019.07.09 23:17:29.887 | TRC | 0 | 1 | SmartCardReader：Ouch: Cannot find a smart card reader. (NoReadersAvailable)
2019.07.09 23:17:32.399 | TRC | 0 | 1 | SmartCardReader：Ouch: Cannot find a smart card reader. (NoReadersAvailable)
2019.07.09 23:17:34.888 | TRC | 0 | 1 | SmartCardReader：Ouch: Cannot find a smart card reader. (NoReadersAvailable)
2019.07.09 23:17:37.370 | TRC | 0 | 1 | SmartCardReader：Ouch: Cannot find a smart card reader. (NoReadersAvailable)
2019.07.09 23:17:39.903 | TRC | 0 | 1 | SmartCardReader：Ouch: Cannot find a smart card reader. (NoReadersAvailable)
2019.07.09 23:17:42.375 | TRC | 0 | 1 | SmartCardReader：Ouch: Cannot find a smart card reader. (NoReadersAvailable)
2019.07.09 23:17:44.909 | TRC | 0 | 1 | SmartCardReader：Ouch: Cannot find a smart card reader. (NoReadersAvailable)
2019.07.09 23:17:47.422 | TRC | 0 | 1 | SmartCardReader：Ouch: Cannot find a smart card reader. (NoReadersAvailable)
2019.07.09 23:17:49.927 | TRC | 0 | 1 | SmartCardReader：Ouch: Cannot find a smart card reader. (NoReadersAvailable)
2019.07.09 23:17:52.427 | TRC | 0 | 1 | SmartCardReader：Ouch: Cannot find a smart card reader. (NoReadersAvailable)
2019.07.09 23:17:54.931 | TRC | 0 | 2 | SmartCardReader：Ouch: Cannot find a smart card reader. (NoReadersAvailable)
2019.07.09 23:17:57.436 | TRC | 0 | 1 | SmartCardReader：Ouch: Cannot find a smart card reader. (NoReadersAvailable)
2019.07.09 23:17:59.954 | TRC | 0 | 1 | SmartCardReader：Ouch: Cannot find a smart card reader. (NoReadersAvailable)
2019.07.09 23:18:02.462 | TRC | 0 | 1 | SmartCardReader：Ouch: Cannot find a smart card reader. (NoReadersAvailable)
2019.07.09 23:18:04.989 | TRC | 0 | 2 | SmartCardReader：Ouch: Cannot find a smart card reader. (NoReadersAvailable)
2019.07.09 23:18:07.451 | TRC | 0 | 1 | SmartCardReader：Ouch: Cannot find a smart card reader. (NoReadersAvailable)
2019.07.09 23:18:10.047 | TRC | 0 | 1 | SmartCardReader：Ouch: Cannot find a smart card reader. (NoReadersAvailable)
2019.07.09 23:18:12.501 | TRC | 0 | 1 | SmartCardReader：Ouch: Cannot find a smart card reader. (NoReadersAvailable)
2019.07.09 23:18:12.749 | TRC | 0 | 0 | 學生通訊錄：frmStudentBook_Load
2019.07.09 23:18:14.988 | TRC | 0 | 1 | SmartCardReader：Ouch: Cannot find a smart card reader. (NoReadersAvailable)
2019.07.09 23:18:17.501 | TRC | 0 | 1 | SmartCardReader：Ouch: Cannot find a smart card reader. (NoReadersAvailable)
2019.07.09 23:18:18.549 | TRC | 0 | 0 | frmEmployeeBook：frmEmployeeBook_Load
2019.07.09 23:18:20.004 | TRC | 0 | 1 | SmartCardReader：Ouch: Cannot find a smart card reader. (NoReadersAvailable)
2019.07.09 23:18:22.533 | TRC | 0 | 1 | SmartCardReader：Ouch: Cannot find a smart card reader. (NoReadersAvailable)
2019.07.09 23:18:25.029 | TRC | 0 | 2 | SmartCardReader：Ouch: Cannot find a smart card reader. (NoReadersAvailable)
2019.07.09 23:18:27.528 | TRC | 0 | 1 | SmartCardReader：Ouch: Cannot find a smart card reader. (NoReadersAvailable)
2019.07.09 23:18:30.042 | TRC | 0 | 1 | SmartCardReader：Ouch: Cannot find a smart card reader. (NoReadersAvailable)
2019.07.09 23:18:32.528 | TRC | 0 | 1 | SmartCardReader：Ouch: Cannot find a smart card reader. (NoReadersAvailable)
2019.07.09 23:18:35.056 | TRC | 0 | 1 | SmartCardReader：Ouch: Cannot find a smart card reader. (NoReadersAvailable)
2019.07.09 23:18:37.511 | TRC | 0 | 1 | SmartCardReader：Ouch: Cannot find a smart card reader. (NoReadersAvailable)
2019.07.09 23:18:40.026 | TRC | 0 | 1 | SmartCardReader：Ouch: Cannot find a smart card reader. (NoReadersAvailable)
2019.07.09 23:18:42.530 | TRC | 0 | 1 | SmartCardReader：Ouch: Cannot find a smart card reader. (NoReadersAvailable)
2019.07.09 23:18:45.031 | TRC | 0 | 1 | SmartCardReader：Ouch: Cannot find a smart card reader. (NoReadersAvailable)
2019.07.09 23:18:47.541 | TRC | 0 | 1 | SmartCardReader：Ouch: Cannot find a smart card reader. (NoReadersAvailable)
2019.07.09 23:18:50.044 | TRC | 0 | 1 | SmartCardReader：Ouch: Cannot find a smart card reader. (NoReadersAvailable)
2019.07.09 23:18:52.552 | TRC | 0 | 1 | SmartCardReader：Ouch: Cannot find a smart card reader. (NoReadersAvailable)
2019.07.09 23:18:55.056 | TRC | 0 | 1 | SmartCardReader：Ouch: Cannot find a smart card reader. (NoReadersAvailable)
2019.07.09 23:18:57.562 | TRC | 0 | 1 | SmartCardReader：Ouch: Cannot find a smart card reader. (NoReadersAvailable)
2019.07.09 23:19:00.045 | TRC | 0 | 1 | SmartCardReader：Ouch: Cannot find a smart card reader. (NoReadersAvailable)
2019.07.09 23:19:02.569 | TRC | 0 | 1 | SmartCardReader：Ouch: Cannot find a smart card reader. (NoReadersAvailable)
2019.07.09 23:19:05.090 | TRC | 0 | 1 | SmartCardReader：Ouch: Cannot find a smart card reader. (NoReadersAvailable)
2019.07.09 23:19:07.559 | TRC | 0 | 1 | SmartCardReader：Ouch: Cannot find a smart card reader. (NoReadersAvailable)
2019.07.09 23:19:10.102 | TRC | 0 | 1 | SmartCardReader：Ouch: Cannot find a smart card reader. (NoReadersAvailable)
2019.07.09 23:19:12.609 | TRC | 0 | 1 | SmartCardReader：Ouch: Cannot find a smart card reader. (NoReadersAvailable)
2019.07.09 23:19:15.119 | TRC | 0 | 1 | SmartCardReader：Ouch: Cannot find a smart card reader. (NoReadersAvailable)
2019.07.09 23:19:17.605 | TRC | 0 | 1 | SmartCardReader：Ouch: Cannot find a smart card reader. (NoReadersAvailable)
2019.07.09 23:19:20.127 | TRC | 0 | 1 | SmartCardReader：Ouch: Cannot find a smart card reader. (NoReadersAvailable)
2019.07.09 23:19:22.645 | TRC | 0 | 1 | SmartCardReader：Ouch: Cannot find a smart card reader. (NoReadersAvailable)
2019.07.09 23:19:25.115 | TRC | 0 | 1 | SmartCardReader：Ouch: Cannot find a smart card reader. (NoReadersAvailable)
2019.07.09 23:19:27.642 | TRC | 0 | 1 | SmartCardReader：Ouch: Cannot find a smart card reader. (NoReadersAvailable)
2019.07.09 23:19:30.184 | TRC | 0 | 1 | SmartCardReader：Ouch: Cannot find a smart card reader. (NoReadersAvailable)
2019.07.09 23:19:32.626 | TRC | 0 | 1 | SmartCardReader：Ouch: Cannot find a smart card reader. (NoReadersAvailable)
2019.07.09 23:19:35.160 | TRC | 0 | 1 | SmartCardReader：Ouch: Cannot find a smart card reader. (NoReadersAvailable)
2019.07.09 23:19:37.639 | TRC | 0 | 1 | SmartCardReader：Ouch: Cannot find a smart card reader. (NoReadersAvailable)
2019.07.09 23:19:40.144 | TRC | 0 | 1 | SmartCardReader：Ouch: Cannot find a smart card reader. (NoReadersAvailable)
2019.07.09 23:19:42.673 | TRC | 0 | 1 | SmartCardReader：Ouch: Cannot find a smart card reader. (NoReadersAvailable)
2019.07.09 23:19:45.193 | TRC | 0 | 1 | SmartCardReader：Ouch: Cannot find a smart card reader. (NoReadersAvailable)
2019.07.09 23:19:47.698 | TRC | 0 | 1 | SmartCardReader：Ouch: Cannot find a smart card reader. (NoReadersAvailable)
2019.07.09 23:19:50.168 | TRC | 0 | 1 | SmartCardReader：Ouch: Cannot find a smart card reader. (NoReadersAvailable)
2019.07.09 23:19:52.704 | TRC | 0 | 1 | SmartCardReader：Ouch: Cannot find a smart card reader. (NoReadersAvailable)
2019.07.09 23:19:55.203 | TRC | 0 | 1 | SmartCardReader：Ouch: Cannot find a smart card reader. (NoReadersAvailable)
2019.07.09 23:19:57.709 | TRC | 0 | 1 | SmartCardReader：Ouch: Cannot find a smart card reader. (NoReadersAvailable)
2019.07.09 23:20:00.179 | TRC | 0 | 1 | SmartCardReader：Ouch: Cannot find a smart card reader. (NoReadersAvailable)
2019.07.09 23:20:02.682 | TRC | 0 | 1 | SmartCardReader：Ouch: Cannot find a smart card reader. (NoReadersAvailable)
2019.07.09 23:20:05.223 | TRC | 0 | 1 | SmartCardReader：Ouch: Cannot find a smart card reader. (NoReadersAvailable)
2019.07.09 23:20:07.688 | TRC | 0 | 1 | SmartCardReader：Ouch: Cannot find a smart card reader. (NoReadersAvailable)
2019.07.09 23:20:10.197 | TRC | 0 | 1 | SmartCardReader：Ouch: Cannot find a smart card reader. (NoReadersAvailable)
2019.07.09 23:20:12.718 | TRC | 0 | 1 | SmartCardReader：Ouch: Cannot find a smart card reader. (NoReadersAvailable)
2019.07.09 23:20:15.235 | TRC | 0 | 1 | SmartCardReader：Ouch: Cannot find a smart card reader. (NoReadersAvailable)
2019.07.09 23:20:17.721 | TRC | 0 | 1 | SmartCardReader：Ouch: Cannot find a smart card reader. (NoReadersAvailable)
2019.07.09 23:20:20.261 | TRC | 0 | 1 | SmartCardReader：Ouch: Cannot find a smart card reader. (NoReadersAvailable)
2019.07.09 23:20:22.770 | TRC | 0 | 1 | SmartCardReader：Ouch: Cannot find a smart card reader. (NoReadersAvailable)
2019.07.09 23:20:25.269 | TRC | 0 | 1 | SmartCardReader：Ouch: Cannot find a smart card reader. (NoReadersAvailable)
2019.07.09 23:20:27.770 | TRC | 0 | 1 | SmartCardReader：Ouch: Cannot find a smart card reader. (NoReadersAvailable)
2019.07.09 23:20:30.286 | TRC | 0 | 1 | SmartCardReader：Ouch: Cannot find a smart card reader. (NoReadersAvailable)
2019.07.09 23:20:32.811 | TRC | 0 | 1 | SmartCardReader：Ouch: Cannot find a smart card reader. (NoReadersAvailable)
2019.07.09 23:20:35.290 | TRC | 0 | 1 | SmartCardReader：Ouch: Cannot find a smart card reader. (NoReadersAvailable)
2019.07.09 23:20:37.766 | TRC | 0 | 1 | SmartCardReader：Ouch: Cannot find a smart card reader. (NoReadersAvailable)
2019.07.09 23:20:39.870 | TRC | 0 | 0 | frmStudentRollcall：frmStudentRollcall_Load
2019.07.09 23:20:40.275 | TRC | 0 | 1 | SmartCardReader：Ouch: Cannot find a smart card reader. (NoReadersAvailable)
2019.07.09 23:20:42.770 | TRC | 0 | 1 | SmartCardReader：Ouch: Cannot find a smart card reader. (NoReadersAvailable)
2019.07.09 23:20:45.284 | TRC | 0 | 1 | SmartCardReader：Ouch: Cannot find a smart card reader. (NoReadersAvailable)
2019.07.09 23:20:47.836 | TRC | 0 | 1 | SmartCardReader：Ouch: Cannot find a smart card reader. (NoReadersAvailable)
2019.07.09 23:20:50.314 | TRC | 0 | 1 | SmartCardReader：Ouch: Cannot find a smart card reader. (NoReadersAvailable)
2019.07.09 23:20:52.808 | TRC | 0 | 1 | SmartCardReader：Ouch: Cannot find a smart card reader. (NoReadersAvailable)
2019.07.09 23:20:55.336 | TRC | 0 | 1 | SmartCardReader：Ouch: Cannot find a smart card reader. (NoReadersAvailable)
2019.07.09 23:20:57.822 | TRC | 0 | 1 | SmartCardReader：Ouch: Cannot find a smart card reader. (NoReadersAvailable)
2019.07.09 23:21:00.323 | TRC | 0 | 1 | SmartCardReader：Ouch: Cannot find a smart card reader. (NoReadersAvailable)
2019.07.09 23:21:02.831 | TRC | 0 | 1 | SmartCardReader：Ouch: Cannot find a smart card reader. (NoReadersAvailable)
2019.07.09 23:21:05.333 | TRC | 0 | 1 | SmartCardReader：Ouch: Cannot find a smart card reader. (NoReadersAvailable)
2019.07.09 23:21:07.832 | TRC | 0 | 1 | SmartCardReader：Ouch: Cannot find a smart card reader. (NoReadersAvailable)
2019.07.09 23:21:10.310 | TRC | 0 | 2 | SmartCardReader：Ouch: Cannot find a smart card reader. (NoReadersAvailable)
2019.07.09 23:21:12.829 | TRC | 0 | 1 | SmartCardReader：Ouch: Cannot find a smart card reader. (NoReadersAvailable)
2019.07.09 23:21:15.335 | TRC | 0 | 1 | SmartCardReader：Ouch: Cannot find a smart card reader. (NoReadersAvailable)
2019.07.09 23:21:17.872 | TRC | 0 | 1 | SmartCardReader：Ouch: Cannot find a smart card reader. (NoReadersAvailable)
2019.07.09 23:21:20.380 | TRC | 0 | 1 | SmartCardReader：Ouch: Cannot find a smart card reader. (NoReadersAvailable)
2019.07.09 23:21:22.880 | TRC | 0 | 1 | SmartCardReader：Ouch: Cannot find a smart card reader. (NoReadersAvailable)
