2018.11.10 21:47:58.244 | TRC | 0 | 0 | start log
2018.11.10 22:00:27.139 | TRC | 0 | 0 | frmStudentRollcall：frmStudentRollcall_Load
2018.11.10 22:00:30.006 | TRC | 0 | 0 | frmStudentRollcall：btn_ON
2018.11.10 22:00:32.645 | TRC | 0 | 0 | frmStudentRollcall：btn_ON
2018.11.10 22:11:58.738 | TRC | 0 | 0 | 學生通訊錄：frmStudentBook_Load
2018.11.10 22:13:38.889 | TRC | 0 | 0 | show Form
2018.11.10 22:13:45.431 | TRC | 0 | 0 | hide form
2018.11.10 22:15:38.721 | TRC | 0 | 0 | 學生通訊錄：frmStudentBook_Load
2018.11.10 22:16:19.732 | TRC | 0 | 0 | 學生通訊錄：btn_clearText
2018.11.10 22:16:23.627 | TRC | 0 | 0 | 學生通訊錄：btnAdd
2018.11.10 22:17:02.119 | TRC | 0 | 0 | 學生通訊錄：btn_clearText
2018.11.10 22:17:11.874 | TRC | 0 | 0 | 學生通訊錄：btn_clearText
2018.11.10 22:20:44.353 | TRC | 0 | 0 | frmEmployeeBook：frmEmployeeBook_Load
2018.11.10 22:21:24.352 | TRC | 0 | 0 | frmEmployeeBook：frmEmployeeBook_Load
2018.11.10 22:22:12.671 | TRC | 0 | 0 | frmDepPosEditbtn_update
2018.11.10 22:22:22.637 | TRC | 0 | 0 | frmDepPosEditbtn_update
2018.11.10 22:22:31.750 | TRC | 0 | 0 | frmDepPosEditbtn_update
2018.11.10 22:22:55.070 | TRC | 0 | 0 | frmEmployeeBook：frmEmployeeBook_Load
2018.11.10 22:24:40.544 | TRC | 0 | 0 | frmCourseManagerUpdate
2018.11.10 22:24:54.345 | TRC | 0 | 0 | frmCourseManagerUpdatebtn_AddNewStudent
2018.11.10 22:25:06.478 | TRC | 0 | 0 | frmCourseManagerUpdatebtn_DeleteStudent
2018.11.10 22:25:11.430 | TRC | 0 | 0 | frmCourseManagerUpdatelb_endpage
2018.11.10 22:25:12.886 | TRC | 0 | 0 | frmCourseManagerUpdatelb_startpage
2018.11.10 22:25:29.074 | TRC | 0 | 0 | frmCourseManagerUpdatebtn_Select
2018.11.10 22:25:49.567 | TRC | 0 | 0 | frmCourseManagerUpdate
2018.11.10 22:26:01.453 | TRC | 0 | 0 | frmCourseManagerUpdatebtn_Save
2018.11.10 22:26:03.569 | TRC | 0 | 0 | frmCourseManagerUpdatebtn_Save
2018.11.10 22:26:49.669 | TRC | 0 | 0 | frmCourseManagerUpdate
2018.11.10 22:27:07.278 | TRC | 0 | 0 | frmCourseManagerUpdatebtn_AddCourse
2018.11.10 22:27:35.796 | TRC | 0 | 0 | frmCourseManagerUpdate
2018.11.10 22:27:46.899 | TRC | 0 | 0 | frmCourseManagerUpdatebtn_AddNewStudent
2018.11.10 22:27:49.542 | TRC | 0 | 0 | frmCourseManagerUpdatebtn_AddNewStudent
2018.11.10 22:27:52.260 | TRC | 0 | 0 | frmCourseManagerUpdatebtn_AddNewStudent
2018.11.10 22:27:54.504 | TRC | 0 | 0 | frmCourseManagerUpdatebtn_AddNewStudent
2018.11.10 22:27:56.241 | TRC | 0 | 0 | frmCourseManagerUpdatebtn_AddNewStudent
2018.11.10 22:28:08.988 | TRC | 0 | 0 | frmCourseManagerUpdatebtn_AddNewStudent
2018.11.10 22:28:11.078 | TRC | 0 | 0 | frmCourseManagerUpdatebtn_AddNewStudent
2018.11.10 22:28:15.868 | TRC | 0 | 0 | frmCourseManagerUpdatebtn_AddNewStudent
2018.11.10 22:28:18.705 | TRC | 0 | 0 | frmCourseManagerUpdatebtn_AddNewStudent
2018.11.10 22:28:22.860 | TRC | 0 | 0 | frmCourseManagerUpdatebtn_AddNewStudent
2018.11.10 22:30:07.534 | TRC | 0 | 0 | frmCourseManagerUpdate
2018.11.10 22:30:10.632 | TRC | 0 | 0 | frmCourseManagerUpdate
2018.11.10 22:31:30.866 | TRC | 0 | 0 | frmEmployeeBook：frmEmployeeBook_Load
2018.11.10 22:31:59.836 | TRC | 0 | 0 | frmEmployeeBook：btnAdd
2018.11.10 22:34:04.297 | TRC | 0 | 0 | DatabaseCore：CommandFunctionDB：Select * FROM EnglishClassShift.[dbo].[Table_ClassShift_2020_11] Inner Join EnglishClassDBtest.[dbo].[Table_EmployeeBasic] on EnglishClassShift.[dbo].[Table_ClassShift_2020_11].EmployeeID=EnglishClassDBtest.[dbo].[Table_EmployeeBasic].EmployeeID order by EnglishClassShift.[dbo].[Table_ClassShift_2020_11].EmployeeID
2018.11.10 22:34:04.327 | TRC | 0 | 0 | System.Data.SqlClient.SqlException (0x80131904): 無效的物件名稱 'EnglishClassShift.dbo.Table_ClassShift_2020_11'。
   於 System.Data.SqlClient.SqlConnection.OnError(SqlException exception, Boolean breakConnection, Action`1 wrapCloseInAction)
   於 System.Data.SqlClient.SqlInternalConnection.OnError(SqlException exception, Boolean breakConnection, Action`1 wrapCloseInAction)
   於 System.Data.SqlClient.TdsParser.ThrowExceptionAndWarning(TdsParserStateObject stateObj, Boolean callerHasConnectionLock, Boolean asyncClose)
   於 System.Data.SqlClient.TdsParser.TryRun(RunBehavior runBehavior, SqlCommand cmdHandler, SqlDataReader dataStream, BulkCopySimpleResultSet bulkCopyHandler, TdsParserStateObject stateObj, Boolean& dataReady)
   於 System.Data.SqlClient.SqlDataReader.TryConsumeMetaData()
   於 System.Data.SqlClient.SqlDataReader.get_MetaData()
   於 System.Data.SqlClient.SqlCommand.FinishExecuteReader(SqlDataReader ds, RunBehavior runBehavior, String resetOptionsString, Boolean isInternal, Boolean forDescribeParameterEncryption)
   於 System.Data.SqlClient.SqlCommand.RunExecuteReaderTds(CommandBehavior cmdBehavior, RunBehavior runBehavior, Boolean returnStream, Boolean async, Int32 timeout, Task& task, Boolean asyncWrite, Boolean inRetry, SqlDataReader ds, Boolean describeParameterEncryptionRequest)
   於 System.Data.SqlClient.SqlCommand.RunExecuteReader(CommandBehavior cmdBehavior, RunBehavior runBehavior, Boolean returnStream, String method, TaskCompletionSource`1 completion, Int32 timeout, Task& task, Boolean& usedCache, Boolean asyncWrite, Boolean inRetry)
   於 System.Data.SqlClient.SqlCommand.RunExecuteReader(CommandBehavior cmdBehavior, RunBehavior runBehavior, Boolean returnStream, String method)
   於 System.Data.SqlClient.SqlCommand.ExecuteReader(CommandBehavior behavior, String method)
   於 System.Data.SqlClient.SqlCommand.ExecuteDbDataReader(CommandBehavior behavior)
   於 System.Data.Common.DbCommand.System.Data.IDbCommand.ExecuteReader(CommandBehavior behavior)
   於 System.Data.Common.DbDataAdapter.FillInternal(DataSet dataset, DataTable[] datatables, Int32 startRecord, Int32 maxRecords, String srcTable, IDbCommand command, CommandBehavior behavior)
   於 System.Data.Common.DbDataAdapter.Fill(DataSet dataSet, Int32 startRecord, Int32 maxRecords, String srcTable, IDbCommand command, CommandBehavior behavior)
   於 System.Data.Common.DbDataAdapter.Fill(DataSet dataSet, String srcTable)
   於 EnglishClassManager.Utility.Database.DatabaseCore.CommandFunctionDB(String dbTable, String CommandStr) 於 D:\FreshStore58\Development\58鮮舖\Program\EnglishClass\Server\EnglishCalssManager\EnglishCalssManager\Utility\Database\DatabaseCore.cs: 行 72
ClientConnectionId:db7290c4-4389-4924-a7b3-34b22aecf000
Error Number:208,State:1,Class:16
2018.11.10 22:34:31.783 | TRC | 0 | 0 | DatabaseCore：CommandFunctionDB：Select * FROM EnglishClassShift.[dbo].[Table_ClassShift_2019_12] Inner Join EnglishClassDBtest.[dbo].[Table_EmployeeBasic] on EnglishClassShift.[dbo].[Table_ClassShift_2019_12].EmployeeID=EnglishClassDBtest.[dbo].[Table_EmployeeBasic].EmployeeID order by EnglishClassShift.[dbo].[Table_ClassShift_2019_12].EmployeeID
2018.11.10 22:34:31.794 | TRC | 0 | 0 | System.Data.SqlClient.SqlException (0x80131904): 無效的物件名稱 'EnglishClassShift.dbo.Table_ClassShift_2019_12'。
   於 System.Data.SqlClient.SqlConnection.OnError(SqlException exception, Boolean breakConnection, Action`1 wrapCloseInAction)
   於 System.Data.SqlClient.SqlInternalConnection.OnError(SqlException exception, Boolean breakConnection, Action`1 wrapCloseInAction)
   於 System.Data.SqlClient.TdsParser.ThrowExceptionAndWarning(TdsParserStateObject stateObj, Boolean callerHasConnectionLock, Boolean asyncClose)
   於 System.Data.SqlClient.TdsParser.TryRun(RunBehavior runBehavior, SqlCommand cmdHandler, SqlDataReader dataStream, BulkCopySimpleResultSet bulkCopyHandler, TdsParserStateObject stateObj, Boolean& dataReady)
   於 System.Data.SqlClient.SqlDataReader.TryConsumeMetaData()
   於 System.Data.SqlClient.SqlDataReader.get_MetaData()
   於 System.Data.SqlClient.SqlCommand.FinishExecuteReader(SqlDataReader ds, RunBehavior runBehavior, String resetOptionsString, Boolean isInternal, Boolean forDescribeParameterEncryption)
   於 System.Data.SqlClient.SqlCommand.RunExecuteReaderTds(CommandBehavior cmdBehavior, RunBehavior runBehavior, Boolean returnStream, Boolean async, Int32 timeout, Task& task, Boolean asyncWrite, Boolean inRetry, SqlDataReader ds, Boolean describeParameterEncryptionRequest)
   於 System.Data.SqlClient.SqlCommand.RunExecuteReader(CommandBehavior cmdBehavior, RunBehavior runBehavior, Boolean returnStream, String method, TaskCompletionSource`1 completion, Int32 timeout, Task& task, Boolean& usedCache, Boolean asyncWrite, Boolean inRetry)
   於 System.Data.SqlClient.SqlCommand.RunExecuteReader(CommandBehavior cmdBehavior, RunBehavior runBehavior, Boolean returnStream, String method)
   於 System.Data.SqlClient.SqlCommand.ExecuteReader(CommandBehavior behavior, String method)
   於 System.Data.SqlClient.SqlCommand.ExecuteDbDataReader(CommandBehavior behavior)
   於 System.Data.Common.DbCommand.System.Data.IDbCommand.ExecuteReader(CommandBehavior behavior)
   於 System.Data.Common.DbDataAdapter.FillInternal(DataSet dataset, DataTable[] datatables, Int32 startRecord, Int32 maxRecords, String srcTable, IDbCommand command, CommandBehavior behavior)
   於 System.Data.Common.DbDataAdapter.Fill(DataSet dataSet, Int32 startRecord, Int32 maxRecords, String srcTable, IDbCommand command, CommandBehavior behavior)
   於 System.Data.Common.DbDataAdapter.Fill(DataSet dataSet, String srcTable)
   於 EnglishClassManager.Utility.Database.DatabaseCore.CommandFunctionDB(String dbTable, String CommandStr) 於 D:\FreshStore58\Development\58鮮舖\Program\EnglishClass\Server\EnglishCalssManager\EnglishCalssManager\Utility\Database\DatabaseCore.cs: 行 72
ClientConnectionId:1ae9b8f1-3f78-4a2f-8804-c011f9353fa0
Error Number:208,State:1,Class:16
2018.11.10 22:35:06.955 | TRC | 0 | 0 | frmEmployeeBook：frmEmployeeBook_Load
2018.11.10 22:35:18.015 | TRC | 0 | 0 | frmEmployeeBook：btnUpdate
2018.11.10 22:35:37.484 | TRC | 0 | 0 | start log
2018.11.10 22:40:54.049 | TRC | 0 | 0 | start log
2018.11.10 22:44:34.855 | TRC | 0 | 0 | frmStudentRollcall：frmStudentRollcall_Load
2018.11.10 22:44:39.355 | TRC | 0 | 0 | frmStudentRollcall：btn_ON
2018.11.10 22:44:50.857 | TRC | 0 | 0 | frmStudentRollcall：btn_Leave
2018.11.10 22:44:51.101 | TRC | 0 | 0 | DatabaseCoreRollcall：System.Data.SqlClient.SqlException (0x80131904): 將 varchar 值 '請假' 轉換成資料類型 int 時，轉換失敗。
   於 System.Data.SqlClient.SqlConnection.OnError(SqlException exception, Boolean breakConnection, Action`1 wrapCloseInAction)
   於 System.Data.SqlClient.SqlInternalConnection.OnError(SqlException exception, Boolean breakConnection, Action`1 wrapCloseInAction)
   於 System.Data.SqlClient.TdsParser.ThrowExceptionAndWarning(TdsParserStateObject stateObj, Boolean callerHasConnectionLock, Boolean asyncClose)
   於 System.Data.SqlClient.TdsParser.TryRun(RunBehavior runBehavior, SqlCommand cmdHandler, SqlDataReader dataStream, BulkCopySimpleResultSet bulkCopyHandler, TdsParserStateObject stateObj, Boolean& dataReady)
   於 System.Data.SqlClient.SqlDataReader.TryHasMoreRows(Boolean& moreRows)
   於 System.Data.SqlClient.SqlDataReader.TryReadInternal(Boolean setTimeout, Boolean& more)
   於 System.Data.SqlClient.SqlDataReader.Read()
   於 System.Data.Common.DataAdapter.FillLoadDataRow(SchemaMapping mapping)
   於 System.Data.Common.DataAdapter.FillFromReader(DataSet dataset, DataTable datatable, String srcTable, DataReaderContainer dataReader, Int32 startRecord, Int32 maxRecords, DataColumn parentChapterColumn, Object parentChapterValue)
   於 System.Data.Common.DataAdapter.Fill(DataSet dataSet, String srcTable, IDataReader dataReader, Int32 startRecord, Int32 maxRecords)
   於 System.Data.Common.DbDataAdapter.FillInternal(DataSet dataset, DataTable[] datatables, Int32 startRecord, Int32 maxRecords, String srcTable, IDbCommand command, CommandBehavior behavior)
   於 System.Data.Common.DbDataAdapter.Fill(DataSet dataSet, Int32 startRecord, Int32 maxRecords, String srcTable, IDbCommand command, CommandBehavior behavior)
   於 System.Data.Common.DbDataAdapter.Fill(DataSet dataSet, String srcTable)
   於 EnglishClassManager.Utility.Database.DatabaseCoreRollcall.CommandFunctionTempDB(String dbTable, String CommandStr, DataTable _oldDT, Boolean _bCon) 於 D:\FreshStore58\Development\58鮮舖\Program\EnglishClass\Server\EnglishCalssManager\EnglishCalssManager\Utility\Database\DatabaseCoreRollcall.cs: 行 164
ClientConnectionId:a0b2387b-6c89-42e9-bf78-3c05afcd06a1
Error Number:245,State:1,Class:16
2018.11.10 22:45:03.323 | TRC | 0 | 0 | start log
2018.11.10 22:45:12.882 | TRC | 0 | 0 | frmStudentRollcall：frmStudentRollcall_Load
2018.11.10 22:45:13.202 | TRC | 0 | 0 | DatabaseCoreRollcall：System.Data.SqlClient.SqlException (0x80131904): 將 varchar 值 '請假' 轉換成資料類型 int 時，轉換失敗。
   於 System.Data.SqlClient.SqlConnection.OnError(SqlException exception, Boolean breakConnection, Action`1 wrapCloseInAction)
   於 System.Data.SqlClient.SqlInternalConnection.OnError(SqlException exception, Boolean breakConnection, Action`1 wrapCloseInAction)
   於 System.Data.SqlClient.TdsParser.ThrowExceptionAndWarning(TdsParserStateObject stateObj, Boolean callerHasConnectionLock, Boolean asyncClose)
   於 System.Data.SqlClient.TdsParser.TryRun(RunBehavior runBehavior, SqlCommand cmdHandler, SqlDataReader dataStream, BulkCopySimpleResultSet bulkCopyHandler, TdsParserStateObject stateObj, Boolean& dataReady)
   於 System.Data.SqlClient.SqlDataReader.TryHasMoreRows(Boolean& moreRows)
   於 System.Data.SqlClient.SqlDataReader.TryReadInternal(Boolean setTimeout, Boolean& more)
   於 System.Data.SqlClient.SqlDataReader.Read()
   於 System.Data.Common.DataAdapter.FillLoadDataRow(SchemaMapping mapping)
   於 System.Data.Common.DataAdapter.FillFromReader(DataSet dataset, DataTable datatable, String srcTable, DataReaderContainer dataReader, Int32 startRecord, Int32 maxRecords, DataColumn parentChapterColumn, Object parentChapterValue)
   於 System.Data.Common.DataAdapter.Fill(DataSet dataSet, String srcTable, IDataReader dataReader, Int32 startRecord, Int32 maxRecords)
   於 System.Data.Common.DbDataAdapter.FillInternal(DataSet dataset, DataTable[] datatables, Int32 startRecord, Int32 maxRecords, String srcTable, IDbCommand command, CommandBehavior behavior)
   於 System.Data.Common.DbDataAdapter.Fill(DataSet dataSet, Int32 startRecord, Int32 maxRecords, String srcTable, IDbCommand command, CommandBehavior behavior)
   於 System.Data.Common.DbDataAdapter.Fill(DataSet dataSet, String srcTable)
   於 EnglishClassManager.Utility.Database.DatabaseCoreRollcall.CommandFunctionTempDB(String dbTable, String CommandStr, DataTable _oldDT, Boolean _bCon) 於 D:\FreshStore58\Development\58鮮舖\Program\EnglishClass\Server\EnglishCalssManager\EnglishCalssManager\Utility\Database\DatabaseCoreRollcall.cs: 行 164
ClientConnectionId:7e66e3a9-664f-42c0-a3bc-8b2e2d77116a
Error Number:245,State:1,Class:16
2018.11.10 22:45:37.595 | TRC | 0 | 0 | start log
2018.11.10 22:45:44.351 | TRC | 0 | 0 | frmStudentRollcall：frmStudentRollcall_Load
2018.11.10 22:45:44.685 | TRC | 0 | 0 | DatabaseCoreRollcall：System.Data.SqlClient.SqlException (0x80131904): 將 varchar 值 '請假' 轉換成資料類型 int 時，轉換失敗。
   於 System.Data.SqlClient.SqlConnection.OnError(SqlException exception, Boolean breakConnection, Action`1 wrapCloseInAction)
   於 System.Data.SqlClient.SqlInternalConnection.OnError(SqlException exception, Boolean breakConnection, Action`1 wrapCloseInAction)
   於 System.Data.SqlClient.TdsParser.ThrowExceptionAndWarning(TdsParserStateObject stateObj, Boolean callerHasConnectionLock, Boolean asyncClose)
   於 System.Data.SqlClient.TdsParser.TryRun(RunBehavior runBehavior, SqlCommand cmdHandler, SqlDataReader dataStream, BulkCopySimpleResultSet bulkCopyHandler, TdsParserStateObject stateObj, Boolean& dataReady)
   於 System.Data.SqlClient.SqlDataReader.TryHasMoreRows(Boolean& moreRows)
   於 System.Data.SqlClient.SqlDataReader.TryReadInternal(Boolean setTimeout, Boolean& more)
   於 System.Data.SqlClient.SqlDataReader.Read()
   於 System.Data.Common.DataAdapter.FillLoadDataRow(SchemaMapping mapping)
   於 System.Data.Common.DataAdapter.FillFromReader(DataSet dataset, DataTable datatable, String srcTable, DataReaderContainer dataReader, Int32 startRecord, Int32 maxRecords, DataColumn parentChapterColumn, Object parentChapterValue)
   於 System.Data.Common.DataAdapter.Fill(DataSet dataSet, String srcTable, IDataReader dataReader, Int32 startRecord, Int32 maxRecords)
   於 System.Data.Common.DbDataAdapter.FillInternal(DataSet dataset, DataTable[] datatables, Int32 startRecord, Int32 maxRecords, String srcTable, IDbCommand command, CommandBehavior behavior)
   於 System.Data.Common.DbDataAdapter.Fill(DataSet dataSet, Int32 startRecord, Int32 maxRecords, String srcTable, IDbCommand command, CommandBehavior behavior)
   於 System.Data.Common.DbDataAdapter.Fill(DataSet dataSet, String srcTable)
   於 EnglishClassManager.Utility.Database.DatabaseCoreRollcall.CommandFunctionTempDB(String dbTable, String CommandStr, DataTable _oldDT, Boolean _bCon) 於 D:\FreshStore58\Development\58鮮舖\Program\EnglishClass\Server\EnglishCalssManager\EnglishCalssManager\Utility\Database\DatabaseCoreRollcall.cs: 行 164
ClientConnectionId:65aaab98-4f88-42f8-bc93-8007a2a489b2
Error Number:245,State:1,Class:16
2018.11.10 22:46:36.529 | TRC | 0 | 0 | start log
2018.11.10 22:47:07.326 | TRC | 0 | 0 | frmEmployeeRollcall：funcRollLeave
2018.11.10 22:47:31.652 | TRC | 0 | 0 | frmEmployeeRollcall：funcRollStart
2018.11.10 22:47:37.293 | TRC | 0 | 0 | frmEmployeeRollcall：funcRollEnd
2018.11.10 22:47:50.693 | TRC | 0 | 0 | frmEmployeeRollcall：funcRollEnd
2018.11.10 22:48:19.343 | TRC | 0 | 0 | frmEmployeeRollcall：funcRollStart
2018.11.10 22:51:46.006 | TRC | 0 | 0 | show Form
2018.11.10 22:54:27.102 | TRC | 0 | 0 | hide form
2018.11.10 22:57:00.253 | TRC | 0 | 0 | 學生通訊錄：frmStudentBook_Load
2018.11.10 22:57:22.252 | TRC | 0 | 0 | DatabaseCore：strExecuteScalar：select EnglishClassDBtestRollcall.dbo.Table_StudentRollcall_20181110.IsUpdate from EnglishClassDBtestRollcall.dbo.Table_StudentRollcall_20181110 where EnglishClassDBtestRollcall.dbo.Table_StudentRollcall_20181110.StudentID = ''
2018.11.10 22:57:22.266 | TRC | 0 | 0 | System.Data.SqlClient.SqlException (0x80131904): 無效的資料行名稱 'IsUpdate'。
   於 System.Data.SqlClient.SqlConnection.OnError(SqlException exception, Boolean breakConnection, Action`1 wrapCloseInAction)
   於 System.Data.SqlClient.SqlInternalConnection.OnError(SqlException exception, Boolean breakConnection, Action`1 wrapCloseInAction)
   於 System.Data.SqlClient.TdsParser.ThrowExceptionAndWarning(TdsParserStateObject stateObj, Boolean callerHasConnectionLock, Boolean asyncClose)
   於 System.Data.SqlClient.TdsParser.TryRun(RunBehavior runBehavior, SqlCommand cmdHandler, SqlDataReader dataStream, BulkCopySimpleResultSet bulkCopyHandler, TdsParserStateObject stateObj, Boolean& dataReady)
   於 System.Data.SqlClient.SqlDataReader.TryConsumeMetaData()
   於 System.Data.SqlClient.SqlDataReader.get_MetaData()
   於 System.Data.SqlClient.SqlCommand.FinishExecuteReader(SqlDataReader ds, RunBehavior runBehavior, String resetOptionsString, Boolean isInternal, Boolean forDescribeParameterEncryption)
   於 System.Data.SqlClient.SqlCommand.RunExecuteReaderTds(CommandBehavior cmdBehavior, RunBehavior runBehavior, Boolean returnStream, Boolean async, Int32 timeout, Task& task, Boolean asyncWrite, Boolean inRetry, SqlDataReader ds, Boolean describeParameterEncryptionRequest)
   於 System.Data.SqlClient.SqlCommand.RunExecuteReader(CommandBehavior cmdBehavior, RunBehavior runBehavior, Boolean returnStream, String method, TaskCompletionSource`1 completion, Int32 timeout, Task& task, Boolean& usedCache, Boolean asyncWrite, Boolean inRetry)
   於 System.Data.SqlClient.SqlCommand.RunExecuteReader(CommandBehavior cmdBehavior, RunBehavior runBehavior, Boolean returnStream, String method)
   於 System.Data.SqlClient.SqlCommand.ExecuteScalar()
   於 EnglishClassManager.Utility.Database.DatabaseCore.strExecuteScalar(String CommandStr) 於 D:\FreshStore58\Development\58鮮舖\Program\EnglishClass\Server\EnglishCalssManager\EnglishCalssManager\Utility\Database\DatabaseCore.cs: 行 187
ClientConnectionId:96fd59c8-07f1-4704-a679-25b38758108c
Error Number:207,State:1,Class:16
2018.11.10 23:21:34.317 | TRC | 0 | 0 | start log
2018.11.10 23:21:43.814 | TRC | 0 | 0 | frmStudentRollcall：frmStudentRollcall_Load
2018.11.10 23:32:21.953 | TRC | 0 | 0 | DatabaseCoreRollcall：System.Data.SqlClient.SqlException (0x80131904): 將 varchar 值 '請假' 轉換成資料類型 int 時，轉換失敗。
   於 System.Data.SqlClient.SqlConnection.OnError(SqlException exception, Boolean breakConnection, Action`1 wrapCloseInAction)
   於 System.Data.SqlClient.SqlInternalConnection.OnError(SqlException exception, Boolean breakConnection, Action`1 wrapCloseInAction)
   於 System.Data.SqlClient.TdsParser.ThrowExceptionAndWarning(TdsParserStateObject stateObj, Boolean callerHasConnectionLock, Boolean asyncClose)
   於 System.Data.SqlClient.TdsParser.TryRun(RunBehavior runBehavior, SqlCommand cmdHandler, SqlDataReader dataStream, BulkCopySimpleResultSet bulkCopyHandler, TdsParserStateObject stateObj, Boolean& dataReady)
   於 System.Data.SqlClient.SqlDataReader.TryHasMoreRows(Boolean& moreRows)
   於 System.Data.SqlClient.SqlDataReader.TryReadInternal(Boolean setTimeout, Boolean& more)
   於 System.Data.SqlClient.SqlDataReader.Read()
   於 System.Data.Common.DataAdapter.FillLoadDataRow(SchemaMapping mapping)
   於 System.Data.Common.DataAdapter.FillFromReader(DataSet dataset, DataTable datatable, String srcTable, DataReaderContainer dataReader, Int32 startRecord, Int32 maxRecords, DataColumn parentChapterColumn, Object parentChapterValue)
   於 System.Data.Common.DataAdapter.Fill(DataSet dataSet, String srcTable, IDataReader dataReader, Int32 startRecord, Int32 maxRecords)
   於 System.Data.Common.DbDataAdapter.FillInternal(DataSet dataset, DataTable[] datatables, Int32 startRecord, Int32 maxRecords, String srcTable, IDbCommand command, CommandBehavior behavior)
   於 System.Data.Common.DbDataAdapter.Fill(DataSet dataSet, Int32 startRecord, Int32 maxRecords, String srcTable, IDbCommand command, CommandBehavior behavior)
   於 System.Data.Common.DbDataAdapter.Fill(DataSet dataSet, String srcTable)
   於 EnglishClassManager.Utility.Database.DatabaseCoreRollcall.CommandFunctionTempDB(String dbTable, String CommandStr, DataTable _oldDT, Boolean _bCon) 於 D:\FreshStore58\Development\58鮮舖\Program\EnglishClass\Server\EnglishCalssManager\EnglishCalssManager\Utility\Database\DatabaseCoreRollcall.cs: 行 164
ClientConnectionId:6a952d03-f52f-4c99-8035-f36b0d3bdf3a
Error Number:245,State:1,Class:16
